[2.654s] Invoking command in '/home/harry/robot/src/simulation/art_gallery/tb3_description': PYTHONPATH=/home/harry/robot/build/tb3_description/prefix_override:/usr/lib/python3/dist-packages/colcon_core/task/python/colcon_distutils_commands:/home/harry/robot/install/tb3_description/lib/python3.10/site-packages:${PYTHONPATH} /usr/bin/python3 -W ignore:setup.py install is deprecated -W ignore:easy_install command is deprecated setup.py egg_info --egg-base ../../../../build/tb3_description build --build-base /home/harry/robot/build/tb3_description/build install --record /home/harry/robot/build/tb3_description/install.log --single-version-externally-managed install_data
[3.199s] running egg_info
[3.201s] writing ../../../../build/tb3_description/tb3_description.egg-info/PKG-INFO
[3.202s] writing dependency_links to ../../../../build/tb3_description/tb3_description.egg-info/dependency_links.txt
[3.203s] writing entry points to ../../../../build/tb3_description/tb3_description.egg-info/entry_points.txt
[3.204s] writing requirements to ../../../../build/tb3_description/tb3_description.egg-info/requires.txt
[3.204s] writing top-level names to ../../../../build/tb3_description/tb3_description.egg-info/top_level.txt
[3.212s] reading manifest file '../../../../build/tb3_description/tb3_description.egg-info/SOURCES.txt'
[3.212s] writing manifest file '../../../../build/tb3_description/tb3_description.egg-info/SOURCES.txt'
[3.212s] running build
[3.213s] running build_py
[3.213s] running install
[3.214s] running install_lib
[3.221s] running install_data
[3.221s] running install_egg_info
[3.223s] removing '/home/harry/robot/install/tb3_description/lib/python3.10/site-packages/tb3_description-0.0.0-py3.10.egg-info' (and everything under it)
[3.225s] Copying ../../../../build/tb3_description/tb3_description.egg-info to /home/harry/robot/install/tb3_description/lib/python3.10/site-packages/tb3_description-0.0.0-py3.10.egg-info
[3.231s] running install_scripts
[3.283s] writing list of installed files to '/home/harry/robot/build/tb3_description/install.log'
[3.337s] Invoked command in '/home/harry/robot/src/simulation/art_gallery/tb3_description' returned '0': PYTHONPATH=/home/harry/robot/build/tb3_description/prefix_override:/usr/lib/python3/dist-packages/colcon_core/task/python/colcon_distutils_commands:/home/harry/robot/install/tb3_description/lib/python3.10/site-packages:${PYTHONPATH} /usr/bin/python3 -W ignore:setup.py install is deprecated -W ignore:easy_install command is deprecated setup.py egg_info --egg-base ../../../../build/tb3_description build --build-base /home/harry/robot/build/tb3_description/build install --record /home/harry/robot/build/tb3_description/install.log --single-version-externally-managed install_data
