[0.735s] Invoking command in '/home/harry/robot/src/my_first_package': CMAKE_PREFIX_PATH=/home/harry/robot/install/test_package:/home/harry/robot/install/turtlesim:/home/harry/install/turtlesim:/home/harry/install/test_package PYTHONPATH=/home/harry/robot/build/my_first_package/prefix_override:/usr/lib/python3/dist-packages/colcon_core/task/python/colcon_distutils_commands:/home/harry/robot/install/my_first_package/lib/python3.10/site-packages:${PYTHONPATH} /usr/bin/python3 -W ignore:setup.py install is deprecated -W ignore:easy_install command is deprecated setup.py egg_info --egg-base ../../build/my_first_package build --build-base /home/harry/robot/build/my_first_package/build install --record /home/harry/robot/build/my_first_package/install.log --single-version-externally-managed install_data
[1.004s] running egg_info
[1.005s] writing ../../build/my_first_package/my_first_package.egg-info/PKG-INFO
[1.006s] writing dependency_links to ../../build/my_first_package/my_first_package.egg-info/dependency_links.txt
[1.007s] writing entry points to ../../build/my_first_package/my_first_package.egg-info/entry_points.txt
[1.007s] writing requirements to ../../build/my_first_package/my_first_package.egg-info/requires.txt
[1.007s] writing top-level names to ../../build/my_first_package/my_first_package.egg-info/top_level.txt
[1.010s] reading manifest file '../../build/my_first_package/my_first_package.egg-info/SOURCES.txt'
[1.012s] writing manifest file '../../build/my_first_package/my_first_package.egg-info/SOURCES.txt'
[1.012s] running build
[1.012s] running build_py
[1.015s] running install
[1.015s] running install_lib
[1.017s] running install_data
[1.018s] running install_egg_info
[1.021s] removing '/home/harry/robot/install/my_first_package/lib/python3.10/site-packages/my_first_package-0.0.0-py3.10.egg-info' (and everything under it)
[1.023s] Copying ../../build/my_first_package/my_first_package.egg-info to /home/harry/robot/install/my_first_package/lib/python3.10/site-packages/my_first_package-0.0.0-py3.10.egg-info
[1.025s] running install_scripts
[1.048s] Installing emptynode script to /home/harry/robot/install/my_first_package/lib/my_first_package
[1.050s] Installing parameternode script to /home/harry/robot/install/my_first_package/lib/my_first_package
[1.050s] writing list of installed files to '/home/harry/robot/build/my_first_package/install.log'
[1.087s] Invoked command in '/home/harry/robot/src/my_first_package' returned '0': CMAKE_PREFIX_PATH=/home/harry/robot/install/test_package:/home/harry/robot/install/turtlesim:/home/harry/install/turtlesim:/home/harry/install/test_package PYTHONPATH=/home/harry/robot/build/my_first_package/prefix_override:/usr/lib/python3/dist-packages/colcon_core/task/python/colcon_distutils_commands:/home/harry/robot/install/my_first_package/lib/python3.10/site-packages:${PYTHONPATH} /usr/bin/python3 -W ignore:setup.py install is deprecated -W ignore:easy_install command is deprecated setup.py egg_info --egg-base ../../build/my_first_package build --build-base /home/harry/robot/build/my_first_package/build install --record /home/harry/robot/build/my_first_package/install.log --single-version-externally-managed install_data
