[20.537s] Invoking command in '/home/harry/robot/src/simulation/art_gallery/curator': PYTHONPATH=/home/harry/robot/build/curator/prefix_override:/usr/lib/python3/dist-packages/colcon_core/task/python/colcon_distutils_commands:/home/harry/robot/install/curator/lib/python3.10/site-packages:${PYTHONPATH} /usr/bin/python3 -W ignore:setup.py install is deprecated -W ignore:easy_install command is deprecated setup.py egg_info --egg-base ../../../../build/curator build --build-base /home/harry/robot/build/curator/build install --record /home/harry/robot/build/curator/install.log --single-version-externally-managed install_data
[30.245s] running egg_info
[30.245s] writing ../../../../build/curator/curator.egg-info/PKG-INFO
[30.283s] writing dependency_links to ../../../../build/curator/curator.egg-info/dependency_links.txt
[30.303s] writing entry points to ../../../../build/curator/curator.egg-info/entry_points.txt
[30.303s] writing requirements to ../../../../build/curator/curator.egg-info/requires.txt
[30.303s] writing top-level names to ../../../../build/curator/curator.egg-info/top_level.txt
[30.453s] reading manifest file '../../../../build/curator/curator.egg-info/SOURCES.txt'
[30.561s] writing manifest file '../../../../build/curator/curator.egg-info/SOURCES.txt'
[30.597s] running build
[30.604s] running build_py
[30.665s] running install
[30.684s] running install_lib
[30.790s] running install_data
[30.805s] running install_egg_info
[30.883s] removing '/home/harry/robot/install/curator/lib/python3.10/site-packages/curator-0.0.0-py3.10.egg-info' (and everything under it)
[30.884s] Copying ../../../../build/curator/curator.egg-info to /home/harry/robot/install/curator/lib/python3.10/site-packages/curator-0.0.0-py3.10.egg-info
[30.948s] running install_scripts
[31.894s] Installing curator script to /home/harry/robot/install/curator/lib/curator
[31.895s] writing list of installed files to '/home/harry/robot/build/curator/install.log'
[32.325s] Invoked command in '/home/harry/robot/src/simulation/art_gallery/curator' returned '0': PYTHONPATH=/home/harry/robot/build/curator/prefix_override:/usr/lib/python3/dist-packages/colcon_core/task/python/colcon_distutils_commands:/home/harry/robot/install/curator/lib/python3.10/site-packages:${PYTHONPATH} /usr/bin/python3 -W ignore:setup.py install is deprecated -W ignore:easy_install command is deprecated setup.py egg_info --egg-base ../../../../build/curator build --build-base /home/harry/robot/build/curator/build install --record /home/harry/robot/build/curator/install.log --single-version-externally-managed install_data
