[0.440s] Invoking command in '/home/rss/robot_harry/robotik/src/robot_bringup': PYTHONPATH=/home/rss/robot_harry/robotik/build/robot_bringup/prefix_override:/usr/lib/python3/dist-packages/colcon_core/task/python/colcon_distutils_commands:/home/rss/robot_harry/robotik/install/robot_bringup/lib/python3.10/site-packages:${PYTHONPATH} /usr/bin/python3 -W ignore:setup.py install is deprecated -W ignore:easy_install command is deprecated setup.py egg_info --egg-base ../../build/robot_bringup build --build-base /home/rss/robot_harry/robotik/build/robot_bringup/build install --record /home/rss/robot_harry/robotik/build/robot_bringup/install.log --single-version-externally-managed install_data
[0.609s] running egg_info
[0.609s] writing ../../build/robot_bringup/robot_bringup.egg-info/PKG-INFO
[0.609s] writing dependency_links to ../../build/robot_bringup/robot_bringup.egg-info/dependency_links.txt
[0.610s] writing entry points to ../../build/robot_bringup/robot_bringup.egg-info/entry_points.txt
[0.610s] writing requirements to ../../build/robot_bringup/robot_bringup.egg-info/requires.txt
[0.610s] writing top-level names to ../../build/robot_bringup/robot_bringup.egg-info/top_level.txt
[0.611s] reading manifest file '../../build/robot_bringup/robot_bringup.egg-info/SOURCES.txt'
[0.613s] writing manifest file '../../build/robot_bringup/robot_bringup.egg-info/SOURCES.txt'
[0.613s] running build
[0.613s] running build_py
[0.613s] running install
[0.613s] running install_lib
[0.614s] running install_data
[0.614s] copying launch/robot.launch.yaml -> /home/rss/robot_harry/robotik/install/robot_bringup/share/robot_bringup/launch
[0.614s] copying launch/gamepad.launch.yaml -> /home/rss/robot_harry/robotik/install/robot_bringup/share/robot_bringup/launch
[0.614s] running install_egg_info
[0.616s] removing '/home/rss/robot_harry/robotik/install/robot_bringup/lib/python3.10/site-packages/robot_bringup-0.0.0-py3.10.egg-info' (and everything under it)
[0.616s] Copying ../../build/robot_bringup/robot_bringup.egg-info to /home/rss/robot_harry/robotik/install/robot_bringup/lib/python3.10/site-packages/robot_bringup-0.0.0-py3.10.egg-info
[0.617s] running install_scripts
[0.631s] writing list of installed files to '/home/rss/robot_harry/robotik/build/robot_bringup/install.log'
[0.647s] Invoked command in '/home/rss/robot_harry/robotik/src/robot_bringup' returned '0': PYTHONPATH=/home/rss/robot_harry/robotik/build/robot_bringup/prefix_override:/usr/lib/python3/dist-packages/colcon_core/task/python/colcon_distutils_commands:/home/rss/robot_harry/robotik/install/robot_bringup/lib/python3.10/site-packages:${PYTHONPATH} /usr/bin/python3 -W ignore:setup.py install is deprecated -W ignore:easy_install command is deprecated setup.py egg_info --egg-base ../../build/robot_bringup build --build-base /home/rss/robot_harry/robotik/build/robot_bringup/build install --record /home/rss/robot_harry/robotik/build/robot_bringup/install.log --single-version-externally-managed install_data
