[0.113s] Invoking command in '/home/harry/robot/build/apriltag_ros': CMAKE_PREFIX_PATH=/home/harry/robot/install/apriltag_msgs:/home/harry/robot/install/turtlesim:/home/harry/robot/install/test_package:/home/harry/robot/install/tb3_gazebo:/home/harry/robot/install/art_maze:/home/harry/robot/install/apriltag_ros:/home/harry/install/turtlesim:/home/harry/install/test_package:/home/harry/robot/install/my_first_package:/home/harry/robot/install/tb3_description:/home/harry/robot/install/tag_detection:/home/harry/robot/install/curator:/home/harry/robot/install/challenge_2025:/home/harry/install/my_first_package:/opt/ros/humble LD_LIBRARY_PATH=/home/harry/robot/install/apriltag_msgs/lib:/home/harry/robot/install/turtlesim/lib:/home/harry/robot/install/apriltag_ros/lib:/home/harry/install/turtlesim/lib:/usr/lib/x86_64-linux-gnu/gazebo-11/plugins:/opt/ros/humble/opt/rviz_ogre_vendor/lib:/opt/ros/humble/lib/x86_64-linux-gnu:/opt/ros/humble/lib /usr/bin/cmake --build /home/harry/robot/build/apriltag_ros -- -j4 -l4
[0.402s] [ 20%] Built target tags
[0.429s] [ 40%] Built target conversion
[0.434s] [ 60%] Built target apriltag_node
[0.544s] [ 80%] Built target pose_estimation
[0.721s] [100%] Built target AprilTagNode
[0.870s] Invoked command in '/home/harry/robot/build/apriltag_ros' returned '0': CMAKE_PREFIX_PATH=/home/harry/robot/install/apriltag_msgs:/home/harry/robot/install/turtlesim:/home/harry/robot/install/test_package:/home/harry/robot/install/tb3_gazebo:/home/harry/robot/install/art_maze:/home/harry/robot/install/apriltag_ros:/home/harry/install/turtlesim:/home/harry/install/test_package:/home/harry/robot/install/my_first_package:/home/harry/robot/install/tb3_description:/home/harry/robot/install/tag_detection:/home/harry/robot/install/curator:/home/harry/robot/install/challenge_2025:/home/harry/install/my_first_package:/opt/ros/humble LD_LIBRARY_PATH=/home/harry/robot/install/apriltag_msgs/lib:/home/harry/robot/install/turtlesim/lib:/home/harry/robot/install/apriltag_ros/lib:/home/harry/install/turtlesim/lib:/usr/lib/x86_64-linux-gnu/gazebo-11/plugins:/opt/ros/humble/opt/rviz_ogre_vendor/lib:/opt/ros/humble/lib/x86_64-linux-gnu:/opt/ros/humble/lib /usr/bin/cmake --build /home/harry/robot/build/apriltag_ros -- -j4 -l4
[0.878s] Invoking command in '/home/harry/robot/build/apriltag_ros': CMAKE_PREFIX_PATH=/home/harry/robot/install/apriltag_msgs:/home/harry/robot/install/turtlesim:/home/harry/robot/install/test_package:/home/harry/robot/install/tb3_gazebo:/home/harry/robot/install/art_maze:/home/harry/robot/install/apriltag_ros:/home/harry/install/turtlesim:/home/harry/install/test_package:/home/harry/robot/install/my_first_package:/home/harry/robot/install/tb3_description:/home/harry/robot/install/tag_detection:/home/harry/robot/install/curator:/home/harry/robot/install/challenge_2025:/home/harry/install/my_first_package:/opt/ros/humble LD_LIBRARY_PATH=/home/harry/robot/install/apriltag_msgs/lib:/home/harry/robot/install/turtlesim/lib:/home/harry/robot/install/apriltag_ros/lib:/home/harry/install/turtlesim/lib:/usr/lib/x86_64-linux-gnu/gazebo-11/plugins:/opt/ros/humble/opt/rviz_ogre_vendor/lib:/opt/ros/humble/lib/x86_64-linux-gnu:/opt/ros/humble/lib /usr/bin/cmake --install /home/harry/robot/build/apriltag_ros
[0.909s] -- Install configuration: ""
[0.911s] -- Up-to-date: /home/harry/robot/install/apriltag_ros/lib/apriltag_ros/apriltag_node
[0.912s] -- Up-to-date: /home/harry/robot/install/apriltag_ros/share/apriltag_ros/environment/library_path.sh
[0.912s] -- Up-to-date: /home/harry/robot/install/apriltag_ros/share/apriltag_ros/environment/library_path.dsv
[0.916s] -- Up-to-date: /home/harry/robot/install/apriltag_ros/lib/libAprilTagNode.so
[0.917s] -- Up-to-date: /home/harry/robot/install/apriltag_ros/share/apriltag_ros/cfg
[0.920s] -- Up-to-date: /home/harry/robot/install/apriltag_ros/share/apriltag_ros/cfg/tags_36h11.yaml
[0.920s] -- Up-to-date: /home/harry/robot/install/apriltag_ros/share/apriltag_ros/launch
[0.920s] -- Up-to-date: /home/harry/robot/install/apriltag_ros/share/apriltag_ros/launch/camera_36h11.launch.yml
[0.920s] -- Up-to-date: /home/harry/robot/install/apriltag_ros/share/ament_index/resource_index/package_run_dependencies/apriltag_ros
[0.920s] -- Up-to-date: /home/harry/robot/install/apriltag_ros/share/ament_index/resource_index/parent_prefix_path/apriltag_ros
[0.921s] -- Up-to-date: /home/harry/robot/install/apriltag_ros/share/apriltag_ros/environment/ament_prefix_path.sh
[0.921s] -- Up-to-date: /home/harry/robot/install/apriltag_ros/share/apriltag_ros/environment/ament_prefix_path.dsv
[0.921s] -- Up-to-date: /home/harry/robot/install/apriltag_ros/share/apriltag_ros/environment/path.sh
[0.921s] -- Up-to-date: /home/harry/robot/install/apriltag_ros/share/apriltag_ros/environment/path.dsv
[0.921s] -- Up-to-date: /home/harry/robot/install/apriltag_ros/share/apriltag_ros/local_setup.bash
[0.921s] -- Up-to-date: /home/harry/robot/install/apriltag_ros/share/apriltag_ros/local_setup.sh
[0.922s] -- Up-to-date: /home/harry/robot/install/apriltag_ros/share/apriltag_ros/local_setup.zsh
[0.922s] -- Up-to-date: /home/harry/robot/install/apriltag_ros/share/apriltag_ros/local_setup.dsv
[0.922s] -- Installing: /home/harry/robot/install/apriltag_ros/share/apriltag_ros/package.dsv
[0.922s] -- Up-to-date: /home/harry/robot/install/apriltag_ros/share/ament_index/resource_index/packages/apriltag_ros
[0.922s] -- Up-to-date: /home/harry/robot/install/apriltag_ros/share/ament_index/resource_index/rclcpp_components/apriltag_ros
[0.922s] -- Up-to-date: /home/harry/robot/install/apriltag_ros/share/apriltag_ros/cmake/apriltag_rosConfig.cmake
[0.922s] -- Up-to-date: /home/harry/robot/install/apriltag_ros/share/apriltag_ros/cmake/apriltag_rosConfig-version.cmake
[0.926s] -- Up-to-date: /home/harry/robot/install/apriltag_ros/share/apriltag_ros/package.xml
[0.929s] Invoked command in '/home/harry/robot/build/apriltag_ros' returned '0': CMAKE_PREFIX_PATH=/home/harry/robot/install/apriltag_msgs:/home/harry/robot/install/turtlesim:/home/harry/robot/install/test_package:/home/harry/robot/install/tb3_gazebo:/home/harry/robot/install/art_maze:/home/harry/robot/install/apriltag_ros:/home/harry/install/turtlesim:/home/harry/install/test_package:/home/harry/robot/install/my_first_package:/home/harry/robot/install/tb3_description:/home/harry/robot/install/tag_detection:/home/harry/robot/install/curator:/home/harry/robot/install/challenge_2025:/home/harry/install/my_first_package:/opt/ros/humble LD_LIBRARY_PATH=/home/harry/robot/install/apriltag_msgs/lib:/home/harry/robot/install/turtlesim/lib:/home/harry/robot/install/apriltag_ros/lib:/home/harry/install/turtlesim/lib:/usr/lib/x86_64-linux-gnu/gazebo-11/plugins:/opt/ros/humble/opt/rviz_ogre_vendor/lib:/opt/ros/humble/lib/x86_64-linux-gnu:/opt/ros/humble/lib /usr/bin/cmake --install /home/harry/robot/build/apriltag_ros
