[0.130s] Invoking command in '/home/harry/robot/build/art_maze': CMAKE_PREFIX_PATH=${CMAKE_PREFIX_PATH}:/home/harry/robot/install/my_first_package:/home/harry/robot/install/tb3_description:/home/harry/robot/install/tag_detection:/home/harry/robot/install/curator:/home/harry/robot/install/challenge_2025:/home/harry/install/my_first_package:/opt/ros/humble /usr/bin/cmake --build /home/harry/robot/build/art_maze -- -j4 -l4
[0.815s] [100%] Built target curator
[0.973s] Invoked command in '/home/harry/robot/build/art_maze' returned '0': CMAKE_PREFIX_PATH=${CMAKE_PREFIX_PATH}:/home/harry/robot/install/my_first_package:/home/harry/robot/install/tb3_description:/home/harry/robot/install/tag_detection:/home/harry/robot/install/curator:/home/harry/robot/install/challenge_2025:/home/harry/install/my_first_package:/opt/ros/humble /usr/bin/cmake --build /home/harry/robot/build/art_maze -- -j4 -l4
[1.004s] Invoking command in '/home/harry/robot/build/art_maze': CMAKE_PREFIX_PATH=${CMAKE_PREFIX_PATH}:/home/harry/robot/install/my_first_package:/home/harry/robot/install/tb3_description:/home/harry/robot/install/tag_detection:/home/harry/robot/install/curator:/home/harry/robot/install/challenge_2025:/home/harry/install/my_first_package:/opt/ros/humble /usr/bin/cmake --install /home/harry/robot/build/art_maze
[1.030s] -- Install configuration: ""
[1.044s] -- Up-to-date: /home/harry/robot/install/art_maze/lib/art_maze/curator
[1.044s] -- Up-to-date: /home/harry/robot/install/art_maze/share/art_maze/cfg
[1.044s] -- Up-to-date: /home/harry/robot/install/art_maze/share/art_maze/cfg/setup.yaml
[1.044s] -- Up-to-date: /home/harry/robot/install/art_maze/share/art_maze/launch
[1.046s] -- Up-to-date: /home/harry/robot/install/art_maze/share/art_maze/launch/curator.launch.yaml
[1.046s] -- Up-to-date: /home/harry/robot/install/art_maze/share/ament_index/resource_index/package_run_dependencies/art_maze
[1.047s] -- Up-to-date: /home/harry/robot/install/art_maze/share/ament_index/resource_index/parent_prefix_path/art_maze
[1.047s] -- Up-to-date: /home/harry/robot/install/art_maze/share/art_maze/environment/ament_prefix_path.sh
[1.047s] -- Up-to-date: /home/harry/robot/install/art_maze/share/art_maze/environment/ament_prefix_path.dsv
[1.047s] -- Up-to-date: /home/harry/robot/install/art_maze/share/art_maze/environment/path.sh
[1.047s] -- Up-to-date: /home/harry/robot/install/art_maze/share/art_maze/environment/path.dsv
[1.047s] -- Up-to-date: /home/harry/robot/install/art_maze/share/art_maze/local_setup.bash
[1.047s] -- Up-to-date: /home/harry/robot/install/art_maze/share/art_maze/local_setup.sh
[1.047s] -- Up-to-date: /home/harry/robot/install/art_maze/share/art_maze/local_setup.zsh
[1.047s] -- Up-to-date: /home/harry/robot/install/art_maze/share/art_maze/local_setup.dsv
[1.048s] -- Installing: /home/harry/robot/install/art_maze/share/art_maze/package.dsv
[1.054s] -- Up-to-date: /home/harry/robot/install/art_maze/share/ament_index/resource_index/packages/art_maze
[1.056s] -- Up-to-date: /home/harry/robot/install/art_maze/share/art_maze/cmake/art_mazeConfig.cmake
[1.056s] -- Up-to-date: /home/harry/robot/install/art_maze/share/art_maze/cmake/art_mazeConfig-version.cmake
[1.059s] -- Up-to-date: /home/harry/robot/install/art_maze/share/art_maze/package.xml
[1.181s] Invoked command in '/home/harry/robot/build/art_maze' returned '0': CMAKE_PREFIX_PATH=${CMAKE_PREFIX_PATH}:/home/harry/robot/install/my_first_package:/home/harry/robot/install/tb3_description:/home/harry/robot/install/tag_detection:/home/harry/robot/install/curator:/home/harry/robot/install/challenge_2025:/home/harry/install/my_first_package:/opt/ros/humble /usr/bin/cmake --install /home/harry/robot/build/art_maze
