[0.034s] Invoking command in '/home/harry/robot/build/apriltag_msgs': CMAKE_PREFIX_PATH=${CMAKE_PREFIX_PATH}:/home/harry/robot/install/my_first_package:/home/harry/install/my_first_package:/opt/ros/humble /usr/bin/cmake /home/harry/robot/src/apriltag_msgs -DCMAKE_INSTALL_PREFIX=/home/harry/robot/install/apriltag_msgs
[0.131s] -- The C compiler identification is GNU 11.4.0
[0.217s] -- The CXX compiler identification is GNU 11.4.0
[0.230s] -- Detecting C compiler ABI info
[0.372s] -- Detecting C compiler ABI info - done
[0.398s] -- Check for working C compiler: /usr/bin/cc - skipped
[0.398s] -- Detecting C compile features
[0.399s] -- Detecting C compile features - done
[0.407s] -- Detecting CXX compiler ABI info
[0.574s] -- Detecting CXX compiler ABI info - done
[0.589s] -- Check for working CXX compiler: /usr/bin/c++ - skipped
[0.590s] -- Detecting CXX compile features
[0.592s] -- Detecting CXX compile features - done
[0.598s] -- Found ament_cmake: 1.3.12 (/opt/ros/humble/share/ament_cmake/cmake)
[0.907s] -- Found Python3: /usr/bin/python3 (found version "3.10.12") found components: Interpreter 
[1.167s] -- Found rosidl_default_generators: 1.2.0 (/opt/ros/humble/share/rosidl_default_generators/cmake)
[1.174s] -- Using all available rosidl_typesupport_c: rosidl_typesupport_fastrtps_c;rosidl_typesupport_introspection_c
[1.187s] -- Found rosidl_adapter: 3.1.8 (/opt/ros/humble/share/rosidl_adapter/cmake)
[1.283s] -- Using all available rosidl_typesupport_cpp: rosidl_typesupport_fastrtps_cpp;rosidl_typesupport_introspection_cpp
[1.360s] -- Found std_msgs: 4.9.0 (/opt/ros/humble/share/std_msgs/cmake)
[1.807s] -- Found ament_cmake_ros: 0.10.0 (/opt/ros/humble/share/ament_cmake_ros/cmake)
[2.116s] -- Using all available rosidl_typesupport_c: rosidl_typesupport_fastrtps_c;rosidl_typesupport_introspection_c
[2.495s] -- Using all available rosidl_typesupport_cpp: rosidl_typesupport_fastrtps_cpp;rosidl_typesupport_introspection_cpp
[2.527s] -- Found PythonInterp: /usr/bin/python3 (found suitable version "3.10.12", minimum required is "3.6") 
[2.531s] -- Found python_cmake_module: 0.10.0 (/opt/ros/humble/share/python_cmake_module/cmake)
[2.573s] -- Found PythonLibs: /usr/lib/x86_64-linux-gnu/libpython3.10.so (found suitable version "3.10.12", minimum required is "3.5") 
[2.573s] -- Using PYTHON_EXECUTABLE: /usr/bin/python3
[2.574s] -- Using PYTHON_INCLUDE_DIRS: /usr/include/python3.10
[2.574s] -- Using PYTHON_LIBRARIES: /usr/lib/x86_64-linux-gnu/libpython3.10.so
[2.605s] -- Found PythonExtra: .so  
[2.680s] -- Found ament_lint_auto: 0.12.14 (/opt/ros/humble/share/ament_lint_auto/cmake)
[2.759s] -- Added test 'lint_cmake' to check CMake code style
[2.765s] -- Added test 'xmllint' to check XML markup files
[2.772s] -- Configuring done
[2.813s] -- Generating done
[2.826s] -- Build files have been written to: /home/harry/robot/build/apriltag_msgs
[2.835s] Invoked command in '/home/harry/robot/build/apriltag_msgs' returned '0': CMAKE_PREFIX_PATH=${CMAKE_PREFIX_PATH}:/home/harry/robot/install/my_first_package:/home/harry/install/my_first_package:/opt/ros/humble /usr/bin/cmake /home/harry/robot/src/apriltag_msgs -DCMAKE_INSTALL_PREFIX=/home/harry/robot/install/apriltag_msgs
[2.835s] Invoking command in '/home/harry/robot/build/apriltag_msgs': CMAKE_PREFIX_PATH=${CMAKE_PREFIX_PATH}:/home/harry/robot/install/my_first_package:/home/harry/install/my_first_package:/opt/ros/humble /usr/bin/cmake --build /home/harry/robot/build/apriltag_msgs -- -j2 -l2
[2.895s] [  2%] [34m[1mGenerating C code for ROS interfaces[0m
[2.911s] [  4%] [34m[1mGenerating C++ code for ROS interfaces[0m
[3.520s] [  4%] Built target apriltag_msgs__cpp
[3.554s] [  6%] [32mBuilding C object CMakeFiles/apriltag_msgs__rosidl_generator_c.dir/rosidl_generator_c/apriltag_msgs/msg/detail/point__functions.c.o[0m
[3.568s] [  6%] Built target ament_cmake_python_copy_apriltag_msgs
[3.582s] [  8%] [32mBuilding C object CMakeFiles/apriltag_msgs__rosidl_generator_c.dir/rosidl_generator_c/apriltag_msgs/msg/detail/april_tag_detection__functions.c.o[0m
[3.662s] [ 10%] [32mBuilding C object CMakeFiles/apriltag_msgs__rosidl_generator_c.dir/rosidl_generator_c/apriltag_msgs/msg/detail/april_tag_detection_array__functions.c.o[0m
[3.672s] [ 12%] [34m[1mGenerating C++ type support dispatch for ROS interfaces[0m
[3.737s] [ 14%] [32m[1mLinking C shared library libapriltag_msgs__rosidl_generator_c.so[0m
[3.797s] [ 14%] Built target apriltag_msgs__rosidl_generator_c
[3.814s] [ 17%] [34m[1mGenerating C++ type support for eProsima Fast-RTPS[0m
[4.073s] [ 19%] [32mBuilding CXX object CMakeFiles/apriltag_msgs__rosidl_typesupport_cpp.dir/rosidl_typesupport_cpp/apriltag_msgs/msg/point__type_support.cpp.o[0m
[4.306s] [ 21%] [32mBuilding CXX object CMakeFiles/apriltag_msgs__rosidl_typesupport_fastrtps_cpp.dir/rosidl_typesupport_fastrtps_cpp/apriltag_msgs/msg/detail/dds_fastrtps/point__type_support.cpp.o[0m
[4.533s] [ 23%] [32mBuilding CXX object CMakeFiles/apriltag_msgs__rosidl_typesupport_cpp.dir/rosidl_typesupport_cpp/apriltag_msgs/msg/april_tag_detection__type_support.cpp.o[0m
[4.857s] [ 25%] [32mBuilding CXX object CMakeFiles/apriltag_msgs__rosidl_typesupport_fastrtps_cpp.dir/rosidl_typesupport_fastrtps_cpp/apriltag_msgs/msg/detail/dds_fastrtps/april_tag_detection__type_support.cpp.o[0m
[4.900s] [ 27%] [32mBuilding CXX object CMakeFiles/apriltag_msgs__rosidl_typesupport_cpp.dir/rosidl_typesupport_cpp/apriltag_msgs/msg/april_tag_detection_array__type_support.cpp.o[0m
[5.248s] [ 29%] [32m[1mLinking CXX shared library libapriltag_msgs__rosidl_typesupport_cpp.so[0m
[5.327s] [ 29%] Built target apriltag_msgs__rosidl_typesupport_cpp
[5.341s] [ 31%] [34m[1mGenerating C++ introspection for ROS interfaces[0m
[5.342s] [ 34%] [32mBuilding CXX object CMakeFiles/apriltag_msgs__rosidl_typesupport_fastrtps_cpp.dir/rosidl_typesupport_fastrtps_cpp/apriltag_msgs/msg/detail/dds_fastrtps/april_tag_detection_array__type_support.cpp.o[0m
[5.827s] [ 36%] [32mBuilding CXX object CMakeFiles/apriltag_msgs__rosidl_typesupport_introspection_cpp.dir/rosidl_typesupport_introspection_cpp/apriltag_msgs/msg/detail/point__type_support.cpp.o[0m
[5.903s] [ 38%] [32m[1mLinking CXX shared library libapriltag_msgs__rosidl_typesupport_fastrtps_cpp.so[0m
[6.018s] [ 38%] Built target apriltag_msgs__rosidl_typesupport_fastrtps_cpp
[6.327s] [ 40%] [32mBuilding CXX object CMakeFiles/apriltag_msgs__rosidl_typesupport_introspection_cpp.dir/rosidl_typesupport_introspection_cpp/apriltag_msgs/msg/detail/april_tag_detection__type_support.cpp.o[0m
[6.330s] running egg_info
[6.332s] creating apriltag_msgs.egg-info
[6.332s] writing apriltag_msgs.egg-info/PKG-INFO
[6.333s] writing dependency_links to apriltag_msgs.egg-info/dependency_links.txt
[6.333s] writing top-level names to apriltag_msgs.egg-info/top_level.txt
[6.333s] writing manifest file 'apriltag_msgs.egg-info/SOURCES.txt'
[6.336s] reading manifest file 'apriltag_msgs.egg-info/SOURCES.txt'
[6.336s] writing manifest file 'apriltag_msgs.egg-info/SOURCES.txt'
[6.375s] [ 40%] Built target ament_cmake_python_build_apriltag_msgs_egg
[6.389s] [ 42%] [32mBuilding CXX object CMakeFiles/apriltag_msgs__rosidl_typesupport_introspection_cpp.dir/rosidl_typesupport_introspection_cpp/apriltag_msgs/msg/detail/april_tag_detection_array__type_support.cpp.o[0m
[6.790s] [ 44%] [34m[1mGenerating C type support for eProsima Fast-RTPS[0m
[6.922s] [ 46%] [32m[1mLinking CXX shared library libapriltag_msgs__rosidl_typesupport_introspection_cpp.so[0m
[7.033s] [ 46%] Built target apriltag_msgs__rosidl_typesupport_introspection_cpp
[7.048s] [ 48%] [34m[1mGenerating C introspection for ROS interfaces[0m
[7.278s] [ 51%] [32mBuilding CXX object CMakeFiles/apriltag_msgs__rosidl_typesupport_fastrtps_c.dir/rosidl_typesupport_fastrtps_c/apriltag_msgs/msg/detail/point__type_support_c.cpp.o[0m
[7.550s] [ 53%] [32mBuilding C object CMakeFiles/apriltag_msgs__rosidl_typesupport_introspection_c.dir/rosidl_typesupport_introspection_c/apriltag_msgs/msg/detail/point__type_support.c.o[0m
[7.609s] [ 55%] [32mBuilding C object CMakeFiles/apriltag_msgs__rosidl_typesupport_introspection_c.dir/rosidl_typesupport_introspection_c/apriltag_msgs/msg/detail/april_tag_detection__type_support.c.o[0m
[7.659s] [ 57%] [32mBuilding C object CMakeFiles/apriltag_msgs__rosidl_typesupport_introspection_c.dir/rosidl_typesupport_introspection_c/apriltag_msgs/msg/detail/april_tag_detection_array__type_support.c.o[0m
[7.708s] [ 59%] [32mBuilding CXX object CMakeFiles/apriltag_msgs__rosidl_typesupport_fastrtps_c.dir/rosidl_typesupport_fastrtps_c/apriltag_msgs/msg/detail/april_tag_detection__type_support_c.cpp.o[0m
[7.721s] [ 61%] [32m[1mLinking C shared library libapriltag_msgs__rosidl_typesupport_introspection_c.so[0m
[7.771s] [ 61%] Built target apriltag_msgs__rosidl_typesupport_introspection_c
[7.790s] [ 63%] [34m[1mGenerating C type support dispatch for ROS interfaces[0m
[8.112s] [ 65%] [32mBuilding CXX object CMakeFiles/apriltag_msgs__rosidl_typesupport_fastrtps_c.dir/rosidl_typesupport_fastrtps_c/apriltag_msgs/msg/detail/april_tag_detection_array__type_support_c.cpp.o[0m
[8.184s] [ 68%] [32mBuilding CXX object CMakeFiles/apriltag_msgs__rosidl_typesupport_c.dir/rosidl_typesupport_c/apriltag_msgs/msg/point__type_support.cpp.o[0m
[8.232s] [ 70%] [32mBuilding CXX object CMakeFiles/apriltag_msgs__rosidl_typesupport_c.dir/rosidl_typesupport_c/apriltag_msgs/msg/april_tag_detection__type_support.cpp.o[0m
[8.284s] [ 72%] [32mBuilding CXX object CMakeFiles/apriltag_msgs__rosidl_typesupport_c.dir/rosidl_typesupport_c/apriltag_msgs/msg/april_tag_detection_array__type_support.cpp.o[0m
[8.334s] [ 74%] [32m[1mLinking CXX shared library libapriltag_msgs__rosidl_typesupport_c.so[0m
[8.401s] [ 74%] Built target apriltag_msgs__rosidl_typesupport_c
[8.516s] [ 76%] [32m[1mLinking CXX shared library libapriltag_msgs__rosidl_typesupport_fastrtps_c.so[0m
[8.628s] [ 76%] Built target apriltag_msgs__rosidl_typesupport_fastrtps_c
[8.663s] [ 76%] Built target apriltag_msgs
[8.698s] [ 78%] [34m[1mGenerating Python code for ROS interfaces[0m
[9.392s] [ 78%] Built target apriltag_msgs__py
[9.427s] [ 80%] [32mBuilding C object CMakeFiles/apriltag_msgs__rosidl_generator_py.dir/rosidl_generator_py/apriltag_msgs/msg/_april_tag_detection_s.c.o[0m
[9.429s] [ 82%] [32mBuilding C object CMakeFiles/apriltag_msgs__rosidl_generator_py.dir/rosidl_generator_py/apriltag_msgs/msg/_point_s.c.o[0m
[9.686s] [ 85%] [32mBuilding C object CMakeFiles/apriltag_msgs__rosidl_generator_py.dir/rosidl_generator_py/apriltag_msgs/msg/_april_tag_detection_array_s.c.o[0m
[9.814s] [ 87%] [32m[1mLinking C shared library rosidl_generator_py/apriltag_msgs/libapriltag_msgs__rosidl_generator_py.so[0m
[9.871s] [ 87%] Built target apriltag_msgs__rosidl_generator_py
[9.904s] [ 89%] [32mBuilding C object CMakeFiles/apriltag_msgs__rosidl_typesupport_introspection_c__pyext.dir/rosidl_generator_py/apriltag_msgs/_apriltag_msgs_s.ep.rosidl_typesupport_introspection_c.c.o[0m
[9.908s] [ 91%] [32mBuilding C object CMakeFiles/apriltag_msgs__rosidl_typesupport_fastrtps_c__pyext.dir/rosidl_generator_py/apriltag_msgs/_apriltag_msgs_s.ep.rosidl_typesupport_fastrtps_c.c.o[0m
[10.036s] [ 93%] [32m[1mLinking C shared library rosidl_generator_py/apriltag_msgs/apriltag_msgs_s__rosidl_typesupport_introspection_c.cpython-310-x86_64-linux-gnu.so[0m
[10.039s] [ 95%] [32m[1mLinking C shared library rosidl_generator_py/apriltag_msgs/apriltag_msgs_s__rosidl_typesupport_fastrtps_c.cpython-310-x86_64-linux-gnu.so[0m
[10.097s] [ 95%] Built target apriltag_msgs__rosidl_typesupport_introspection_c__pyext
[10.098s] [ 95%] Built target apriltag_msgs__rosidl_typesupport_fastrtps_c__pyext
[10.129s] [ 97%] [32mBuilding C object CMakeFiles/apriltag_msgs__rosidl_typesupport_c__pyext.dir/rosidl_generator_py/apriltag_msgs/_apriltag_msgs_s.ep.rosidl_typesupport_c.c.o[0m
[10.261s] [100%] [32m[1mLinking C shared library rosidl_generator_py/apriltag_msgs/apriltag_msgs_s__rosidl_typesupport_c.cpython-310-x86_64-linux-gnu.so[0m
[10.320s] [100%] Built target apriltag_msgs__rosidl_typesupport_c__pyext
[10.335s] Invoked command in '/home/harry/robot/build/apriltag_msgs' returned '0': CMAKE_PREFIX_PATH=${CMAKE_PREFIX_PATH}:/home/harry/robot/install/my_first_package:/home/harry/install/my_first_package:/opt/ros/humble /usr/bin/cmake --build /home/harry/robot/build/apriltag_msgs -- -j2 -l2
[10.337s] Invoking command in '/home/harry/robot/build/apriltag_msgs': CMAKE_PREFIX_PATH=${CMAKE_PREFIX_PATH}:/home/harry/robot/install/my_first_package:/home/harry/install/my_first_package:/opt/ros/humble /usr/bin/cmake --install /home/harry/robot/build/apriltag_msgs
[10.347s] -- Install configuration: ""
[10.347s] -- Installing: /home/harry/robot/install/apriltag_msgs/share/ament_index/resource_index/rosidl_interfaces/apriltag_msgs
[10.348s] -- Installing: /home/harry/robot/install/apriltag_msgs/include/apriltag_msgs/apriltag_msgs
[10.348s] -- Installing: /home/harry/robot/install/apriltag_msgs/include/apriltag_msgs/apriltag_msgs/msg
[10.348s] -- Installing: /home/harry/robot/install/apriltag_msgs/include/apriltag_msgs/apriltag_msgs/msg/point.h
[10.348s] -- Installing: /home/harry/robot/install/apriltag_msgs/include/apriltag_msgs/apriltag_msgs/msg/april_tag_detection.h
[10.348s] -- Installing: /home/harry/robot/install/apriltag_msgs/include/apriltag_msgs/apriltag_msgs/msg/rosidl_generator_c__visibility_control.h
[10.348s] -- Installing: /home/harry/robot/install/apriltag_msgs/include/apriltag_msgs/apriltag_msgs/msg/april_tag_detection_array.h
[10.349s] -- Installing: /home/harry/robot/install/apriltag_msgs/include/apriltag_msgs/apriltag_msgs/msg/detail
[10.349s] -- Installing: /home/harry/robot/install/apriltag_msgs/include/apriltag_msgs/apriltag_msgs/msg/detail/april_tag_detection_array__type_support.h
[10.349s] -- Installing: /home/harry/robot/install/apriltag_msgs/include/apriltag_msgs/apriltag_msgs/msg/detail/point__struct.h
[10.349s] -- Installing: /home/harry/robot/install/apriltag_msgs/include/apriltag_msgs/apriltag_msgs/msg/detail/point__type_support.h
[10.349s] -- Installing: /home/harry/robot/install/apriltag_msgs/include/apriltag_msgs/apriltag_msgs/msg/detail/april_tag_detection_array__struct.h
[10.349s] -- Installing: /home/harry/robot/install/apriltag_msgs/include/apriltag_msgs/apriltag_msgs/msg/detail/april_tag_detection__functions.h
[10.349s] -- Installing: /home/harry/robot/install/apriltag_msgs/include/apriltag_msgs/apriltag_msgs/msg/detail/april_tag_detection_array__functions.h
[10.350s] -- Installing: /home/harry/robot/install/apriltag_msgs/include/apriltag_msgs/apriltag_msgs/msg/detail/point__functions.h
[10.350s] -- Installing: /home/harry/robot/install/apriltag_msgs/include/apriltag_msgs/apriltag_msgs/msg/detail/point__functions.c
[10.350s] -- Installing: /home/harry/robot/install/apriltag_msgs/include/apriltag_msgs/apriltag_msgs/msg/detail/april_tag_detection_array__functions.c
[10.350s] -- Installing: /home/harry/robot/install/apriltag_msgs/include/apriltag_msgs/apriltag_msgs/msg/detail/april_tag_detection__functions.c
[10.350s] -- Installing: /home/harry/robot/install/apriltag_msgs/include/apriltag_msgs/apriltag_msgs/msg/detail/april_tag_detection__struct.h
[10.350s] -- Installing: /home/harry/robot/install/apriltag_msgs/include/apriltag_msgs/apriltag_msgs/msg/detail/april_tag_detection__type_support.h
[10.351s] -- Installing: /home/harry/robot/install/apriltag_msgs/share/apriltag_msgs/environment/library_path.sh
[10.351s] -- Installing: /home/harry/robot/install/apriltag_msgs/share/apriltag_msgs/environment/library_path.dsv
[10.351s] -- Installing: /home/harry/robot/install/apriltag_msgs/lib/libapriltag_msgs__rosidl_generator_c.so
[10.352s] -- Set runtime path of "/home/harry/robot/install/apriltag_msgs/lib/libapriltag_msgs__rosidl_generator_c.so" to ""
[10.352s] -- Up-to-date: /home/harry/robot/install/apriltag_msgs/include/apriltag_msgs/apriltag_msgs
[10.352s] -- Up-to-date: /home/harry/robot/install/apriltag_msgs/include/apriltag_msgs/apriltag_msgs/msg
[10.352s] -- Installing: /home/harry/robot/install/apriltag_msgs/include/apriltag_msgs/apriltag_msgs/msg/rosidl_typesupport_fastrtps_c__visibility_control.h
[10.352s] -- Up-to-date: /home/harry/robot/install/apriltag_msgs/include/apriltag_msgs/apriltag_msgs/msg/detail
[10.352s] -- Installing: /home/harry/robot/install/apriltag_msgs/include/apriltag_msgs/apriltag_msgs/msg/detail/april_tag_detection_array__rosidl_typesupport_fastrtps_c.h
[10.353s] -- Installing: /home/harry/robot/install/apriltag_msgs/include/apriltag_msgs/apriltag_msgs/msg/detail/point__rosidl_typesupport_fastrtps_c.h
[10.353s] -- Installing: /home/harry/robot/install/apriltag_msgs/include/apriltag_msgs/apriltag_msgs/msg/detail/april_tag_detection__rosidl_typesupport_fastrtps_c.h
[10.353s] -- Installing: /home/harry/robot/install/apriltag_msgs/lib/libapriltag_msgs__rosidl_typesupport_fastrtps_c.so
[10.353s] -- Set runtime path of "/home/harry/robot/install/apriltag_msgs/lib/libapriltag_msgs__rosidl_typesupport_fastrtps_c.so" to ""
[10.353s] -- Up-to-date: /home/harry/robot/install/apriltag_msgs/include/apriltag_msgs/apriltag_msgs
[10.353s] -- Up-to-date: /home/harry/robot/install/apriltag_msgs/include/apriltag_msgs/apriltag_msgs/msg
[10.353s] -- Installing: /home/harry/robot/install/apriltag_msgs/include/apriltag_msgs/apriltag_msgs/msg/rosidl_typesupport_introspection_c__visibility_control.h
[10.353s] -- Up-to-date: /home/harry/robot/install/apriltag_msgs/include/apriltag_msgs/apriltag_msgs/msg/detail
[10.354s] -- Installing: /home/harry/robot/install/apriltag_msgs/include/apriltag_msgs/apriltag_msgs/msg/detail/april_tag_detection__rosidl_typesupport_introspection_c.h
[10.354s] -- Installing: /home/harry/robot/install/apriltag_msgs/include/apriltag_msgs/apriltag_msgs/msg/detail/april_tag_detection__type_support.c
[10.354s] -- Installing: /home/harry/robot/install/apriltag_msgs/include/apriltag_msgs/apriltag_msgs/msg/detail/april_tag_detection_array__rosidl_typesupport_introspection_c.h
[10.354s] -- Installing: /home/harry/robot/install/apriltag_msgs/include/apriltag_msgs/apriltag_msgs/msg/detail/point__rosidl_typesupport_introspection_c.h
[10.354s] -- Installing: /home/harry/robot/install/apriltag_msgs/include/apriltag_msgs/apriltag_msgs/msg/detail/point__type_support.c
[10.354s] -- Installing: /home/harry/robot/install/apriltag_msgs/include/apriltag_msgs/apriltag_msgs/msg/detail/april_tag_detection_array__type_support.c
[10.354s] -- Installing: /home/harry/robot/install/apriltag_msgs/lib/libapriltag_msgs__rosidl_typesupport_introspection_c.so
[10.355s] -- Set runtime path of "/home/harry/robot/install/apriltag_msgs/lib/libapriltag_msgs__rosidl_typesupport_introspection_c.so" to ""
[10.355s] -- Installing: /home/harry/robot/install/apriltag_msgs/lib/libapriltag_msgs__rosidl_typesupport_c.so
[10.355s] -- Set runtime path of "/home/harry/robot/install/apriltag_msgs/lib/libapriltag_msgs__rosidl_typesupport_c.so" to ""
[10.355s] -- Up-to-date: /home/harry/robot/install/apriltag_msgs/include/apriltag_msgs/apriltag_msgs
[10.356s] -- Up-to-date: /home/harry/robot/install/apriltag_msgs/include/apriltag_msgs/apriltag_msgs/msg
[10.356s] -- Installing: /home/harry/robot/install/apriltag_msgs/include/apriltag_msgs/apriltag_msgs/msg/rosidl_generator_cpp__visibility_control.hpp
[10.356s] -- Installing: /home/harry/robot/install/apriltag_msgs/include/apriltag_msgs/apriltag_msgs/msg/point.hpp
[10.356s] -- Installing: /home/harry/robot/install/apriltag_msgs/include/apriltag_msgs/apriltag_msgs/msg/april_tag_detection_array.hpp
[10.356s] -- Installing: /home/harry/robot/install/apriltag_msgs/include/apriltag_msgs/apriltag_msgs/msg/april_tag_detection.hpp
[10.356s] -- Up-to-date: /home/harry/robot/install/apriltag_msgs/include/apriltag_msgs/apriltag_msgs/msg/detail
[10.356s] -- Installing: /home/harry/robot/install/apriltag_msgs/include/apriltag_msgs/apriltag_msgs/msg/detail/point__traits.hpp
[10.356s] -- Installing: /home/harry/robot/install/apriltag_msgs/include/apriltag_msgs/apriltag_msgs/msg/detail/april_tag_detection_array__type_support.hpp
[10.356s] -- Installing: /home/harry/robot/install/apriltag_msgs/include/apriltag_msgs/apriltag_msgs/msg/detail/april_tag_detection_array__builder.hpp
[10.356s] -- Installing: /home/harry/robot/install/apriltag_msgs/include/apriltag_msgs/apriltag_msgs/msg/detail/april_tag_detection_array__struct.hpp
[10.357s] -- Installing: /home/harry/robot/install/apriltag_msgs/include/apriltag_msgs/apriltag_msgs/msg/detail/april_tag_detection__struct.hpp
[10.357s] -- Installing: /home/harry/robot/install/apriltag_msgs/include/apriltag_msgs/apriltag_msgs/msg/detail/april_tag_detection__type_support.hpp
[10.357s] -- Installing: /home/harry/robot/install/apriltag_msgs/include/apriltag_msgs/apriltag_msgs/msg/detail/point__type_support.hpp
[10.357s] -- Installing: /home/harry/robot/install/apriltag_msgs/include/apriltag_msgs/apriltag_msgs/msg/detail/april_tag_detection_array__traits.hpp
[10.358s] -- Installing: /home/harry/robot/install/apriltag_msgs/include/apriltag_msgs/apriltag_msgs/msg/detail/april_tag_detection__builder.hpp
[10.358s] -- Installing: /home/harry/robot/install/apriltag_msgs/include/apriltag_msgs/apriltag_msgs/msg/detail/april_tag_detection__traits.hpp
[10.358s] -- Installing: /home/harry/robot/install/apriltag_msgs/include/apriltag_msgs/apriltag_msgs/msg/detail/point__struct.hpp
[10.358s] -- Installing: /home/harry/robot/install/apriltag_msgs/include/apriltag_msgs/apriltag_msgs/msg/detail/point__builder.hpp
[10.358s] -- Up-to-date: /home/harry/robot/install/apriltag_msgs/include/apriltag_msgs/apriltag_msgs
[10.358s] -- Up-to-date: /home/harry/robot/install/apriltag_msgs/include/apriltag_msgs/apriltag_msgs/msg
[10.358s] -- Installing: /home/harry/robot/install/apriltag_msgs/include/apriltag_msgs/apriltag_msgs/msg/rosidl_typesupport_fastrtps_cpp__visibility_control.h
[10.358s] -- Up-to-date: /home/harry/robot/install/apriltag_msgs/include/apriltag_msgs/apriltag_msgs/msg/detail
[10.358s] -- Installing: /home/harry/robot/install/apriltag_msgs/include/apriltag_msgs/apriltag_msgs/msg/detail/dds_fastrtps
[10.358s] -- Installing: /home/harry/robot/install/apriltag_msgs/include/apriltag_msgs/apriltag_msgs/msg/detail/april_tag_detection__rosidl_typesupport_fastrtps_cpp.hpp
[10.359s] -- Installing: /home/harry/robot/install/apriltag_msgs/include/apriltag_msgs/apriltag_msgs/msg/detail/point__rosidl_typesupport_fastrtps_cpp.hpp
[10.359s] -- Installing: /home/harry/robot/install/apriltag_msgs/include/apriltag_msgs/apriltag_msgs/msg/detail/april_tag_detection_array__rosidl_typesupport_fastrtps_cpp.hpp
[10.359s] -- Installing: /home/harry/robot/install/apriltag_msgs/lib/libapriltag_msgs__rosidl_typesupport_fastrtps_cpp.so
[10.360s] -- Set runtime path of "/home/harry/robot/install/apriltag_msgs/lib/libapriltag_msgs__rosidl_typesupport_fastrtps_cpp.so" to ""
[10.360s] -- Up-to-date: /home/harry/robot/install/apriltag_msgs/include/apriltag_msgs/apriltag_msgs
[10.360s] -- Up-to-date: /home/harry/robot/install/apriltag_msgs/include/apriltag_msgs/apriltag_msgs/msg
[10.361s] -- Up-to-date: /home/harry/robot/install/apriltag_msgs/include/apriltag_msgs/apriltag_msgs/msg/detail
[10.361s] -- Installing: /home/harry/robot/install/apriltag_msgs/include/apriltag_msgs/apriltag_msgs/msg/detail/april_tag_detection_array__rosidl_typesupport_introspection_cpp.hpp
[10.361s] -- Installing: /home/harry/robot/install/apriltag_msgs/include/apriltag_msgs/apriltag_msgs/msg/detail/april_tag_detection__rosidl_typesupport_introspection_cpp.hpp
[10.361s] -- Installing: /home/harry/robot/install/apriltag_msgs/include/apriltag_msgs/apriltag_msgs/msg/detail/april_tag_detection__type_support.cpp
[10.361s] -- Installing: /home/harry/robot/install/apriltag_msgs/include/apriltag_msgs/apriltag_msgs/msg/detail/point__rosidl_typesupport_introspection_cpp.hpp
[10.361s] -- Installing: /home/harry/robot/install/apriltag_msgs/include/apriltag_msgs/apriltag_msgs/msg/detail/point__type_support.cpp
[10.361s] -- Installing: /home/harry/robot/install/apriltag_msgs/include/apriltag_msgs/apriltag_msgs/msg/detail/april_tag_detection_array__type_support.cpp
[10.361s] -- Installing: /home/harry/robot/install/apriltag_msgs/lib/libapriltag_msgs__rosidl_typesupport_introspection_cpp.so
[10.361s] -- Set runtime path of "/home/harry/robot/install/apriltag_msgs/lib/libapriltag_msgs__rosidl_typesupport_introspection_cpp.so" to ""
[10.361s] -- Installing: /home/harry/robot/install/apriltag_msgs/lib/libapriltag_msgs__rosidl_typesupport_cpp.so
[10.361s] -- Set runtime path of "/home/harry/robot/install/apriltag_msgs/lib/libapriltag_msgs__rosidl_typesupport_cpp.so" to ""
[10.361s] -- Installing: /home/harry/robot/install/apriltag_msgs/share/apriltag_msgs/environment/pythonpath.sh
[10.361s] -- Installing: /home/harry/robot/install/apriltag_msgs/share/apriltag_msgs/environment/pythonpath.dsv
[10.362s] -- Installing: /home/harry/robot/install/apriltag_msgs/local/lib/python3.10/dist-packages/apriltag_msgs-2.0.1-py3.10.egg-info
[10.362s] -- Installing: /home/harry/robot/install/apriltag_msgs/local/lib/python3.10/dist-packages/apriltag_msgs-2.0.1-py3.10.egg-info/dependency_links.txt
[10.362s] -- Installing: /home/harry/robot/install/apriltag_msgs/local/lib/python3.10/dist-packages/apriltag_msgs-2.0.1-py3.10.egg-info/PKG-INFO
[10.362s] -- Installing: /home/harry/robot/install/apriltag_msgs/local/lib/python3.10/dist-packages/apriltag_msgs-2.0.1-py3.10.egg-info/top_level.txt
[10.362s] -- Installing: /home/harry/robot/install/apriltag_msgs/local/lib/python3.10/dist-packages/apriltag_msgs-2.0.1-py3.10.egg-info/SOURCES.txt
[10.362s] -- Installing: /home/harry/robot/install/apriltag_msgs/local/lib/python3.10/dist-packages/apriltag_msgs
[10.362s] -- Installing: /home/harry/robot/install/apriltag_msgs/local/lib/python3.10/dist-packages/apriltag_msgs/apriltag_msgs_s__rosidl_typesupport_fastrtps_c.cpython-310-x86_64-linux-gnu.so
[10.363s] -- Installing: /home/harry/robot/install/apriltag_msgs/local/lib/python3.10/dist-packages/apriltag_msgs/__init__.py
[10.363s] -- Installing: /home/harry/robot/install/apriltag_msgs/local/lib/python3.10/dist-packages/apriltag_msgs/apriltag_msgs_s__rosidl_typesupport_c.cpython-310-x86_64-linux-gnu.so
[10.363s] -- Installing: /home/harry/robot/install/apriltag_msgs/local/lib/python3.10/dist-packages/apriltag_msgs/msg
[10.363s] -- Installing: /home/harry/robot/install/apriltag_msgs/local/lib/python3.10/dist-packages/apriltag_msgs/msg/_april_tag_detection_array_s.c
[10.363s] -- Installing: /home/harry/robot/install/apriltag_msgs/local/lib/python3.10/dist-packages/apriltag_msgs/msg/_april_tag_detection_s.c
[10.363s] -- Installing: /home/harry/robot/install/apriltag_msgs/local/lib/python3.10/dist-packages/apriltag_msgs/msg/__init__.py
[10.363s] -- Installing: /home/harry/robot/install/apriltag_msgs/local/lib/python3.10/dist-packages/apriltag_msgs/msg/_point.py
[10.363s] -- Installing: /home/harry/robot/install/apriltag_msgs/local/lib/python3.10/dist-packages/apriltag_msgs/msg/_point_s.c
[10.364s] -- Installing: /home/harry/robot/install/apriltag_msgs/local/lib/python3.10/dist-packages/apriltag_msgs/msg/_april_tag_detection_array.py
[10.364s] -- Installing: /home/harry/robot/install/apriltag_msgs/local/lib/python3.10/dist-packages/apriltag_msgs/msg/_april_tag_detection.py
[10.364s] -- Installing: /home/harry/robot/install/apriltag_msgs/local/lib/python3.10/dist-packages/apriltag_msgs/apriltag_msgs_s__rosidl_typesupport_introspection_c.cpython-310-x86_64-linux-gnu.so
[10.364s] -- Installing: /home/harry/robot/install/apriltag_msgs/local/lib/python3.10/dist-packages/apriltag_msgs/_apriltag_msgs_s.ep.rosidl_typesupport_introspection_c.c
[10.364s] -- Installing: /home/harry/robot/install/apriltag_msgs/local/lib/python3.10/dist-packages/apriltag_msgs/_apriltag_msgs_s.ep.rosidl_typesupport_c.c
[10.365s] -- Installing: /home/harry/robot/install/apriltag_msgs/local/lib/python3.10/dist-packages/apriltag_msgs/libapriltag_msgs__rosidl_generator_py.so
[10.365s] -- Installing: /home/harry/robot/install/apriltag_msgs/local/lib/python3.10/dist-packages/apriltag_msgs/_apriltag_msgs_s.ep.rosidl_typesupport_fastrtps_c.c
[10.412s] Listing '/home/harry/robot/install/apriltag_msgs/local/lib/python3.10/dist-packages/apriltag_msgs'...
[10.413s] Compiling '/home/harry/robot/install/apriltag_msgs/local/lib/python3.10/dist-packages/apriltag_msgs/__init__.py'...
[10.413s] Listing '/home/harry/robot/install/apriltag_msgs/local/lib/python3.10/dist-packages/apriltag_msgs/msg'...
[10.413s] Compiling '/home/harry/robot/install/apriltag_msgs/local/lib/python3.10/dist-packages/apriltag_msgs/msg/__init__.py'...
[10.413s] Compiling '/home/harry/robot/install/apriltag_msgs/local/lib/python3.10/dist-packages/apriltag_msgs/msg/_april_tag_detection.py'...
[10.413s] Compiling '/home/harry/robot/install/apriltag_msgs/local/lib/python3.10/dist-packages/apriltag_msgs/msg/_april_tag_detection_array.py'...
[10.413s] Compiling '/home/harry/robot/install/apriltag_msgs/local/lib/python3.10/dist-packages/apriltag_msgs/msg/_point.py'...
[10.417s] -- Installing: /home/harry/robot/install/apriltag_msgs/local/lib/python3.10/dist-packages/apriltag_msgs/apriltag_msgs_s__rosidl_typesupport_fastrtps_c.cpython-310-x86_64-linux-gnu.so
[10.417s] -- Set runtime path of "/home/harry/robot/install/apriltag_msgs/local/lib/python3.10/dist-packages/apriltag_msgs/apriltag_msgs_s__rosidl_typesupport_fastrtps_c.cpython-310-x86_64-linux-gnu.so" to ""
[10.417s] -- Installing: /home/harry/robot/install/apriltag_msgs/local/lib/python3.10/dist-packages/apriltag_msgs/apriltag_msgs_s__rosidl_typesupport_introspection_c.cpython-310-x86_64-linux-gnu.so
[10.418s] -- Set runtime path of "/home/harry/robot/install/apriltag_msgs/local/lib/python3.10/dist-packages/apriltag_msgs/apriltag_msgs_s__rosidl_typesupport_introspection_c.cpython-310-x86_64-linux-gnu.so" to ""
[10.418s] -- Installing: /home/harry/robot/install/apriltag_msgs/local/lib/python3.10/dist-packages/apriltag_msgs/apriltag_msgs_s__rosidl_typesupport_c.cpython-310-x86_64-linux-gnu.so
[10.419s] -- Set runtime path of "/home/harry/robot/install/apriltag_msgs/local/lib/python3.10/dist-packages/apriltag_msgs/apriltag_msgs_s__rosidl_typesupport_c.cpython-310-x86_64-linux-gnu.so" to ""
[10.419s] -- Installing: /home/harry/robot/install/apriltag_msgs/lib/libapriltag_msgs__rosidl_generator_py.so
[10.419s] -- Set runtime path of "/home/harry/robot/install/apriltag_msgs/lib/libapriltag_msgs__rosidl_generator_py.so" to ""
[10.419s] -- Installing: /home/harry/robot/install/apriltag_msgs/share/apriltag_msgs/msg/Point.idl
[10.420s] -- Installing: /home/harry/robot/install/apriltag_msgs/share/apriltag_msgs/msg/AprilTagDetection.idl
[10.420s] -- Installing: /home/harry/robot/install/apriltag_msgs/share/apriltag_msgs/msg/AprilTagDetectionArray.idl
[10.420s] -- Installing: /home/harry/robot/install/apriltag_msgs/share/apriltag_msgs/msg/Point.msg
[10.420s] -- Installing: /home/harry/robot/install/apriltag_msgs/share/apriltag_msgs/msg/AprilTagDetection.msg
[10.420s] -- Installing: /home/harry/robot/install/apriltag_msgs/share/apriltag_msgs/msg/AprilTagDetectionArray.msg
[10.421s] -- Installing: /home/harry/robot/install/apriltag_msgs/share/ament_index/resource_index/package_run_dependencies/apriltag_msgs
[10.421s] -- Installing: /home/harry/robot/install/apriltag_msgs/share/ament_index/resource_index/parent_prefix_path/apriltag_msgs
[10.421s] -- Installing: /home/harry/robot/install/apriltag_msgs/share/apriltag_msgs/environment/ament_prefix_path.sh
[10.421s] -- Installing: /home/harry/robot/install/apriltag_msgs/share/apriltag_msgs/environment/ament_prefix_path.dsv
[10.421s] -- Installing: /home/harry/robot/install/apriltag_msgs/share/apriltag_msgs/environment/path.sh
[10.422s] -- Installing: /home/harry/robot/install/apriltag_msgs/share/apriltag_msgs/environment/path.dsv
[10.422s] -- Installing: /home/harry/robot/install/apriltag_msgs/share/apriltag_msgs/local_setup.bash
[10.422s] -- Installing: /home/harry/robot/install/apriltag_msgs/share/apriltag_msgs/local_setup.sh
[10.422s] -- Installing: /home/harry/robot/install/apriltag_msgs/share/apriltag_msgs/local_setup.zsh
[10.422s] -- Installing: /home/harry/robot/install/apriltag_msgs/share/apriltag_msgs/local_setup.dsv
[10.422s] -- Installing: /home/harry/robot/install/apriltag_msgs/share/apriltag_msgs/package.dsv
[10.423s] -- Installing: /home/harry/robot/install/apriltag_msgs/share/ament_index/resource_index/packages/apriltag_msgs
[10.423s] -- Installing: /home/harry/robot/install/apriltag_msgs/share/apriltag_msgs/cmake/export_apriltag_msgs__rosidl_generator_cExport.cmake
[10.423s] -- Installing: /home/harry/robot/install/apriltag_msgs/share/apriltag_msgs/cmake/export_apriltag_msgs__rosidl_generator_cExport-noconfig.cmake
[10.423s] -- Installing: /home/harry/robot/install/apriltag_msgs/share/apriltag_msgs/cmake/export_apriltag_msgs__rosidl_typesupport_fastrtps_cExport.cmake
[10.423s] -- Installing: /home/harry/robot/install/apriltag_msgs/share/apriltag_msgs/cmake/export_apriltag_msgs__rosidl_typesupport_fastrtps_cExport-noconfig.cmake
[10.424s] -- Installing: /home/harry/robot/install/apriltag_msgs/share/apriltag_msgs/cmake/apriltag_msgs__rosidl_typesupport_introspection_cExport.cmake
[10.424s] -- Installing: /home/harry/robot/install/apriltag_msgs/share/apriltag_msgs/cmake/apriltag_msgs__rosidl_typesupport_introspection_cExport-noconfig.cmake
[10.424s] -- Installing: /home/harry/robot/install/apriltag_msgs/share/apriltag_msgs/cmake/apriltag_msgs__rosidl_typesupport_cExport.cmake
[10.424s] -- Installing: /home/harry/robot/install/apriltag_msgs/share/apriltag_msgs/cmake/apriltag_msgs__rosidl_typesupport_cExport-noconfig.cmake
[10.424s] -- Installing: /home/harry/robot/install/apriltag_msgs/share/apriltag_msgs/cmake/export_apriltag_msgs__rosidl_generator_cppExport.cmake
[10.425s] -- Installing: /home/harry/robot/install/apriltag_msgs/share/apriltag_msgs/cmake/export_apriltag_msgs__rosidl_typesupport_fastrtps_cppExport.cmake
[10.425s] -- Installing: /home/harry/robot/install/apriltag_msgs/share/apriltag_msgs/cmake/export_apriltag_msgs__rosidl_typesupport_fastrtps_cppExport-noconfig.cmake
[10.425s] -- Installing: /home/harry/robot/install/apriltag_msgs/share/apriltag_msgs/cmake/apriltag_msgs__rosidl_typesupport_introspection_cppExport.cmake
[10.425s] -- Installing: /home/harry/robot/install/apriltag_msgs/share/apriltag_msgs/cmake/apriltag_msgs__rosidl_typesupport_introspection_cppExport-noconfig.cmake
[10.425s] -- Installing: /home/harry/robot/install/apriltag_msgs/share/apriltag_msgs/cmake/apriltag_msgs__rosidl_typesupport_cppExport.cmake
[10.426s] -- Installing: /home/harry/robot/install/apriltag_msgs/share/apriltag_msgs/cmake/apriltag_msgs__rosidl_typesupport_cppExport-noconfig.cmake
[10.426s] -- Installing: /home/harry/robot/install/apriltag_msgs/share/apriltag_msgs/cmake/export_apriltag_msgs__rosidl_generator_pyExport.cmake
[10.426s] -- Installing: /home/harry/robot/install/apriltag_msgs/share/apriltag_msgs/cmake/export_apriltag_msgs__rosidl_generator_pyExport-noconfig.cmake
[10.426s] -- Installing: /home/harry/robot/install/apriltag_msgs/share/apriltag_msgs/cmake/rosidl_cmake-extras.cmake
[10.426s] -- Installing: /home/harry/robot/install/apriltag_msgs/share/apriltag_msgs/cmake/ament_cmake_export_dependencies-extras.cmake
[10.427s] -- Installing: /home/harry/robot/install/apriltag_msgs/share/apriltag_msgs/cmake/ament_cmake_export_include_directories-extras.cmake
[10.427s] -- Installing: /home/harry/robot/install/apriltag_msgs/share/apriltag_msgs/cmake/ament_cmake_export_libraries-extras.cmake
[10.427s] -- Installing: /home/harry/robot/install/apriltag_msgs/share/apriltag_msgs/cmake/ament_cmake_export_targets-extras.cmake
[10.427s] -- Installing: /home/harry/robot/install/apriltag_msgs/share/apriltag_msgs/cmake/rosidl_cmake_export_typesupport_targets-extras.cmake
[10.427s] -- Installing: /home/harry/robot/install/apriltag_msgs/share/apriltag_msgs/cmake/rosidl_cmake_export_typesupport_libraries-extras.cmake
[10.428s] -- Installing: /home/harry/robot/install/apriltag_msgs/share/apriltag_msgs/cmake/apriltag_msgsConfig.cmake
[10.428s] -- Installing: /home/harry/robot/install/apriltag_msgs/share/apriltag_msgs/cmake/apriltag_msgsConfig-version.cmake
[10.428s] -- Installing: /home/harry/robot/install/apriltag_msgs/share/apriltag_msgs/package.xml
[10.432s] Invoked command in '/home/harry/robot/build/apriltag_msgs' returned '0': CMAKE_PREFIX_PATH=${CMAKE_PREFIX_PATH}:/home/harry/robot/install/my_first_package:/home/harry/install/my_first_package:/opt/ros/humble /usr/bin/cmake --install /home/harry/robot/build/apriltag_msgs
