[0.975s] Invoking command in '/home/harry/robot/src/tag_detection': PYTHONPATH=/home/harry/robot/build/tag_detection/prefix_override:/usr/lib/python3/dist-packages/colcon_core/task/python/colcon_distutils_commands:/home/harry/robot/install/tag_detection/lib/python3.10/site-packages:${PYTHONPATH} /usr/bin/python3 -W ignore:setup.py install is deprecated -W ignore:easy_install command is deprecated setup.py egg_info --egg-base ../../build/tag_detection build --build-base /home/harry/robot/build/tag_detection/build install --record /home/harry/robot/build/tag_detection/install.log --single-version-externally-managed install_data
[1.297s] running egg_info
[1.297s] writing ../../build/tag_detection/tag_detection.egg-info/PKG-INFO
[1.308s] writing dependency_links to ../../build/tag_detection/tag_detection.egg-info/dependency_links.txt
[1.308s] writing entry points to ../../build/tag_detection/tag_detection.egg-info/entry_points.txt
[1.308s] writing requirements to ../../build/tag_detection/tag_detection.egg-info/requires.txt
[1.309s] writing top-level names to ../../build/tag_detection/tag_detection.egg-info/top_level.txt
[1.311s] reading manifest file '../../build/tag_detection/tag_detection.egg-info/SOURCES.txt'
[1.314s] writing manifest file '../../build/tag_detection/tag_detection.egg-info/SOURCES.txt'
[1.314s] running build
[1.315s] running build_py
[1.316s] copying tag_detection/tf_listener.py -> /home/harry/robot/build/tag_detection/build/lib/tag_detection
[1.317s] running install
[1.317s] running install_lib
[1.320s] copying /home/harry/robot/build/tag_detection/build/lib/tag_detection/tf_listener.py -> /home/harry/robot/install/tag_detection/lib/python3.10/site-packages/tag_detection
[1.324s] byte-compiling /home/harry/robot/install/tag_detection/lib/python3.10/site-packages/tag_detection/tf_listener.py to tf_listener.cpython-310.pyc
[1.326s] running install_data
[1.328s] running install_egg_info
[1.331s] removing '/home/harry/robot/install/tag_detection/lib/python3.10/site-packages/tag_detection-0.0.0-py3.10.egg-info' (and everything under it)
[1.337s] Copying ../../build/tag_detection/tag_detection.egg-info to /home/harry/robot/install/tag_detection/lib/python3.10/site-packages/tag_detection-0.0.0-py3.10.egg-info
[1.337s] running install_scripts
[1.362s] Installing listenernode script to /home/harry/robot/install/tag_detection/lib/tag_detection
[1.364s] writing list of installed files to '/home/harry/robot/build/tag_detection/install.log'
[1.413s] Invoked command in '/home/harry/robot/src/tag_detection' returned '0': PYTHONPATH=/home/harry/robot/build/tag_detection/prefix_override:/usr/lib/python3/dist-packages/colcon_core/task/python/colcon_distutils_commands:/home/harry/robot/install/tag_detection/lib/python3.10/site-packages:${PYTHONPATH} /usr/bin/python3 -W ignore:setup.py install is deprecated -W ignore:easy_install command is deprecated setup.py egg_info --egg-base ../../build/tag_detection build --build-base /home/harry/robot/build/tag_detection/build install --record /home/harry/robot/build/tag_detection/install.log --single-version-externally-managed install_data
