-- Found ament_cmake: 1.3.12 (/opt/ros/humble/share/ament_cmake/cmake)
-- Found ament_lint_auto: 0.12.14 (/opt/ros/humble/share/ament_lint_auto/cmake)
-- Added test 'lint_cmake' to check CMake code style
-- Added test 'xmllint' to check XML markup files
-- Configuring done
-- Generating done
-- Build files have been written to: /home/harry/robot/build/my_robot_slam
-- Install configuration: ""
-- Installing: /home/harry/robot/install/my_robot_slam/share/ament_index/resource_index/package_run_dependencies/my_robot_slam
-- Installing: /home/harry/robot/install/my_robot_slam/share/ament_index/resource_index/parent_prefix_path/my_robot_slam
-- Installing: /home/harry/robot/install/my_robot_slam/share/my_robot_slam/environment/ament_prefix_path.sh
-- Installing: /home/harry/robot/install/my_robot_slam/share/my_robot_slam/environment/ament_prefix_path.dsv
-- Installing: /home/harry/robot/install/my_robot_slam/share/my_robot_slam/environment/path.sh
-- Installing: /home/harry/robot/install/my_robot_slam/share/my_robot_slam/environment/path.dsv
-- Installing: /home/harry/robot/install/my_robot_slam/share/my_robot_slam/local_setup.bash
-- Installing: /home/harry/robot/install/my_robot_slam/share/my_robot_slam/local_setup.sh
-- Installing: /home/harry/robot/install/my_robot_slam/share/my_robot_slam/local_setup.zsh
-- Installing: /home/harry/robot/install/my_robot_slam/share/my_robot_slam/local_setup.dsv
-- Installing: /home/harry/robot/install/my_robot_slam/share/my_robot_slam/package.dsv
-- Installing: /home/harry/robot/install/my_robot_slam/share/ament_index/resource_index/packages/my_robot_slam
-- Installing: /home/harry/robot/install/my_robot_slam/share/my_robot_slam/cmake/my_robot_slamConfig.cmake
-- Installing: /home/harry/robot/install/my_robot_slam/share/my_robot_slam/cmake/my_robot_slamConfig-version.cmake
-- Installing: /home/harry/robot/install/my_robot_slam/share/my_robot_slam/package.xml
