[3.170s] Invoking command in '/home/harry/robot/src/simulation/art_gallery/challenge_2025': PYTHONPATH=/home/harry/robot/build/challenge_2025/prefix_override:/usr/lib/python3/dist-packages/colcon_core/task/python/colcon_distutils_commands:/home/harry/robot/install/challenge_2025/lib/python3.10/site-packages:${PYTHONPATH} /usr/bin/python3 -W ignore:setup.py install is deprecated -W ignore:easy_install command is deprecated setup.py egg_info --egg-base ../../../../build/challenge_2025 build --build-base /home/harry/robot/build/challenge_2025/build install --record /home/harry/robot/build/challenge_2025/install.log --single-version-externally-managed install_data
[3.942s] running egg_info
[3.944s] writing ../../../../build/challenge_2025/challenge_2025.egg-info/PKG-INFO
[3.948s] writing dependency_links to ../../../../build/challenge_2025/challenge_2025.egg-info/dependency_links.txt
[3.948s] writing entry points to ../../../../build/challenge_2025/challenge_2025.egg-info/entry_points.txt
[3.948s] writing requirements to ../../../../build/challenge_2025/challenge_2025.egg-info/requires.txt
[3.949s] writing top-level names to ../../../../build/challenge_2025/challenge_2025.egg-info/top_level.txt
[3.955s] reading manifest file '../../../../build/challenge_2025/challenge_2025.egg-info/SOURCES.txt'
[3.959s] writing manifest file '../../../../build/challenge_2025/challenge_2025.egg-info/SOURCES.txt'
[3.960s] running build
[3.962s] running build_py
[3.967s] running install
[3.969s] running install_lib
[3.977s] running install_data
[3.978s] running install_egg_info
[3.985s] removing '/home/harry/robot/install/challenge_2025/lib/python3.10/site-packages/challenge_2025-0.0.0-py3.10.egg-info' (and everything under it)
[3.985s] Copying ../../../../build/challenge_2025/challenge_2025.egg-info to /home/harry/robot/install/challenge_2025/lib/python3.10/site-packages/challenge_2025-0.0.0-py3.10.egg-info
[3.990s] running install_scripts
[4.047s] Installing object_spawner_pallets script to /home/harry/robot/install/challenge_2025/lib/challenge_2025
[4.049s] Installing object_spawner_static script to /home/harry/robot/install/challenge_2025/lib/challenge_2025
[4.051s] Installing tag_spawner_random script to /home/harry/robot/install/challenge_2025/lib/challenge_2025
[4.052s] writing list of installed files to '/home/harry/robot/build/challenge_2025/install.log'
[4.105s] Invoked command in '/home/harry/robot/src/simulation/art_gallery/challenge_2025' returned '0': PYTHONPATH=/home/harry/robot/build/challenge_2025/prefix_override:/usr/lib/python3/dist-packages/colcon_core/task/python/colcon_distutils_commands:/home/harry/robot/install/challenge_2025/lib/python3.10/site-packages:${PYTHONPATH} /usr/bin/python3 -W ignore:setup.py install is deprecated -W ignore:easy_install command is deprecated setup.py egg_info --egg-base ../../../../build/challenge_2025 build --build-base /home/harry/robot/build/challenge_2025/build install --record /home/harry/robot/build/challenge_2025/install.log --single-version-externally-managed install_data
