[0.189s] Invoking command in '/home/harry/robot/build/my_robot_slam': CMAKE_PREFIX_PATH=${CMAKE_PREFIX_PATH}:/home/harry/robot/install/my_first_package:/home/harry/robot/install/tb3_description:/home/harry/robot/install/tag_detection:/home/harry/robot/install/curator:/home/harry/robot/install/challenge_2025:/home/harry/install/my_first_package:/opt/ros/humble /usr/bin/cmake --build /home/harry/robot/build/my_robot_slam -- -j8 -l8
[1.030s] -- Found ament_cmake: 1.3.12 (/opt/ros/humble/share/ament_cmake/cmake)
[2.401s] -- Found rclcpp: 16.0.17 (/opt/ros/humble/share/rclcpp/cmake)
[2.779s] -- Found rosidl_generator_c: 3.1.8 (/opt/ros/humble/share/rosidl_generator_c/cmake)
[2.823s] -- Found rosidl_adapter: 3.1.8 (/opt/ros/humble/share/rosidl_adapter/cmake)
[2.902s] -- Found rosidl_generator_cpp: 3.1.8 (/opt/ros/humble/share/rosidl_generator_cpp/cmake)
[3.001s] -- Using all available rosidl_typesupport_c: rosidl_typesupport_fastrtps_c;rosidl_typesupport_introspection_c
[3.159s] -- Using all available rosidl_typesupport_cpp: rosidl_typesupport_fastrtps_cpp;rosidl_typesupport_introspection_cpp
[3.542s] -- Found rmw_implementation_cmake: 6.1.2 (/opt/ros/humble/share/rmw_implementation_cmake/cmake)
[3.579s] -- Found rmw_fastrtps_cpp: 6.2.9 (/opt/ros/humble/share/rmw_fastrtps_cpp/cmake)
[4.422s] -- Using RMW implementation 'rmw_fastrtps_cpp' as default
[4.878s] -- Found slam_toolbox: 2.6.10 (/opt/ros/humble/share/slam_toolbox/cmake)
[6.473s] -- Found eigen3_cmake_module: 0.1.1 (/opt/ros/humble/share/eigen3_cmake_module/cmake)
[6.489s] -- Ensuring Eigen3 include directory is part of orocos-kdl CMake target
[6.946s] -- Setting assimp_DIR to: '/opt/ros/humble/share/rviz_assimp_vendor/cmake/../../../opt/rviz_assimp_vendor/lib/cmake/assimp-4.1'
[6.990s] -- Setting OGRE_DIR to: '/opt/ros/humble/share/rviz_ogre_vendor/cmake/../../../opt/rviz_ogre_vendor/lib/OGRE/cmake'
[7.025s] -- Found OGRE
[7.026s] --   static     : OFF
[7.027s] --   components : HLMS;MeshLodGenerator;Overlay;Paging;Property;RTShaderSystem;Terrain;Volume
[7.031s] --   plugins    : Plugin_BSPSceneManager;Plugin_OctreeSceneManager;Plugin_PCZSceneManager;Plugin_ParticleFX;RenderSystem_GL;RenderSystem_GL3Plus;Codec_STBI
[7.031s] --   media      : /opt/ros/humble/opt/rviz_ogre_vendor/share/OGRE/Media
[7.032s] -- OGRE_LIBRARIES: OgreHLMS;OgreMeshLodGenerator;OgreOverlay;OgrePaging;OgreProperty;OgreRTShaderSystem;OgreTerrain;OgreVolume;OgreMain
[7.032s] -- OGRE_LIBRARY_DIRS: /opt/ros/humble/opt/rviz_ogre_vendor/lib
[7.032s] -- OGRE_PLUGINS: Plugin_BSPSceneManager;Plugin_OctreeSceneManager;Plugin_PCZSceneManager;Plugin_ParticleFX;RenderSystem_GL;RenderSystem_GL3Plus;Codec_STBI
[7.033s] -- OGRE_PLUGIN_DIR: /opt/ros/humble/opt/rviz_ogre_vendor/lib/OGRE
[7.033s] -- rviz_ogre_vendor::OgreOverlay for IMPORTED_LOCATION_RELEASE: /opt/ros/humble/opt/rviz_ogre_vendor/lib/libOgreOverlay.so
[7.033s] -- rviz_ogre_vendor::OgreOverlay for IMPORTED_LOCATION_DEBUG: /opt/ros/humble/opt/rviz_ogre_vendor/lib/libOgreOverlay.so
[7.037s] -- rviz_ogre_vendor::OgreMain for IMPORTED_LOCATION_RELEASE: /opt/ros/humble/opt/rviz_ogre_vendor/lib/libOgreMain.so
[7.038s] -- rviz_ogre_vendor::OgreMain for IMPORTED_LOCATION_DEBUG: /opt/ros/humble/opt/rviz_ogre_vendor/lib/libOgreMain.so
[7.518s] -- library: /usr/lib/x86_64-linux-gnu/libcurl.so
[8.124s] -- Found ament_lint_auto: 0.12.14 (/opt/ros/humble/share/ament_lint_auto/cmake)
[8.669s] -- Added test 'lint_cmake' to check CMake code style
[8.679s] -- Added test 'xmllint' to check XML markup files
[8.687s] -- Configuring done
[8.733s] -- Generating done
[8.749s] -- Build files have been written to: /home/harry/robot/build/my_robot_slam
[8.922s] Invoked command in '/home/harry/robot/build/my_robot_slam' returned '0': CMAKE_PREFIX_PATH=${CMAKE_PREFIX_PATH}:/home/harry/robot/install/my_first_package:/home/harry/robot/install/tb3_description:/home/harry/robot/install/tag_detection:/home/harry/robot/install/curator:/home/harry/robot/install/challenge_2025:/home/harry/install/my_first_package:/opt/ros/humble /usr/bin/cmake --build /home/harry/robot/build/my_robot_slam -- -j8 -l8
[9.011s] Invoking command in '/home/harry/robot/build/my_robot_slam': CMAKE_PREFIX_PATH=${CMAKE_PREFIX_PATH}:/home/harry/robot/install/my_first_package:/home/harry/robot/install/tb3_description:/home/harry/robot/install/tag_detection:/home/harry/robot/install/curator:/home/harry/robot/install/challenge_2025:/home/harry/install/my_first_package:/opt/ros/humble /usr/bin/cmake --install /home/harry/robot/build/my_robot_slam
[9.059s] -- Install configuration: ""
[9.066s] -- Installing: /home/harry/robot/install/my_robot_slam/share/my_robot_slam/launch
[9.069s] -- Installing: /home/harry/robot/install/my_robot_slam/share/my_robot_slam/launch/slam_toolbox.launch.yaml
[9.070s] -- Installing: /home/harry/robot/install/my_robot_slam/share/my_robot_slam/launch/localization.launch.yaml
[9.077s] -- Installing: /home/harry/robot/install/my_robot_slam/share/my_robot_slam/maps
[9.082s] -- Installing: /home/harry/robot/install/my_robot_slam/share/my_robot_slam/maps/my_map.yaml
[9.083s] -- Installing: /home/harry/robot/install/my_robot_slam/share/my_robot_slam/maps/my_map.pgm
[9.083s] -- Installing: /home/harry/robot/install/my_robot_slam/share/ament_index/resource_index/package_run_dependencies/my_robot_slam
[9.084s] -- Installing: /home/harry/robot/install/my_robot_slam/share/ament_index/resource_index/parent_prefix_path/my_robot_slam
[9.088s] -- Installing: /home/harry/robot/install/my_robot_slam/share/my_robot_slam/environment/ament_prefix_path.sh
[9.090s] -- Installing: /home/harry/robot/install/my_robot_slam/share/my_robot_slam/environment/ament_prefix_path.dsv
[9.094s] -- Installing: /home/harry/robot/install/my_robot_slam/share/my_robot_slam/environment/path.sh
[9.095s] -- Installing: /home/harry/robot/install/my_robot_slam/share/my_robot_slam/environment/path.dsv
[9.096s] -- Installing: /home/harry/robot/install/my_robot_slam/share/my_robot_slam/local_setup.bash
[9.096s] -- Installing: /home/harry/robot/install/my_robot_slam/share/my_robot_slam/local_setup.sh
[9.097s] -- Installing: /home/harry/robot/install/my_robot_slam/share/my_robot_slam/local_setup.zsh
[9.097s] -- Installing: /home/harry/robot/install/my_robot_slam/share/my_robot_slam/local_setup.dsv
[9.098s] -- Installing: /home/harry/robot/install/my_robot_slam/share/my_robot_slam/package.dsv
[9.099s] -- Installing: /home/harry/robot/install/my_robot_slam/share/ament_index/resource_index/packages/my_robot_slam
[9.099s] -- Installing: /home/harry/robot/install/my_robot_slam/share/my_robot_slam/cmake/my_robot_slamConfig.cmake
[9.100s] -- Installing: /home/harry/robot/install/my_robot_slam/share/my_robot_slam/cmake/my_robot_slamConfig-version.cmake
[9.100s] -- Installing: /home/harry/robot/install/my_robot_slam/share/my_robot_slam/package.xml
[9.101s] Invoked command in '/home/harry/robot/build/my_robot_slam' returned '0': CMAKE_PREFIX_PATH=${CMAKE_PREFIX_PATH}:/home/harry/robot/install/my_first_package:/home/harry/robot/install/tb3_description:/home/harry/robot/install/tag_detection:/home/harry/robot/install/curator:/home/harry/robot/install/challenge_2025:/home/harry/install/my_first_package:/opt/ros/humble /usr/bin/cmake --install /home/harry/robot/build/my_robot_slam
