[4.846s] Invoking command in '/home/harry/robot/src/my_first_package': CMAKE_PREFIX_PATH=/home/harry/robot/install/test_package:/home/harry/robot/install/turtlesim:/home/harry/install/turtlesim:/home/harry/install/test_package:/home/harry/robot_ws/install/turtlesim:/home/harry/robot_ws/install/test_package PYTHONPATH=/home/harry/robot/build/my_first_package/prefix_override:/usr/lib/python3/dist-packages/colcon_core/task/python/colcon_distutils_commands:/home/harry/robot/install/my_first_package/lib/python3.10/site-packages:${PYTHONPATH} /usr/bin/python3 -W ignore:setup.py install is deprecated -W ignore:easy_install command is deprecated setup.py egg_info --egg-base ../../build/my_first_package build --build-base /home/harry/robot/build/my_first_package/build install --record /home/harry/robot/build/my_first_package/install.log --single-version-externally-managed install_data
[6.457s] running egg_info
[6.458s] writing ../../build/my_first_package/my_first_package.egg-info/PKG-INFO
[6.458s] writing dependency_links to ../../build/my_first_package/my_first_package.egg-info/dependency_links.txt
[6.458s] writing entry points to ../../build/my_first_package/my_first_package.egg-info/entry_points.txt
[6.458s] writing requirements to ../../build/my_first_package/my_first_package.egg-info/requires.txt
[6.469s] writing top-level names to ../../build/my_first_package/my_first_package.egg-info/top_level.txt
[6.472s] reading manifest file '../../build/my_first_package/my_first_package.egg-info/SOURCES.txt'
[6.472s] writing manifest file '../../build/my_first_package/my_first_package.egg-info/SOURCES.txt'
[6.472s] running build
[6.480s] running build_py
[6.480s] running install
[6.481s] running install_lib
[6.490s] running install_data
[6.490s] copying launch/turtle.launch.yaml -> /home/harry/robot/install/my_first_package/share/my_first_package/launch
[6.490s] running install_egg_info
[6.492s] removing '/home/harry/robot/install/my_first_package/lib/python3.10/site-packages/my_first_package-0.0.0-py3.10.egg-info' (and everything under it)
[6.498s] Copying ../../build/my_first_package/my_first_package.egg-info to /home/harry/robot/install/my_first_package/lib/python3.10/site-packages/my_first_package-0.0.0-py3.10.egg-info
[6.504s] running install_scripts
[6.713s] Installing emptynode script to /home/harry/robot/install/my_first_package/lib/my_first_package
[6.713s] writing list of installed files to '/home/harry/robot/build/my_first_package/install.log'
[6.917s] Invoked command in '/home/harry/robot/src/my_first_package' returned '0': CMAKE_PREFIX_PATH=/home/harry/robot/install/test_package:/home/harry/robot/install/turtlesim:/home/harry/install/turtlesim:/home/harry/install/test_package:/home/harry/robot_ws/install/turtlesim:/home/harry/robot_ws/install/test_package PYTHONPATH=/home/harry/robot/build/my_first_package/prefix_override:/usr/lib/python3/dist-packages/colcon_core/task/python/colcon_distutils_commands:/home/harry/robot/install/my_first_package/lib/python3.10/site-packages:${PYTHONPATH} /usr/bin/python3 -W ignore:setup.py install is deprecated -W ignore:easy_install command is deprecated setup.py egg_info --egg-base ../../build/my_first_package build --build-base /home/harry/robot/build/my_first_package/build install --record /home/harry/robot/build/my_first_package/install.log --single-version-externally-managed install_data
