[3.203s] Invoking command in '/home/harry/robot/src/simulation/art_gallery/tb3_description': PYTHONPATH=/home/harry/robot/build/tb3_description/prefix_override:/usr/lib/python3/dist-packages/colcon_core/task/python/colcon_distutils_commands:/home/harry/robot/install/tb3_description/lib/python3.10/site-packages:${PYTHONPATH} /usr/bin/python3 -W ignore:setup.py install is deprecated -W ignore:easy_install command is deprecated setup.py egg_info --egg-base ../../../../build/tb3_description build --build-base /home/harry/robot/build/tb3_description/build install --record /home/harry/robot/build/tb3_description/install.log --single-version-externally-managed install_data
[4.064s] running egg_info
[4.066s] writing ../../../../build/tb3_description/tb3_description.egg-info/PKG-INFO
[4.074s] writing dependency_links to ../../../../build/tb3_description/tb3_description.egg-info/dependency_links.txt
[4.074s] writing entry points to ../../../../build/tb3_description/tb3_description.egg-info/entry_points.txt
[4.074s] writing requirements to ../../../../build/tb3_description/tb3_description.egg-info/requires.txt
[4.074s] writing top-level names to ../../../../build/tb3_description/tb3_description.egg-info/top_level.txt
[4.084s] reading manifest file '../../../../build/tb3_description/tb3_description.egg-info/SOURCES.txt'
[4.088s] writing manifest file '../../../../build/tb3_description/tb3_description.egg-info/SOURCES.txt'
[4.089s] running build
[4.089s] running build_py
[4.092s] running install
[4.093s] running install_lib
[4.099s] running install_data
[4.104s] running install_egg_info
[4.107s] removing '/home/harry/robot/install/tb3_description/lib/python3.10/site-packages/tb3_description-0.0.0-py3.10.egg-info' (and everything under it)
[4.108s] Copying ../../../../build/tb3_description/tb3_description.egg-info to /home/harry/robot/install/tb3_description/lib/python3.10/site-packages/tb3_description-0.0.0-py3.10.egg-info
[4.111s] running install_scripts
[4.213s] writing list of installed files to '/home/harry/robot/build/tb3_description/install.log'
[4.301s] Invoked command in '/home/harry/robot/src/simulation/art_gallery/tb3_description' returned '0': PYTHONPATH=/home/harry/robot/build/tb3_description/prefix_override:/usr/lib/python3/dist-packages/colcon_core/task/python/colcon_distutils_commands:/home/harry/robot/install/tb3_description/lib/python3.10/site-packages:${PYTHONPATH} /usr/bin/python3 -W ignore:setup.py install is deprecated -W ignore:easy_install command is deprecated setup.py egg_info --egg-base ../../../../build/tb3_description build --build-base /home/harry/robot/build/tb3_description/build install --record /home/harry/robot/build/tb3_description/install.log --single-version-externally-managed install_data
