[1.188s] Invoking command in '/home/harry/robot/src/tag_detection': PYTHONPATH=/home/harry/robot/build/tag_detection/prefix_override:/usr/lib/python3/dist-packages/colcon_core/task/python/colcon_distutils_commands:/home/harry/robot/install/tag_detection/lib/python3.10/site-packages:${PYTHONPATH} /usr/bin/python3 -W ignore:setup.py install is deprecated -W ignore:easy_install command is deprecated setup.py egg_info --egg-base ../../build/tag_detection build --build-base /home/harry/robot/build/tag_detection/build install --record /home/harry/robot/build/tag_detection/install.log --single-version-externally-managed install_data
[1.604s] running egg_info
[1.604s] creating ../../build/tag_detection/tag_detection.egg-info
[1.604s] writing ../../build/tag_detection/tag_detection.egg-info/PKG-INFO
[1.604s] writing dependency_links to ../../build/tag_detection/tag_detection.egg-info/dependency_links.txt
[1.604s] writing entry points to ../../build/tag_detection/tag_detection.egg-info/entry_points.txt
[1.604s] writing requirements to ../../build/tag_detection/tag_detection.egg-info/requires.txt
[1.604s] writing top-level names to ../../build/tag_detection/tag_detection.egg-info/top_level.txt
[1.604s] writing manifest file '../../build/tag_detection/tag_detection.egg-info/SOURCES.txt'
[1.605s] reading manifest file '../../build/tag_detection/tag_detection.egg-info/SOURCES.txt'
[1.608s] writing manifest file '../../build/tag_detection/tag_detection.egg-info/SOURCES.txt'
[1.608s] running build
[1.608s] running build_py
[1.608s] creating /home/harry/robot/build/tag_detection/build
[1.608s] creating /home/harry/robot/build/tag_detection/build/lib
[1.608s] creating /home/harry/robot/build/tag_detection/build/lib/tag_detection
[1.608s] copying tag_detection/__init__.py -> /home/harry/robot/build/tag_detection/build/lib/tag_detection
[1.608s] running install
[1.608s] running install_lib
[1.609s] creating /home/harry/robot/install/tag_detection/lib/python3.10/site-packages/tag_detection
[1.609s] copying /home/harry/robot/build/tag_detection/build/lib/tag_detection/__init__.py -> /home/harry/robot/install/tag_detection/lib/python3.10/site-packages/tag_detection
[1.610s] byte-compiling /home/harry/robot/install/tag_detection/lib/python3.10/site-packages/tag_detection/__init__.py to __init__.cpython-310.pyc
[1.610s] running install_data
[1.610s] creating /home/harry/robot/install/tag_detection/share/ament_index
[1.610s] creating /home/harry/robot/install/tag_detection/share/ament_index/resource_index
[1.614s] creating /home/harry/robot/install/tag_detection/share/ament_index/resource_index/packages
[1.614s] copying resource/tag_detection -> /home/harry/robot/install/tag_detection/share/ament_index/resource_index/packages
[1.614s] copying package.xml -> /home/harry/robot/install/tag_detection/share/tag_detection
[1.614s] running install_egg_info
[1.615s] Copying ../../build/tag_detection/tag_detection.egg-info to /home/harry/robot/install/tag_detection/lib/python3.10/site-packages/tag_detection-0.0.0-py3.10.egg-info
[1.615s] running install_scripts
[1.653s] writing list of installed files to '/home/harry/robot/build/tag_detection/install.log'
[1.708s] Invoked command in '/home/harry/robot/src/tag_detection' returned '0': PYTHONPATH=/home/harry/robot/build/tag_detection/prefix_override:/usr/lib/python3/dist-packages/colcon_core/task/python/colcon_distutils_commands:/home/harry/robot/install/tag_detection/lib/python3.10/site-packages:${PYTHONPATH} /usr/bin/python3 -W ignore:setup.py install is deprecated -W ignore:easy_install command is deprecated setup.py egg_info --egg-base ../../build/tag_detection build --build-base /home/harry/robot/build/tag_detection/build install --record /home/harry/robot/build/tag_detection/install.log --single-version-externally-managed install_data
