[  1%] Built target turtlesim__cpp
[ 11%] Built target turtlesim__rosidl_generator_c
[ 21%] Built target turtlesim__rosidl_typesupport_introspection_cpp
[ 31%] Built target turtlesim__rosidl_typesupport_fastrtps_cpp
[ 31%] Built target ament_cmake_python_copy_turtlesim
[ 41%] Built target turtlesim__rosidl_typesupport_c
[ 51%] Built target turtlesim__rosidl_typesupport_introspection_c
[ 61%] Built target turtlesim__rosidl_typesupport_fastrtps_c
[ 71%] Built target turtlesim__rosidl_typesupport_cpp
[ 71%] Built target turtlesim
[ 73%] Built target turtle_teleop_key
[ 75%] Built target mimic
[ 77%] Built target draw_square
[ 83%] Built target turtlesim_node
[ 84%] Built target turtlesim__py
[ 93%] Built target turtlesim__rosidl_generator_py
[ 95%] Built target turtlesim__rosidl_typesupport_fastrtps_c__pyext
[ 97%] Built target turtlesim__rosidl_typesupport_introspection_c__pyext
[100%] Built target turtlesim__rosidl_typesupport_c__pyext
running egg_info
writing turtlesim.egg-info/PKG-INFO
writing dependency_links to turtlesim.egg-info/dependency_links.txt
writing top-level names to turtlesim.egg-info/top_level.txt
reading manifest file 'turtlesim.egg-info/SOURCES.txt'
interrupted
gmake[2]: *** [CMakeFiles/ament_cmake_python_build_turtlesim_egg.dir/build.make:70: CMakeFiles/ament_cmake_python_build_turtlesim_egg] Interrupt
gmake[1]: *** [CMakeFiles/Makefile2:455: CMakeFiles/ament_cmake_python_build_turtlesim_egg.dir/all] Interrupt
gmake: *** [Makefile:146: all] Interrupt
