[0.032s] Invoking command in '/home/harry/robot/build/apriltag_msgs': CMAKE_PREFIX_PATH=${CMAKE_PREFIX_PATH}:/home/harry/robot/install/my_first_package:/home/harry/install/my_first_package:/opt/ros/humble /usr/bin/cmake --build /home/harry/robot/build/apriltag_msgs -- -j2 -l2
[0.292s] [35m[1mConsolidate compiler generated dependencies of target apriltag_msgs__rosidl_generator_c[0m
[0.301s] [  2%] Built target apriltag_msgs__cpp
[0.339s] [ 12%] Built target apriltag_msgs__rosidl_generator_c
[0.365s] [35m[1mConsolidate compiler generated dependencies of target apriltag_msgs__rosidl_typesupport_cpp[0m
[0.407s] [ 12%] Built target ament_cmake_python_copy_apriltag_msgs
[0.419s] [ 23%] Built target apriltag_msgs__rosidl_typesupport_cpp
[0.451s] [35m[1mConsolidate compiler generated dependencies of target apriltag_msgs__rosidl_typesupport_fastrtps_c[0m
[0.459s] [35m[1mConsolidate compiler generated dependencies of target apriltag_msgs__rosidl_typesupport_introspection_c[0m
[0.492s] [ 34%] Built target apriltag_msgs__rosidl_typesupport_fastrtps_c
[0.499s] [ 44%] Built target apriltag_msgs__rosidl_typesupport_introspection_c
[0.535s] [35m[1mConsolidate compiler generated dependencies of target apriltag_msgs__rosidl_typesupport_c[0m
[0.552s] [35m[1mConsolidate compiler generated dependencies of target apriltag_msgs__rosidl_typesupport_fastrtps_cpp[0m
[0.586s] [ 55%] Built target apriltag_msgs__rosidl_typesupport_c
[0.597s] [ 65%] Built target apriltag_msgs__rosidl_typesupport_fastrtps_cpp
[0.621s] [35m[1mConsolidate compiler generated dependencies of target apriltag_msgs__rosidl_typesupport_introspection_cpp[0m
[0.664s] [ 76%] Built target apriltag_msgs__rosidl_typesupport_introspection_cpp
[0.756s] [ 76%] Built target apriltag_msgs
[0.863s] [ 78%] Built target apriltag_msgs__py
[0.894s] [35m[1mConsolidate compiler generated dependencies of target apriltag_msgs__rosidl_generator_py[0m
[0.944s] [ 87%] Built target apriltag_msgs__rosidl_generator_py
[1.003s] [35m[1mConsolidate compiler generated dependencies of target apriltag_msgs__rosidl_typesupport_fastrtps_c__pyext[0m
[1.046s] [ 91%] Built target apriltag_msgs__rosidl_typesupport_fastrtps_c__pyext
[1.078s] running egg_info
[1.078s] writing apriltag_msgs.egg-info/PKG-INFO
[1.079s] writing dependency_links to apriltag_msgs.egg-info/dependency_links.txt
[1.081s] writing top-level names to apriltag_msgs.egg-info/top_level.txt
[1.090s] [35m[1mConsolidate compiler generated dependencies of target apriltag_msgs__rosidl_typesupport_introspection_c__pyext[0m
[1.090s] reading manifest file 'apriltag_msgs.egg-info/SOURCES.txt'
[1.092s] writing manifest file 'apriltag_msgs.egg-info/SOURCES.txt'
[1.144s] [ 95%] Built target apriltag_msgs__rosidl_typesupport_introspection_c__pyext
[1.153s] [ 95%] Built target ament_cmake_python_build_apriltag_msgs_egg
[1.174s] [35m[1mConsolidate compiler generated dependencies of target apriltag_msgs__rosidl_typesupport_c__pyext[0m
[1.193s] [100%] Built target apriltag_msgs__rosidl_typesupport_c__pyext
[1.212s] Invoked command in '/home/harry/robot/build/apriltag_msgs' returned '0': CMAKE_PREFIX_PATH=${CMAKE_PREFIX_PATH}:/home/harry/robot/install/my_first_package:/home/harry/install/my_first_package:/opt/ros/humble /usr/bin/cmake --build /home/harry/robot/build/apriltag_msgs -- -j2 -l2
[1.215s] Invoking command in '/home/harry/robot/build/apriltag_msgs': CMAKE_PREFIX_PATH=${CMAKE_PREFIX_PATH}:/home/harry/robot/install/my_first_package:/home/harry/install/my_first_package:/opt/ros/humble /usr/bin/cmake --install /home/harry/robot/build/apriltag_msgs
[1.231s] -- Install configuration: ""
[1.235s] -- Up-to-date: /home/harry/robot/install/apriltag_msgs/share/ament_index/resource_index/rosidl_interfaces/apriltag_msgs
[1.237s] -- Up-to-date: /home/harry/robot/install/apriltag_msgs/include/apriltag_msgs/apriltag_msgs
[1.238s] -- Up-to-date: /home/harry/robot/install/apriltag_msgs/include/apriltag_msgs/apriltag_msgs/msg
[1.239s] -- Up-to-date: /home/harry/robot/install/apriltag_msgs/include/apriltag_msgs/apriltag_msgs/msg/point.h
[1.239s] -- Up-to-date: /home/harry/robot/install/apriltag_msgs/include/apriltag_msgs/apriltag_msgs/msg/april_tag_detection.h
[1.239s] -- Up-to-date: /home/harry/robot/install/apriltag_msgs/include/apriltag_msgs/apriltag_msgs/msg/rosidl_generator_c__visibility_control.h
[1.239s] -- Up-to-date: /home/harry/robot/install/apriltag_msgs/include/apriltag_msgs/apriltag_msgs/msg/april_tag_detection_array.h
[1.239s] -- Up-to-date: /home/harry/robot/install/apriltag_msgs/include/apriltag_msgs/apriltag_msgs/msg/detail
[1.240s] -- Up-to-date: /home/harry/robot/install/apriltag_msgs/include/apriltag_msgs/apriltag_msgs/msg/detail/april_tag_detection_array__type_support.h
[1.241s] -- Up-to-date: /home/harry/robot/install/apriltag_msgs/include/apriltag_msgs/apriltag_msgs/msg/detail/point__struct.h
[1.241s] -- Up-to-date: /home/harry/robot/install/apriltag_msgs/include/apriltag_msgs/apriltag_msgs/msg/detail/point__type_support.h
[1.241s] -- Up-to-date: /home/harry/robot/install/apriltag_msgs/include/apriltag_msgs/apriltag_msgs/msg/detail/april_tag_detection_array__struct.h
[1.242s] -- Up-to-date: /home/harry/robot/install/apriltag_msgs/include/apriltag_msgs/apriltag_msgs/msg/detail/april_tag_detection__functions.h
[1.242s] -- Up-to-date: /home/harry/robot/install/apriltag_msgs/include/apriltag_msgs/apriltag_msgs/msg/detail/april_tag_detection_array__functions.h
[1.242s] -- Up-to-date: /home/harry/robot/install/apriltag_msgs/include/apriltag_msgs/apriltag_msgs/msg/detail/point__functions.h
[1.242s] -- Up-to-date: /home/harry/robot/install/apriltag_msgs/include/apriltag_msgs/apriltag_msgs/msg/detail/point__functions.c
[1.243s] -- Up-to-date: /home/harry/robot/install/apriltag_msgs/include/apriltag_msgs/apriltag_msgs/msg/detail/april_tag_detection_array__functions.c
[1.243s] -- Up-to-date: /home/harry/robot/install/apriltag_msgs/include/apriltag_msgs/apriltag_msgs/msg/detail/april_tag_detection__functions.c
[1.243s] -- Up-to-date: /home/harry/robot/install/apriltag_msgs/include/apriltag_msgs/apriltag_msgs/msg/detail/april_tag_detection__struct.h
[1.243s] -- Up-to-date: /home/harry/robot/install/apriltag_msgs/include/apriltag_msgs/apriltag_msgs/msg/detail/april_tag_detection__type_support.h
[1.243s] -- Up-to-date: /home/harry/robot/install/apriltag_msgs/share/apriltag_msgs/environment/library_path.sh
[1.245s] -- Up-to-date: /home/harry/robot/install/apriltag_msgs/share/apriltag_msgs/environment/library_path.dsv
[1.247s] -- Up-to-date: /home/harry/robot/install/apriltag_msgs/lib/libapriltag_msgs__rosidl_generator_c.so
[1.247s] -- Up-to-date: /home/harry/robot/install/apriltag_msgs/include/apriltag_msgs/apriltag_msgs
[1.248s] -- Up-to-date: /home/harry/robot/install/apriltag_msgs/include/apriltag_msgs/apriltag_msgs/msg
[1.248s] -- Up-to-date: /home/harry/robot/install/apriltag_msgs/include/apriltag_msgs/apriltag_msgs/msg/rosidl_typesupport_fastrtps_c__visibility_control.h
[1.248s] -- Up-to-date: /home/harry/robot/install/apriltag_msgs/include/apriltag_msgs/apriltag_msgs/msg/detail
[1.248s] -- Up-to-date: /home/harry/robot/install/apriltag_msgs/include/apriltag_msgs/apriltag_msgs/msg/detail/april_tag_detection_array__rosidl_typesupport_fastrtps_c.h
[1.249s] -- Up-to-date: /home/harry/robot/install/apriltag_msgs/include/apriltag_msgs/apriltag_msgs/msg/detail/point__rosidl_typesupport_fastrtps_c.h
[1.249s] -- Up-to-date: /home/harry/robot/install/apriltag_msgs/include/apriltag_msgs/apriltag_msgs/msg/detail/april_tag_detection__rosidl_typesupport_fastrtps_c.h
[1.250s] -- Up-to-date: /home/harry/robot/install/apriltag_msgs/lib/libapriltag_msgs__rosidl_typesupport_fastrtps_c.so
[1.251s] -- Up-to-date: /home/harry/robot/install/apriltag_msgs/include/apriltag_msgs/apriltag_msgs
[1.251s] -- Up-to-date: /home/harry/robot/install/apriltag_msgs/include/apriltag_msgs/apriltag_msgs/msg
[1.252s] -- Up-to-date: /home/harry/robot/install/apriltag_msgs/include/apriltag_msgs/apriltag_msgs/msg/rosidl_typesupport_introspection_c__visibility_control.h
[1.252s] -- Up-to-date: /home/harry/robot/install/apriltag_msgs/include/apriltag_msgs/apriltag_msgs/msg/detail
[1.252s] -- Up-to-date: /home/harry/robot/install/apriltag_msgs/include/apriltag_msgs/apriltag_msgs/msg/detail/april_tag_detection__rosidl_typesupport_introspection_c.h
[1.253s] -- Up-to-date: /home/harry/robot/install/apriltag_msgs/include/apriltag_msgs/apriltag_msgs/msg/detail/april_tag_detection__type_support.c
[1.254s] -- Up-to-date: /home/harry/robot/install/apriltag_msgs/include/apriltag_msgs/apriltag_msgs/msg/detail/april_tag_detection_array__rosidl_typesupport_introspection_c.h
[1.254s] -- Up-to-date: /home/harry/robot/install/apriltag_msgs/include/apriltag_msgs/apriltag_msgs/msg/detail/point__rosidl_typesupport_introspection_c.h
[1.256s] -- Up-to-date: /home/harry/robot/install/apriltag_msgs/include/apriltag_msgs/apriltag_msgs/msg/detail/point__type_support.c
[1.256s] -- Up-to-date: /home/harry/robot/install/apriltag_msgs/include/apriltag_msgs/apriltag_msgs/msg/detail/april_tag_detection_array__type_support.c
[1.258s] -- Up-to-date: /home/harry/robot/install/apriltag_msgs/lib/libapriltag_msgs__rosidl_typesupport_introspection_c.so
[1.258s] -- Up-to-date: /home/harry/robot/install/apriltag_msgs/lib/libapriltag_msgs__rosidl_typesupport_c.so
[1.259s] -- Up-to-date: /home/harry/robot/install/apriltag_msgs/include/apriltag_msgs/apriltag_msgs
[1.259s] -- Up-to-date: /home/harry/robot/install/apriltag_msgs/include/apriltag_msgs/apriltag_msgs/msg
[1.259s] -- Up-to-date: /home/harry/robot/install/apriltag_msgs/include/apriltag_msgs/apriltag_msgs/msg/rosidl_generator_cpp__visibility_control.hpp
[1.259s] -- Up-to-date: /home/harry/robot/install/apriltag_msgs/include/apriltag_msgs/apriltag_msgs/msg/point.hpp
[1.260s] -- Up-to-date: /home/harry/robot/install/apriltag_msgs/include/apriltag_msgs/apriltag_msgs/msg/april_tag_detection_array.hpp
[1.260s] -- Up-to-date: /home/harry/robot/install/apriltag_msgs/include/apriltag_msgs/apriltag_msgs/msg/april_tag_detection.hpp
[1.260s] -- Up-to-date: /home/harry/robot/install/apriltag_msgs/include/apriltag_msgs/apriltag_msgs/msg/detail
[1.260s] -- Up-to-date: /home/harry/robot/install/apriltag_msgs/include/apriltag_msgs/apriltag_msgs/msg/detail/point__traits.hpp
[1.260s] -- Up-to-date: /home/harry/robot/install/apriltag_msgs/include/apriltag_msgs/apriltag_msgs/msg/detail/april_tag_detection_array__type_support.hpp
[1.261s] -- Up-to-date: /home/harry/robot/install/apriltag_msgs/include/apriltag_msgs/apriltag_msgs/msg/detail/april_tag_detection_array__builder.hpp
[1.261s] -- Up-to-date: /home/harry/robot/install/apriltag_msgs/include/apriltag_msgs/apriltag_msgs/msg/detail/april_tag_detection_array__struct.hpp
[1.261s] -- Up-to-date: /home/harry/robot/install/apriltag_msgs/include/apriltag_msgs/apriltag_msgs/msg/detail/april_tag_detection__struct.hpp
[1.261s] -- Up-to-date: /home/harry/robot/install/apriltag_msgs/include/apriltag_msgs/apriltag_msgs/msg/detail/april_tag_detection__type_support.hpp
[1.261s] -- Up-to-date: /home/harry/robot/install/apriltag_msgs/include/apriltag_msgs/apriltag_msgs/msg/detail/point__type_support.hpp
[1.261s] -- Up-to-date: /home/harry/robot/install/apriltag_msgs/include/apriltag_msgs/apriltag_msgs/msg/detail/april_tag_detection_array__traits.hpp
[1.261s] -- Up-to-date: /home/harry/robot/install/apriltag_msgs/include/apriltag_msgs/apriltag_msgs/msg/detail/april_tag_detection__builder.hpp
[1.262s] -- Up-to-date: /home/harry/robot/install/apriltag_msgs/include/apriltag_msgs/apriltag_msgs/msg/detail/april_tag_detection__traits.hpp
[1.262s] -- Up-to-date: /home/harry/robot/install/apriltag_msgs/include/apriltag_msgs/apriltag_msgs/msg/detail/point__struct.hpp
[1.262s] -- Up-to-date: /home/harry/robot/install/apriltag_msgs/include/apriltag_msgs/apriltag_msgs/msg/detail/point__builder.hpp
[1.262s] -- Up-to-date: /home/harry/robot/install/apriltag_msgs/include/apriltag_msgs/apriltag_msgs
[1.262s] -- Up-to-date: /home/harry/robot/install/apriltag_msgs/include/apriltag_msgs/apriltag_msgs/msg
[1.262s] -- Up-to-date: /home/harry/robot/install/apriltag_msgs/include/apriltag_msgs/apriltag_msgs/msg/rosidl_typesupport_fastrtps_cpp__visibility_control.h
[1.263s] -- Up-to-date: /home/harry/robot/install/apriltag_msgs/include/apriltag_msgs/apriltag_msgs/msg/detail
[1.263s] -- Up-to-date: /home/harry/robot/install/apriltag_msgs/include/apriltag_msgs/apriltag_msgs/msg/detail/dds_fastrtps
[1.263s] -- Up-to-date: /home/harry/robot/install/apriltag_msgs/include/apriltag_msgs/apriltag_msgs/msg/detail/april_tag_detection__rosidl_typesupport_fastrtps_cpp.hpp
[1.263s] -- Up-to-date: /home/harry/robot/install/apriltag_msgs/include/apriltag_msgs/apriltag_msgs/msg/detail/point__rosidl_typesupport_fastrtps_cpp.hpp
[1.263s] -- Up-to-date: /home/harry/robot/install/apriltag_msgs/include/apriltag_msgs/apriltag_msgs/msg/detail/april_tag_detection_array__rosidl_typesupport_fastrtps_cpp.hpp
[1.265s] -- Up-to-date: /home/harry/robot/install/apriltag_msgs/lib/libapriltag_msgs__rosidl_typesupport_fastrtps_cpp.so
[1.265s] -- Up-to-date: /home/harry/robot/install/apriltag_msgs/include/apriltag_msgs/apriltag_msgs
[1.265s] -- Up-to-date: /home/harry/robot/install/apriltag_msgs/include/apriltag_msgs/apriltag_msgs/msg
[1.266s] -- Up-to-date: /home/harry/robot/install/apriltag_msgs/include/apriltag_msgs/apriltag_msgs/msg/detail
[1.266s] -- Up-to-date: /home/harry/robot/install/apriltag_msgs/include/apriltag_msgs/apriltag_msgs/msg/detail/april_tag_detection_array__rosidl_typesupport_introspection_cpp.hpp
[1.266s] -- Up-to-date: /home/harry/robot/install/apriltag_msgs/include/apriltag_msgs/apriltag_msgs/msg/detail/april_tag_detection__rosidl_typesupport_introspection_cpp.hpp
[1.266s] -- Up-to-date: /home/harry/robot/install/apriltag_msgs/include/apriltag_msgs/apriltag_msgs/msg/detail/april_tag_detection__type_support.cpp
[1.266s] -- Up-to-date: /home/harry/robot/install/apriltag_msgs/include/apriltag_msgs/apriltag_msgs/msg/detail/point__rosidl_typesupport_introspection_cpp.hpp
[1.266s] -- Up-to-date: /home/harry/robot/install/apriltag_msgs/include/apriltag_msgs/apriltag_msgs/msg/detail/point__type_support.cpp
[1.267s] -- Up-to-date: /home/harry/robot/install/apriltag_msgs/include/apriltag_msgs/apriltag_msgs/msg/detail/april_tag_detection_array__type_support.cpp
[1.268s] -- Up-to-date: /home/harry/robot/install/apriltag_msgs/lib/libapriltag_msgs__rosidl_typesupport_introspection_cpp.so
[1.270s] -- Up-to-date: /home/harry/robot/install/apriltag_msgs/lib/libapriltag_msgs__rosidl_typesupport_cpp.so
[1.271s] -- Up-to-date: /home/harry/robot/install/apriltag_msgs/share/apriltag_msgs/environment/pythonpath.sh
[1.271s] -- Up-to-date: /home/harry/robot/install/apriltag_msgs/share/apriltag_msgs/environment/pythonpath.dsv
[1.271s] -- Up-to-date: /home/harry/robot/install/apriltag_msgs/local/lib/python3.10/dist-packages/apriltag_msgs-2.0.1-py3.10.egg-info
[1.272s] -- Installing: /home/harry/robot/install/apriltag_msgs/local/lib/python3.10/dist-packages/apriltag_msgs-2.0.1-py3.10.egg-info/dependency_links.txt
[1.272s] -- Installing: /home/harry/robot/install/apriltag_msgs/local/lib/python3.10/dist-packages/apriltag_msgs-2.0.1-py3.10.egg-info/PKG-INFO
[1.272s] -- Installing: /home/harry/robot/install/apriltag_msgs/local/lib/python3.10/dist-packages/apriltag_msgs-2.0.1-py3.10.egg-info/top_level.txt
[1.272s] -- Installing: /home/harry/robot/install/apriltag_msgs/local/lib/python3.10/dist-packages/apriltag_msgs-2.0.1-py3.10.egg-info/SOURCES.txt
[1.273s] -- Up-to-date: /home/harry/robot/install/apriltag_msgs/local/lib/python3.10/dist-packages/apriltag_msgs
[1.273s] -- Up-to-date: /home/harry/robot/install/apriltag_msgs/local/lib/python3.10/dist-packages/apriltag_msgs/apriltag_msgs_s__rosidl_typesupport_fastrtps_c.cpython-310-x86_64-linux-gnu.so
[1.273s] -- Up-to-date: /home/harry/robot/install/apriltag_msgs/local/lib/python3.10/dist-packages/apriltag_msgs/__init__.py
[1.274s] -- Up-to-date: /home/harry/robot/install/apriltag_msgs/local/lib/python3.10/dist-packages/apriltag_msgs/apriltag_msgs_s__rosidl_typesupport_c.cpython-310-x86_64-linux-gnu.so
[1.274s] -- Up-to-date: /home/harry/robot/install/apriltag_msgs/local/lib/python3.10/dist-packages/apriltag_msgs/msg
[1.274s] -- Up-to-date: /home/harry/robot/install/apriltag_msgs/local/lib/python3.10/dist-packages/apriltag_msgs/msg/_april_tag_detection_array_s.c
[1.274s] -- Up-to-date: /home/harry/robot/install/apriltag_msgs/local/lib/python3.10/dist-packages/apriltag_msgs/msg/_april_tag_detection_s.c
[1.274s] -- Up-to-date: /home/harry/robot/install/apriltag_msgs/local/lib/python3.10/dist-packages/apriltag_msgs/msg/__init__.py
[1.274s] -- Up-to-date: /home/harry/robot/install/apriltag_msgs/local/lib/python3.10/dist-packages/apriltag_msgs/msg/_point.py
[1.274s] -- Up-to-date: /home/harry/robot/install/apriltag_msgs/local/lib/python3.10/dist-packages/apriltag_msgs/msg/_point_s.c
[1.275s] -- Up-to-date: /home/harry/robot/install/apriltag_msgs/local/lib/python3.10/dist-packages/apriltag_msgs/msg/_april_tag_detection_array.py
[1.275s] -- Up-to-date: /home/harry/robot/install/apriltag_msgs/local/lib/python3.10/dist-packages/apriltag_msgs/msg/_april_tag_detection.py
[1.275s] -- Up-to-date: /home/harry/robot/install/apriltag_msgs/local/lib/python3.10/dist-packages/apriltag_msgs/apriltag_msgs_s__rosidl_typesupport_introspection_c.cpython-310-x86_64-linux-gnu.so
[1.275s] -- Up-to-date: /home/harry/robot/install/apriltag_msgs/local/lib/python3.10/dist-packages/apriltag_msgs/_apriltag_msgs_s.ep.rosidl_typesupport_introspection_c.c
[1.275s] -- Up-to-date: /home/harry/robot/install/apriltag_msgs/local/lib/python3.10/dist-packages/apriltag_msgs/_apriltag_msgs_s.ep.rosidl_typesupport_c.c
[1.276s] -- Up-to-date: /home/harry/robot/install/apriltag_msgs/local/lib/python3.10/dist-packages/apriltag_msgs/libapriltag_msgs__rosidl_generator_py.so
[1.276s] -- Up-to-date: /home/harry/robot/install/apriltag_msgs/local/lib/python3.10/dist-packages/apriltag_msgs/_apriltag_msgs_s.ep.rosidl_typesupport_fastrtps_c.c
[1.322s] Listing '/home/harry/robot/install/apriltag_msgs/local/lib/python3.10/dist-packages/apriltag_msgs'...
[1.322s] Listing '/home/harry/robot/install/apriltag_msgs/local/lib/python3.10/dist-packages/apriltag_msgs/msg'...
[1.329s] -- Up-to-date: /home/harry/robot/install/apriltag_msgs/local/lib/python3.10/dist-packages/apriltag_msgs/apriltag_msgs_s__rosidl_typesupport_fastrtps_c.cpython-310-x86_64-linux-gnu.so
[1.331s] -- Up-to-date: /home/harry/robot/install/apriltag_msgs/local/lib/python3.10/dist-packages/apriltag_msgs/apriltag_msgs_s__rosidl_typesupport_introspection_c.cpython-310-x86_64-linux-gnu.so
[1.332s] -- Up-to-date: /home/harry/robot/install/apriltag_msgs/local/lib/python3.10/dist-packages/apriltag_msgs/apriltag_msgs_s__rosidl_typesupport_c.cpython-310-x86_64-linux-gnu.so
[1.338s] -- Up-to-date: /home/harry/robot/install/apriltag_msgs/lib/libapriltag_msgs__rosidl_generator_py.so
[1.338s] -- Up-to-date: /home/harry/robot/install/apriltag_msgs/share/apriltag_msgs/msg/Point.idl
[1.338s] -- Up-to-date: /home/harry/robot/install/apriltag_msgs/share/apriltag_msgs/msg/AprilTagDetection.idl
[1.338s] -- Up-to-date: /home/harry/robot/install/apriltag_msgs/share/apriltag_msgs/msg/AprilTagDetectionArray.idl
[1.338s] -- Up-to-date: /home/harry/robot/install/apriltag_msgs/share/apriltag_msgs/msg/Point.msg
[1.339s] -- Up-to-date: /home/harry/robot/install/apriltag_msgs/share/apriltag_msgs/msg/AprilTagDetection.msg
[1.339s] -- Up-to-date: /home/harry/robot/install/apriltag_msgs/share/apriltag_msgs/msg/AprilTagDetectionArray.msg
[1.339s] -- Up-to-date: /home/harry/robot/install/apriltag_msgs/share/ament_index/resource_index/package_run_dependencies/apriltag_msgs
[1.340s] -- Up-to-date: /home/harry/robot/install/apriltag_msgs/share/ament_index/resource_index/parent_prefix_path/apriltag_msgs
[1.340s] -- Up-to-date: /home/harry/robot/install/apriltag_msgs/share/apriltag_msgs/environment/ament_prefix_path.sh
[1.340s] -- Up-to-date: /home/harry/robot/install/apriltag_msgs/share/apriltag_msgs/environment/ament_prefix_path.dsv
[1.341s] -- Up-to-date: /home/harry/robot/install/apriltag_msgs/share/apriltag_msgs/environment/path.sh
[1.341s] -- Up-to-date: /home/harry/robot/install/apriltag_msgs/share/apriltag_msgs/environment/path.dsv
[1.341s] -- Up-to-date: /home/harry/robot/install/apriltag_msgs/share/apriltag_msgs/local_setup.bash
[1.341s] -- Up-to-date: /home/harry/robot/install/apriltag_msgs/share/apriltag_msgs/local_setup.sh
[1.341s] -- Up-to-date: /home/harry/robot/install/apriltag_msgs/share/apriltag_msgs/local_setup.zsh
[1.342s] -- Up-to-date: /home/harry/robot/install/apriltag_msgs/share/apriltag_msgs/local_setup.dsv
[1.342s] -- Installing: /home/harry/robot/install/apriltag_msgs/share/apriltag_msgs/package.dsv
[1.343s] -- Up-to-date: /home/harry/robot/install/apriltag_msgs/share/ament_index/resource_index/packages/apriltag_msgs
[1.346s] -- Up-to-date: /home/harry/robot/install/apriltag_msgs/share/apriltag_msgs/cmake/export_apriltag_msgs__rosidl_generator_cExport.cmake
[1.346s] -- Up-to-date: /home/harry/robot/install/apriltag_msgs/share/apriltag_msgs/cmake/export_apriltag_msgs__rosidl_generator_cExport-noconfig.cmake
[1.346s] -- Up-to-date: /home/harry/robot/install/apriltag_msgs/share/apriltag_msgs/cmake/export_apriltag_msgs__rosidl_typesupport_fastrtps_cExport.cmake
[1.347s] -- Up-to-date: /home/harry/robot/install/apriltag_msgs/share/apriltag_msgs/cmake/export_apriltag_msgs__rosidl_typesupport_fastrtps_cExport-noconfig.cmake
[1.349s] -- Up-to-date: /home/harry/robot/install/apriltag_msgs/share/apriltag_msgs/cmake/apriltag_msgs__rosidl_typesupport_introspection_cExport.cmake
[1.350s] -- Up-to-date: /home/harry/robot/install/apriltag_msgs/share/apriltag_msgs/cmake/apriltag_msgs__rosidl_typesupport_introspection_cExport-noconfig.cmake
[1.352s] -- Up-to-date: /home/harry/robot/install/apriltag_msgs/share/apriltag_msgs/cmake/apriltag_msgs__rosidl_typesupport_cExport.cmake
[1.354s] -- Up-to-date: /home/harry/robot/install/apriltag_msgs/share/apriltag_msgs/cmake/apriltag_msgs__rosidl_typesupport_cExport-noconfig.cmake
[1.362s] -- Up-to-date: /home/harry/robot/install/apriltag_msgs/share/apriltag_msgs/cmake/export_apriltag_msgs__rosidl_generator_cppExport.cmake
[1.362s] -- Up-to-date: /home/harry/robot/install/apriltag_msgs/share/apriltag_msgs/cmake/export_apriltag_msgs__rosidl_typesupport_fastrtps_cppExport.cmake
[1.362s] -- Up-to-date: /home/harry/robot/install/apriltag_msgs/share/apriltag_msgs/cmake/export_apriltag_msgs__rosidl_typesupport_fastrtps_cppExport-noconfig.cmake
[1.364s] -- Up-to-date: /home/harry/robot/install/apriltag_msgs/share/apriltag_msgs/cmake/apriltag_msgs__rosidl_typesupport_introspection_cppExport.cmake
[1.365s] -- Up-to-date: /home/harry/robot/install/apriltag_msgs/share/apriltag_msgs/cmake/apriltag_msgs__rosidl_typesupport_introspection_cppExport-noconfig.cmake
[1.365s] -- Up-to-date: /home/harry/robot/install/apriltag_msgs/share/apriltag_msgs/cmake/apriltag_msgs__rosidl_typesupport_cppExport.cmake
[1.366s] -- Up-to-date: /home/harry/robot/install/apriltag_msgs/share/apriltag_msgs/cmake/apriltag_msgs__rosidl_typesupport_cppExport-noconfig.cmake
[1.367s] -- Up-to-date: /home/harry/robot/install/apriltag_msgs/share/apriltag_msgs/cmake/export_apriltag_msgs__rosidl_generator_pyExport.cmake
[1.368s] -- Up-to-date: /home/harry/robot/install/apriltag_msgs/share/apriltag_msgs/cmake/export_apriltag_msgs__rosidl_generator_pyExport-noconfig.cmake
[1.368s] -- Up-to-date: /home/harry/robot/install/apriltag_msgs/share/apriltag_msgs/cmake/rosidl_cmake-extras.cmake
[1.368s] -- Up-to-date: /home/harry/robot/install/apriltag_msgs/share/apriltag_msgs/cmake/ament_cmake_export_dependencies-extras.cmake
[1.369s] -- Up-to-date: /home/harry/robot/install/apriltag_msgs/share/apriltag_msgs/cmake/ament_cmake_export_include_directories-extras.cmake
[1.369s] -- Up-to-date: /home/harry/robot/install/apriltag_msgs/share/apriltag_msgs/cmake/ament_cmake_export_libraries-extras.cmake
[1.369s] -- Up-to-date: /home/harry/robot/install/apriltag_msgs/share/apriltag_msgs/cmake/ament_cmake_export_targets-extras.cmake
[1.369s] -- Up-to-date: /home/harry/robot/install/apriltag_msgs/share/apriltag_msgs/cmake/rosidl_cmake_export_typesupport_targets-extras.cmake
[1.370s] -- Up-to-date: /home/harry/robot/install/apriltag_msgs/share/apriltag_msgs/cmake/rosidl_cmake_export_typesupport_libraries-extras.cmake
[1.370s] -- Up-to-date: /home/harry/robot/install/apriltag_msgs/share/apriltag_msgs/cmake/apriltag_msgsConfig.cmake
[1.370s] -- Up-to-date: /home/harry/robot/install/apriltag_msgs/share/apriltag_msgs/cmake/apriltag_msgsConfig-version.cmake
[1.371s] -- Up-to-date: /home/harry/robot/install/apriltag_msgs/share/apriltag_msgs/package.xml
[1.375s] Invoked command in '/home/harry/robot/build/apriltag_msgs' returned '0': CMAKE_PREFIX_PATH=${CMAKE_PREFIX_PATH}:/home/harry/robot/install/my_first_package:/home/harry/install/my_first_package:/opt/ros/humble /usr/bin/cmake --install /home/harry/robot/build/apriltag_msgs
