[0.410s] Invoking command in '/home/rss/robot_harry/robotik/src/teleop': PYTHONPATH=/home/rss/robot_harry/robotik/build/teleop/prefix_override:/usr/lib/python3/dist-packages/colcon_core/task/python/colcon_distutils_commands:/home/rss/robot_harry/robotik/install/teleop/lib/python3.10/site-packages:${PYTHONPATH} /usr/bin/python3 -W ignore:setup.py install is deprecated -W ignore:easy_install command is deprecated setup.py egg_info --egg-base ../../build/teleop build --build-base /home/rss/robot_harry/robotik/build/teleop/build install --record /home/rss/robot_harry/robotik/build/teleop/install.log --single-version-externally-managed install_data
[0.577s] running egg_info
[0.577s] writing ../../build/teleop/teleop.egg-info/PKG-INFO
[0.577s] writing dependency_links to ../../build/teleop/teleop.egg-info/dependency_links.txt
[0.578s] writing entry points to ../../build/teleop/teleop.egg-info/entry_points.txt
[0.578s] writing requirements to ../../build/teleop/teleop.egg-info/requires.txt
[0.578s] writing top-level names to ../../build/teleop/teleop.egg-info/top_level.txt
[0.579s] reading manifest file '../../build/teleop/teleop.egg-info/SOURCES.txt'
[0.579s] writing manifest file '../../build/teleop/teleop.egg-info/SOURCES.txt'
[0.579s] running build
[0.579s] running build_py
[0.579s] running install
[0.579s] running install_lib
[0.580s] running install_data
[0.580s] copying launch/teleop.launch.py -> /home/rss/robot_harry/robotik/install/teleop/share/teleop/launch
[0.580s] running install_egg_info
[0.582s] removing '/home/rss/robot_harry/robotik/install/teleop/lib/python3.10/site-packages/teleop-0.0.0-py3.10.egg-info' (and everything under it)
[0.582s] Copying ../../build/teleop/teleop.egg-info to /home/rss/robot_harry/robotik/install/teleop/lib/python3.10/site-packages/teleop-0.0.0-py3.10.egg-info
[0.583s] running install_scripts
[0.596s] Installing teleop_node script to /home/rss/robot_harry/robotik/install/teleop/lib/teleop
[0.597s] writing list of installed files to '/home/rss/robot_harry/robotik/build/teleop/install.log'
[0.611s] Invoked command in '/home/rss/robot_harry/robotik/src/teleop' returned '0': PYTHONPATH=/home/rss/robot_harry/robotik/build/teleop/prefix_override:/usr/lib/python3/dist-packages/colcon_core/task/python/colcon_distutils_commands:/home/rss/robot_harry/robotik/install/teleop/lib/python3.10/site-packages:${PYTHONPATH} /usr/bin/python3 -W ignore:setup.py install is deprecated -W ignore:easy_install command is deprecated setup.py egg_info --egg-base ../../build/teleop build --build-base /home/rss/robot_harry/robotik/build/teleop/build install --record /home/rss/robot_harry/robotik/build/teleop/install.log --single-version-externally-managed install_data
