[0.388s] Invoking command in '/home/rss/robot_harry/robotik/src/teleop': PYTHONPATH=/home/rss/robot_harry/robotik/build/teleop/prefix_override:/usr/lib/python3/dist-packages/colcon_core/task/python/colcon_distutils_commands:/home/rss/robot_harry/robotik/install/teleop/lib/python3.10/site-packages:${PYTHONPATH} /usr/bin/python3 -W ignore:setup.py install is deprecated -W ignore:easy_install command is deprecated setup.py egg_info --egg-base ../../build/teleop build --build-base /home/rss/robot_harry/robotik/build/teleop/build install --record /home/rss/robot_harry/robotik/build/teleop/install.log --single-version-externally-managed install_data
[0.549s] running egg_info
[0.549s] creating ../../build/teleop/teleop.egg-info
[0.550s] writing ../../build/teleop/teleop.egg-info/PKG-INFO
[0.550s] writing dependency_links to ../../build/teleop/teleop.egg-info/dependency_links.txt
[0.550s] writing entry points to ../../build/teleop/teleop.egg-info/entry_points.txt
[0.550s] writing requirements to ../../build/teleop/teleop.egg-info/requires.txt
[0.550s] writing top-level names to ../../build/teleop/teleop.egg-info/top_level.txt
[0.550s] writing manifest file '../../build/teleop/teleop.egg-info/SOURCES.txt'
[0.551s] reading manifest file '../../build/teleop/teleop.egg-info/SOURCES.txt'
[0.551s] writing manifest file '../../build/teleop/teleop.egg-info/SOURCES.txt'
[0.552s] running build
[0.552s] running build_py
[0.552s] creating /home/rss/robot_harry/robotik/build/teleop/build
[0.552s] creating /home/rss/robot_harry/robotik/build/teleop/build/lib
[0.552s] creating /home/rss/robot_harry/robotik/build/teleop/build/lib/teleop
[0.552s] copying teleop/teleop.py -> /home/rss/robot_harry/robotik/build/teleop/build/lib/teleop
[0.552s] copying teleop/__init__.py -> /home/rss/robot_harry/robotik/build/teleop/build/lib/teleop
[0.552s] running install
[0.552s] running install_lib
[0.553s] creating /home/rss/robot_harry/robotik/install/teleop/lib/python3.10/site-packages/teleop
[0.553s] copying /home/rss/robot_harry/robotik/build/teleop/build/lib/teleop/teleop.py -> /home/rss/robot_harry/robotik/install/teleop/lib/python3.10/site-packages/teleop
[0.553s] copying /home/rss/robot_harry/robotik/build/teleop/build/lib/teleop/__init__.py -> /home/rss/robot_harry/robotik/install/teleop/lib/python3.10/site-packages/teleop
[0.554s] byte-compiling /home/rss/robot_harry/robotik/install/teleop/lib/python3.10/site-packages/teleop/teleop.py to teleop.cpython-310.pyc
[0.555s] byte-compiling /home/rss/robot_harry/robotik/install/teleop/lib/python3.10/site-packages/teleop/__init__.py to __init__.cpython-310.pyc
[0.555s] running install_data
[0.555s] creating /home/rss/robot_harry/robotik/install/teleop/share/ament_index
[0.555s] creating /home/rss/robot_harry/robotik/install/teleop/share/ament_index/resource_index
[0.555s] creating /home/rss/robot_harry/robotik/install/teleop/share/ament_index/resource_index/packages
[0.555s] copying resource/teleop -> /home/rss/robot_harry/robotik/install/teleop/share/ament_index/resource_index/packages
[0.555s] copying package.xml -> /home/rss/robot_harry/robotik/install/teleop/share/teleop
[0.555s] running install_egg_info
[0.556s] Copying ../../build/teleop/teleop.egg-info to /home/rss/robot_harry/robotik/install/teleop/lib/python3.10/site-packages/teleop-0.0.0-py3.10.egg-info
[0.557s] running install_scripts
[0.569s] Installing teleop_node script to /home/rss/robot_harry/robotik/install/teleop/lib/teleop
[0.569s] writing list of installed files to '/home/rss/robot_harry/robotik/build/teleop/install.log'
[0.583s] Invoked command in '/home/rss/robot_harry/robotik/src/teleop' returned '0': PYTHONPATH=/home/rss/robot_harry/robotik/build/teleop/prefix_override:/usr/lib/python3/dist-packages/colcon_core/task/python/colcon_distutils_commands:/home/rss/robot_harry/robotik/install/teleop/lib/python3.10/site-packages:${PYTHONPATH} /usr/bin/python3 -W ignore:setup.py install is deprecated -W ignore:easy_install command is deprecated setup.py egg_info --egg-base ../../build/teleop build --build-base /home/rss/robot_harry/robotik/build/teleop/build install --record /home/rss/robot_harry/robotik/build/teleop/install.log --single-version-externally-managed install_data
