[0.020s] Invoking command in '/home/harry/robot/build/art_maze': CMAKE_PREFIX_PATH=${CMAKE_PREFIX_PATH}:/home/harry/robot/install/tag_detection:/home/harry/robot/install/my_first_package:/home/harry/install/my_first_package:/opt/ros/humble /usr/bin/cmake /home/harry/robot/src/simulation/art_gallery/art_maze -DCMAKE_INSTALL_PREFIX=/home/harry/robot/install/art_maze
[0.379s] -- The C compiler identification is GNU 11.4.0
[0.711s] -- The CXX compiler identification is GNU 11.4.0
[0.735s] -- Detecting C compiler ABI info
[0.846s] -- Detecting C compiler ABI info - done
[0.854s] -- Check for working C compiler: /usr/bin/cc - skipped
[0.856s] -- Detecting C compile features
[0.857s] -- Detecting C compile features - done
[0.864s] -- Detecting CXX compiler ABI info
[1.039s] -- Detecting CXX compiler ABI info - done
[1.053s] -- Check for working CXX compiler: /usr/bin/c++ - skipped
[1.054s] -- Detecting CXX compile features
[1.054s] -- Detecting CXX compile features - done
[1.067s] -- Found ament_cmake: 1.3.12 (/opt/ros/humble/share/ament_cmake/cmake)
[1.304s] -- Found Python3: /usr/bin/python3 (found version "3.10.12") found components: Interpreter 
[1.500s] -- Found rclcpp: 16.0.17 (/opt/ros/humble/share/rclcpp/cmake)
[1.619s] -- Found rosidl_generator_c: 3.1.8 (/opt/ros/humble/share/rosidl_generator_c/cmake)
[1.632s] -- Found rosidl_adapter: 3.1.8 (/opt/ros/humble/share/rosidl_adapter/cmake)
[1.654s] -- Found rosidl_generator_cpp: 3.1.8 (/opt/ros/humble/share/rosidl_generator_cpp/cmake)
[1.691s] -- Using all available rosidl_typesupport_c: rosidl_typesupport_fastrtps_c;rosidl_typesupport_introspection_c
[1.726s] -- Using all available rosidl_typesupport_cpp: rosidl_typesupport_fastrtps_cpp;rosidl_typesupport_introspection_cpp
[1.842s] -- Found rmw_implementation_cmake: 6.1.2 (/opt/ros/humble/share/rmw_implementation_cmake/cmake)
[1.851s] -- Found rmw_fastrtps_cpp: 6.2.9 (/opt/ros/humble/share/rmw_fastrtps_cpp/cmake)
[2.053s] -- Found OpenSSL: /usr/lib/x86_64-linux-gnu/libcrypto.so (found version "3.0.2")  
[2.099s] -- Found FastRTPS: /opt/ros/humble/include  
[2.156s] -- Using RMW implementation 'rmw_fastrtps_cpp' as default
[2.191s] -- Looking for pthread.h
[2.365s] -- Looking for pthread.h - found
[2.365s] -- Performing Test CMAKE_HAVE_LIBC_PTHREAD
[2.493s] -- Performing Test CMAKE_HAVE_LIBC_PTHREAD - Success
[2.494s] -- Found Threads: TRUE  
[2.633s] -- Found gazebo_msgs: 3.9.0 (/opt/ros/humble/share/gazebo_msgs/cmake)
[2.779s] -- Found tf2: 0.25.18 (/opt/ros/humble/share/tf2/cmake)
[2.802s] -- Found tf2_geometry_msgs: 0.25.18 (/opt/ros/humble/share/tf2_geometry_msgs/cmake)
[2.835s] -- Found eigen3_cmake_module: 0.1.1 (/opt/ros/humble/share/eigen3_cmake_module/cmake)
[2.838s] -- Found Eigen3: TRUE (found version "3.4.0") 
[2.839s] -- Ensuring Eigen3 include directory is part of orocos-kdl CMake target
[3.115s] -- Found OpenCV: /usr (found suitable version "4.5.4", minimum required is "4") 
[3.120s] -- Found ament_lint_auto: 0.12.14 (/opt/ros/humble/share/ament_lint_auto/cmake)
[3.285s] -- Added test 'cppcheck' to perform static code analysis on C / C++ code
[3.285s] -- Configured cppcheck include dirs: $<BUILD_INTERFACE:/home/harry/robot/src/simulation/art_gallery/art_maze/include>
[3.285s] -- Configured cppcheck exclude dirs and/or files: 
[3.288s] -- Added test 'lint_cmake' to check CMake code style
[3.290s] -- Added test 'uncrustify' to check C / C++ code style
[3.290s] -- Configured uncrustify additional arguments: 
[3.292s] -- Added test 'xmllint' to check XML markup files
[3.297s] -- Configuring done
[3.327s] -- Generating done
[3.334s] -- Build files have been written to: /home/harry/robot/build/art_maze
[3.348s] Invoked command in '/home/harry/robot/build/art_maze' returned '0': CMAKE_PREFIX_PATH=${CMAKE_PREFIX_PATH}:/home/harry/robot/install/tag_detection:/home/harry/robot/install/my_first_package:/home/harry/install/my_first_package:/opt/ros/humble /usr/bin/cmake /home/harry/robot/src/simulation/art_gallery/art_maze -DCMAKE_INSTALL_PREFIX=/home/harry/robot/install/art_maze
[3.350s] Invoking command in '/home/harry/robot/build/art_maze': CMAKE_PREFIX_PATH=${CMAKE_PREFIX_PATH}:/home/harry/robot/install/tag_detection:/home/harry/robot/install/my_first_package:/home/harry/install/my_first_package:/opt/ros/humble /usr/bin/cmake --build /home/harry/robot/build/art_maze -- -j2 -l2
[3.454s] [ 11%] [32mBuilding CXX object CMakeFiles/curator.dir/src/main.cpp.o[0m
[3.474s] [ 22%] [32mBuilding CXX object CMakeFiles/curator.dir/src/wall.cpp.o[0m
[3.637s] [ 33%] [32mBuilding CXX object CMakeFiles/curator.dir/src/cell.cpp.o[0m
[3.725s] [ 44%] [32mBuilding CXX object CMakeFiles/curator.dir/src/maze.cpp.o[0m
[3.931s] [ 55%] [32mBuilding CXX object CMakeFiles/curator.dir/src/generator.cpp.o[0m
[6.154s] [ 66%] [32mBuilding CXX object CMakeFiles/curator.dir/src/visualization.cpp.o[0m
[28.630s] [ 77%] [32mBuilding CXX object CMakeFiles/curator.dir/src/modelxml.cpp.o[0m
[29.602s] [01m[K/home/harry/robot/src/simulation/art_gallery/art_maze/src/modelxml.cpp:[m[K In static member function ‘[01m[Kstatic std::string art_maze::ModelXML::exhibition(double, double, double, const art_maze::Maze&, size_t, const std::vector<std::__cxx11::basic_string<char> >&, size_t)[m[K’:
[29.603s] [01m[K/home/harry/robot/src/simulation/art_gallery/art_maze/src/modelxml.cpp:74:44:[m[K [01;35m[Kwarning: [m[Knarrowing conversion of ‘[01m[Ktime(0)[m[K’ from ‘[01m[Ktime_t[m[K’ {aka ‘[01m[Klong int[m[K’} to ‘[01m[Kstd::linear_congruential_engine<long unsigned int, 16807, 0, 2147483647>::result_type[m[K’ {aka ‘[01m[Klong unsigned int[m[K’} [[01;35m[K]8;;https://gcc.gnu.org/onlinedocs/gcc/Warning-Options.html#index-Wnarrowing-Wnarrowing]8;;[m[K]
[29.603s]    74 |         std::default_random_engine rng{[01;35m[Ktime(nullptr)[m[K};
[29.603s]       |                                        [01;35m[K~~~~^~~~~~~~~[m[K
[30.198s] [ 88%] [32mBuilding CXX object CMakeFiles/curator.dir/src/node.cpp.o[0m
[36.446s] [100%] [32m[1mLinking CXX executable curator[0m
[37.620s] [100%] Built target curator
[37.705s] Invoked command in '/home/harry/robot/build/art_maze' returned '0': CMAKE_PREFIX_PATH=${CMAKE_PREFIX_PATH}:/home/harry/robot/install/tag_detection:/home/harry/robot/install/my_first_package:/home/harry/install/my_first_package:/opt/ros/humble /usr/bin/cmake --build /home/harry/robot/build/art_maze -- -j2 -l2
[37.711s] Invoking command in '/home/harry/robot/build/art_maze': CMAKE_PREFIX_PATH=${CMAKE_PREFIX_PATH}:/home/harry/robot/install/tag_detection:/home/harry/robot/install/my_first_package:/home/harry/install/my_first_package:/opt/ros/humble /usr/bin/cmake --install /home/harry/robot/build/art_maze
[37.722s] -- Install configuration: ""
[37.723s] -- Installing: /home/harry/robot/install/art_maze/lib/art_maze/curator
[37.724s] -- Set runtime path of "/home/harry/robot/install/art_maze/lib/art_maze/curator" to ""
[37.724s] -- Installing: /home/harry/robot/install/art_maze/share/art_maze/cfg
[37.725s] -- Installing: /home/harry/robot/install/art_maze/share/art_maze/cfg/setup.yaml
[37.726s] -- Installing: /home/harry/robot/install/art_maze/share/art_maze/launch
[37.726s] -- Installing: /home/harry/robot/install/art_maze/share/art_maze/launch/curator.launch.yaml
[37.729s] -- Installing: /home/harry/robot/install/art_maze/share/ament_index/resource_index/package_run_dependencies/art_maze
[37.730s] -- Installing: /home/harry/robot/install/art_maze/share/ament_index/resource_index/parent_prefix_path/art_maze
[37.731s] -- Installing: /home/harry/robot/install/art_maze/share/art_maze/environment/ament_prefix_path.sh
[37.731s] -- Installing: /home/harry/robot/install/art_maze/share/art_maze/environment/ament_prefix_path.dsv
[37.732s] -- Installing: /home/harry/robot/install/art_maze/share/art_maze/environment/path.sh
[37.732s] -- Installing: /home/harry/robot/install/art_maze/share/art_maze/environment/path.dsv
[37.733s] -- Installing: /home/harry/robot/install/art_maze/share/art_maze/local_setup.bash
[37.733s] -- Installing: /home/harry/robot/install/art_maze/share/art_maze/local_setup.sh
[37.734s] -- Installing: /home/harry/robot/install/art_maze/share/art_maze/local_setup.zsh
[37.735s] -- Installing: /home/harry/robot/install/art_maze/share/art_maze/local_setup.dsv
[37.735s] -- Installing: /home/harry/robot/install/art_maze/share/art_maze/package.dsv
[37.737s] -- Installing: /home/harry/robot/install/art_maze/share/ament_index/resource_index/packages/art_maze
[37.737s] -- Installing: /home/harry/robot/install/art_maze/share/art_maze/cmake/art_mazeConfig.cmake
[37.738s] -- Installing: /home/harry/robot/install/art_maze/share/art_maze/cmake/art_mazeConfig-version.cmake
[37.738s] -- Installing: /home/harry/robot/install/art_maze/share/art_maze/package.xml
[37.742s] Invoked command in '/home/harry/robot/build/art_maze' returned '0': CMAKE_PREFIX_PATH=${CMAKE_PREFIX_PATH}:/home/harry/robot/install/tag_detection:/home/harry/robot/install/my_first_package:/home/harry/install/my_first_package:/opt/ros/humble /usr/bin/cmake --install /home/harry/robot/build/art_maze
