[2.451s] Invoking command in '/home/harry/robot/src/simulation/art_gallery/tb3_description': PYTHONPATH=/home/harry/robot/build/tb3_description/prefix_override:/usr/lib/python3/dist-packages/colcon_core/task/python/colcon_distutils_commands:/home/harry/robot/install/tb3_description/lib/python3.10/site-packages:${PYTHONPATH} /usr/bin/python3 -W ignore:setup.py install is deprecated -W ignore:easy_install command is deprecated setup.py egg_info --egg-base ../../../../build/tb3_description build --build-base /home/harry/robot/build/tb3_description/build install --record /home/harry/robot/build/tb3_description/install.log --single-version-externally-managed install_data
[4.592s] running egg_info
[4.602s] writing ../../../../build/tb3_description/tb3_description.egg-info/PKG-INFO
[4.603s] writing dependency_links to ../../../../build/tb3_description/tb3_description.egg-info/dependency_links.txt
[4.607s] writing entry points to ../../../../build/tb3_description/tb3_description.egg-info/entry_points.txt
[4.610s] writing requirements to ../../../../build/tb3_description/tb3_description.egg-info/requires.txt
[4.611s] writing top-level names to ../../../../build/tb3_description/tb3_description.egg-info/top_level.txt
[4.634s] reading manifest file '../../../../build/tb3_description/tb3_description.egg-info/SOURCES.txt'
[4.644s] writing manifest file '../../../../build/tb3_description/tb3_description.egg-info/SOURCES.txt'
[4.648s] running build
[4.652s] running build_py
[4.655s] running install
[4.658s] running install_lib
[4.675s] running install_data
[4.682s] running install_egg_info
[4.712s] removing '/home/harry/robot/install/tb3_description/lib/python3.10/site-packages/tb3_description-0.0.0-py3.10.egg-info' (and everything under it)
[4.713s] Copying ../../../../build/tb3_description/tb3_description.egg-info to /home/harry/robot/install/tb3_description/lib/python3.10/site-packages/tb3_description-0.0.0-py3.10.egg-info
[4.738s] running install_scripts
[4.930s] writing list of installed files to '/home/harry/robot/build/tb3_description/install.log'
[5.122s] Invoked command in '/home/harry/robot/src/simulation/art_gallery/tb3_description' returned '0': PYTHONPATH=/home/harry/robot/build/tb3_description/prefix_override:/usr/lib/python3/dist-packages/colcon_core/task/python/colcon_distutils_commands:/home/harry/robot/install/tb3_description/lib/python3.10/site-packages:${PYTHONPATH} /usr/bin/python3 -W ignore:setup.py install is deprecated -W ignore:easy_install command is deprecated setup.py egg_info --egg-base ../../../../build/tb3_description build --build-base /home/harry/robot/build/tb3_description/build install --record /home/harry/robot/build/tb3_description/install.log --single-version-externally-managed install_data
