[0.170s] Invoking command in '/home/harry/robot/build/turtlesim': CMAKE_PREFIX_PATH=${CMAKE_PREFIX_PATH}:/home/harry/robot_ws/install/my_first_package:/home/harry/robot/install/my_first_package:/home/harry/install/my_first_package:/opt/ros/humble /usr/bin/cmake --build /home/harry/robot/build/turtlesim -- -j2 -l2
[0.909s] [  1%] Built target turtlesim__cpp
[1.035s] [ 11%] Built target turtlesim__rosidl_generator_c
[1.290s] [ 11%] Built target ament_cmake_python_copy_turtlesim
[1.400s] [ 21%] Built target turtlesim__rosidl_typesupport_cpp
[1.545s] [ 31%] Built target turtlesim__rosidl_typesupport_fastrtps_c
[1.596s] [ 41%] Built target turtlesim__rosidl_typesupport_fastrtps_cpp
[1.714s] [ 51%] Built target turtlesim__rosidl_typesupport_introspection_c
[1.746s] [ 61%] Built target turtlesim__rosidl_typesupport_c
[1.873s] [ 71%] Built target turtlesim__rosidl_typesupport_introspection_cpp
[2.231s] [ 77%] Built target turtlesim_node
[2.496s] [ 79%] Built target turtle_teleop_key
[2.659s] [ 81%] Built target draw_square
[2.847s] [ 83%] Built target mimic
[2.875s] running egg_info
[2.877s] writing turtlesim.egg-info/PKG-INFO
[2.878s] writing dependency_links to turtlesim.egg-info/dependency_links.txt
[2.879s] writing top-level names to turtlesim.egg-info/top_level.txt
[2.892s] reading manifest file 'turtlesim.egg-info/SOURCES.txt'
[2.929s] writing manifest file 'turtlesim.egg-info/SOURCES.txt'
[3.050s] [ 83%] Built target ament_cmake_python_build_turtlesim_egg
[3.070s] [ 83%] Built target turtlesim
[3.238s] [ 84%] Built target turtlesim__py
[3.499s] [ 93%] Built target turtlesim__rosidl_generator_py
[3.894s] [ 95%] Built target turtlesim__rosidl_typesupport_introspection_c__pyext
[3.904s] [ 97%] Built target turtlesim__rosidl_typesupport_fastrtps_c__pyext
[4.168s] [100%] Built target turtlesim__rosidl_typesupport_c__pyext
[4.280s] Invoked command in '/home/harry/robot/build/turtlesim' returned '0': CMAKE_PREFIX_PATH=${CMAKE_PREFIX_PATH}:/home/harry/robot_ws/install/my_first_package:/home/harry/robot/install/my_first_package:/home/harry/install/my_first_package:/opt/ros/humble /usr/bin/cmake --build /home/harry/robot/build/turtlesim -- -j2 -l2
[4.361s] Invoking command in '/home/harry/robot/build/turtlesim': CMAKE_PREFIX_PATH=${CMAKE_PREFIX_PATH}:/home/harry/robot_ws/install/my_first_package:/home/harry/robot/install/my_first_package:/home/harry/install/my_first_package:/opt/ros/humble /usr/bin/cmake --install /home/harry/robot/build/turtlesim
[4.461s] -- Install configuration: ""
[4.465s] -- Up-to-date: /home/harry/robot/install/turtlesim/share/ament_index/resource_index/rosidl_interfaces/turtlesim
[4.475s] -- Up-to-date: /home/harry/robot/install/turtlesim/include/turtlesim/turtlesim
[4.480s] -- Up-to-date: /home/harry/robot/install/turtlesim/include/turtlesim/turtlesim/srv
[4.481s] -- Up-to-date: /home/harry/robot/install/turtlesim/include/turtlesim/turtlesim/srv/spawn.h
[4.481s] -- Up-to-date: /home/harry/robot/install/turtlesim/include/turtlesim/turtlesim/srv/teleport_relative.h
[4.482s] -- Up-to-date: /home/harry/robot/install/turtlesim/include/turtlesim/turtlesim/srv/kill.h
[4.483s] -- Up-to-date: /home/harry/robot/install/turtlesim/include/turtlesim/turtlesim/srv/set_pen.h
[4.485s] -- Up-to-date: /home/harry/robot/install/turtlesim/include/turtlesim/turtlesim/srv/teleport_absolute.h
[4.493s] -- Up-to-date: /home/harry/robot/install/turtlesim/include/turtlesim/turtlesim/srv/detail
[4.514s] -- Up-to-date: /home/harry/robot/install/turtlesim/include/turtlesim/turtlesim/srv/detail/teleport_relative__functions.c
[4.514s] -- Up-to-date: /home/harry/robot/install/turtlesim/include/turtlesim/turtlesim/srv/detail/spawn__functions.h
[4.518s] -- Up-to-date: /home/harry/robot/install/turtlesim/include/turtlesim/turtlesim/srv/detail/kill__type_support.h
[4.519s] -- Up-to-date: /home/harry/robot/install/turtlesim/include/turtlesim/turtlesim/srv/detail/set_pen__type_support.h
[4.519s] -- Up-to-date: /home/harry/robot/install/turtlesim/include/turtlesim/turtlesim/srv/detail/kill__struct.h
[4.520s] -- Up-to-date: /home/harry/robot/install/turtlesim/include/turtlesim/turtlesim/srv/detail/teleport_absolute__struct.h
[4.523s] -- Up-to-date: /home/harry/robot/install/turtlesim/include/turtlesim/turtlesim/srv/detail/teleport_relative__functions.h
[4.523s] -- Up-to-date: /home/harry/robot/install/turtlesim/include/turtlesim/turtlesim/srv/detail/kill__functions.h
[4.524s] -- Up-to-date: /home/harry/robot/install/turtlesim/include/turtlesim/turtlesim/srv/detail/set_pen__struct.h
[4.524s] -- Up-to-date: /home/harry/robot/install/turtlesim/include/turtlesim/turtlesim/srv/detail/set_pen__functions.h
[4.525s] -- Up-to-date: /home/harry/robot/install/turtlesim/include/turtlesim/turtlesim/srv/detail/teleport_relative__type_support.h
[4.525s] -- Up-to-date: /home/harry/robot/install/turtlesim/include/turtlesim/turtlesim/srv/detail/spawn__type_support.h
[4.525s] -- Up-to-date: /home/harry/robot/install/turtlesim/include/turtlesim/turtlesim/srv/detail/teleport_absolute__functions.h
[4.526s] -- Up-to-date: /home/harry/robot/install/turtlesim/include/turtlesim/turtlesim/srv/detail/kill__functions.c
[4.526s] -- Up-to-date: /home/harry/robot/install/turtlesim/include/turtlesim/turtlesim/srv/detail/teleport_absolute__type_support.h
[4.527s] -- Up-to-date: /home/harry/robot/install/turtlesim/include/turtlesim/turtlesim/srv/detail/spawn__struct.h
[4.527s] -- Up-to-date: /home/harry/robot/install/turtlesim/include/turtlesim/turtlesim/srv/detail/spawn__functions.c
[4.528s] -- Up-to-date: /home/harry/robot/install/turtlesim/include/turtlesim/turtlesim/srv/detail/set_pen__functions.c
[4.528s] -- Up-to-date: /home/harry/robot/install/turtlesim/include/turtlesim/turtlesim/srv/detail/teleport_relative__struct.h
[4.528s] -- Up-to-date: /home/harry/robot/install/turtlesim/include/turtlesim/turtlesim/srv/detail/teleport_absolute__functions.c
[4.528s] -- Up-to-date: /home/harry/robot/install/turtlesim/include/turtlesim/turtlesim/msg
[4.529s] -- Up-to-date: /home/harry/robot/install/turtlesim/include/turtlesim/turtlesim/msg/pose.h
[4.529s] -- Up-to-date: /home/harry/robot/install/turtlesim/include/turtlesim/turtlesim/msg/rosidl_generator_c__visibility_control.h
[4.530s] -- Up-to-date: /home/harry/robot/install/turtlesim/include/turtlesim/turtlesim/msg/color.h
[4.530s] -- Up-to-date: /home/harry/robot/install/turtlesim/include/turtlesim/turtlesim/msg/detail
[4.532s] -- Up-to-date: /home/harry/robot/install/turtlesim/include/turtlesim/turtlesim/msg/detail/pose__type_support.h
[4.532s] -- Up-to-date: /home/harry/robot/install/turtlesim/include/turtlesim/turtlesim/msg/detail/color__struct.h
[4.534s] -- Up-to-date: /home/harry/robot/install/turtlesim/include/turtlesim/turtlesim/msg/detail/pose__functions.h
[4.537s] -- Up-to-date: /home/harry/robot/install/turtlesim/include/turtlesim/turtlesim/msg/detail/color__type_support.h
[4.538s] -- Up-to-date: /home/harry/robot/install/turtlesim/include/turtlesim/turtlesim/msg/detail/pose__functions.c
[4.539s] -- Up-to-date: /home/harry/robot/install/turtlesim/include/turtlesim/turtlesim/msg/detail/color__functions.h
[4.539s] -- Up-to-date: /home/harry/robot/install/turtlesim/include/turtlesim/turtlesim/msg/detail/color__functions.c
[4.540s] -- Up-to-date: /home/harry/robot/install/turtlesim/include/turtlesim/turtlesim/msg/detail/pose__struct.h
[4.543s] -- Up-to-date: /home/harry/robot/install/turtlesim/include/turtlesim/turtlesim/action
[4.543s] -- Up-to-date: /home/harry/robot/install/turtlesim/include/turtlesim/turtlesim/action/rotate_absolute.h
[4.544s] -- Up-to-date: /home/harry/robot/install/turtlesim/include/turtlesim/turtlesim/action/detail
[4.546s] -- Up-to-date: /home/harry/robot/install/turtlesim/include/turtlesim/turtlesim/action/detail/rotate_absolute__functions.h
[4.547s] -- Up-to-date: /home/harry/robot/install/turtlesim/include/turtlesim/turtlesim/action/detail/rotate_absolute__functions.c
[4.547s] -- Up-to-date: /home/harry/robot/install/turtlesim/include/turtlesim/turtlesim/action/detail/rotate_absolute__struct.h
[4.550s] -- Up-to-date: /home/harry/robot/install/turtlesim/include/turtlesim/turtlesim/action/detail/rotate_absolute__type_support.h
[4.551s] -- Up-to-date: /home/harry/robot/install/turtlesim/share/turtlesim/environment/library_path.sh
[4.553s] -- Up-to-date: /home/harry/robot/install/turtlesim/share/turtlesim/environment/library_path.dsv
[4.554s] -- Up-to-date: /home/harry/robot/install/turtlesim/lib/libturtlesim__rosidl_generator_c.so
[4.554s] -- Up-to-date: /home/harry/robot/install/turtlesim/include/turtlesim/turtlesim
[4.555s] -- Up-to-date: /home/harry/robot/install/turtlesim/include/turtlesim/turtlesim/srv
[4.560s] -- Up-to-date: /home/harry/robot/install/turtlesim/include/turtlesim/turtlesim/srv/detail
[4.562s] -- Up-to-date: /home/harry/robot/install/turtlesim/include/turtlesim/turtlesim/srv/detail/teleport_relative__rosidl_typesupport_fastrtps_c.h
[4.562s] -- Up-to-date: /home/harry/robot/install/turtlesim/include/turtlesim/turtlesim/srv/detail/teleport_absolute__rosidl_typesupport_fastrtps_c.h
[4.567s] -- Up-to-date: /home/harry/robot/install/turtlesim/include/turtlesim/turtlesim/srv/detail/spawn__rosidl_typesupport_fastrtps_c.h
[4.570s] -- Up-to-date: /home/harry/robot/install/turtlesim/include/turtlesim/turtlesim/srv/detail/kill__rosidl_typesupport_fastrtps_c.h
[4.570s] -- Up-to-date: /home/harry/robot/install/turtlesim/include/turtlesim/turtlesim/srv/detail/set_pen__rosidl_typesupport_fastrtps_c.h
[4.571s] -- Up-to-date: /home/harry/robot/install/turtlesim/include/turtlesim/turtlesim/msg
[4.575s] -- Up-to-date: /home/harry/robot/install/turtlesim/include/turtlesim/turtlesim/msg/rosidl_typesupport_fastrtps_c__visibility_control.h
[4.576s] -- Up-to-date: /home/harry/robot/install/turtlesim/include/turtlesim/turtlesim/msg/detail
[4.582s] -- Up-to-date: /home/harry/robot/install/turtlesim/include/turtlesim/turtlesim/msg/detail/color__rosidl_typesupport_fastrtps_c.h
[4.584s] -- Up-to-date: /home/harry/robot/install/turtlesim/include/turtlesim/turtlesim/msg/detail/pose__rosidl_typesupport_fastrtps_c.h
[4.587s] -- Up-to-date: /home/harry/robot/install/turtlesim/include/turtlesim/turtlesim/action
[4.590s] -- Up-to-date: /home/harry/robot/install/turtlesim/include/turtlesim/turtlesim/action/detail
[4.591s] -- Up-to-date: /home/harry/robot/install/turtlesim/include/turtlesim/turtlesim/action/detail/rotate_absolute__rosidl_typesupport_fastrtps_c.h
[4.591s] -- Up-to-date: /home/harry/robot/install/turtlesim/lib/libturtlesim__rosidl_typesupport_fastrtps_c.so
[4.591s] -- Up-to-date: /home/harry/robot/install/turtlesim/include/turtlesim/turtlesim
[4.592s] -- Up-to-date: /home/harry/robot/install/turtlesim/include/turtlesim/turtlesim/srv
[4.592s] -- Up-to-date: /home/harry/robot/install/turtlesim/include/turtlesim/turtlesim/srv/spawn.hpp
[4.593s] -- Up-to-date: /home/harry/robot/install/turtlesim/include/turtlesim/turtlesim/srv/teleport_absolute.hpp
[4.596s] -- Up-to-date: /home/harry/robot/install/turtlesim/include/turtlesim/turtlesim/srv/set_pen.hpp
[4.597s] -- Up-to-date: /home/harry/robot/install/turtlesim/include/turtlesim/turtlesim/srv/detail
[4.598s] -- Up-to-date: /home/harry/robot/install/turtlesim/include/turtlesim/turtlesim/srv/detail/spawn__struct.hpp
[4.600s] -- Up-to-date: /home/harry/robot/install/turtlesim/include/turtlesim/turtlesim/srv/detail/teleport_absolute__builder.hpp
[4.602s] -- Up-to-date: /home/harry/robot/install/turtlesim/include/turtlesim/turtlesim/srv/detail/set_pen__type_support.hpp
[4.603s] -- Up-to-date: /home/harry/robot/install/turtlesim/include/turtlesim/turtlesim/srv/detail/set_pen__traits.hpp
[4.606s] -- Up-to-date: /home/harry/robot/install/turtlesim/include/turtlesim/turtlesim/srv/detail/kill__traits.hpp
[4.606s] -- Up-to-date: /home/harry/robot/install/turtlesim/include/turtlesim/turtlesim/srv/detail/teleport_absolute__type_support.hpp
[4.606s] -- Up-to-date: /home/harry/robot/install/turtlesim/include/turtlesim/turtlesim/srv/detail/teleport_absolute__struct.hpp
[4.607s] -- Up-to-date: /home/harry/robot/install/turtlesim/include/turtlesim/turtlesim/srv/detail/kill__builder.hpp
[4.610s] -- Up-to-date: /home/harry/robot/install/turtlesim/include/turtlesim/turtlesim/srv/detail/teleport_relative__traits.hpp
[4.619s] -- Up-to-date: /home/harry/robot/install/turtlesim/include/turtlesim/turtlesim/srv/detail/teleport_absolute__traits.hpp
[4.621s] -- Up-to-date: /home/harry/robot/install/turtlesim/include/turtlesim/turtlesim/srv/detail/spawn__traits.hpp
[4.623s] -- Up-to-date: /home/harry/robot/install/turtlesim/include/turtlesim/turtlesim/srv/detail/teleport_relative__struct.hpp
[4.623s] -- Up-to-date: /home/harry/robot/install/turtlesim/include/turtlesim/turtlesim/srv/detail/kill__type_support.hpp
[4.624s] -- Up-to-date: /home/harry/robot/install/turtlesim/include/turtlesim/turtlesim/srv/detail/spawn__builder.hpp
[4.624s] -- Up-to-date: /home/harry/robot/install/turtlesim/include/turtlesim/turtlesim/srv/detail/set_pen__struct.hpp
[4.629s] -- Up-to-date: /home/harry/robot/install/turtlesim/include/turtlesim/turtlesim/srv/detail/kill__struct.hpp
[4.631s] -- Up-to-date: /home/harry/robot/install/turtlesim/include/turtlesim/turtlesim/srv/detail/teleport_relative__type_support.hpp
[4.632s] -- Up-to-date: /home/harry/robot/install/turtlesim/include/turtlesim/turtlesim/srv/detail/teleport_relative__builder.hpp
[4.635s] -- Up-to-date: /home/harry/robot/install/turtlesim/include/turtlesim/turtlesim/srv/detail/spawn__type_support.hpp
[4.635s] -- Up-to-date: /home/harry/robot/install/turtlesim/include/turtlesim/turtlesim/srv/detail/set_pen__builder.hpp
[4.635s] -- Up-to-date: /home/harry/robot/install/turtlesim/include/turtlesim/turtlesim/srv/kill.hpp
[4.636s] -- Up-to-date: /home/harry/robot/install/turtlesim/include/turtlesim/turtlesim/srv/teleport_relative.hpp
[4.638s] -- Up-to-date: /home/harry/robot/install/turtlesim/include/turtlesim/turtlesim/msg
[4.639s] -- Up-to-date: /home/harry/robot/install/turtlesim/include/turtlesim/turtlesim/msg/rosidl_generator_cpp__visibility_control.hpp
[4.639s] -- Up-to-date: /home/harry/robot/install/turtlesim/include/turtlesim/turtlesim/msg/color.hpp
[4.640s] -- Up-to-date: /home/harry/robot/install/turtlesim/include/turtlesim/turtlesim/msg/pose.hpp
[4.645s] -- Up-to-date: /home/harry/robot/install/turtlesim/include/turtlesim/turtlesim/msg/detail
[4.650s] -- Up-to-date: /home/harry/robot/install/turtlesim/include/turtlesim/turtlesim/msg/detail/pose__struct.hpp
[4.651s] -- Up-to-date: /home/harry/robot/install/turtlesim/include/turtlesim/turtlesim/msg/detail/pose__traits.hpp
[4.654s] -- Up-to-date: /home/harry/robot/install/turtlesim/include/turtlesim/turtlesim/msg/detail/color__struct.hpp
[4.659s] -- Up-to-date: /home/harry/robot/install/turtlesim/include/turtlesim/turtlesim/msg/detail/color__type_support.hpp
[4.662s] -- Up-to-date: /home/harry/robot/install/turtlesim/include/turtlesim/turtlesim/msg/detail/color__builder.hpp
[4.664s] -- Up-to-date: /home/harry/robot/install/turtlesim/include/turtlesim/turtlesim/msg/detail/pose__type_support.hpp
[4.666s] -- Up-to-date: /home/harry/robot/install/turtlesim/include/turtlesim/turtlesim/msg/detail/color__traits.hpp
[4.666s] -- Up-to-date: /home/harry/robot/install/turtlesim/include/turtlesim/turtlesim/msg/detail/pose__builder.hpp
[4.666s] -- Up-to-date: /home/harry/robot/install/turtlesim/include/turtlesim/turtlesim/action
[4.667s] -- Up-to-date: /home/harry/robot/install/turtlesim/include/turtlesim/turtlesim/action/rotate_absolute.hpp
[4.672s] -- Up-to-date: /home/harry/robot/install/turtlesim/include/turtlesim/turtlesim/action/detail
[4.672s] -- Up-to-date: /home/harry/robot/install/turtlesim/include/turtlesim/turtlesim/action/detail/rotate_absolute__struct.hpp
[4.677s] -- Up-to-date: /home/harry/robot/install/turtlesim/include/turtlesim/turtlesim/action/detail/rotate_absolute__traits.hpp
[4.678s] -- Up-to-date: /home/harry/robot/install/turtlesim/include/turtlesim/turtlesim/action/detail/rotate_absolute__builder.hpp
[4.679s] -- Up-to-date: /home/harry/robot/install/turtlesim/include/turtlesim/turtlesim/action/detail/rotate_absolute__type_support.hpp
[4.683s] -- Up-to-date: /home/harry/robot/install/turtlesim/include/turtlesim/turtlesim
[4.685s] -- Up-to-date: /home/harry/robot/install/turtlesim/include/turtlesim/turtlesim/srv
[4.686s] -- Up-to-date: /home/harry/robot/install/turtlesim/include/turtlesim/turtlesim/srv/detail
[4.686s] -- Up-to-date: /home/harry/robot/install/turtlesim/include/turtlesim/turtlesim/srv/detail/spawn__rosidl_typesupport_fastrtps_cpp.hpp
[4.687s] -- Up-to-date: /home/harry/robot/install/turtlesim/include/turtlesim/turtlesim/srv/detail/dds_fastrtps
[4.688s] -- Up-to-date: /home/harry/robot/install/turtlesim/include/turtlesim/turtlesim/srv/detail/teleport_absolute__rosidl_typesupport_fastrtps_cpp.hpp
[4.688s] -- Up-to-date: /home/harry/robot/install/turtlesim/include/turtlesim/turtlesim/srv/detail/kill__rosidl_typesupport_fastrtps_cpp.hpp
[4.689s] -- Up-to-date: /home/harry/robot/install/turtlesim/include/turtlesim/turtlesim/srv/detail/teleport_relative__rosidl_typesupport_fastrtps_cpp.hpp
[4.713s] -- Up-to-date: /home/harry/robot/install/turtlesim/include/turtlesim/turtlesim/srv/detail/set_pen__rosidl_typesupport_fastrtps_cpp.hpp
[4.725s] -- Up-to-date: /home/harry/robot/install/turtlesim/include/turtlesim/turtlesim/msg
[4.726s] -- Up-to-date: /home/harry/robot/install/turtlesim/include/turtlesim/turtlesim/msg/rosidl_typesupport_fastrtps_cpp__visibility_control.h
[4.727s] -- Up-to-date: /home/harry/robot/install/turtlesim/include/turtlesim/turtlesim/msg/detail
[4.727s] -- Up-to-date: /home/harry/robot/install/turtlesim/include/turtlesim/turtlesim/msg/detail/dds_fastrtps
[4.735s] -- Up-to-date: /home/harry/robot/install/turtlesim/include/turtlesim/turtlesim/msg/detail/pose__rosidl_typesupport_fastrtps_cpp.hpp
[4.739s] -- Up-to-date: /home/harry/robot/install/turtlesim/include/turtlesim/turtlesim/msg/detail/color__rosidl_typesupport_fastrtps_cpp.hpp
[4.740s] -- Up-to-date: /home/harry/robot/install/turtlesim/include/turtlesim/turtlesim/action
[4.741s] -- Up-to-date: /home/harry/robot/install/turtlesim/include/turtlesim/turtlesim/action/detail
[4.741s] -- Up-to-date: /home/harry/robot/install/turtlesim/include/turtlesim/turtlesim/action/detail/dds_fastrtps
[4.746s] -- Up-to-date: /home/harry/robot/install/turtlesim/include/turtlesim/turtlesim/action/detail/rotate_absolute__rosidl_typesupport_fastrtps_cpp.hpp
[4.755s] -- Up-to-date: /home/harry/robot/install/turtlesim/lib/libturtlesim__rosidl_typesupport_fastrtps_cpp.so
[4.773s] -- Up-to-date: /home/harry/robot/install/turtlesim/include/turtlesim/turtlesim
[4.775s] -- Up-to-date: /home/harry/robot/install/turtlesim/include/turtlesim/turtlesim/srv
[4.776s] -- Up-to-date: /home/harry/robot/install/turtlesim/include/turtlesim/turtlesim/srv/detail
[4.778s] -- Up-to-date: /home/harry/robot/install/turtlesim/include/turtlesim/turtlesim/srv/detail/teleport_relative__rosidl_typesupport_introspection_c.h
[4.779s] -- Up-to-date: /home/harry/robot/install/turtlesim/include/turtlesim/turtlesim/srv/detail/kill__type_support.c
[4.780s] -- Up-to-date: /home/harry/robot/install/turtlesim/include/turtlesim/turtlesim/srv/detail/teleport_absolute__rosidl_typesupport_introspection_c.h
[4.783s] -- Up-to-date: /home/harry/robot/install/turtlesim/include/turtlesim/turtlesim/srv/detail/spawn__type_support.c
[4.784s] -- Up-to-date: /home/harry/robot/install/turtlesim/include/turtlesim/turtlesim/srv/detail/teleport_absolute__type_support.c
[4.784s] -- Up-to-date: /home/harry/robot/install/turtlesim/include/turtlesim/turtlesim/srv/detail/spawn__rosidl_typesupport_introspection_c.h
[4.784s] -- Up-to-date: /home/harry/robot/install/turtlesim/include/turtlesim/turtlesim/srv/detail/set_pen__type_support.c
[4.784s] -- Up-to-date: /home/harry/robot/install/turtlesim/include/turtlesim/turtlesim/srv/detail/kill__rosidl_typesupport_introspection_c.h
[4.784s] -- Up-to-date: /home/harry/robot/install/turtlesim/include/turtlesim/turtlesim/srv/detail/set_pen__rosidl_typesupport_introspection_c.h
[4.784s] -- Up-to-date: /home/harry/robot/install/turtlesim/include/turtlesim/turtlesim/srv/detail/teleport_relative__type_support.c
[4.785s] -- Up-to-date: /home/harry/robot/install/turtlesim/include/turtlesim/turtlesim/msg
[4.785s] -- Up-to-date: /home/harry/robot/install/turtlesim/include/turtlesim/turtlesim/msg/rosidl_typesupport_introspection_c__visibility_control.h
[4.793s] -- Up-to-date: /home/harry/robot/install/turtlesim/include/turtlesim/turtlesim/msg/detail
[4.797s] -- Up-to-date: /home/harry/robot/install/turtlesim/include/turtlesim/turtlesim/msg/detail/pose__rosidl_typesupport_introspection_c.h
[4.798s] -- Up-to-date: /home/harry/robot/install/turtlesim/include/turtlesim/turtlesim/msg/detail/pose__type_support.c
[4.798s] -- Up-to-date: /home/harry/robot/install/turtlesim/include/turtlesim/turtlesim/msg/detail/color__type_support.c
[4.798s] -- Up-to-date: /home/harry/robot/install/turtlesim/include/turtlesim/turtlesim/msg/detail/color__rosidl_typesupport_introspection_c.h
[4.799s] -- Up-to-date: /home/harry/robot/install/turtlesim/include/turtlesim/turtlesim/action
[4.800s] -- Up-to-date: /home/harry/robot/install/turtlesim/include/turtlesim/turtlesim/action/detail
[4.803s] -- Up-to-date: /home/harry/robot/install/turtlesim/include/turtlesim/turtlesim/action/detail/rotate_absolute__type_support.c
[4.804s] -- Up-to-date: /home/harry/robot/install/turtlesim/include/turtlesim/turtlesim/action/detail/rotate_absolute__rosidl_typesupport_introspection_c.h
[4.805s] -- Up-to-date: /home/harry/robot/install/turtlesim/lib/libturtlesim__rosidl_typesupport_introspection_c.so
[4.807s] -- Up-to-date: /home/harry/robot/install/turtlesim/lib/libturtlesim__rosidl_typesupport_c.so
[4.810s] -- Up-to-date: /home/harry/robot/install/turtlesim/include/turtlesim/turtlesim
[4.810s] -- Up-to-date: /home/harry/robot/install/turtlesim/include/turtlesim/turtlesim/srv
[4.810s] -- Up-to-date: /home/harry/robot/install/turtlesim/include/turtlesim/turtlesim/srv/detail
[4.811s] -- Up-to-date: /home/harry/robot/install/turtlesim/include/turtlesim/turtlesim/srv/detail/kill__rosidl_typesupport_introspection_cpp.hpp
[4.811s] -- Up-to-date: /home/harry/robot/install/turtlesim/include/turtlesim/turtlesim/srv/detail/set_pen__type_support.cpp
[4.811s] -- Up-to-date: /home/harry/robot/install/turtlesim/include/turtlesim/turtlesim/srv/detail/spawn__type_support.cpp
[4.811s] -- Up-to-date: /home/harry/robot/install/turtlesim/include/turtlesim/turtlesim/srv/detail/teleport_absolute__type_support.cpp
[4.811s] -- Up-to-date: /home/harry/robot/install/turtlesim/include/turtlesim/turtlesim/srv/detail/teleport_absolute__rosidl_typesupport_introspection_cpp.hpp
[4.811s] -- Up-to-date: /home/harry/robot/install/turtlesim/include/turtlesim/turtlesim/srv/detail/set_pen__rosidl_typesupport_introspection_cpp.hpp
[4.811s] -- Up-to-date: /home/harry/robot/install/turtlesim/include/turtlesim/turtlesim/srv/detail/kill__type_support.cpp
[4.812s] -- Up-to-date: /home/harry/robot/install/turtlesim/include/turtlesim/turtlesim/srv/detail/teleport_relative__rosidl_typesupport_introspection_cpp.hpp
[4.812s] -- Up-to-date: /home/harry/robot/install/turtlesim/include/turtlesim/turtlesim/srv/detail/spawn__rosidl_typesupport_introspection_cpp.hpp
[4.812s] -- Up-to-date: /home/harry/robot/install/turtlesim/include/turtlesim/turtlesim/srv/detail/teleport_relative__type_support.cpp
[4.812s] -- Up-to-date: /home/harry/robot/install/turtlesim/include/turtlesim/turtlesim/msg
[4.812s] -- Up-to-date: /home/harry/robot/install/turtlesim/include/turtlesim/turtlesim/msg/detail
[4.812s] -- Up-to-date: /home/harry/robot/install/turtlesim/include/turtlesim/turtlesim/msg/detail/pose__type_support.cpp
[4.812s] -- Up-to-date: /home/harry/robot/install/turtlesim/include/turtlesim/turtlesim/msg/detail/color__rosidl_typesupport_introspection_cpp.hpp
[4.813s] -- Up-to-date: /home/harry/robot/install/turtlesim/include/turtlesim/turtlesim/msg/detail/pose__rosidl_typesupport_introspection_cpp.hpp
[4.813s] -- Up-to-date: /home/harry/robot/install/turtlesim/include/turtlesim/turtlesim/msg/detail/color__type_support.cpp
[4.813s] -- Up-to-date: /home/harry/robot/install/turtlesim/include/turtlesim/turtlesim/action
[4.814s] -- Up-to-date: /home/harry/robot/install/turtlesim/include/turtlesim/turtlesim/action/detail
[4.814s] -- Up-to-date: /home/harry/robot/install/turtlesim/include/turtlesim/turtlesim/action/detail/rotate_absolute__type_support.cpp
[4.814s] -- Up-to-date: /home/harry/robot/install/turtlesim/include/turtlesim/turtlesim/action/detail/rotate_absolute__rosidl_typesupport_introspection_cpp.hpp
[4.814s] -- Up-to-date: /home/harry/robot/install/turtlesim/lib/libturtlesim__rosidl_typesupport_introspection_cpp.so
[4.814s] -- Up-to-date: /home/harry/robot/install/turtlesim/lib/libturtlesim__rosidl_typesupport_cpp.so
[4.814s] -- Up-to-date: /home/harry/robot/install/turtlesim/share/turtlesim/environment/pythonpath.sh
[4.814s] -- Up-to-date: /home/harry/robot/install/turtlesim/share/turtlesim/environment/pythonpath.dsv
[4.815s] -- Up-to-date: /home/harry/robot/install/turtlesim/local/lib/python3.10/dist-packages/turtlesim-1.4.3-py3.10.egg-info
[4.815s] -- Installing: /home/harry/robot/install/turtlesim/local/lib/python3.10/dist-packages/turtlesim-1.4.3-py3.10.egg-info/dependency_links.txt
[4.815s] -- Installing: /home/harry/robot/install/turtlesim/local/lib/python3.10/dist-packages/turtlesim-1.4.3-py3.10.egg-info/PKG-INFO
[4.815s] -- Installing: /home/harry/robot/install/turtlesim/local/lib/python3.10/dist-packages/turtlesim-1.4.3-py3.10.egg-info/top_level.txt
[4.815s] -- Installing: /home/harry/robot/install/turtlesim/local/lib/python3.10/dist-packages/turtlesim-1.4.3-py3.10.egg-info/SOURCES.txt
[4.815s] -- Up-to-date: /home/harry/robot/install/turtlesim/local/lib/python3.10/dist-packages/turtlesim
[4.815s] -- Up-to-date: /home/harry/robot/install/turtlesim/local/lib/python3.10/dist-packages/turtlesim/turtlesim_s__rosidl_typesupport_fastrtps_c.cpython-310-x86_64-linux-gnu.so
[4.816s] -- Up-to-date: /home/harry/robot/install/turtlesim/local/lib/python3.10/dist-packages/turtlesim/_turtlesim_s.ep.rosidl_typesupport_fastrtps_c.c
[4.816s] -- Up-to-date: /home/harry/robot/install/turtlesim/local/lib/python3.10/dist-packages/turtlesim/srv
[4.816s] -- Up-to-date: /home/harry/robot/install/turtlesim/local/lib/python3.10/dist-packages/turtlesim/srv/_teleport_absolute.py
[4.816s] -- Up-to-date: /home/harry/robot/install/turtlesim/local/lib/python3.10/dist-packages/turtlesim/srv/_teleport_absolute_s.c
[4.816s] -- Up-to-date: /home/harry/robot/install/turtlesim/local/lib/python3.10/dist-packages/turtlesim/srv/_set_pen_s.c
[4.816s] -- Up-to-date: /home/harry/robot/install/turtlesim/local/lib/python3.10/dist-packages/turtlesim/srv/_spawn.py
[4.816s] -- Up-to-date: /home/harry/robot/install/turtlesim/local/lib/python3.10/dist-packages/turtlesim/srv/__init__.py
[4.816s] -- Up-to-date: /home/harry/robot/install/turtlesim/local/lib/python3.10/dist-packages/turtlesim/srv/_kill.py
[4.817s] -- Up-to-date: /home/harry/robot/install/turtlesim/local/lib/python3.10/dist-packages/turtlesim/srv/_spawn_s.c
[4.817s] -- Up-to-date: /home/harry/robot/install/turtlesim/local/lib/python3.10/dist-packages/turtlesim/srv/_set_pen.py
[4.817s] -- Up-to-date: /home/harry/robot/install/turtlesim/local/lib/python3.10/dist-packages/turtlesim/srv/_teleport_relative.py
[4.817s] -- Up-to-date: /home/harry/robot/install/turtlesim/local/lib/python3.10/dist-packages/turtlesim/srv/_teleport_relative_s.c
[4.817s] -- Up-to-date: /home/harry/robot/install/turtlesim/local/lib/python3.10/dist-packages/turtlesim/srv/_kill_s.c
[4.817s] -- Up-to-date: /home/harry/robot/install/turtlesim/local/lib/python3.10/dist-packages/turtlesim/__init__.py
[4.817s] -- Up-to-date: /home/harry/robot/install/turtlesim/local/lib/python3.10/dist-packages/turtlesim/msg
[4.818s] -- Up-to-date: /home/harry/robot/install/turtlesim/local/lib/python3.10/dist-packages/turtlesim/msg/_color_s.c
[4.818s] -- Up-to-date: /home/harry/robot/install/turtlesim/local/lib/python3.10/dist-packages/turtlesim/msg/_pose.py
[4.818s] -- Up-to-date: /home/harry/robot/install/turtlesim/local/lib/python3.10/dist-packages/turtlesim/msg/__init__.py
[4.820s] -- Up-to-date: /home/harry/robot/install/turtlesim/local/lib/python3.10/dist-packages/turtlesim/msg/_color.py
[4.820s] -- Up-to-date: /home/harry/robot/install/turtlesim/local/lib/python3.10/dist-packages/turtlesim/msg/_pose_s.c
[4.820s] -- Up-to-date: /home/harry/robot/install/turtlesim/local/lib/python3.10/dist-packages/turtlesim/_turtlesim_s.ep.rosidl_typesupport_introspection_c.c
[4.820s] -- Up-to-date: /home/harry/robot/install/turtlesim/local/lib/python3.10/dist-packages/turtlesim/_turtlesim_s.ep.rosidl_typesupport_c.c
[4.821s] -- Up-to-date: /home/harry/robot/install/turtlesim/local/lib/python3.10/dist-packages/turtlesim/turtlesim_s__rosidl_typesupport_c.cpython-310-x86_64-linux-gnu.so
[4.821s] -- Up-to-date: /home/harry/robot/install/turtlesim/local/lib/python3.10/dist-packages/turtlesim/action
[4.821s] -- Up-to-date: /home/harry/robot/install/turtlesim/local/lib/python3.10/dist-packages/turtlesim/action/__init__.py
[4.824s] -- Up-to-date: /home/harry/robot/install/turtlesim/local/lib/python3.10/dist-packages/turtlesim/action/_rotate_absolute_s.c
[4.825s] -- Up-to-date: /home/harry/robot/install/turtlesim/local/lib/python3.10/dist-packages/turtlesim/action/_rotate_absolute.py
[4.825s] -- Up-to-date: /home/harry/robot/install/turtlesim/local/lib/python3.10/dist-packages/turtlesim/libturtlesim__rosidl_generator_py.so
[4.825s] -- Up-to-date: /home/harry/robot/install/turtlesim/local/lib/python3.10/dist-packages/turtlesim/turtlesim_s__rosidl_typesupport_introspection_c.cpython-310-x86_64-linux-gnu.so
[5.106s] Listing '/home/harry/robot/install/turtlesim/local/lib/python3.10/dist-packages/turtlesim'...
[5.107s] Listing '/home/harry/robot/install/turtlesim/local/lib/python3.10/dist-packages/turtlesim/action'...
[5.107s] Listing '/home/harry/robot/install/turtlesim/local/lib/python3.10/dist-packages/turtlesim/msg'...
[5.107s] Listing '/home/harry/robot/install/turtlesim/local/lib/python3.10/dist-packages/turtlesim/srv'...
[5.178s] -- Up-to-date: /home/harry/robot/install/turtlesim/local/lib/python3.10/dist-packages/turtlesim/turtlesim_s__rosidl_typesupport_fastrtps_c.cpython-310-x86_64-linux-gnu.so
[5.182s] -- Up-to-date: /home/harry/robot/install/turtlesim/local/lib/python3.10/dist-packages/turtlesim/turtlesim_s__rosidl_typesupport_introspection_c.cpython-310-x86_64-linux-gnu.so
[5.188s] -- Up-to-date: /home/harry/robot/install/turtlesim/local/lib/python3.10/dist-packages/turtlesim/turtlesim_s__rosidl_typesupport_c.cpython-310-x86_64-linux-gnu.so
[5.193s] -- Up-to-date: /home/harry/robot/install/turtlesim/lib/libturtlesim__rosidl_generator_py.so
[5.196s] -- Up-to-date: /home/harry/robot/install/turtlesim/share/turtlesim/action/RotateAbsolute.idl
[5.196s] -- Up-to-date: /home/harry/robot/install/turtlesim/share/turtlesim/msg/Color.idl
[5.197s] -- Up-to-date: /home/harry/robot/install/turtlesim/share/turtlesim/msg/Pose.idl
[5.200s] -- Up-to-date: /home/harry/robot/install/turtlesim/share/turtlesim/srv/Kill.idl
[5.200s] -- Up-to-date: /home/harry/robot/install/turtlesim/share/turtlesim/srv/SetPen.idl
[5.200s] -- Up-to-date: /home/harry/robot/install/turtlesim/share/turtlesim/srv/Spawn.idl
[5.200s] -- Up-to-date: /home/harry/robot/install/turtlesim/share/turtlesim/srv/TeleportAbsolute.idl
[5.202s] -- Up-to-date: /home/harry/robot/install/turtlesim/share/turtlesim/srv/TeleportRelative.idl
[5.204s] -- Up-to-date: /home/harry/robot/install/turtlesim/share/turtlesim/action/RotateAbsolute.action
[5.204s] -- Up-to-date: /home/harry/robot/install/turtlesim/share/turtlesim/msg/Color.msg
[5.204s] -- Up-to-date: /home/harry/robot/install/turtlesim/share/turtlesim/msg/Pose.msg
[5.205s] -- Up-to-date: /home/harry/robot/install/turtlesim/share/turtlesim/srv/Kill.srv
[5.207s] -- Up-to-date: /home/harry/robot/install/turtlesim/share/turtlesim/srv/Kill_Request.msg
[5.207s] -- Up-to-date: /home/harry/robot/install/turtlesim/share/turtlesim/srv/Kill_Response.msg
[5.208s] -- Up-to-date: /home/harry/robot/install/turtlesim/share/turtlesim/srv/SetPen.srv
[5.208s] -- Up-to-date: /home/harry/robot/install/turtlesim/share/turtlesim/srv/SetPen_Request.msg
[5.208s] -- Up-to-date: /home/harry/robot/install/turtlesim/share/turtlesim/srv/SetPen_Response.msg
[5.209s] -- Up-to-date: /home/harry/robot/install/turtlesim/share/turtlesim/srv/Spawn.srv
[5.210s] -- Up-to-date: /home/harry/robot/install/turtlesim/share/turtlesim/srv/Spawn_Request.msg
[5.210s] -- Up-to-date: /home/harry/robot/install/turtlesim/share/turtlesim/srv/Spawn_Response.msg
[5.210s] -- Up-to-date: /home/harry/robot/install/turtlesim/share/turtlesim/srv/TeleportAbsolute.srv
[5.210s] -- Up-to-date: /home/harry/robot/install/turtlesim/share/turtlesim/srv/TeleportAbsolute_Request.msg
[5.210s] -- Up-to-date: /home/harry/robot/install/turtlesim/share/turtlesim/srv/TeleportAbsolute_Response.msg
[5.210s] -- Up-to-date: /home/harry/robot/install/turtlesim/share/turtlesim/srv/TeleportRelative.srv
[5.211s] -- Up-to-date: /home/harry/robot/install/turtlesim/share/turtlesim/srv/TeleportRelative_Request.msg
[5.211s] -- Up-to-date: /home/harry/robot/install/turtlesim/share/turtlesim/srv/TeleportRelative_Response.msg
[5.214s] -- Up-to-date: /home/harry/robot/install/turtlesim/lib/turtlesim/turtlesim_node
[5.217s] -- Up-to-date: /home/harry/robot/install/turtlesim/lib/turtlesim/turtle_teleop_key
[5.222s] -- Up-to-date: /home/harry/robot/install/turtlesim/lib/turtlesim/draw_square
[5.226s] -- Up-to-date: /home/harry/robot/install/turtlesim/lib/turtlesim/mimic
[5.227s] -- Up-to-date: /home/harry/robot/install/turtlesim/share/turtlesim/images
[5.231s] -- Up-to-date: /home/harry/robot/install/turtlesim/share/turtlesim/images/rolling.png
[5.231s] -- Up-to-date: /home/harry/robot/install/turtlesim/share/turtlesim/images/crystal.png
[5.232s] -- Up-to-date: /home/harry/robot/install/turtlesim/share/turtlesim/images/bouncy.png
[5.232s] -- Up-to-date: /home/harry/robot/install/turtlesim/share/turtlesim/images/dashing.png
[5.232s] -- Up-to-date: /home/harry/robot/install/turtlesim/share/turtlesim/images/galactic.png
[5.232s] -- Up-to-date: /home/harry/robot/install/turtlesim/share/turtlesim/images/eloquent.png
[5.232s] -- Up-to-date: /home/harry/robot/install/turtlesim/share/turtlesim/images/foxy.png
[5.232s] -- Up-to-date: /home/harry/robot/install/turtlesim/share/turtlesim/images/ardent.png
[5.232s] -- Up-to-date: /home/harry/robot/install/turtlesim/share/turtlesim/images/humble.png
[5.232s] -- Up-to-date: /home/harry/robot/install/turtlesim/share/turtlesim/launch
[5.236s] -- Up-to-date: /home/harry/robot/install/turtlesim/share/turtlesim/launch/multisim.launch.py
[5.236s] -- Up-to-date: /home/harry/robot/install/turtlesim/share/ament_index/resource_index/package_run_dependencies/turtlesim
[5.237s] -- Up-to-date: /home/harry/robot/install/turtlesim/share/ament_index/resource_index/parent_prefix_path/turtlesim
[5.237s] -- Up-to-date: /home/harry/robot/install/turtlesim/share/turtlesim/environment/ament_prefix_path.sh
[5.237s] -- Up-to-date: /home/harry/robot/install/turtlesim/share/turtlesim/environment/ament_prefix_path.dsv
[5.237s] -- Up-to-date: /home/harry/robot/install/turtlesim/share/turtlesim/environment/path.sh
[5.238s] -- Up-to-date: /home/harry/robot/install/turtlesim/share/turtlesim/environment/path.dsv
[5.238s] -- Up-to-date: /home/harry/robot/install/turtlesim/share/turtlesim/local_setup.bash
[5.238s] -- Up-to-date: /home/harry/robot/install/turtlesim/share/turtlesim/local_setup.sh
[5.238s] -- Up-to-date: /home/harry/robot/install/turtlesim/share/turtlesim/local_setup.zsh
[5.239s] -- Up-to-date: /home/harry/robot/install/turtlesim/share/turtlesim/local_setup.dsv
[5.239s] -- Installing: /home/harry/robot/install/turtlesim/share/turtlesim/package.dsv
[5.240s] -- Up-to-date: /home/harry/robot/install/turtlesim/share/ament_index/resource_index/packages/turtlesim
[5.252s] -- Up-to-date: /home/harry/robot/install/turtlesim/share/turtlesim/cmake/export_turtlesim__rosidl_generator_cExport.cmake
[5.253s] -- Up-to-date: /home/harry/robot/install/turtlesim/share/turtlesim/cmake/export_turtlesim__rosidl_generator_cExport-noconfig.cmake
[5.254s] -- Up-to-date: /home/harry/robot/install/turtlesim/share/turtlesim/cmake/export_turtlesim__rosidl_typesupport_fastrtps_cExport.cmake
[5.254s] -- Up-to-date: /home/harry/robot/install/turtlesim/share/turtlesim/cmake/export_turtlesim__rosidl_typesupport_fastrtps_cExport-noconfig.cmake
[5.255s] -- Up-to-date: /home/harry/robot/install/turtlesim/share/turtlesim/cmake/export_turtlesim__rosidl_generator_cppExport.cmake
[5.258s] -- Up-to-date: /home/harry/robot/install/turtlesim/share/turtlesim/cmake/export_turtlesim__rosidl_typesupport_fastrtps_cppExport.cmake
[5.259s] -- Up-to-date: /home/harry/robot/install/turtlesim/share/turtlesim/cmake/export_turtlesim__rosidl_typesupport_fastrtps_cppExport-noconfig.cmake
[5.260s] -- Up-to-date: /home/harry/robot/install/turtlesim/share/turtlesim/cmake/turtlesim__rosidl_typesupport_introspection_cExport.cmake
[5.262s] -- Up-to-date: /home/harry/robot/install/turtlesim/share/turtlesim/cmake/turtlesim__rosidl_typesupport_introspection_cExport-noconfig.cmake
[5.266s] -- Up-to-date: /home/harry/robot/install/turtlesim/share/turtlesim/cmake/turtlesim__rosidl_typesupport_cExport.cmake
[5.266s] -- Up-to-date: /home/harry/robot/install/turtlesim/share/turtlesim/cmake/turtlesim__rosidl_typesupport_cExport-noconfig.cmake
[5.269s] -- Up-to-date: /home/harry/robot/install/turtlesim/share/turtlesim/cmake/turtlesim__rosidl_typesupport_introspection_cppExport.cmake
[5.269s] -- Up-to-date: /home/harry/robot/install/turtlesim/share/turtlesim/cmake/turtlesim__rosidl_typesupport_introspection_cppExport-noconfig.cmake
[5.271s] -- Up-to-date: /home/harry/robot/install/turtlesim/share/turtlesim/cmake/turtlesim__rosidl_typesupport_cppExport.cmake
[5.271s] -- Up-to-date: /home/harry/robot/install/turtlesim/share/turtlesim/cmake/turtlesim__rosidl_typesupport_cppExport-noconfig.cmake
[5.273s] -- Up-to-date: /home/harry/robot/install/turtlesim/share/turtlesim/cmake/export_turtlesim__rosidl_generator_pyExport.cmake
[5.273s] -- Up-to-date: /home/harry/robot/install/turtlesim/share/turtlesim/cmake/export_turtlesim__rosidl_generator_pyExport-noconfig.cmake
[5.273s] -- Up-to-date: /home/harry/robot/install/turtlesim/share/turtlesim/cmake/rosidl_cmake-extras.cmake
[5.274s] -- Up-to-date: /home/harry/robot/install/turtlesim/share/turtlesim/cmake/ament_cmake_export_dependencies-extras.cmake
[5.274s] -- Up-to-date: /home/harry/robot/install/turtlesim/share/turtlesim/cmake/ament_cmake_export_include_directories-extras.cmake
[5.275s] -- Up-to-date: /home/harry/robot/install/turtlesim/share/turtlesim/cmake/ament_cmake_export_libraries-extras.cmake
[5.275s] -- Up-to-date: /home/harry/robot/install/turtlesim/share/turtlesim/cmake/ament_cmake_export_targets-extras.cmake
[5.276s] -- Up-to-date: /home/harry/robot/install/turtlesim/share/turtlesim/cmake/rosidl_cmake_export_typesupport_targets-extras.cmake
[5.276s] -- Up-to-date: /home/harry/robot/install/turtlesim/share/turtlesim/cmake/rosidl_cmake_export_typesupport_libraries-extras.cmake
[5.276s] -- Up-to-date: /home/harry/robot/install/turtlesim/share/turtlesim/cmake/turtlesimConfig.cmake
[5.276s] -- Up-to-date: /home/harry/robot/install/turtlesim/share/turtlesim/cmake/turtlesimConfig-version.cmake
[5.277s] -- Up-to-date: /home/harry/robot/install/turtlesim/share/turtlesim/package.xml
[5.285s] Invoked command in '/home/harry/robot/build/turtlesim' returned '0': CMAKE_PREFIX_PATH=${CMAKE_PREFIX_PATH}:/home/harry/robot_ws/install/my_first_package:/home/harry/robot/install/my_first_package:/home/harry/install/my_first_package:/opt/ros/humble /usr/bin/cmake --install /home/harry/robot/build/turtlesim
