[0.933s] Invoking command in '/home/harry/robot/src/teleop': PYTHONPATH=/home/harry/robot/build/teleop/prefix_override:/usr/lib/python3/dist-packages/colcon_core/task/python/colcon_distutils_commands:/home/harry/robot/install/teleop/lib/python3.10/site-packages:${PYTHONPATH} /usr/bin/python3 -W ignore:setup.py install is deprecated -W ignore:easy_install command is deprecated setup.py egg_info --egg-base ../../build/teleop build --build-base /home/harry/robot/build/teleop/build install --record /home/harry/robot/build/teleop/install.log --single-version-externally-managed install_data
[1.215s] running egg_info
[1.215s] writing ../../build/teleop/teleop.egg-info/PKG-INFO
[1.217s] writing dependency_links to ../../build/teleop/teleop.egg-info/dependency_links.txt
[1.217s] writing entry points to ../../build/teleop/teleop.egg-info/entry_points.txt
[1.217s] writing requirements to ../../build/teleop/teleop.egg-info/requires.txt
[1.217s] writing top-level names to ../../build/teleop/teleop.egg-info/top_level.txt
[1.219s] reading manifest file '../../build/teleop/teleop.egg-info/SOURCES.txt'
[1.220s] writing manifest file '../../build/teleop/teleop.egg-info/SOURCES.txt'
[1.220s] running build
[1.220s] running build_py
[1.220s] running install
[1.221s] running install_lib
[1.222s] running install_data
[1.222s] running install_egg_info
[1.224s] removing '/home/harry/robot/install/teleop/lib/python3.10/site-packages/teleop-0.0.0-py3.10.egg-info' (and everything under it)
[1.225s] Copying ../../build/teleop/teleop.egg-info to /home/harry/robot/install/teleop/lib/python3.10/site-packages/teleop-0.0.0-py3.10.egg-info
[1.226s] running install_scripts
[1.251s] Installing teleop_node script to /home/harry/robot/install/teleop/lib/teleop
[1.252s] writing list of installed files to '/home/harry/robot/build/teleop/install.log'
[1.277s] Invoked command in '/home/harry/robot/src/teleop' returned '0': PYTHONPATH=/home/harry/robot/build/teleop/prefix_override:/usr/lib/python3/dist-packages/colcon_core/task/python/colcon_distutils_commands:/home/harry/robot/install/teleop/lib/python3.10/site-packages:${PYTHONPATH} /usr/bin/python3 -W ignore:setup.py install is deprecated -W ignore:easy_install command is deprecated setup.py egg_info --egg-base ../../build/teleop build --build-base /home/harry/robot/build/teleop/build install --record /home/harry/robot/build/teleop/install.log --single-version-externally-managed install_data
