[2.239s] Invoking command in '/home/harry/robot/src/my_first_package': CMAKE_PREFIX_PATH=/home/harry/robot/install/test_package:/home/harry/robot/install/turtlesim:/home/harry/install/turtlesim:/home/harry/install/test_package PYTHONPATH=/home/harry/robot/build/my_first_package/prefix_override:/usr/lib/python3/dist-packages/colcon_core/task/python/colcon_distutils_commands:/home/harry/robot/install/my_first_package/lib/python3.10/site-packages:${PYTHONPATH} /usr/bin/python3 -W ignore:setup.py install is deprecated -W ignore:easy_install command is deprecated setup.py egg_info --egg-base ../../build/my_first_package build --build-base /home/harry/robot/build/my_first_package/build install --record /home/harry/robot/build/my_first_package/install.log --single-version-externally-managed install_data
[3.650s] running egg_info
[3.652s] writing ../../build/my_first_package/my_first_package.egg-info/PKG-INFO
[3.655s] writing dependency_links to ../../build/my_first_package/my_first_package.egg-info/dependency_links.txt
[3.655s] writing entry points to ../../build/my_first_package/my_first_package.egg-info/entry_points.txt
[3.657s] writing requirements to ../../build/my_first_package/my_first_package.egg-info/requires.txt
[3.657s] writing top-level names to ../../build/my_first_package/my_first_package.egg-info/top_level.txt
[3.662s] reading manifest file '../../build/my_first_package/my_first_package.egg-info/SOURCES.txt'
[3.664s] writing manifest file '../../build/my_first_package/my_first_package.egg-info/SOURCES.txt'
[3.665s] running build
[3.665s] running build_py
[3.667s] running install
[3.667s] running install_lib
[3.669s] running install_data
[3.670s] running install_egg_info
[3.675s] removing '/home/harry/robot/install/my_first_package/lib/python3.10/site-packages/my_first_package-0.0.0-py3.10.egg-info' (and everything under it)
[3.675s] Copying ../../build/my_first_package/my_first_package.egg-info to /home/harry/robot/install/my_first_package/lib/python3.10/site-packages/my_first_package-0.0.0-py3.10.egg-info
[3.678s] running install_scripts
[3.721s] Installing emptynode script to /home/harry/robot/install/my_first_package/lib/my_first_package
[3.722s] writing list of installed files to '/home/harry/robot/build/my_first_package/install.log'
[3.776s] Invoked command in '/home/harry/robot/src/my_first_package' returned '0': CMAKE_PREFIX_PATH=/home/harry/robot/install/test_package:/home/harry/robot/install/turtlesim:/home/harry/install/turtlesim:/home/harry/install/test_package PYTHONPATH=/home/harry/robot/build/my_first_package/prefix_override:/usr/lib/python3/dist-packages/colcon_core/task/python/colcon_distutils_commands:/home/harry/robot/install/my_first_package/lib/python3.10/site-packages:${PYTHONPATH} /usr/bin/python3 -W ignore:setup.py install is deprecated -W ignore:easy_install command is deprecated setup.py egg_info --egg-base ../../build/my_first_package build --build-base /home/harry/robot/build/my_first_package/build install --record /home/harry/robot/build/my_first_package/install.log --single-version-externally-managed install_data
