[0.524s] Invoking command in '/home/rss/robot_harry/robotik/src/teleop': PYTHONPATH=/home/rss/robot_harry/robotik/build/teleop/prefix_override:/usr/lib/python3/dist-packages/colcon_core/task/python/colcon_distutils_commands:/home/rss/robot_harry/robotik/install/teleop/lib/python3.10/site-packages:${PYTHONPATH} /usr/bin/python3 -W ignore:setup.py install is deprecated -W ignore:easy_install command is deprecated setup.py egg_info --egg-base ../../build/teleop build --build-base /home/rss/robot_harry/robotik/build/teleop/build install --record /home/rss/robot_harry/robotik/build/teleop/install.log --single-version-externally-managed install_data
[0.688s] running egg_info
[0.689s] writing ../../build/teleop/teleop.egg-info/PKG-INFO
[0.689s] writing dependency_links to ../../build/teleop/teleop.egg-info/dependency_links.txt
[0.689s] writing entry points to ../../build/teleop/teleop.egg-info/entry_points.txt
[0.689s] writing requirements to ../../build/teleop/teleop.egg-info/requires.txt
[0.689s] writing top-level names to ../../build/teleop/teleop.egg-info/top_level.txt
[0.691s] reading manifest file '../../build/teleop/teleop.egg-info/SOURCES.txt'
[0.691s] writing manifest file '../../build/teleop/teleop.egg-info/SOURCES.txt'
[0.692s] running build
[0.692s] running build_py
[0.692s] running install
[0.692s] running install_lib
[0.693s] running install_data
[0.693s] copying launch/teleop_launch.launch.py -> /home/rss/robot_harry/robotik/install/teleop/share/teleop/launch
[0.693s] running install_egg_info
[0.696s] removing '/home/rss/robot_harry/robotik/install/teleop/lib/python3.10/site-packages/teleop-0.0.0-py3.10.egg-info' (and everything under it)
[0.696s] Copying ../../build/teleop/teleop.egg-info to /home/rss/robot_harry/robotik/install/teleop/lib/python3.10/site-packages/teleop-0.0.0-py3.10.egg-info
[0.696s] running install_scripts
[0.710s] Installing teleop_node script to /home/rss/robot_harry/robotik/install/teleop/lib/teleop
[0.710s] writing list of installed files to '/home/rss/robot_harry/robotik/build/teleop/install.log'
[0.724s] Invoked command in '/home/rss/robot_harry/robotik/src/teleop' returned '0': PYTHONPATH=/home/rss/robot_harry/robotik/build/teleop/prefix_override:/usr/lib/python3/dist-packages/colcon_core/task/python/colcon_distutils_commands:/home/rss/robot_harry/robotik/install/teleop/lib/python3.10/site-packages:${PYTHONPATH} /usr/bin/python3 -W ignore:setup.py install is deprecated -W ignore:easy_install command is deprecated setup.py egg_info --egg-base ../../build/teleop build --build-base /home/rss/robot_harry/robotik/build/teleop/build install --record /home/rss/robot_harry/robotik/build/teleop/install.log --single-version-externally-managed install_data
