[5.559s] Invoking command in '/home/harry/robot/src/my_first_package': CMAKE_PREFIX_PATH=/home/harry/robot/install/test_package:/home/harry/robot/install/turtlesim:/home/harry/robot/install/tb3_gazebo:/home/harry/robot/install/art_maze:/home/harry/robot/install/apriltag_ros:/home/harry/robot/install/apriltag_msgs:/home/harry/install/turtlesim:/home/harry/install/test_package PYTHONPATH=/home/harry/robot/build/my_first_package/prefix_override:/usr/lib/python3/dist-packages/colcon_core/task/python/colcon_distutils_commands:/home/harry/robot/install/my_first_package/lib/python3.10/site-packages:${PYTHONPATH} /usr/bin/python3 -W ignore:setup.py install is deprecated -W ignore:easy_install command is deprecated setup.py egg_info --egg-base ../../build/my_first_package build --build-base /home/harry/robot/build/my_first_package/build install --record /home/harry/robot/build/my_first_package/install.log --single-version-externally-managed install_data
[6.826s] running egg_info
[6.831s] writing ../../build/my_first_package/my_first_package.egg-info/PKG-INFO
[6.835s] writing dependency_links to ../../build/my_first_package/my_first_package.egg-info/dependency_links.txt
[6.835s] writing entry points to ../../build/my_first_package/my_first_package.egg-info/entry_points.txt
[6.843s] writing requirements to ../../build/my_first_package/my_first_package.egg-info/requires.txt
[6.845s] writing top-level names to ../../build/my_first_package/my_first_package.egg-info/top_level.txt
[6.855s] reading manifest file '../../build/my_first_package/my_first_package.egg-info/SOURCES.txt'
[6.862s] writing manifest file '../../build/my_first_package/my_first_package.egg-info/SOURCES.txt'
[6.863s] running build
[6.863s] running build_py
[6.868s] running install
[6.869s] running install_lib
[6.875s] running install_data
[6.878s] running install_egg_info
[6.893s] removing '/home/harry/robot/install/my_first_package/lib/python3.10/site-packages/my_first_package-0.0.0-py3.10.egg-info' (and everything under it)
[6.901s] Copying ../../build/my_first_package/my_first_package.egg-info to /home/harry/robot/install/my_first_package/lib/python3.10/site-packages/my_first_package-0.0.0-py3.10.egg-info
[6.911s] running install_scripts
[6.996s] Installing emptynode script to /home/harry/robot/install/my_first_package/lib/my_first_package
[6.998s] Installing parameternode script to /home/harry/robot/install/my_first_package/lib/my_first_package
[7.000s] writing list of installed files to '/home/harry/robot/build/my_first_package/install.log'
[7.107s] Invoked command in '/home/harry/robot/src/my_first_package' returned '0': CMAKE_PREFIX_PATH=/home/harry/robot/install/test_package:/home/harry/robot/install/turtlesim:/home/harry/robot/install/tb3_gazebo:/home/harry/robot/install/art_maze:/home/harry/robot/install/apriltag_ros:/home/harry/robot/install/apriltag_msgs:/home/harry/install/turtlesim:/home/harry/install/test_package PYTHONPATH=/home/harry/robot/build/my_first_package/prefix_override:/usr/lib/python3/dist-packages/colcon_core/task/python/colcon_distutils_commands:/home/harry/robot/install/my_first_package/lib/python3.10/site-packages:${PYTHONPATH} /usr/bin/python3 -W ignore:setup.py install is deprecated -W ignore:easy_install command is deprecated setup.py egg_info --egg-base ../../build/my_first_package build --build-base /home/harry/robot/build/my_first_package/build install --record /home/harry/robot/build/my_first_package/install.log --single-version-externally-managed install_data
