[1.827s] Invoking command in '/home/harry/robot/src/my_robot_navigation': PYTHONPATH=/home/harry/robot/build/my_robot_navigation/prefix_override:/usr/lib/python3/dist-packages/colcon_core/task/python/colcon_distutils_commands:/home/harry/robot/install/my_robot_navigation/lib/python3.10/site-packages:${PYTHONPATH} /usr/bin/python3 -W ignore:setup.py install is deprecated -W ignore:easy_install command is deprecated setup.py egg_info --egg-base ../../build/my_robot_navigation build --build-base /home/harry/robot/build/my_robot_navigation/build install --record /home/harry/robot/build/my_robot_navigation/install.log --single-version-externally-managed install_data
[2.466s] running egg_info
[2.467s] writing ../../build/my_robot_navigation/my_robot_navigation.egg-info/PKG-INFO
[2.471s] writing dependency_links to ../../build/my_robot_navigation/my_robot_navigation.egg-info/dependency_links.txt
[2.471s] writing entry points to ../../build/my_robot_navigation/my_robot_navigation.egg-info/entry_points.txt
[2.474s] writing requirements to ../../build/my_robot_navigation/my_robot_navigation.egg-info/requires.txt
[2.475s] writing top-level names to ../../build/my_robot_navigation/my_robot_navigation.egg-info/top_level.txt
[2.481s] reading manifest file '../../build/my_robot_navigation/my_robot_navigation.egg-info/SOURCES.txt'
[2.483s] writing manifest file '../../build/my_robot_navigation/my_robot_navigation.egg-info/SOURCES.txt'
[2.484s] running build
[2.484s] running build_py
[2.487s] copying my_robot_navigation/auto_explorer.py -> /home/harry/robot/build/my_robot_navigation/build/lib/my_robot_navigation
[2.488s] running install
[2.489s] running install_lib
[2.489s] copying /home/harry/robot/build/my_robot_navigation/build/lib/my_robot_navigation/auto_explorer.py -> /home/harry/robot/install/my_robot_navigation/lib/python3.10/site-packages/my_robot_navigation
[2.490s] byte-compiling /home/harry/robot/install/my_robot_navigation/lib/python3.10/site-packages/my_robot_navigation/auto_explorer.py to auto_explorer.cpython-310.pyc
[2.492s] running install_data
[2.492s] running install_egg_info
[2.497s] removing '/home/harry/robot/install/my_robot_navigation/lib/python3.10/site-packages/my_robot_navigation-0.0.0-py3.10.egg-info' (and everything under it)
[2.503s] Copying ../../build/my_robot_navigation/my_robot_navigation.egg-info to /home/harry/robot/install/my_robot_navigation/lib/python3.10/site-packages/my_robot_navigation-0.0.0-py3.10.egg-info
[2.503s] running install_scripts
[2.539s] Installing auto_explorer_node script to /home/harry/robot/install/my_robot_navigation/lib/my_robot_navigation
[2.541s] writing list of installed files to '/home/harry/robot/build/my_robot_navigation/install.log'
[2.590s] Invoked command in '/home/harry/robot/src/my_robot_navigation' returned '0': PYTHONPATH=/home/harry/robot/build/my_robot_navigation/prefix_override:/usr/lib/python3/dist-packages/colcon_core/task/python/colcon_distutils_commands:/home/harry/robot/install/my_robot_navigation/lib/python3.10/site-packages:${PYTHONPATH} /usr/bin/python3 -W ignore:setup.py install is deprecated -W ignore:easy_install command is deprecated setup.py egg_info --egg-base ../../build/my_robot_navigation build --build-base /home/harry/robot/build/my_robot_navigation/build install --record /home/harry/robot/build/my_robot_navigation/install.log --single-version-externally-managed install_data
