[3.877s] Invoking command in '/home/harry/robot/src/my_first_package': CMAKE_PREFIX_PATH=/home/harry/robot/install/test_package:/home/harry/robot_ws/install/turtlesim:/home/harry/robot_ws/install/test_package:/home/harry/robot/install/turtlesim:/home/harry/install/turtlesim:/home/harry/install/test_package PYTHONPATH=/home/harry/robot/build/my_first_package/prefix_override:/usr/lib/python3/dist-packages/colcon_core/task/python/colcon_distutils_commands:/home/harry/robot/install/my_first_package/lib/python3.10/site-packages:${PYTHONPATH} /usr/bin/python3 -W ignore:setup.py install is deprecated -W ignore:easy_install command is deprecated setup.py egg_info --egg-base ../../build/my_first_package build --build-base /home/harry/robot/build/my_first_package/build install --record /home/harry/robot/build/my_first_package/install.log --single-version-externally-managed install_data
[5.123s] running egg_info
[5.131s] writing ../../build/my_first_package/my_first_package.egg-info/PKG-INFO
[5.132s] writing dependency_links to ../../build/my_first_package/my_first_package.egg-info/dependency_links.txt
[5.136s] writing entry points to ../../build/my_first_package/my_first_package.egg-info/entry_points.txt
[5.136s] writing requirements to ../../build/my_first_package/my_first_package.egg-info/requires.txt
[5.136s] writing top-level names to ../../build/my_first_package/my_first_package.egg-info/top_level.txt
[5.143s] reading manifest file '../../build/my_first_package/my_first_package.egg-info/SOURCES.txt'
[5.144s] writing manifest file '../../build/my_first_package/my_first_package.egg-info/SOURCES.txt'
[5.144s] running build
[5.144s] running build_py
[5.150s] running install
[5.150s] running install_lib
[5.153s] running install_data
[5.154s] running install_egg_info
[5.160s] removing '/home/harry/robot/install/my_first_package/lib/python3.10/site-packages/my_first_package-0.0.0-py3.10.egg-info' (and everything under it)
[5.164s] Copying ../../build/my_first_package/my_first_package.egg-info to /home/harry/robot/install/my_first_package/lib/python3.10/site-packages/my_first_package-0.0.0-py3.10.egg-info
[5.168s] running install_scripts
[5.240s] Installing emptynode script to /home/harry/robot/install/my_first_package/lib/my_first_package
[5.240s] writing list of installed files to '/home/harry/robot/build/my_first_package/install.log'
[5.389s] Invoked command in '/home/harry/robot/src/my_first_package' returned '0': CMAKE_PREFIX_PATH=/home/harry/robot/install/test_package:/home/harry/robot_ws/install/turtlesim:/home/harry/robot_ws/install/test_package:/home/harry/robot/install/turtlesim:/home/harry/install/turtlesim:/home/harry/install/test_package PYTHONPATH=/home/harry/robot/build/my_first_package/prefix_override:/usr/lib/python3/dist-packages/colcon_core/task/python/colcon_distutils_commands:/home/harry/robot/install/my_first_package/lib/python3.10/site-packages:${PYTHONPATH} /usr/bin/python3 -W ignore:setup.py install is deprecated -W ignore:easy_install command is deprecated setup.py egg_info --egg-base ../../build/my_first_package build --build-base /home/harry/robot/build/my_first_package/build install --record /home/harry/robot/build/my_first_package/install.log --single-version-externally-managed install_data
