[0.089s] Invoking command in '/home/harry/robot/build/apriltag_ros': CMAKE_PREFIX_PATH=/home/harry/robot/install/apriltag_msgs:/home/harry/robot/install/turtlesim:/home/harry/robot/install/test_package:/home/harry/robot/install/tb3_gazebo:/home/harry/robot/install/my_robot_slam:/home/harry/robot/install/art_maze:/home/harry/robot/install/apriltag_ros:/home/harry/install/turtlesim:/home/harry/install/test_package:/home/harry/robot/install/my_first_package:/home/harry/robot/install/tb3_description:/home/harry/robot/install/tag_detection:/home/harry/robot/install/my_robot_navigation:/home/harry/robot/install/curator:/home/harry/robot/install/challenge_2025:/home/harry/install/my_first_package:/opt/ros/humble LD_LIBRARY_PATH=/home/harry/robot/install/apriltag_msgs/lib:/home/harry/robot/install/turtlesim/lib:/home/harry/robot/install/apriltag_ros/lib:/home/harry/install/turtlesim/lib:/usr/lib/x86_64-linux-gnu/gazebo-11/plugins:/opt/ros/humble/opt/rviz_ogre_vendor/lib:/opt/ros/humble/lib/x86_64-linux-gnu:/opt/ros/humble/lib /usr/bin/cmake --build /home/harry/robot/build/apriltag_ros -- -j4 -l4
[0.305s] [ 20%] Built target tags
[0.353s] [ 40%] Built target conversion
[0.358s] [ 60%] Built target apriltag_node
[0.417s] [ 80%] Built target pose_estimation
[0.486s] [100%] Built target AprilTagNode
[0.614s] Invoked command in '/home/harry/robot/build/apriltag_ros' returned '0': CMAKE_PREFIX_PATH=/home/harry/robot/install/apriltag_msgs:/home/harry/robot/install/turtlesim:/home/harry/robot/install/test_package:/home/harry/robot/install/tb3_gazebo:/home/harry/robot/install/my_robot_slam:/home/harry/robot/install/art_maze:/home/harry/robot/install/apriltag_ros:/home/harry/install/turtlesim:/home/harry/install/test_package:/home/harry/robot/install/my_first_package:/home/harry/robot/install/tb3_description:/home/harry/robot/install/tag_detection:/home/harry/robot/install/my_robot_navigation:/home/harry/robot/install/curator:/home/harry/robot/install/challenge_2025:/home/harry/install/my_first_package:/opt/ros/humble LD_LIBRARY_PATH=/home/harry/robot/install/apriltag_msgs/lib:/home/harry/robot/install/turtlesim/lib:/home/harry/robot/install/apriltag_ros/lib:/home/harry/install/turtlesim/lib:/usr/lib/x86_64-linux-gnu/gazebo-11/plugins:/opt/ros/humble/opt/rviz_ogre_vendor/lib:/opt/ros/humble/lib/x86_64-linux-gnu:/opt/ros/humble/lib /usr/bin/cmake --build /home/harry/robot/build/apriltag_ros -- -j4 -l4
[0.619s] Invoking command in '/home/harry/robot/build/apriltag_ros': CMAKE_PREFIX_PATH=/home/harry/robot/install/apriltag_msgs:/home/harry/robot/install/turtlesim:/home/harry/robot/install/test_package:/home/harry/robot/install/tb3_gazebo:/home/harry/robot/install/my_robot_slam:/home/harry/robot/install/art_maze:/home/harry/robot/install/apriltag_ros:/home/harry/install/turtlesim:/home/harry/install/test_package:/home/harry/robot/install/my_first_package:/home/harry/robot/install/tb3_description:/home/harry/robot/install/tag_detection:/home/harry/robot/install/my_robot_navigation:/home/harry/robot/install/curator:/home/harry/robot/install/challenge_2025:/home/harry/install/my_first_package:/opt/ros/humble LD_LIBRARY_PATH=/home/harry/robot/install/apriltag_msgs/lib:/home/harry/robot/install/turtlesim/lib:/home/harry/robot/install/apriltag_ros/lib:/home/harry/install/turtlesim/lib:/usr/lib/x86_64-linux-gnu/gazebo-11/plugins:/opt/ros/humble/opt/rviz_ogre_vendor/lib:/opt/ros/humble/lib/x86_64-linux-gnu:/opt/ros/humble/lib /usr/bin/cmake --install /home/harry/robot/build/apriltag_ros
[0.638s] -- Install configuration: ""
[0.642s] -- Up-to-date: /home/harry/robot/install/apriltag_ros/lib/apriltag_ros/apriltag_node
[0.642s] -- Up-to-date: /home/harry/robot/install/apriltag_ros/share/apriltag_ros/environment/library_path.sh
[0.643s] -- Up-to-date: /home/harry/robot/install/apriltag_ros/share/apriltag_ros/environment/library_path.dsv
[0.645s] -- Up-to-date: /home/harry/robot/install/apriltag_ros/lib/libAprilTagNode.so
[0.645s] -- Up-to-date: /home/harry/robot/install/apriltag_ros/share/apriltag_ros/cfg
[0.647s] -- Up-to-date: /home/harry/robot/install/apriltag_ros/share/apriltag_ros/cfg/tags_36h11.yaml
[0.647s] -- Up-to-date: /home/harry/robot/install/apriltag_ros/share/apriltag_ros/launch
[0.648s] -- Up-to-date: /home/harry/robot/install/apriltag_ros/share/apriltag_ros/launch/camera_36h11.launch.yml
[0.648s] -- Up-to-date: /home/harry/robot/install/apriltag_ros/share/ament_index/resource_index/package_run_dependencies/apriltag_ros
[0.649s] -- Up-to-date: /home/harry/robot/install/apriltag_ros/share/ament_index/resource_index/parent_prefix_path/apriltag_ros
[0.649s] -- Up-to-date: /home/harry/robot/install/apriltag_ros/share/apriltag_ros/environment/ament_prefix_path.sh
[0.649s] -- Up-to-date: /home/harry/robot/install/apriltag_ros/share/apriltag_ros/environment/ament_prefix_path.dsv
[0.650s] -- Up-to-date: /home/harry/robot/install/apriltag_ros/share/apriltag_ros/environment/path.sh
[0.650s] -- Up-to-date: /home/harry/robot/install/apriltag_ros/share/apriltag_ros/environment/path.dsv
[0.650s] -- Up-to-date: /home/harry/robot/install/apriltag_ros/share/apriltag_ros/local_setup.bash
[0.650s] -- Up-to-date: /home/harry/robot/install/apriltag_ros/share/apriltag_ros/local_setup.sh
[0.650s] -- Up-to-date: /home/harry/robot/install/apriltag_ros/share/apriltag_ros/local_setup.zsh
[0.650s] -- Up-to-date: /home/harry/robot/install/apriltag_ros/share/apriltag_ros/local_setup.dsv
[0.651s] -- Installing: /home/harry/robot/install/apriltag_ros/share/apriltag_ros/package.dsv
[0.651s] -- Up-to-date: /home/harry/robot/install/apriltag_ros/share/ament_index/resource_index/packages/apriltag_ros
[0.652s] -- Up-to-date: /home/harry/robot/install/apriltag_ros/share/ament_index/resource_index/rclcpp_components/apriltag_ros
[0.653s] -- Up-to-date: /home/harry/robot/install/apriltag_ros/share/apriltag_ros/cmake/apriltag_rosConfig.cmake
[0.653s] -- Up-to-date: /home/harry/robot/install/apriltag_ros/share/apriltag_ros/cmake/apriltag_rosConfig-version.cmake
[0.654s] -- Up-to-date: /home/harry/robot/install/apriltag_ros/share/apriltag_ros/package.xml
[0.659s] Invoked command in '/home/harry/robot/build/apriltag_ros' returned '0': CMAKE_PREFIX_PATH=/home/harry/robot/install/apriltag_msgs:/home/harry/robot/install/turtlesim:/home/harry/robot/install/test_package:/home/harry/robot/install/tb3_gazebo:/home/harry/robot/install/my_robot_slam:/home/harry/robot/install/art_maze:/home/harry/robot/install/apriltag_ros:/home/harry/install/turtlesim:/home/harry/install/test_package:/home/harry/robot/install/my_first_package:/home/harry/robot/install/tb3_description:/home/harry/robot/install/tag_detection:/home/harry/robot/install/my_robot_navigation:/home/harry/robot/install/curator:/home/harry/robot/install/challenge_2025:/home/harry/install/my_first_package:/opt/ros/humble LD_LIBRARY_PATH=/home/harry/robot/install/apriltag_msgs/lib:/home/harry/robot/install/turtlesim/lib:/home/harry/robot/install/apriltag_ros/lib:/home/harry/install/turtlesim/lib:/usr/lib/x86_64-linux-gnu/gazebo-11/plugins:/opt/ros/humble/opt/rviz_ogre_vendor/lib:/opt/ros/humble/lib/x86_64-linux-gnu:/opt/ros/humble/lib /usr/bin/cmake --install /home/harry/robot/build/apriltag_ros
