[0.316s] DEBUG:colcon:Command line arguments: ['/usr/bin/colcon', 'build', '--packages-select', 'my_robot_navagation']
[0.316s] DEBUG:colcon:Parsed command line arguments: Namespace(log_base=None, log_level=None, verb_name='build', build_base='build', install_base='install', merge_install=False, symlink_install=False, test_result_base=None, continue_on_error=False, executor='parallel', parallel_workers=8, event_handlers=None, ignore_user_meta=False, metas=['./colcon.meta'], base_paths=['.'], packages_ignore=None, packages_ignore_regex=None, paths=None, packages_up_to=None, packages_up_to_regex=None, packages_above=None, packages_above_and_dependencies=None, packages_above_depth=None, packages_select_by_dep=None, packages_skip_by_dep=None, packages_skip_up_to=None, packages_select_build_failed=False, packages_skip_build_finished=False, packages_select_test_failures=False, packages_skip_test_passed=False, packages_select=['my_robot_navagation'], packages_skip=None, packages_select_regex=None, packages_skip_regex=None, packages_start=None, packages_end=None, allow_overriding=[], cmake_args=None, cmake_target=None, cmake_target_skip_unavailable=False, cmake_clean_cache=False, cmake_clean_first=False, cmake_force_configure=False, ament_cmake_args=None, catkin_cmake_args=None, catkin_skip_building_tests=False, verb_parser=<colcon_defaults.argument_parser.defaults.DefaultArgumentsDecorator object at 0x7d8218851b70>, verb_extension=<colcon_core.verb.build.BuildVerb object at 0x7d8218851570>, main=<bound method BuildVerb.main of <colcon_core.verb.build.BuildVerb object at 0x7d8218851570>>)
[0.724s] Level 1:colcon.colcon_core.package_discovery:discover_packages(colcon_meta) check parameters
[0.724s] Level 1:colcon.colcon_core.package_discovery:discover_packages(recursive) check parameters
[0.725s] Level 1:colcon.colcon_core.package_discovery:discover_packages(ignore) check parameters
[0.725s] Level 1:colcon.colcon_core.package_discovery:discover_packages(path) check parameters
[0.725s] Level 1:colcon.colcon_core.package_discovery:discover_packages(colcon_meta) discover
[0.725s] Level 1:colcon.colcon_core.package_discovery:discover_packages(recursive) discover
[0.725s] INFO:colcon.colcon_core.package_discovery:Crawling recursively for packages in '/home/harry/robot'
[0.725s] Level 1:colcon.colcon_core.package_identification:_identify(.) by extensions ['ignore', 'ignore_ament_install']
[0.725s] Level 1:colcon.colcon_core.package_identification:_identify(.) by extension 'ignore'
[0.725s] Level 1:colcon.colcon_core.package_identification:_identify(.) by extension 'ignore_ament_install'
[0.725s] Level 1:colcon.colcon_core.package_identification:_identify(.) by extensions ['colcon_pkg']
[0.725s] Level 1:colcon.colcon_core.package_identification:_identify(.) by extension 'colcon_pkg'
[0.725s] Level 1:colcon.colcon_core.package_identification:_identify(.) by extensions ['colcon_meta']
[0.725s] Level 1:colcon.colcon_core.package_identification:_identify(.) by extension 'colcon_meta'
[0.725s] Level 1:colcon.colcon_core.package_identification:_identify(.) by extensions ['ros']
[0.725s] Level 1:colcon.colcon_core.package_identification:_identify(.) by extension 'ros'
[0.746s] Level 1:colcon.colcon_core.package_identification:_identify(.) by extensions ['cmake', 'python']
[0.746s] Level 1:colcon.colcon_core.package_identification:_identify(.) by extension 'cmake'
[0.746s] Level 1:colcon.colcon_core.package_identification:_identify(.) by extension 'python'
[0.746s] Level 1:colcon.colcon_core.package_identification:_identify(.) by extensions ['python_setup_py']
[0.746s] Level 1:colcon.colcon_core.package_identification:_identify(.) by extension 'python_setup_py'
[0.746s] Level 1:colcon.colcon_core.package_identification:_identify(build) by extensions ['ignore', 'ignore_ament_install']
[0.747s] Level 1:colcon.colcon_core.package_identification:_identify(build) by extension 'ignore'
[0.747s] Level 1:colcon.colcon_core.package_identification:_identify(build) ignored
[0.747s] Level 1:colcon.colcon_core.package_identification:_identify(cd) by extensions ['ignore', 'ignore_ament_install']
[0.747s] Level 1:colcon.colcon_core.package_identification:_identify(cd) by extension 'ignore'
[0.747s] Level 1:colcon.colcon_core.package_identification:_identify(cd) by extension 'ignore_ament_install'
[0.747s] Level 1:colcon.colcon_core.package_identification:_identify(cd) by extensions ['colcon_pkg']
[0.747s] Level 1:colcon.colcon_core.package_identification:_identify(cd) by extension 'colcon_pkg'
[0.747s] Level 1:colcon.colcon_core.package_identification:_identify(cd) by extensions ['colcon_meta']
[0.747s] Level 1:colcon.colcon_core.package_identification:_identify(cd) by extension 'colcon_meta'
[0.747s] Level 1:colcon.colcon_core.package_identification:_identify(cd) by extensions ['ros']
[0.747s] Level 1:colcon.colcon_core.package_identification:_identify(cd) by extension 'ros'
[0.748s] Level 1:colcon.colcon_core.package_identification:_identify(cd) by extensions ['cmake', 'python']
[0.748s] Level 1:colcon.colcon_core.package_identification:_identify(cd) by extension 'cmake'
[0.748s] Level 1:colcon.colcon_core.package_identification:_identify(cd) by extension 'python'
[0.748s] Level 1:colcon.colcon_core.package_identification:_identify(cd) by extensions ['python_setup_py']
[0.748s] Level 1:colcon.colcon_core.package_identification:_identify(cd) by extension 'python_setup_py'
[0.748s] Level 1:colcon.colcon_core.package_identification:_identify(install) by extensions ['ignore', 'ignore_ament_install']
[0.748s] Level 1:colcon.colcon_core.package_identification:_identify(install) by extension 'ignore'
[0.748s] Level 1:colcon.colcon_core.package_identification:_identify(install) ignored
[0.748s] Level 1:colcon.colcon_core.package_identification:_identify(log) by extensions ['ignore', 'ignore_ament_install']
[0.748s] Level 1:colcon.colcon_core.package_identification:_identify(log) by extension 'ignore'
[0.748s] Level 1:colcon.colcon_core.package_identification:_identify(log) ignored
[0.749s] Level 1:colcon.colcon_core.package_identification:_identify(src) by extensions ['ignore', 'ignore_ament_install']
[0.749s] Level 1:colcon.colcon_core.package_identification:_identify(src) by extension 'ignore'
[0.749s] Level 1:colcon.colcon_core.package_identification:_identify(src) by extension 'ignore_ament_install'
[0.749s] Level 1:colcon.colcon_core.package_identification:_identify(src) by extensions ['colcon_pkg']
[0.749s] Level 1:colcon.colcon_core.package_identification:_identify(src) by extension 'colcon_pkg'
[0.749s] Level 1:colcon.colcon_core.package_identification:_identify(src) by extensions ['colcon_meta']
[0.749s] Level 1:colcon.colcon_core.package_identification:_identify(src) by extension 'colcon_meta'
[0.749s] Level 1:colcon.colcon_core.package_identification:_identify(src) by extensions ['ros']
[0.749s] Level 1:colcon.colcon_core.package_identification:_identify(src) by extension 'ros'
[0.749s] Level 1:colcon.colcon_core.package_identification:_identify(src) by extensions ['cmake', 'python']
[0.749s] Level 1:colcon.colcon_core.package_identification:_identify(src) by extension 'cmake'
[0.749s] Level 1:colcon.colcon_core.package_identification:_identify(src) by extension 'python'
[0.749s] Level 1:colcon.colcon_core.package_identification:_identify(src) by extensions ['python_setup_py']
[0.749s] Level 1:colcon.colcon_core.package_identification:_identify(src) by extension 'python_setup_py'
[0.749s] Level 1:colcon.colcon_core.package_identification:_identify(src/apriltag_msgs) by extensions ['ignore', 'ignore_ament_install']
[0.750s] Level 1:colcon.colcon_core.package_identification:_identify(src/apriltag_msgs) by extension 'ignore'
[0.750s] Level 1:colcon.colcon_core.package_identification:_identify(src/apriltag_msgs) by extension 'ignore_ament_install'
[0.750s] Level 1:colcon.colcon_core.package_identification:_identify(src/apriltag_msgs) by extensions ['colcon_pkg']
[0.750s] Level 1:colcon.colcon_core.package_identification:_identify(src/apriltag_msgs) by extension 'colcon_pkg'
[0.750s] Level 1:colcon.colcon_core.package_identification:_identify(src/apriltag_msgs) by extensions ['colcon_meta']
[0.750s] Level 1:colcon.colcon_core.package_identification:_identify(src/apriltag_msgs) by extension 'colcon_meta'
[0.750s] Level 1:colcon.colcon_core.package_identification:_identify(src/apriltag_msgs) by extensions ['ros']
[0.750s] Level 1:colcon.colcon_core.package_identification:_identify(src/apriltag_msgs) by extension 'ros'
[0.756s] DEBUG:colcon.colcon_core.package_identification:Package 'src/apriltag_msgs' with type 'ros.ament_cmake' and name 'apriltag_msgs'
[0.756s] Level 1:colcon.colcon_core.package_identification:_identify(src/apriltag_ros) by extensions ['ignore', 'ignore_ament_install']
[0.756s] Level 1:colcon.colcon_core.package_identification:_identify(src/apriltag_ros) by extension 'ignore'
[0.757s] Level 1:colcon.colcon_core.package_identification:_identify(src/apriltag_ros) by extension 'ignore_ament_install'
[0.757s] Level 1:colcon.colcon_core.package_identification:_identify(src/apriltag_ros) by extensions ['colcon_pkg']
[0.757s] Level 1:colcon.colcon_core.package_identification:_identify(src/apriltag_ros) by extension 'colcon_pkg'
[0.757s] Level 1:colcon.colcon_core.package_identification:_identify(src/apriltag_ros) by extensions ['colcon_meta']
[0.757s] Level 1:colcon.colcon_core.package_identification:_identify(src/apriltag_ros) by extension 'colcon_meta'
[0.757s] Level 1:colcon.colcon_core.package_identification:_identify(src/apriltag_ros) by extensions ['ros']
[0.757s] Level 1:colcon.colcon_core.package_identification:_identify(src/apriltag_ros) by extension 'ros'
[0.761s] DEBUG:colcon.colcon_core.package_identification:Package 'src/apriltag_ros' with type 'ros.ament_cmake' and name 'apriltag_ros'
[0.761s] Level 1:colcon.colcon_core.package_identification:_identify(src/my_first_package) by extensions ['ignore', 'ignore_ament_install']
[0.761s] Level 1:colcon.colcon_core.package_identification:_identify(src/my_first_package) by extension 'ignore'
[0.761s] Level 1:colcon.colcon_core.package_identification:_identify(src/my_first_package) by extension 'ignore_ament_install'
[0.761s] Level 1:colcon.colcon_core.package_identification:_identify(src/my_first_package) by extensions ['colcon_pkg']
[0.761s] Level 1:colcon.colcon_core.package_identification:_identify(src/my_first_package) by extension 'colcon_pkg'
[0.761s] Level 1:colcon.colcon_core.package_identification:_identify(src/my_first_package) by extensions ['colcon_meta']
[0.761s] Level 1:colcon.colcon_core.package_identification:_identify(src/my_first_package) by extension 'colcon_meta'
[0.761s] Level 1:colcon.colcon_core.package_identification:_identify(src/my_first_package) by extensions ['ros']
[0.762s] Level 1:colcon.colcon_core.package_identification:_identify(src/my_first_package) by extension 'ros'
[0.763s] DEBUG:colcon.colcon_core.package_identification:Package 'src/my_first_package' with type 'ros.ament_python' and name 'my_first_package'
[0.763s] Level 1:colcon.colcon_core.package_identification:_identify(src/my_robot_navigation) by extensions ['ignore', 'ignore_ament_install']
[0.763s] Level 1:colcon.colcon_core.package_identification:_identify(src/my_robot_navigation) by extension 'ignore'
[0.764s] Level 1:colcon.colcon_core.package_identification:_identify(src/my_robot_navigation) by extension 'ignore_ament_install'
[0.764s] Level 1:colcon.colcon_core.package_identification:_identify(src/my_robot_navigation) by extensions ['colcon_pkg']
[0.764s] Level 1:colcon.colcon_core.package_identification:_identify(src/my_robot_navigation) by extension 'colcon_pkg'
[0.764s] Level 1:colcon.colcon_core.package_identification:_identify(src/my_robot_navigation) by extensions ['colcon_meta']
[0.764s] Level 1:colcon.colcon_core.package_identification:_identify(src/my_robot_navigation) by extension 'colcon_meta'
[0.764s] Level 1:colcon.colcon_core.package_identification:_identify(src/my_robot_navigation) by extensions ['ros']
[0.764s] Level 1:colcon.colcon_core.package_identification:_identify(src/my_robot_navigation) by extension 'ros'
[0.766s] DEBUG:colcon.colcon_core.package_identification:Found ROS schema reference in package manifest in 'src/my_robot_navigation'
[0.766s] WARNING:colcon.colcon_core.package_identification:Failed to parse ROS package manifest in 'src/my_robot_navigation': Error(s) in package 'src/my_robot_navigation/package.xml':
Invalid email "harry.kengneæalumni.fh-aachen.de" for person "harry"
[0.766s] Level 1:colcon.colcon_core.package_identification:_identify(src/my_robot_navigation) by extensions ['cmake', 'python']
[0.766s] Level 1:colcon.colcon_core.package_identification:_identify(src/my_robot_navigation) by extension 'cmake'
[0.766s] Level 1:colcon.colcon_core.package_identification:_identify(src/my_robot_navigation) by extension 'python'
[0.766s] DEBUG:colcon.colcon_core.package_identification:Python package in 'src/my_robot_navigation' passes arguments to the setup() function which requires a different identification extension than 'python'
[0.766s] Level 1:colcon.colcon_core.package_identification:_identify(src/my_robot_navigation) by extensions ['python_setup_py']
[0.766s] Level 1:colcon.colcon_core.package_identification:_identify(src/my_robot_navigation) by extension 'python_setup_py'
[1.125s] ERROR:colcon.colcon_core.package_identification:Exception in package identification extension 'python_setup_py' in 'src/my_robot_navigation': Command '['/usr/bin/python3', '-c', 'import sys;from contextlib import suppress;exec("with suppress(ImportError):    from setuptools.extern.packaging.specifiers    import SpecifierSet");exec("with suppress(ImportError):    from packaging.specifiers import SpecifierSet");from distutils.core import run_setup;dist = run_setup(    \'setup.py\', script_args=(\'--dry-run\',), stop_after=\'config\');skip_keys = (\'cmdclass\', \'distclass\', \'ext_modules\', \'metadata\');data = {    key: value for key, value in dist.__dict__.items()     if (        not key.startswith(\'_\') and         not callable(value) and         key not in skip_keys and         key not in dist.display_option_names    )};data[\'metadata\'] = {    k: v for k, v in dist.metadata.__dict__.items()     if k not in (\'license_files\', \'provides_extras\')};sys.stdout.buffer.write(repr(data).encode(\'utf-8\'))']' returned non-zero exit status 1.
Traceback (most recent call last):
  File "/usr/lib/python3/dist-packages/colcon_core/package_identification/__init__.py", line 144, in _identify
    retval = extension.identify(_reused_descriptor_instance)
  File "/usr/lib/python3/dist-packages/colcon_python_setup_py/package_identification/python_setup_py.py", line 48, in identify
    config = get_setup_information(setup_py)
  File "/usr/lib/python3/dist-packages/colcon_python_setup_py/package_identification/python_setup_py.py", line 249, in get_setup_information
    _setup_information_cache[hashable_env] = _get_setup_information(
  File "/usr/lib/python3/dist-packages/colcon_python_setup_py/package_identification/python_setup_py.py", line 296, in _get_setup_information
    result = subprocess.run(
  File "/usr/lib/python3.10/subprocess.py", line 526, in run
    raise CalledProcessError(retcode, process.args,
subprocess.CalledProcessError: Command '['/usr/bin/python3', '-c', 'import sys;from contextlib import suppress;exec("with suppress(ImportError):    from setuptools.extern.packaging.specifiers    import SpecifierSet");exec("with suppress(ImportError):    from packaging.specifiers import SpecifierSet");from distutils.core import run_setup;dist = run_setup(    \'setup.py\', script_args=(\'--dry-run\',), stop_after=\'config\');skip_keys = (\'cmdclass\', \'distclass\', \'ext_modules\', \'metadata\');data = {    key: value for key, value in dist.__dict__.items()     if (        not key.startswith(\'_\') and         not callable(value) and         key not in skip_keys and         key not in dist.display_option_names    )};data[\'metadata\'] = {    k: v for k, v in dist.metadata.__dict__.items()     if k not in (\'license_files\', \'provides_extras\')};sys.stdout.buffer.write(repr(data).encode(\'utf-8\'))']' returned non-zero exit status 1.

[1.126s] Level 1:colcon.colcon_core.package_identification:_identify(src/my_robot_navigation/config) by extensions ['ignore', 'ignore_ament_install']
[1.126s] Level 1:colcon.colcon_core.package_identification:_identify(src/my_robot_navigation/config) by extension 'ignore'
[1.127s] Level 1:colcon.colcon_core.package_identification:_identify(src/my_robot_navigation/config) by extension 'ignore_ament_install'
[1.127s] Level 1:colcon.colcon_core.package_identification:_identify(src/my_robot_navigation/config) by extensions ['colcon_pkg']
[1.127s] Level 1:colcon.colcon_core.package_identification:_identify(src/my_robot_navigation/config) by extension 'colcon_pkg'
[1.127s] Level 1:colcon.colcon_core.package_identification:_identify(src/my_robot_navigation/config) by extensions ['colcon_meta']
[1.127s] Level 1:colcon.colcon_core.package_identification:_identify(src/my_robot_navigation/config) by extension 'colcon_meta'
[1.127s] Level 1:colcon.colcon_core.package_identification:_identify(src/my_robot_navigation/config) by extensions ['ros']
[1.127s] Level 1:colcon.colcon_core.package_identification:_identify(src/my_robot_navigation/config) by extension 'ros'
[1.127s] Level 1:colcon.colcon_core.package_identification:_identify(src/my_robot_navigation/config) by extensions ['cmake', 'python']
[1.127s] Level 1:colcon.colcon_core.package_identification:_identify(src/my_robot_navigation/config) by extension 'cmake'
[1.127s] Level 1:colcon.colcon_core.package_identification:_identify(src/my_robot_navigation/config) by extension 'python'
[1.127s] Level 1:colcon.colcon_core.package_identification:_identify(src/my_robot_navigation/config) by extensions ['python_setup_py']
[1.127s] Level 1:colcon.colcon_core.package_identification:_identify(src/my_robot_navigation/config) by extension 'python_setup_py'
[1.128s] Level 1:colcon.colcon_core.package_identification:_identify(src/my_robot_navigation/launch) by extensions ['ignore', 'ignore_ament_install']
[1.128s] Level 1:colcon.colcon_core.package_identification:_identify(src/my_robot_navigation/launch) by extension 'ignore'
[1.128s] Level 1:colcon.colcon_core.package_identification:_identify(src/my_robot_navigation/launch) by extension 'ignore_ament_install'
[1.128s] Level 1:colcon.colcon_core.package_identification:_identify(src/my_robot_navigation/launch) by extensions ['colcon_pkg']
[1.128s] Level 1:colcon.colcon_core.package_identification:_identify(src/my_robot_navigation/launch) by extension 'colcon_pkg'
[1.128s] Level 1:colcon.colcon_core.package_identification:_identify(src/my_robot_navigation/launch) by extensions ['colcon_meta']
[1.128s] Level 1:colcon.colcon_core.package_identification:_identify(src/my_robot_navigation/launch) by extension 'colcon_meta'
[1.128s] Level 1:colcon.colcon_core.package_identification:_identify(src/my_robot_navigation/launch) by extensions ['ros']
[1.128s] Level 1:colcon.colcon_core.package_identification:_identify(src/my_robot_navigation/launch) by extension 'ros'
[1.128s] Level 1:colcon.colcon_core.package_identification:_identify(src/my_robot_navigation/launch) by extensions ['cmake', 'python']
[1.128s] Level 1:colcon.colcon_core.package_identification:_identify(src/my_robot_navigation/launch) by extension 'cmake'
[1.128s] Level 1:colcon.colcon_core.package_identification:_identify(src/my_robot_navigation/launch) by extension 'python'
[1.128s] Level 1:colcon.colcon_core.package_identification:_identify(src/my_robot_navigation/launch) by extensions ['python_setup_py']
[1.128s] Level 1:colcon.colcon_core.package_identification:_identify(src/my_robot_navigation/launch) by extension 'python_setup_py'
[1.128s] Level 1:colcon.colcon_core.package_identification:_identify(src/my_robot_navigation/my_robot_navigation) by extensions ['ignore', 'ignore_ament_install']
[1.129s] Level 1:colcon.colcon_core.package_identification:_identify(src/my_robot_navigation/my_robot_navigation) by extension 'ignore'
[1.129s] Level 1:colcon.colcon_core.package_identification:_identify(src/my_robot_navigation/my_robot_navigation) by extension 'ignore_ament_install'
[1.129s] Level 1:colcon.colcon_core.package_identification:_identify(src/my_robot_navigation/my_robot_navigation) by extensions ['colcon_pkg']
[1.129s] Level 1:colcon.colcon_core.package_identification:_identify(src/my_robot_navigation/my_robot_navigation) by extension 'colcon_pkg'
[1.129s] Level 1:colcon.colcon_core.package_identification:_identify(src/my_robot_navigation/my_robot_navigation) by extensions ['colcon_meta']
[1.129s] Level 1:colcon.colcon_core.package_identification:_identify(src/my_robot_navigation/my_robot_navigation) by extension 'colcon_meta'
[1.129s] Level 1:colcon.colcon_core.package_identification:_identify(src/my_robot_navigation/my_robot_navigation) by extensions ['ros']
[1.129s] Level 1:colcon.colcon_core.package_identification:_identify(src/my_robot_navigation/my_robot_navigation) by extension 'ros'
[1.129s] Level 1:colcon.colcon_core.package_identification:_identify(src/my_robot_navigation/my_robot_navigation) by extensions ['cmake', 'python']
[1.129s] Level 1:colcon.colcon_core.package_identification:_identify(src/my_robot_navigation/my_robot_navigation) by extension 'cmake'
[1.129s] Level 1:colcon.colcon_core.package_identification:_identify(src/my_robot_navigation/my_robot_navigation) by extension 'python'
[1.129s] Level 1:colcon.colcon_core.package_identification:_identify(src/my_robot_navigation/my_robot_navigation) by extensions ['python_setup_py']
[1.129s] Level 1:colcon.colcon_core.package_identification:_identify(src/my_robot_navigation/my_robot_navigation) by extension 'python_setup_py'
[1.130s] Level 1:colcon.colcon_core.package_identification:_identify(src/my_robot_navigation/resource) by extensions ['ignore', 'ignore_ament_install']
[1.130s] Level 1:colcon.colcon_core.package_identification:_identify(src/my_robot_navigation/resource) by extension 'ignore'
[1.130s] Level 1:colcon.colcon_core.package_identification:_identify(src/my_robot_navigation/resource) by extension 'ignore_ament_install'
[1.130s] Level 1:colcon.colcon_core.package_identification:_identify(src/my_robot_navigation/resource) by extensions ['colcon_pkg']
[1.130s] Level 1:colcon.colcon_core.package_identification:_identify(src/my_robot_navigation/resource) by extension 'colcon_pkg'
[1.130s] Level 1:colcon.colcon_core.package_identification:_identify(src/my_robot_navigation/resource) by extensions ['colcon_meta']
[1.130s] Level 1:colcon.colcon_core.package_identification:_identify(src/my_robot_navigation/resource) by extension 'colcon_meta'
[1.130s] Level 1:colcon.colcon_core.package_identification:_identify(src/my_robot_navigation/resource) by extensions ['ros']
[1.130s] Level 1:colcon.colcon_core.package_identification:_identify(src/my_robot_navigation/resource) by extension 'ros'
[1.130s] Level 1:colcon.colcon_core.package_identification:_identify(src/my_robot_navigation/resource) by extensions ['cmake', 'python']
[1.130s] Level 1:colcon.colcon_core.package_identification:_identify(src/my_robot_navigation/resource) by extension 'cmake'
[1.130s] Level 1:colcon.colcon_core.package_identification:_identify(src/my_robot_navigation/resource) by extension 'python'
[1.130s] Level 1:colcon.colcon_core.package_identification:_identify(src/my_robot_navigation/resource) by extensions ['python_setup_py']
[1.130s] Level 1:colcon.colcon_core.package_identification:_identify(src/my_robot_navigation/resource) by extension 'python_setup_py'
[1.130s] Level 1:colcon.colcon_core.package_identification:_identify(src/my_robot_navigation/test) by extensions ['ignore', 'ignore_ament_install']
[1.131s] Level 1:colcon.colcon_core.package_identification:_identify(src/my_robot_navigation/test) by extension 'ignore'
[1.131s] Level 1:colcon.colcon_core.package_identification:_identify(src/my_robot_navigation/test) by extension 'ignore_ament_install'
[1.131s] Level 1:colcon.colcon_core.package_identification:_identify(src/my_robot_navigation/test) by extensions ['colcon_pkg']
[1.131s] Level 1:colcon.colcon_core.package_identification:_identify(src/my_robot_navigation/test) by extension 'colcon_pkg'
[1.131s] Level 1:colcon.colcon_core.package_identification:_identify(src/my_robot_navigation/test) by extensions ['colcon_meta']
[1.131s] Level 1:colcon.colcon_core.package_identification:_identify(src/my_robot_navigation/test) by extension 'colcon_meta'
[1.131s] Level 1:colcon.colcon_core.package_identification:_identify(src/my_robot_navigation/test) by extensions ['ros']
[1.131s] Level 1:colcon.colcon_core.package_identification:_identify(src/my_robot_navigation/test) by extension 'ros'
[1.131s] Level 1:colcon.colcon_core.package_identification:_identify(src/my_robot_navigation/test) by extensions ['cmake', 'python']
[1.131s] Level 1:colcon.colcon_core.package_identification:_identify(src/my_robot_navigation/test) by extension 'cmake'
[1.131s] Level 1:colcon.colcon_core.package_identification:_identify(src/my_robot_navigation/test) by extension 'python'
[1.131s] Level 1:colcon.colcon_core.package_identification:_identify(src/my_robot_navigation/test) by extensions ['python_setup_py']
[1.131s] Level 1:colcon.colcon_core.package_identification:_identify(src/my_robot_navigation/test) by extension 'python_setup_py'
[1.131s] Level 1:colcon.colcon_core.package_identification:_identify(src/my_robot_slam) by extensions ['ignore', 'ignore_ament_install']
[1.132s] Level 1:colcon.colcon_core.package_identification:_identify(src/my_robot_slam) by extension 'ignore'
[1.132s] Level 1:colcon.colcon_core.package_identification:_identify(src/my_robot_slam) by extension 'ignore_ament_install'
[1.132s] Level 1:colcon.colcon_core.package_identification:_identify(src/my_robot_slam) by extensions ['colcon_pkg']
[1.132s] Level 1:colcon.colcon_core.package_identification:_identify(src/my_robot_slam) by extension 'colcon_pkg'
[1.132s] Level 1:colcon.colcon_core.package_identification:_identify(src/my_robot_slam) by extensions ['colcon_meta']
[1.132s] Level 1:colcon.colcon_core.package_identification:_identify(src/my_robot_slam) by extension 'colcon_meta'
[1.132s] Level 1:colcon.colcon_core.package_identification:_identify(src/my_robot_slam) by extensions ['ros']
[1.132s] Level 1:colcon.colcon_core.package_identification:_identify(src/my_robot_slam) by extension 'ros'
[1.133s] DEBUG:colcon.colcon_core.package_identification:Package 'src/my_robot_slam' with type 'ros.ament_cmake' and name 'my_robot_slam'
[1.134s] Level 1:colcon.colcon_core.package_identification:_identify(src/ros_tutorials) by extensions ['ignore', 'ignore_ament_install']
[1.134s] Level 1:colcon.colcon_core.package_identification:_identify(src/ros_tutorials) by extension 'ignore'
[1.134s] Level 1:colcon.colcon_core.package_identification:_identify(src/ros_tutorials) by extension 'ignore_ament_install'
[1.134s] Level 1:colcon.colcon_core.package_identification:_identify(src/ros_tutorials) by extensions ['colcon_pkg']
[1.134s] Level 1:colcon.colcon_core.package_identification:_identify(src/ros_tutorials) by extension 'colcon_pkg'
[1.134s] Level 1:colcon.colcon_core.package_identification:_identify(src/ros_tutorials) by extensions ['colcon_meta']
[1.134s] Level 1:colcon.colcon_core.package_identification:_identify(src/ros_tutorials) by extension 'colcon_meta'
[1.134s] Level 1:colcon.colcon_core.package_identification:_identify(src/ros_tutorials) by extensions ['ros']
[1.134s] Level 1:colcon.colcon_core.package_identification:_identify(src/ros_tutorials) by extension 'ros'
[1.134s] Level 1:colcon.colcon_core.package_identification:_identify(src/ros_tutorials) by extensions ['cmake', 'python']
[1.134s] Level 1:colcon.colcon_core.package_identification:_identify(src/ros_tutorials) by extension 'cmake'
[1.134s] Level 1:colcon.colcon_core.package_identification:_identify(src/ros_tutorials) by extension 'python'
[1.134s] Level 1:colcon.colcon_core.package_identification:_identify(src/ros_tutorials) by extensions ['python_setup_py']
[1.134s] Level 1:colcon.colcon_core.package_identification:_identify(src/ros_tutorials) by extension 'python_setup_py'
[1.134s] Level 1:colcon.colcon_core.package_identification:_identify(src/ros_tutorials/ros_tutorials) by extensions ['ignore', 'ignore_ament_install']
[1.135s] Level 1:colcon.colcon_core.package_identification:_identify(src/ros_tutorials/ros_tutorials) by extension 'ignore'
[1.135s] Level 1:colcon.colcon_core.package_identification:_identify(src/ros_tutorials/ros_tutorials) ignored
[1.135s] Level 1:colcon.colcon_core.package_identification:_identify(src/ros_tutorials/roscpp_tutorials) by extensions ['ignore', 'ignore_ament_install']
[1.135s] Level 1:colcon.colcon_core.package_identification:_identify(src/ros_tutorials/roscpp_tutorials) by extension 'ignore'
[1.135s] Level 1:colcon.colcon_core.package_identification:_identify(src/ros_tutorials/roscpp_tutorials) ignored
[1.135s] Level 1:colcon.colcon_core.package_identification:_identify(src/ros_tutorials/rospy_tutorials) by extensions ['ignore', 'ignore_ament_install']
[1.136s] Level 1:colcon.colcon_core.package_identification:_identify(src/ros_tutorials/rospy_tutorials) by extension 'ignore'
[1.136s] Level 1:colcon.colcon_core.package_identification:_identify(src/ros_tutorials/rospy_tutorials) ignored
[1.136s] Level 1:colcon.colcon_core.package_identification:_identify(src/ros_tutorials/turtlesim) by extensions ['ignore', 'ignore_ament_install']
[1.136s] Level 1:colcon.colcon_core.package_identification:_identify(src/ros_tutorials/turtlesim) by extension 'ignore'
[1.136s] Level 1:colcon.colcon_core.package_identification:_identify(src/ros_tutorials/turtlesim) by extension 'ignore_ament_install'
[1.136s] Level 1:colcon.colcon_core.package_identification:_identify(src/ros_tutorials/turtlesim) by extensions ['colcon_pkg']
[1.136s] Level 1:colcon.colcon_core.package_identification:_identify(src/ros_tutorials/turtlesim) by extension 'colcon_pkg'
[1.136s] Level 1:colcon.colcon_core.package_identification:_identify(src/ros_tutorials/turtlesim) by extensions ['colcon_meta']
[1.137s] Level 1:colcon.colcon_core.package_identification:_identify(src/ros_tutorials/turtlesim) by extension 'colcon_meta'
[1.137s] Level 1:colcon.colcon_core.package_identification:_identify(src/ros_tutorials/turtlesim) by extensions ['ros']
[1.137s] Level 1:colcon.colcon_core.package_identification:_identify(src/ros_tutorials/turtlesim) by extension 'ros'
[1.139s] DEBUG:colcon.colcon_core.package_identification:Package 'src/ros_tutorials/turtlesim' with type 'ros.ament_cmake' and name 'turtlesim'
[1.139s] Level 1:colcon.colcon_core.package_identification:_identify(src/simulation) by extensions ['ignore', 'ignore_ament_install']
[1.139s] Level 1:colcon.colcon_core.package_identification:_identify(src/simulation) by extension 'ignore'
[1.139s] Level 1:colcon.colcon_core.package_identification:_identify(src/simulation) by extension 'ignore_ament_install'
[1.140s] Level 1:colcon.colcon_core.package_identification:_identify(src/simulation) by extensions ['colcon_pkg']
[1.140s] Level 1:colcon.colcon_core.package_identification:_identify(src/simulation) by extension 'colcon_pkg'
[1.140s] Level 1:colcon.colcon_core.package_identification:_identify(src/simulation) by extensions ['colcon_meta']
[1.140s] Level 1:colcon.colcon_core.package_identification:_identify(src/simulation) by extension 'colcon_meta'
[1.140s] Level 1:colcon.colcon_core.package_identification:_identify(src/simulation) by extensions ['ros']
[1.140s] Level 1:colcon.colcon_core.package_identification:_identify(src/simulation) by extension 'ros'
[1.140s] Level 1:colcon.colcon_core.package_identification:_identify(src/simulation) by extensions ['cmake', 'python']
[1.140s] Level 1:colcon.colcon_core.package_identification:_identify(src/simulation) by extension 'cmake'
[1.140s] Level 1:colcon.colcon_core.package_identification:_identify(src/simulation) by extension 'python'
[1.140s] Level 1:colcon.colcon_core.package_identification:_identify(src/simulation) by extensions ['python_setup_py']
[1.140s] Level 1:colcon.colcon_core.package_identification:_identify(src/simulation) by extension 'python_setup_py'
[1.140s] Level 1:colcon.colcon_core.package_identification:_identify(src/simulation/art_gallery) by extensions ['ignore', 'ignore_ament_install']
[1.140s] Level 1:colcon.colcon_core.package_identification:_identify(src/simulation/art_gallery) by extension 'ignore'
[1.140s] Level 1:colcon.colcon_core.package_identification:_identify(src/simulation/art_gallery) by extension 'ignore_ament_install'
[1.141s] Level 1:colcon.colcon_core.package_identification:_identify(src/simulation/art_gallery) by extensions ['colcon_pkg']
[1.141s] Level 1:colcon.colcon_core.package_identification:_identify(src/simulation/art_gallery) by extension 'colcon_pkg'
[1.141s] Level 1:colcon.colcon_core.package_identification:_identify(src/simulation/art_gallery) by extensions ['colcon_meta']
[1.141s] Level 1:colcon.colcon_core.package_identification:_identify(src/simulation/art_gallery) by extension 'colcon_meta'
[1.141s] Level 1:colcon.colcon_core.package_identification:_identify(src/simulation/art_gallery) by extensions ['ros']
[1.141s] Level 1:colcon.colcon_core.package_identification:_identify(src/simulation/art_gallery) by extension 'ros'
[1.141s] Level 1:colcon.colcon_core.package_identification:_identify(src/simulation/art_gallery) by extensions ['cmake', 'python']
[1.141s] Level 1:colcon.colcon_core.package_identification:_identify(src/simulation/art_gallery) by extension 'cmake'
[1.141s] Level 1:colcon.colcon_core.package_identification:_identify(src/simulation/art_gallery) by extension 'python'
[1.141s] Level 1:colcon.colcon_core.package_identification:_identify(src/simulation/art_gallery) by extensions ['python_setup_py']
[1.141s] Level 1:colcon.colcon_core.package_identification:_identify(src/simulation/art_gallery) by extension 'python_setup_py'
[1.141s] Level 1:colcon.colcon_core.package_identification:_identify(src/simulation/art_gallery/art_maze) by extensions ['ignore', 'ignore_ament_install']
[1.141s] Level 1:colcon.colcon_core.package_identification:_identify(src/simulation/art_gallery/art_maze) by extension 'ignore'
[1.141s] Level 1:colcon.colcon_core.package_identification:_identify(src/simulation/art_gallery/art_maze) by extension 'ignore_ament_install'
[1.141s] Level 1:colcon.colcon_core.package_identification:_identify(src/simulation/art_gallery/art_maze) by extensions ['colcon_pkg']
[1.141s] Level 1:colcon.colcon_core.package_identification:_identify(src/simulation/art_gallery/art_maze) by extension 'colcon_pkg'
[1.141s] Level 1:colcon.colcon_core.package_identification:_identify(src/simulation/art_gallery/art_maze) by extensions ['colcon_meta']
[1.142s] Level 1:colcon.colcon_core.package_identification:_identify(src/simulation/art_gallery/art_maze) by extension 'colcon_meta'
[1.142s] Level 1:colcon.colcon_core.package_identification:_identify(src/simulation/art_gallery/art_maze) by extensions ['ros']
[1.142s] Level 1:colcon.colcon_core.package_identification:_identify(src/simulation/art_gallery/art_maze) by extension 'ros'
[1.144s] DEBUG:colcon.colcon_core.package_identification:Package 'src/simulation/art_gallery/art_maze' with type 'ros.ament_cmake' and name 'art_maze'
[1.144s] Level 1:colcon.colcon_core.package_identification:_identify(src/simulation/art_gallery/challenge_2025) by extensions ['ignore', 'ignore_ament_install']
[1.144s] Level 1:colcon.colcon_core.package_identification:_identify(src/simulation/art_gallery/challenge_2025) by extension 'ignore'
[1.144s] Level 1:colcon.colcon_core.package_identification:_identify(src/simulation/art_gallery/challenge_2025) by extension 'ignore_ament_install'
[1.144s] Level 1:colcon.colcon_core.package_identification:_identify(src/simulation/art_gallery/challenge_2025) by extensions ['colcon_pkg']
[1.144s] Level 1:colcon.colcon_core.package_identification:_identify(src/simulation/art_gallery/challenge_2025) by extension 'colcon_pkg'
[1.144s] Level 1:colcon.colcon_core.package_identification:_identify(src/simulation/art_gallery/challenge_2025) by extensions ['colcon_meta']
[1.144s] Level 1:colcon.colcon_core.package_identification:_identify(src/simulation/art_gallery/challenge_2025) by extension 'colcon_meta'
[1.144s] Level 1:colcon.colcon_core.package_identification:_identify(src/simulation/art_gallery/challenge_2025) by extensions ['ros']
[1.144s] Level 1:colcon.colcon_core.package_identification:_identify(src/simulation/art_gallery/challenge_2025) by extension 'ros'
[1.146s] DEBUG:colcon.colcon_core.package_identification:Package 'src/simulation/art_gallery/challenge_2025' with type 'ros.ament_python' and name 'challenge_2025'
[1.146s] Level 1:colcon.colcon_core.package_identification:_identify(src/simulation/art_gallery/curator) by extensions ['ignore', 'ignore_ament_install']
[1.146s] Level 1:colcon.colcon_core.package_identification:_identify(src/simulation/art_gallery/curator) by extension 'ignore'
[1.146s] Level 1:colcon.colcon_core.package_identification:_identify(src/simulation/art_gallery/curator) by extension 'ignore_ament_install'
[1.146s] Level 1:colcon.colcon_core.package_identification:_identify(src/simulation/art_gallery/curator) by extensions ['colcon_pkg']
[1.146s] Level 1:colcon.colcon_core.package_identification:_identify(src/simulation/art_gallery/curator) by extension 'colcon_pkg'
[1.146s] Level 1:colcon.colcon_core.package_identification:_identify(src/simulation/art_gallery/curator) by extensions ['colcon_meta']
[1.146s] Level 1:colcon.colcon_core.package_identification:_identify(src/simulation/art_gallery/curator) by extension 'colcon_meta'
[1.147s] Level 1:colcon.colcon_core.package_identification:_identify(src/simulation/art_gallery/curator) by extensions ['ros']
[1.147s] Level 1:colcon.colcon_core.package_identification:_identify(src/simulation/art_gallery/curator) by extension 'ros'
[1.148s] DEBUG:colcon.colcon_core.package_identification:Package 'src/simulation/art_gallery/curator' with type 'ros.ament_python' and name 'curator'
[1.148s] Level 1:colcon.colcon_core.package_identification:_identify(src/simulation/art_gallery/tb3_description) by extensions ['ignore', 'ignore_ament_install']
[1.148s] Level 1:colcon.colcon_core.package_identification:_identify(src/simulation/art_gallery/tb3_description) by extension 'ignore'
[1.149s] Level 1:colcon.colcon_core.package_identification:_identify(src/simulation/art_gallery/tb3_description) by extension 'ignore_ament_install'
[1.149s] Level 1:colcon.colcon_core.package_identification:_identify(src/simulation/art_gallery/tb3_description) by extensions ['colcon_pkg']
[1.149s] Level 1:colcon.colcon_core.package_identification:_identify(src/simulation/art_gallery/tb3_description) by extension 'colcon_pkg'
[1.149s] Level 1:colcon.colcon_core.package_identification:_identify(src/simulation/art_gallery/tb3_description) by extensions ['colcon_meta']
[1.149s] Level 1:colcon.colcon_core.package_identification:_identify(src/simulation/art_gallery/tb3_description) by extension 'colcon_meta'
[1.149s] Level 1:colcon.colcon_core.package_identification:_identify(src/simulation/art_gallery/tb3_description) by extensions ['ros']
[1.149s] Level 1:colcon.colcon_core.package_identification:_identify(src/simulation/art_gallery/tb3_description) by extension 'ros'
[1.150s] DEBUG:colcon.colcon_core.package_identification:Package 'src/simulation/art_gallery/tb3_description' with type 'ros.ament_python' and name 'tb3_description'
[1.151s] Level 1:colcon.colcon_core.package_identification:_identify(src/simulation/art_gallery/tb3_gazebo) by extensions ['ignore', 'ignore_ament_install']
[1.151s] Level 1:colcon.colcon_core.package_identification:_identify(src/simulation/art_gallery/tb3_gazebo) by extension 'ignore'
[1.151s] Level 1:colcon.colcon_core.package_identification:_identify(src/simulation/art_gallery/tb3_gazebo) by extension 'ignore_ament_install'
[1.151s] Level 1:colcon.colcon_core.package_identification:_identify(src/simulation/art_gallery/tb3_gazebo) by extensions ['colcon_pkg']
[1.151s] Level 1:colcon.colcon_core.package_identification:_identify(src/simulation/art_gallery/tb3_gazebo) by extension 'colcon_pkg'
[1.151s] Level 1:colcon.colcon_core.package_identification:_identify(src/simulation/art_gallery/tb3_gazebo) by extensions ['colcon_meta']
[1.151s] Level 1:colcon.colcon_core.package_identification:_identify(src/simulation/art_gallery/tb3_gazebo) by extension 'colcon_meta'
[1.152s] Level 1:colcon.colcon_core.package_identification:_identify(src/simulation/art_gallery/tb3_gazebo) by extensions ['ros']
[1.152s] Level 1:colcon.colcon_core.package_identification:_identify(src/simulation/art_gallery/tb3_gazebo) by extension 'ros'
[1.153s] DEBUG:colcon.colcon_core.package_identification:Package 'src/simulation/art_gallery/tb3_gazebo' with type 'ros.ament_cmake' and name 'tb3_gazebo'
[1.153s] Level 1:colcon.colcon_core.package_identification:_identify(src/simulation/build) by extensions ['ignore', 'ignore_ament_install']
[1.154s] Level 1:colcon.colcon_core.package_identification:_identify(src/simulation/build) by extension 'ignore'
[1.154s] Level 1:colcon.colcon_core.package_identification:_identify(src/simulation/build) ignored
[1.154s] Level 1:colcon.colcon_core.package_identification:_identify(src/simulation/install) by extensions ['ignore', 'ignore_ament_install']
[1.154s] Level 1:colcon.colcon_core.package_identification:_identify(src/simulation/install) by extension 'ignore'
[1.154s] Level 1:colcon.colcon_core.package_identification:_identify(src/simulation/install) ignored
[1.154s] Level 1:colcon.colcon_core.package_identification:_identify(src/simulation/log) by extensions ['ignore', 'ignore_ament_install']
[1.154s] Level 1:colcon.colcon_core.package_identification:_identify(src/simulation/log) by extension 'ignore'
[1.154s] Level 1:colcon.colcon_core.package_identification:_identify(src/simulation/log) ignored
[1.155s] Level 1:colcon.colcon_core.package_identification:_identify(src/tag_detection) by extensions ['ignore', 'ignore_ament_install']
[1.155s] Level 1:colcon.colcon_core.package_identification:_identify(src/tag_detection) by extension 'ignore'
[1.155s] Level 1:colcon.colcon_core.package_identification:_identify(src/tag_detection) by extension 'ignore_ament_install'
[1.155s] Level 1:colcon.colcon_core.package_identification:_identify(src/tag_detection) by extensions ['colcon_pkg']
[1.155s] Level 1:colcon.colcon_core.package_identification:_identify(src/tag_detection) by extension 'colcon_pkg'
[1.155s] Level 1:colcon.colcon_core.package_identification:_identify(src/tag_detection) by extensions ['colcon_meta']
[1.155s] Level 1:colcon.colcon_core.package_identification:_identify(src/tag_detection) by extension 'colcon_meta'
[1.155s] Level 1:colcon.colcon_core.package_identification:_identify(src/tag_detection) by extensions ['ros']
[1.155s] Level 1:colcon.colcon_core.package_identification:_identify(src/tag_detection) by extension 'ros'
[1.157s] DEBUG:colcon.colcon_core.package_identification:Package 'src/tag_detection' with type 'ros.ament_python' and name 'tag_detection'
[1.158s] Level 1:colcon.colcon_core.package_identification:_identify(src/test_package) by extensions ['ignore', 'ignore_ament_install']
[1.158s] Level 1:colcon.colcon_core.package_identification:_identify(src/test_package) by extension 'ignore'
[1.158s] Level 1:colcon.colcon_core.package_identification:_identify(src/test_package) by extension 'ignore_ament_install'
[1.158s] Level 1:colcon.colcon_core.package_identification:_identify(src/test_package) by extensions ['colcon_pkg']
[1.158s] Level 1:colcon.colcon_core.package_identification:_identify(src/test_package) by extension 'colcon_pkg'
[1.158s] Level 1:colcon.colcon_core.package_identification:_identify(src/test_package) by extensions ['colcon_meta']
[1.158s] Level 1:colcon.colcon_core.package_identification:_identify(src/test_package) by extension 'colcon_meta'
[1.158s] Level 1:colcon.colcon_core.package_identification:_identify(src/test_package) by extensions ['ros']
[1.158s] Level 1:colcon.colcon_core.package_identification:_identify(src/test_package) by extension 'ros'
[1.160s] DEBUG:colcon.colcon_core.package_identification:Package 'src/test_package' with type 'ros.ament_cmake' and name 'test_package'
[1.160s] Level 1:colcon.colcon_core.package_identification:_identify(vs_worspace) by extensions ['ignore', 'ignore_ament_install']
[1.160s] Level 1:colcon.colcon_core.package_identification:_identify(vs_worspace) by extension 'ignore'
[1.160s] Level 1:colcon.colcon_core.package_identification:_identify(vs_worspace) by extension 'ignore_ament_install'
[1.160s] Level 1:colcon.colcon_core.package_identification:_identify(vs_worspace) by extensions ['colcon_pkg']
[1.160s] Level 1:colcon.colcon_core.package_identification:_identify(vs_worspace) by extension 'colcon_pkg'
[1.160s] Level 1:colcon.colcon_core.package_identification:_identify(vs_worspace) by extensions ['colcon_meta']
[1.161s] Level 1:colcon.colcon_core.package_identification:_identify(vs_worspace) by extension 'colcon_meta'
[1.161s] Level 1:colcon.colcon_core.package_identification:_identify(vs_worspace) by extensions ['ros']
[1.161s] Level 1:colcon.colcon_core.package_identification:_identify(vs_worspace) by extension 'ros'
[1.161s] Level 1:colcon.colcon_core.package_identification:_identify(vs_worspace) by extensions ['cmake', 'python']
[1.161s] Level 1:colcon.colcon_core.package_identification:_identify(vs_worspace) by extension 'cmake'
[1.161s] Level 1:colcon.colcon_core.package_identification:_identify(vs_worspace) by extension 'python'
[1.161s] Level 1:colcon.colcon_core.package_identification:_identify(vs_worspace) by extensions ['python_setup_py']
[1.161s] Level 1:colcon.colcon_core.package_identification:_identify(vs_worspace) by extension 'python_setup_py'
[1.161s] Level 1:colcon.colcon_core.package_discovery:discover_packages(recursive) using defaults
[1.162s] Level 1:colcon.colcon_core.package_discovery:discover_packages(ignore) discover
[1.162s] Level 1:colcon.colcon_core.package_discovery:discover_packages(ignore) using defaults
[1.162s] Level 1:colcon.colcon_core.package_discovery:discover_packages(path) discover
[1.162s] Level 1:colcon.colcon_core.package_discovery:discover_packages(path) using defaults
[1.162s] WARNING:colcon.colcon_core.package_selection:ignoring unknown package 'my_robot_navagation' in --packages-select
[1.226s] INFO:colcon.colcon_core.package_selection:Skipping not selected package 'apriltag_msgs' in 'src/apriltag_msgs'
[1.226s] INFO:colcon.colcon_core.package_selection:Skipping not selected package 'art_maze' in 'src/simulation/art_gallery/art_maze'
[1.226s] INFO:colcon.colcon_core.package_selection:Skipping not selected package 'challenge_2025' in 'src/simulation/art_gallery/challenge_2025'
[1.226s] INFO:colcon.colcon_core.package_selection:Skipping not selected package 'curator' in 'src/simulation/art_gallery/curator'
[1.226s] INFO:colcon.colcon_core.package_selection:Skipping not selected package 'my_robot_slam' in 'src/my_robot_slam'
[1.227s] INFO:colcon.colcon_core.package_selection:Skipping not selected package 'tag_detection' in 'src/tag_detection'
[1.227s] INFO:colcon.colcon_core.package_selection:Skipping not selected package 'tb3_description' in 'src/simulation/art_gallery/tb3_description'
[1.227s] INFO:colcon.colcon_core.package_selection:Skipping not selected package 'tb3_gazebo' in 'src/simulation/art_gallery/tb3_gazebo'
[1.227s] INFO:colcon.colcon_core.package_selection:Skipping not selected package 'test_package' in 'src/test_package'
[1.227s] INFO:colcon.colcon_core.package_selection:Skipping not selected package 'turtlesim' in 'src/ros_tutorials/turtlesim'
[1.227s] INFO:colcon.colcon_core.package_selection:Skipping not selected package 'apriltag_ros' in 'src/apriltag_ros'
[1.227s] INFO:colcon.colcon_core.package_selection:Skipping not selected package 'my_first_package' in 'src/my_first_package'
[1.228s] Level 1:colcon.colcon_core.package_discovery:discover_packages(prefix_path) check parameters
[1.228s] Level 1:colcon.colcon_core.package_discovery:discover_packages(prefix_path) discover
[1.239s] DEBUG:colcon.colcon_installed_package_information.package_discovery:Found 12 installed packages in /home/harry/robot/install
[1.239s] DEBUG:colcon.colcon_installed_package_information.package_discovery:Found 3 installed packages in /home/harry/install
[1.241s] DEBUG:colcon.colcon_installed_package_information.package_discovery:Found 335 installed packages in /opt/ros/humble
[1.243s] Level 1:colcon.colcon_core.package_discovery:discover_packages(prefix_path) using defaults
[1.313s] INFO:colcon.colcon_core.executor:Executing jobs using 'parallel' executor
[1.314s] DEBUG:colcon.colcon_parallel_executor.executor.parallel:run_until_complete
[1.314s] DEBUG:colcon.colcon_parallel_executor.executor.parallel:closing loop
[1.315s] DEBUG:colcon.colcon_parallel_executor.executor.parallel:loop closed
[1.315s] DEBUG:colcon.colcon_parallel_executor.executor.parallel:run_until_complete finished with '0'
[1.315s] DEBUG:colcon.colcon_core.event_reactor:joining thread
[1.335s] INFO:colcon.colcon_core.plugin_system:Skipping extension 'colcon_notification.desktop_notification.terminal_notifier': Not used on non-Darwin systems
[1.335s] INFO:colcon.colcon_core.plugin_system:Skipping extension 'colcon_notification.desktop_notification.win32': Not used on non-Windows systems
[1.335s] INFO:colcon.colcon_notification.desktop_notification:Sending desktop notification using 'notify2'
[1.425s] DEBUG:colcon.colcon_core.event_reactor:joined thread
[1.437s] INFO:colcon.colcon_core.plugin_system:Skipping extension 'colcon_core.shell.bat': Not used on non-Windows systems
[1.437s] INFO:colcon.colcon_core.shell:Creating prefix script '/home/harry/robot/install/local_setup.ps1'
[1.439s] INFO:colcon.colcon_core.shell:Creating prefix util module '/home/harry/robot/install/_local_setup_util_ps1.py'
[1.442s] INFO:colcon.colcon_core.shell:Creating prefix chain script '/home/harry/robot/install/setup.ps1'
[1.446s] INFO:colcon.colcon_core.shell:Creating prefix script '/home/harry/robot/install/local_setup.sh'
[1.448s] INFO:colcon.colcon_core.shell:Creating prefix util module '/home/harry/robot/install/_local_setup_util_sh.py'
[1.449s] INFO:colcon.colcon_core.shell:Creating prefix chain script '/home/harry/robot/install/setup.sh'
[1.452s] INFO:colcon.colcon_core.shell:Creating prefix script '/home/harry/robot/install/local_setup.bash'
[1.454s] INFO:colcon.colcon_core.shell:Creating prefix chain script '/home/harry/robot/install/setup.bash'
[1.457s] INFO:colcon.colcon_core.shell:Creating prefix script '/home/harry/robot/install/local_setup.zsh'
[1.459s] INFO:colcon.colcon_core.shell:Creating prefix chain script '/home/harry/robot/install/setup.zsh'
