[2.689s] Invoking command in '/home/harry/robot/src/tag_detection': PYTHONPATH=/home/harry/robot/build/tag_detection/prefix_override:/usr/lib/python3/dist-packages/colcon_core/task/python/colcon_distutils_commands:/home/harry/robot/install/tag_detection/lib/python3.10/site-packages:${PYTHONPATH} /usr/bin/python3 -W ignore:setup.py install is deprecated -W ignore:easy_install command is deprecated setup.py egg_info --egg-base ../../build/tag_detection build --build-base /home/harry/robot/build/tag_detection/build install --record /home/harry/robot/build/tag_detection/install.log --single-version-externally-managed install_data
[3.473s] running egg_info
[3.473s] writing ../../build/tag_detection/tag_detection.egg-info/PKG-INFO
[3.473s] writing dependency_links to ../../build/tag_detection/tag_detection.egg-info/dependency_links.txt
[3.473s] writing entry points to ../../build/tag_detection/tag_detection.egg-info/entry_points.txt
[3.474s] writing requirements to ../../build/tag_detection/tag_detection.egg-info/requires.txt
[3.474s] writing top-level names to ../../build/tag_detection/tag_detection.egg-info/top_level.txt
[3.477s] reading manifest file '../../build/tag_detection/tag_detection.egg-info/SOURCES.txt'
[3.542s] writing manifest file '../../build/tag_detection/tag_detection.egg-info/SOURCES.txt'
[3.542s] running build
[3.542s] running build_py
[3.546s] copying tag_detection/distance_calculator.py -> /home/harry/robot/build/tag_detection/build/lib/tag_detection
[3.546s] running install
[3.551s] running install_lib
[3.552s] copying /home/harry/robot/build/tag_detection/build/lib/tag_detection/distance_calculator.py -> /home/harry/robot/install/tag_detection/lib/python3.10/site-packages/tag_detection
[3.554s] byte-compiling /home/harry/robot/install/tag_detection/lib/python3.10/site-packages/tag_detection/distance_calculator.py to distance_calculator.cpython-310.pyc
[3.555s] running install_data
[3.555s] running install_egg_info
[3.559s] removing '/home/harry/robot/install/tag_detection/lib/python3.10/site-packages/tag_detection-0.0.0-py3.10.egg-info' (and everything under it)
[3.560s] Copying ../../build/tag_detection/tag_detection.egg-info to /home/harry/robot/install/tag_detection/lib/python3.10/site-packages/tag_detection-0.0.0-py3.10.egg-info
[3.560s] running install_scripts
[3.598s] Installing distance_calc script to /home/harry/robot/install/tag_detection/lib/tag_detection
[3.599s] Installing listenernode script to /home/harry/robot/install/tag_detection/lib/tag_detection
[3.602s] writing list of installed files to '/home/harry/robot/build/tag_detection/install.log'
[3.695s] Invoked command in '/home/harry/robot/src/tag_detection' returned '0': PYTHONPATH=/home/harry/robot/build/tag_detection/prefix_override:/usr/lib/python3/dist-packages/colcon_core/task/python/colcon_distutils_commands:/home/harry/robot/install/tag_detection/lib/python3.10/site-packages:${PYTHONPATH} /usr/bin/python3 -W ignore:setup.py install is deprecated -W ignore:easy_install command is deprecated setup.py egg_info --egg-base ../../build/tag_detection build --build-base /home/harry/robot/build/tag_detection/build install --record /home/harry/robot/build/tag_detection/install.log --single-version-externally-managed install_data
