[3.179s] Invoking command in '/home/harry/robot/src/tag_detection': PYTHONPATH=/home/harry/robot/build/tag_detection/prefix_override:/usr/lib/python3/dist-packages/colcon_core/task/python/colcon_distutils_commands:/home/harry/robot/install/tag_detection/lib/python3.10/site-packages:${PYTHONPATH} /usr/bin/python3 -W ignore:setup.py install is deprecated -W ignore:easy_install command is deprecated setup.py egg_info --egg-base ../../build/tag_detection build --build-base /home/harry/robot/build/tag_detection/build install --record /home/harry/robot/build/tag_detection/install.log --single-version-externally-managed install_data
[4.367s] running egg_info
[4.375s] writing ../../build/tag_detection/tag_detection.egg-info/PKG-INFO
[4.375s] writing dependency_links to ../../build/tag_detection/tag_detection.egg-info/dependency_links.txt
[4.376s] writing entry points to ../../build/tag_detection/tag_detection.egg-info/entry_points.txt
[4.376s] writing requirements to ../../build/tag_detection/tag_detection.egg-info/requires.txt
[4.377s] writing top-level names to ../../build/tag_detection/tag_detection.egg-info/top_level.txt
[4.382s] reading manifest file '../../build/tag_detection/tag_detection.egg-info/SOURCES.txt'
[4.387s] writing manifest file '../../build/tag_detection/tag_detection.egg-info/SOURCES.txt'
[4.391s] running build
[4.391s] running build_py
[4.392s] copying tag_detection/distance_calculator.py -> /home/harry/robot/build/tag_detection/build/lib/tag_detection
[4.394s] running install
[4.394s] running install_lib
[4.397s] copying /home/harry/robot/build/tag_detection/build/lib/tag_detection/distance_calculator.py -> /home/harry/robot/install/tag_detection/lib/python3.10/site-packages/tag_detection
[4.401s] byte-compiling /home/harry/robot/install/tag_detection/lib/python3.10/site-packages/tag_detection/distance_calculator.py to distance_calculator.cpython-310.pyc
[4.409s] running install_data
[4.409s] running install_egg_info
[4.419s] removing '/home/harry/robot/install/tag_detection/lib/python3.10/site-packages/tag_detection-0.0.0-py3.10.egg-info' (and everything under it)
[4.423s] Copying ../../build/tag_detection/tag_detection.egg-info to /home/harry/robot/install/tag_detection/lib/python3.10/site-packages/tag_detection-0.0.0-py3.10.egg-info
[4.425s] running install_scripts
[4.542s] Installing distance_calc script to /home/harry/robot/install/tag_detection/lib/tag_detection
[4.543s] Installing listenernode script to /home/harry/robot/install/tag_detection/lib/tag_detection
[4.544s] writing list of installed files to '/home/harry/robot/build/tag_detection/install.log'
[4.692s] Invoked command in '/home/harry/robot/src/tag_detection' returned '0': PYTHONPATH=/home/harry/robot/build/tag_detection/prefix_override:/usr/lib/python3/dist-packages/colcon_core/task/python/colcon_distutils_commands:/home/harry/robot/install/tag_detection/lib/python3.10/site-packages:${PYTHONPATH} /usr/bin/python3 -W ignore:setup.py install is deprecated -W ignore:easy_install command is deprecated setup.py egg_info --egg-base ../../build/tag_detection build --build-base /home/harry/robot/build/tag_detection/build install --record /home/harry/robot/build/tag_detection/install.log --single-version-externally-managed install_data
