[0.384s] Invoking command in '/home/rss/robot_harry/robotik/src/robot_bringup': PYTHONPATH=/home/rss/robot_harry/robotik/build/robot_bringup/prefix_override:/usr/lib/python3/dist-packages/colcon_core/task/python/colcon_distutils_commands:/home/rss/robot_harry/robotik/install/robot_bringup/lib/python3.10/site-packages:${PYTHONPATH} /usr/bin/python3 -W ignore:setup.py install is deprecated -W ignore:easy_install command is deprecated setup.py egg_info --egg-base ../../build/robot_bringup build --build-base /home/rss/robot_harry/robotik/build/robot_bringup/build install --record /home/rss/robot_harry/robotik/build/robot_bringup/install.log --single-version-externally-managed install_data
[0.543s] running egg_info
[0.543s] creating ../../build/robot_bringup/robot_bringup.egg-info
[0.543s] writing ../../build/robot_bringup/robot_bringup.egg-info/PKG-INFO
[0.543s] writing dependency_links to ../../build/robot_bringup/robot_bringup.egg-info/dependency_links.txt
[0.543s] writing entry points to ../../build/robot_bringup/robot_bringup.egg-info/entry_points.txt
[0.543s] writing requirements to ../../build/robot_bringup/robot_bringup.egg-info/requires.txt
[0.544s] writing top-level names to ../../build/robot_bringup/robot_bringup.egg-info/top_level.txt
[0.544s] writing manifest file '../../build/robot_bringup/robot_bringup.egg-info/SOURCES.txt'
[0.545s] reading manifest file '../../build/robot_bringup/robot_bringup.egg-info/SOURCES.txt'
[0.546s] writing manifest file '../../build/robot_bringup/robot_bringup.egg-info/SOURCES.txt'
[0.546s] running build
[0.546s] running build_py
[0.546s] creating /home/rss/robot_harry/robotik/build/robot_bringup/build
[0.546s] creating /home/rss/robot_harry/robotik/build/robot_bringup/build/lib
[0.546s] creating /home/rss/robot_harry/robotik/build/robot_bringup/build/lib/robot_bringup
[0.546s] copying robot_bringup/__init__.py -> /home/rss/robot_harry/robotik/build/robot_bringup/build/lib/robot_bringup
[0.546s] running install
[0.546s] running install_lib
[0.547s] creating /home/rss/robot_harry/robotik/install/robot_bringup/lib/python3.10/site-packages/robot_bringup
[0.547s] copying /home/rss/robot_harry/robotik/build/robot_bringup/build/lib/robot_bringup/__init__.py -> /home/rss/robot_harry/robotik/install/robot_bringup/lib/python3.10/site-packages/robot_bringup
[0.548s] byte-compiling /home/rss/robot_harry/robotik/install/robot_bringup/lib/python3.10/site-packages/robot_bringup/__init__.py to __init__.cpython-310.pyc
[0.548s] running install_data
[0.548s] creating /home/rss/robot_harry/robotik/install/robot_bringup/share/ament_index
[0.548s] creating /home/rss/robot_harry/robotik/install/robot_bringup/share/ament_index/resource_index
[0.548s] creating /home/rss/robot_harry/robotik/install/robot_bringup/share/ament_index/resource_index/packages
[0.548s] copying resource/robot_bringup -> /home/rss/robot_harry/robotik/install/robot_bringup/share/ament_index/resource_index/packages
[0.548s] copying package.xml -> /home/rss/robot_harry/robotik/install/robot_bringup/share/robot_bringup
[0.548s] creating /home/rss/robot_harry/robotik/install/robot_bringup/share/robot_bringup/launch
[0.548s] copying launch/robot.launch.yaml -> /home/rss/robot_harry/robotik/install/robot_bringup/share/robot_bringup/launch
[0.548s] copying launch/republisher.launch.py -> /home/rss/robot_harry/robotik/install/robot_bringup/share/robot_bringup/launch
[0.548s] running install_egg_info
[0.549s] Copying ../../build/robot_bringup/robot_bringup.egg-info to /home/rss/robot_harry/robotik/install/robot_bringup/lib/python3.10/site-packages/robot_bringup-0.0.0-py3.10.egg-info
[0.550s] running install_scripts
[0.563s] writing list of installed files to '/home/rss/robot_harry/robotik/build/robot_bringup/install.log'
[0.578s] Invoked command in '/home/rss/robot_harry/robotik/src/robot_bringup' returned '0': PYTHONPATH=/home/rss/robot_harry/robotik/build/robot_bringup/prefix_override:/usr/lib/python3/dist-packages/colcon_core/task/python/colcon_distutils_commands:/home/rss/robot_harry/robotik/install/robot_bringup/lib/python3.10/site-packages:${PYTHONPATH} /usr/bin/python3 -W ignore:setup.py install is deprecated -W ignore:easy_install command is deprecated setup.py egg_info --egg-base ../../build/robot_bringup build --build-base /home/rss/robot_harry/robotik/build/robot_bringup/build install --record /home/rss/robot_harry/robotik/build/robot_bringup/install.log --single-version-externally-managed install_data
