[0.154s] Invoking command in '/home/harry/robot/build/apriltag_ros': CMAKE_PREFIX_PATH=/home/harry/robot/install/apriltag_msgs:/home/harry/robot/install/turtlesim:/home/harry/robot/install/test_package:/home/harry/robot/install/tb3_gazebo:/home/harry/robot/install/my_robot_slam:/home/harry/robot/install/art_maze:/home/harry/robot/install/apriltag_ros:/home/harry/install/turtlesim:/home/harry/install/test_package:/home/harry/robot/install/my_first_package:/home/harry/robot/install/tb3_description:/home/harry/robot/install/tag_detection:/home/harry/robot/install/curator:/home/harry/robot/install/challenge_2025:/home/harry/install/my_first_package:/opt/ros/humble LD_LIBRARY_PATH=/home/harry/robot/install/apriltag_msgs/lib:/home/harry/robot/install/turtlesim/lib:/home/harry/robot/install/apriltag_ros/lib:/home/harry/install/turtlesim/lib:/usr/lib/x86_64-linux-gnu/gazebo-11/plugins:/opt/ros/humble/opt/rviz_ogre_vendor/lib:/opt/ros/humble/lib/x86_64-linux-gnu:/opt/ros/humble/lib /usr/bin/cmake --build /home/harry/robot/build/apriltag_ros -- -j8 -l8
[0.766s] [ 20%] Built target tags
[1.049s] [ 40%] Built target conversion
[1.086s] [ 60%] Built target apriltag_node
[1.630s] [ 80%] Built target pose_estimation
[1.833s] [100%] Built target AprilTagNode
[2.205s] Invoked command in '/home/harry/robot/build/apriltag_ros' returned '0': CMAKE_PREFIX_PATH=/home/harry/robot/install/apriltag_msgs:/home/harry/robot/install/turtlesim:/home/harry/robot/install/test_package:/home/harry/robot/install/tb3_gazebo:/home/harry/robot/install/my_robot_slam:/home/harry/robot/install/art_maze:/home/harry/robot/install/apriltag_ros:/home/harry/install/turtlesim:/home/harry/install/test_package:/home/harry/robot/install/my_first_package:/home/harry/robot/install/tb3_description:/home/harry/robot/install/tag_detection:/home/harry/robot/install/curator:/home/harry/robot/install/challenge_2025:/home/harry/install/my_first_package:/opt/ros/humble LD_LIBRARY_PATH=/home/harry/robot/install/apriltag_msgs/lib:/home/harry/robot/install/turtlesim/lib:/home/harry/robot/install/apriltag_ros/lib:/home/harry/install/turtlesim/lib:/usr/lib/x86_64-linux-gnu/gazebo-11/plugins:/opt/ros/humble/opt/rviz_ogre_vendor/lib:/opt/ros/humble/lib/x86_64-linux-gnu:/opt/ros/humble/lib /usr/bin/cmake --build /home/harry/robot/build/apriltag_ros -- -j8 -l8
[2.250s] Invoking command in '/home/harry/robot/build/apriltag_ros': CMAKE_PREFIX_PATH=/home/harry/robot/install/apriltag_msgs:/home/harry/robot/install/turtlesim:/home/harry/robot/install/test_package:/home/harry/robot/install/tb3_gazebo:/home/harry/robot/install/my_robot_slam:/home/harry/robot/install/art_maze:/home/harry/robot/install/apriltag_ros:/home/harry/install/turtlesim:/home/harry/install/test_package:/home/harry/robot/install/my_first_package:/home/harry/robot/install/tb3_description:/home/harry/robot/install/tag_detection:/home/harry/robot/install/curator:/home/harry/robot/install/challenge_2025:/home/harry/install/my_first_package:/opt/ros/humble LD_LIBRARY_PATH=/home/harry/robot/install/apriltag_msgs/lib:/home/harry/robot/install/turtlesim/lib:/home/harry/robot/install/apriltag_ros/lib:/home/harry/install/turtlesim/lib:/usr/lib/x86_64-linux-gnu/gazebo-11/plugins:/opt/ros/humble/opt/rviz_ogre_vendor/lib:/opt/ros/humble/lib/x86_64-linux-gnu:/opt/ros/humble/lib /usr/bin/cmake --install /home/harry/robot/build/apriltag_ros
[2.350s] -- Install configuration: ""
[2.382s] -- Up-to-date: /home/harry/robot/install/apriltag_ros/lib/apriltag_ros/apriltag_node
[2.386s] -- Up-to-date: /home/harry/robot/install/apriltag_ros/share/apriltag_ros/environment/library_path.sh
[2.386s] -- Up-to-date: /home/harry/robot/install/apriltag_ros/share/apriltag_ros/environment/library_path.dsv
[2.407s] -- Up-to-date: /home/harry/robot/install/apriltag_ros/lib/libAprilTagNode.so
[2.407s] -- Up-to-date: /home/harry/robot/install/apriltag_ros/share/apriltag_ros/cfg
[2.408s] -- Up-to-date: /home/harry/robot/install/apriltag_ros/share/apriltag_ros/cfg/tags_36h11.yaml
[2.412s] -- Up-to-date: /home/harry/robot/install/apriltag_ros/share/apriltag_ros/launch
[2.438s] -- Up-to-date: /home/harry/robot/install/apriltag_ros/share/apriltag_ros/launch/camera_36h11.launch.yml
[2.438s] -- Up-to-date: /home/harry/robot/install/apriltag_ros/share/ament_index/resource_index/package_run_dependencies/apriltag_ros
[2.439s] -- Up-to-date: /home/harry/robot/install/apriltag_ros/share/ament_index/resource_index/parent_prefix_path/apriltag_ros
[2.440s] -- Up-to-date: /home/harry/robot/install/apriltag_ros/share/apriltag_ros/environment/ament_prefix_path.sh
[2.440s] -- Up-to-date: /home/harry/robot/install/apriltag_ros/share/apriltag_ros/environment/ament_prefix_path.dsv
[2.441s] -- Up-to-date: /home/harry/robot/install/apriltag_ros/share/apriltag_ros/environment/path.sh
[2.441s] -- Up-to-date: /home/harry/robot/install/apriltag_ros/share/apriltag_ros/environment/path.dsv
[2.442s] -- Up-to-date: /home/harry/robot/install/apriltag_ros/share/apriltag_ros/local_setup.bash
[2.445s] -- Up-to-date: /home/harry/robot/install/apriltag_ros/share/apriltag_ros/local_setup.sh
[2.450s] -- Up-to-date: /home/harry/robot/install/apriltag_ros/share/apriltag_ros/local_setup.zsh
[2.450s] -- Up-to-date: /home/harry/robot/install/apriltag_ros/share/apriltag_ros/local_setup.dsv
[2.455s] -- Installing: /home/harry/robot/install/apriltag_ros/share/apriltag_ros/package.dsv
[2.455s] -- Up-to-date: /home/harry/robot/install/apriltag_ros/share/ament_index/resource_index/packages/apriltag_ros
[2.456s] -- Up-to-date: /home/harry/robot/install/apriltag_ros/share/ament_index/resource_index/rclcpp_components/apriltag_ros
[2.456s] -- Up-to-date: /home/harry/robot/install/apriltag_ros/share/apriltag_ros/cmake/apriltag_rosConfig.cmake
[2.457s] -- Up-to-date: /home/harry/robot/install/apriltag_ros/share/apriltag_ros/cmake/apriltag_rosConfig-version.cmake
[2.457s] -- Up-to-date: /home/harry/robot/install/apriltag_ros/share/apriltag_ros/package.xml
[2.463s] Invoked command in '/home/harry/robot/build/apriltag_ros' returned '0': CMAKE_PREFIX_PATH=/home/harry/robot/install/apriltag_msgs:/home/harry/robot/install/turtlesim:/home/harry/robot/install/test_package:/home/harry/robot/install/tb3_gazebo:/home/harry/robot/install/my_robot_slam:/home/harry/robot/install/art_maze:/home/harry/robot/install/apriltag_ros:/home/harry/install/turtlesim:/home/harry/install/test_package:/home/harry/robot/install/my_first_package:/home/harry/robot/install/tb3_description:/home/harry/robot/install/tag_detection:/home/harry/robot/install/curator:/home/harry/robot/install/challenge_2025:/home/harry/install/my_first_package:/opt/ros/humble LD_LIBRARY_PATH=/home/harry/robot/install/apriltag_msgs/lib:/home/harry/robot/install/turtlesim/lib:/home/harry/robot/install/apriltag_ros/lib:/home/harry/install/turtlesim/lib:/usr/lib/x86_64-linux-gnu/gazebo-11/plugins:/opt/ros/humble/opt/rviz_ogre_vendor/lib:/opt/ros/humble/lib/x86_64-linux-gnu:/opt/ros/humble/lib /usr/bin/cmake --install /home/harry/robot/build/apriltag_ros
