[3.308s] Invoking command in '/home/harry/robot/src/tag_detection': PYTHONPATH=/home/harry/robot/build/tag_detection/prefix_override:/usr/lib/python3/dist-packages/colcon_core/task/python/colcon_distutils_commands:/home/harry/robot/install/tag_detection/lib/python3.10/site-packages:${PYTHONPATH} /usr/bin/python3 -W ignore:setup.py install is deprecated -W ignore:easy_install command is deprecated setup.py egg_info --egg-base ../../build/tag_detection build --build-base /home/harry/robot/build/tag_detection/build install --record /home/harry/robot/build/tag_detection/install.log --single-version-externally-managed install_data
[4.443s] running egg_info
[4.443s] writing ../../build/tag_detection/tag_detection.egg-info/PKG-INFO
[4.455s] writing dependency_links to ../../build/tag_detection/tag_detection.egg-info/dependency_links.txt
[4.455s] writing entry points to ../../build/tag_detection/tag_detection.egg-info/entry_points.txt
[4.456s] writing requirements to ../../build/tag_detection/tag_detection.egg-info/requires.txt
[4.456s] writing top-level names to ../../build/tag_detection/tag_detection.egg-info/top_level.txt
[4.457s] reading manifest file '../../build/tag_detection/tag_detection.egg-info/SOURCES.txt'
[4.457s] writing manifest file '../../build/tag_detection/tag_detection.egg-info/SOURCES.txt'
[4.458s] running build
[4.459s] running build_py
[4.459s] copying tag_detection/tf_listener.py -> /home/harry/robot/build/tag_detection/build/lib/tag_detection
[4.462s] running install
[4.464s] running install_lib
[4.473s] copying /home/harry/robot/build/tag_detection/build/lib/tag_detection/tf_listener.py -> /home/harry/robot/install/tag_detection/lib/python3.10/site-packages/tag_detection
[4.473s] byte-compiling /home/harry/robot/install/tag_detection/lib/python3.10/site-packages/tag_detection/tf_listener.py to tf_listener.cpython-310.pyc
[4.475s] running install_data
[4.476s] running install_egg_info
[4.491s] removing '/home/harry/robot/install/tag_detection/lib/python3.10/site-packages/tag_detection-0.0.0-py3.10.egg-info' (and everything under it)
[4.494s] Copying ../../build/tag_detection/tag_detection.egg-info to /home/harry/robot/install/tag_detection/lib/python3.10/site-packages/tag_detection-0.0.0-py3.10.egg-info
[4.503s] running install_scripts
[4.592s] Installing distance_calc script to /home/harry/robot/install/tag_detection/lib/tag_detection
[4.594s] Installing listenernode script to /home/harry/robot/install/tag_detection/lib/tag_detection
[4.595s] writing list of installed files to '/home/harry/robot/build/tag_detection/install.log'
[4.722s] Invoked command in '/home/harry/robot/src/tag_detection' returned '0': PYTHONPATH=/home/harry/robot/build/tag_detection/prefix_override:/usr/lib/python3/dist-packages/colcon_core/task/python/colcon_distutils_commands:/home/harry/robot/install/tag_detection/lib/python3.10/site-packages:${PYTHONPATH} /usr/bin/python3 -W ignore:setup.py install is deprecated -W ignore:easy_install command is deprecated setup.py egg_info --egg-base ../../build/tag_detection build --build-base /home/harry/robot/build/tag_detection/build install --record /home/harry/robot/build/tag_detection/install.log --single-version-externally-managed install_data
