[0.933s] Invoking command in '/home/harry/robot/build/apriltag_msgs': CMAKE_PREFIX_PATH=${CMAKE_PREFIX_PATH}:/home/harry/robot/install/my_first_package:/home/harry/robot/install/tb3_description:/home/harry/robot/install/tag_detection:/home/harry/robot/install/curator:/home/harry/robot/install/challenge_2025:/home/harry/install/my_first_package:/opt/ros/humble /usr/bin/cmake --build /home/harry/robot/build/apriltag_msgs -- -j2 -l2
[5.544s] [  2%] Built target apriltag_msgs__cpp
[8.182s] [ 12%] Built target apriltag_msgs__rosidl_generator_c
[10.567s] [ 12%] Built target ament_cmake_python_copy_apriltag_msgs
[12.551s] [ 23%] Built target apriltag_msgs__rosidl_typesupport_cpp
[14.401s] [ 34%] Built target apriltag_msgs__rosidl_typesupport_fastrtps_c
[15.582s] [ 44%] Built target apriltag_msgs__rosidl_typesupport_introspection_c
[16.967s] [ 55%] Built target apriltag_msgs__rosidl_typesupport_c
[18.498s] [ 65%] Built target apriltag_msgs__rosidl_typesupport_fastrtps_cpp
[20.331s] [ 76%] Built target apriltag_msgs__rosidl_typesupport_introspection_cpp
[31.685s] running egg_info
[31.685s] writing apriltag_msgs.egg-info/PKG-INFO
[31.690s] writing dependency_links to apriltag_msgs.egg-info/dependency_links.txt
[31.698s] writing top-level names to apriltag_msgs.egg-info/top_level.txt
[31.731s] reading manifest file 'apriltag_msgs.egg-info/SOURCES.txt'
[31.749s] writing manifest file 'apriltag_msgs.egg-info/SOURCES.txt'
[32.583s] [ 76%] Built target ament_cmake_python_build_apriltag_msgs_egg
[33.998s] [ 76%] Built target apriltag_msgs
[36.310s] [ 78%] Built target apriltag_msgs__py
[38.161s] [ 87%] Built target apriltag_msgs__rosidl_generator_py
[39.961s] [ 91%] Built target apriltag_msgs__rosidl_typesupport_fastrtps_c__pyext
[41.780s] [ 95%] Built target apriltag_msgs__rosidl_typesupport_introspection_c__pyext
[42.843s] [100%] Built target apriltag_msgs__rosidl_typesupport_c__pyext
[44.381s] Invoked command in '/home/harry/robot/build/apriltag_msgs' returned '0': CMAKE_PREFIX_PATH=${CMAKE_PREFIX_PATH}:/home/harry/robot/install/my_first_package:/home/harry/robot/install/tb3_description:/home/harry/robot/install/tag_detection:/home/harry/robot/install/curator:/home/harry/robot/install/challenge_2025:/home/harry/install/my_first_package:/opt/ros/humble /usr/bin/cmake --build /home/harry/robot/build/apriltag_msgs -- -j2 -l2
[44.411s] Invoking command in '/home/harry/robot/build/apriltag_msgs': CMAKE_PREFIX_PATH=${CMAKE_PREFIX_PATH}:/home/harry/robot/install/my_first_package:/home/harry/robot/install/tb3_description:/home/harry/robot/install/tag_detection:/home/harry/robot/install/curator:/home/harry/robot/install/challenge_2025:/home/harry/install/my_first_package:/opt/ros/humble /usr/bin/cmake --install /home/harry/robot/build/apriltag_msgs
[44.835s] -- Install configuration: ""
[44.893s] -- Up-to-date: /home/harry/robot/install/apriltag_msgs/share/ament_index/resource_index/rosidl_interfaces/apriltag_msgs
[44.893s] -- Up-to-date: /home/harry/robot/install/apriltag_msgs/include/apriltag_msgs/apriltag_msgs
[44.909s] -- Up-to-date: /home/harry/robot/install/apriltag_msgs/include/apriltag_msgs/apriltag_msgs/msg
[44.937s] -- Up-to-date: /home/harry/robot/install/apriltag_msgs/include/apriltag_msgs/apriltag_msgs/msg/point.h
[44.948s] -- Up-to-date: /home/harry/robot/install/apriltag_msgs/include/apriltag_msgs/apriltag_msgs/msg/april_tag_detection.h
[44.959s] -- Up-to-date: /home/harry/robot/install/apriltag_msgs/include/apriltag_msgs/apriltag_msgs/msg/rosidl_generator_c__visibility_control.h
[44.960s] -- Up-to-date: /home/harry/robot/install/apriltag_msgs/include/apriltag_msgs/apriltag_msgs/msg/april_tag_detection_array.h
[44.960s] -- Up-to-date: /home/harry/robot/install/apriltag_msgs/include/apriltag_msgs/apriltag_msgs/msg/detail
[44.990s] -- Up-to-date: /home/harry/robot/install/apriltag_msgs/include/apriltag_msgs/apriltag_msgs/msg/detail/april_tag_detection_array__type_support.h
[45.005s] -- Up-to-date: /home/harry/robot/install/apriltag_msgs/include/apriltag_msgs/apriltag_msgs/msg/detail/point__struct.h
[45.019s] -- Up-to-date: /home/harry/robot/install/apriltag_msgs/include/apriltag_msgs/apriltag_msgs/msg/detail/point__type_support.h
[45.040s] -- Up-to-date: /home/harry/robot/install/apriltag_msgs/include/apriltag_msgs/apriltag_msgs/msg/detail/april_tag_detection_array__struct.h
[45.049s] -- Up-to-date: /home/harry/robot/install/apriltag_msgs/include/apriltag_msgs/apriltag_msgs/msg/detail/april_tag_detection__functions.h
[45.050s] -- Up-to-date: /home/harry/robot/install/apriltag_msgs/include/apriltag_msgs/apriltag_msgs/msg/detail/april_tag_detection_array__functions.h
[45.094s] -- Up-to-date: /home/harry/robot/install/apriltag_msgs/include/apriltag_msgs/apriltag_msgs/msg/detail/point__functions.h
[45.104s] -- Up-to-date: /home/harry/robot/install/apriltag_msgs/include/apriltag_msgs/apriltag_msgs/msg/detail/point__functions.c
[45.105s] -- Up-to-date: /home/harry/robot/install/apriltag_msgs/include/apriltag_msgs/apriltag_msgs/msg/detail/april_tag_detection_array__functions.c
[45.132s] -- Up-to-date: /home/harry/robot/install/apriltag_msgs/include/apriltag_msgs/apriltag_msgs/msg/detail/april_tag_detection__functions.c
[45.140s] -- Up-to-date: /home/harry/robot/install/apriltag_msgs/include/apriltag_msgs/apriltag_msgs/msg/detail/april_tag_detection__struct.h
[45.161s] -- Up-to-date: /home/harry/robot/install/apriltag_msgs/include/apriltag_msgs/apriltag_msgs/msg/detail/april_tag_detection__type_support.h
[45.168s] -- Up-to-date: /home/harry/robot/install/apriltag_msgs/share/apriltag_msgs/environment/library_path.sh
[45.168s] -- Up-to-date: /home/harry/robot/install/apriltag_msgs/share/apriltag_msgs/environment/library_path.dsv
[45.200s] -- Up-to-date: /home/harry/robot/install/apriltag_msgs/lib/libapriltag_msgs__rosidl_generator_c.so
[45.266s] -- Up-to-date: /home/harry/robot/install/apriltag_msgs/include/apriltag_msgs/apriltag_msgs
[45.309s] -- Up-to-date: /home/harry/robot/install/apriltag_msgs/include/apriltag_msgs/apriltag_msgs/msg
[45.326s] -- Up-to-date: /home/harry/robot/install/apriltag_msgs/include/apriltag_msgs/apriltag_msgs/msg/rosidl_typesupport_fastrtps_c__visibility_control.h
[45.326s] -- Up-to-date: /home/harry/robot/install/apriltag_msgs/include/apriltag_msgs/apriltag_msgs/msg/detail
[45.326s] -- Up-to-date: /home/harry/robot/install/apriltag_msgs/include/apriltag_msgs/apriltag_msgs/msg/detail/april_tag_detection_array__rosidl_typesupport_fastrtps_c.h
[45.348s] -- Up-to-date: /home/harry/robot/install/apriltag_msgs/include/apriltag_msgs/apriltag_msgs/msg/detail/point__rosidl_typesupport_fastrtps_c.h
[45.348s] -- Up-to-date: /home/harry/robot/install/apriltag_msgs/include/apriltag_msgs/apriltag_msgs/msg/detail/april_tag_detection__rosidl_typesupport_fastrtps_c.h
[45.380s] -- Up-to-date: /home/harry/robot/install/apriltag_msgs/lib/libapriltag_msgs__rosidl_typesupport_fastrtps_c.so
[45.390s] -- Up-to-date: /home/harry/robot/install/apriltag_msgs/include/apriltag_msgs/apriltag_msgs
[45.421s] -- Up-to-date: /home/harry/robot/install/apriltag_msgs/include/apriltag_msgs/apriltag_msgs/msg
[45.421s] -- Up-to-date: /home/harry/robot/install/apriltag_msgs/include/apriltag_msgs/apriltag_msgs/msg/rosidl_typesupport_introspection_c__visibility_control.h
[45.450s] -- Up-to-date: /home/harry/robot/install/apriltag_msgs/include/apriltag_msgs/apriltag_msgs/msg/detail
[45.450s] -- Up-to-date: /home/harry/robot/install/apriltag_msgs/include/apriltag_msgs/apriltag_msgs/msg/detail/april_tag_detection__rosidl_typesupport_introspection_c.h
[45.462s] -- Up-to-date: /home/harry/robot/install/apriltag_msgs/include/apriltag_msgs/apriltag_msgs/msg/detail/april_tag_detection__type_support.c
[45.498s] -- Up-to-date: /home/harry/robot/install/apriltag_msgs/include/apriltag_msgs/apriltag_msgs/msg/detail/april_tag_detection_array__rosidl_typesupport_introspection_c.h
[45.498s] -- Up-to-date: /home/harry/robot/install/apriltag_msgs/include/apriltag_msgs/apriltag_msgs/msg/detail/point__rosidl_typesupport_introspection_c.h
[45.499s] -- Up-to-date: /home/harry/robot/install/apriltag_msgs/include/apriltag_msgs/apriltag_msgs/msg/detail/point__type_support.c
[45.510s] -- Up-to-date: /home/harry/robot/install/apriltag_msgs/include/apriltag_msgs/apriltag_msgs/msg/detail/april_tag_detection_array__type_support.c
[45.555s] -- Up-to-date: /home/harry/robot/install/apriltag_msgs/lib/libapriltag_msgs__rosidl_typesupport_introspection_c.so
[45.622s] -- Up-to-date: /home/harry/robot/install/apriltag_msgs/lib/libapriltag_msgs__rosidl_typesupport_c.so
[45.628s] -- Up-to-date: /home/harry/robot/install/apriltag_msgs/include/apriltag_msgs/apriltag_msgs
[45.644s] -- Up-to-date: /home/harry/robot/install/apriltag_msgs/include/apriltag_msgs/apriltag_msgs/msg
[45.644s] -- Up-to-date: /home/harry/robot/install/apriltag_msgs/include/apriltag_msgs/apriltag_msgs/msg/rosidl_generator_cpp__visibility_control.hpp
[45.649s] -- Up-to-date: /home/harry/robot/install/apriltag_msgs/include/apriltag_msgs/apriltag_msgs/msg/point.hpp
[45.674s] -- Up-to-date: /home/harry/robot/install/apriltag_msgs/include/apriltag_msgs/apriltag_msgs/msg/april_tag_detection_array.hpp
[45.675s] -- Up-to-date: /home/harry/robot/install/apriltag_msgs/include/apriltag_msgs/apriltag_msgs/msg/april_tag_detection.hpp
[45.676s] -- Up-to-date: /home/harry/robot/install/apriltag_msgs/include/apriltag_msgs/apriltag_msgs/msg/detail
[45.698s] -- Up-to-date: /home/harry/robot/install/apriltag_msgs/include/apriltag_msgs/apriltag_msgs/msg/detail/point__traits.hpp
[45.739s] -- Up-to-date: /home/harry/robot/install/apriltag_msgs/include/apriltag_msgs/apriltag_msgs/msg/detail/april_tag_detection_array__type_support.hpp
[45.751s] -- Up-to-date: /home/harry/robot/install/apriltag_msgs/include/apriltag_msgs/apriltag_msgs/msg/detail/april_tag_detection_array__builder.hpp
[45.767s] -- Up-to-date: /home/harry/robot/install/apriltag_msgs/include/apriltag_msgs/apriltag_msgs/msg/detail/april_tag_detection_array__struct.hpp
[45.767s] -- Up-to-date: /home/harry/robot/install/apriltag_msgs/include/apriltag_msgs/apriltag_msgs/msg/detail/april_tag_detection__struct.hpp
[45.806s] -- Up-to-date: /home/harry/robot/install/apriltag_msgs/include/apriltag_msgs/apriltag_msgs/msg/detail/april_tag_detection__type_support.hpp
[45.821s] -- Up-to-date: /home/harry/robot/install/apriltag_msgs/include/apriltag_msgs/apriltag_msgs/msg/detail/point__type_support.hpp
[45.830s] -- Up-to-date: /home/harry/robot/install/apriltag_msgs/include/apriltag_msgs/apriltag_msgs/msg/detail/april_tag_detection_array__traits.hpp
[45.830s] -- Up-to-date: /home/harry/robot/install/apriltag_msgs/include/apriltag_msgs/apriltag_msgs/msg/detail/april_tag_detection__builder.hpp
[45.830s] -- Up-to-date: /home/harry/robot/install/apriltag_msgs/include/apriltag_msgs/apriltag_msgs/msg/detail/april_tag_detection__traits.hpp
[45.878s] -- Up-to-date: /home/harry/robot/install/apriltag_msgs/include/apriltag_msgs/apriltag_msgs/msg/detail/point__struct.hpp
[45.892s] -- Up-to-date: /home/harry/robot/install/apriltag_msgs/include/apriltag_msgs/apriltag_msgs/msg/detail/point__builder.hpp
[45.902s] -- Up-to-date: /home/harry/robot/install/apriltag_msgs/include/apriltag_msgs/apriltag_msgs
[45.915s] -- Up-to-date: /home/harry/robot/install/apriltag_msgs/include/apriltag_msgs/apriltag_msgs/msg
[45.971s] -- Up-to-date: /home/harry/robot/install/apriltag_msgs/include/apriltag_msgs/apriltag_msgs/msg/rosidl_typesupport_fastrtps_cpp__visibility_control.h
[46.001s] -- Up-to-date: /home/harry/robot/install/apriltag_msgs/include/apriltag_msgs/apriltag_msgs/msg/detail
[46.003s] -- Up-to-date: /home/harry/robot/install/apriltag_msgs/include/apriltag_msgs/apriltag_msgs/msg/detail/dds_fastrtps
[46.003s] -- Up-to-date: /home/harry/robot/install/apriltag_msgs/include/apriltag_msgs/apriltag_msgs/msg/detail/april_tag_detection__rosidl_typesupport_fastrtps_cpp.hpp
[46.007s] -- Up-to-date: /home/harry/robot/install/apriltag_msgs/include/apriltag_msgs/apriltag_msgs/msg/detail/point__rosidl_typesupport_fastrtps_cpp.hpp
[46.008s] -- Up-to-date: /home/harry/robot/install/apriltag_msgs/include/apriltag_msgs/apriltag_msgs/msg/detail/april_tag_detection_array__rosidl_typesupport_fastrtps_cpp.hpp
[46.012s] -- Up-to-date: /home/harry/robot/install/apriltag_msgs/lib/libapriltag_msgs__rosidl_typesupport_fastrtps_cpp.so
[46.012s] -- Up-to-date: /home/harry/robot/install/apriltag_msgs/include/apriltag_msgs/apriltag_msgs
[46.013s] -- Up-to-date: /home/harry/robot/install/apriltag_msgs/include/apriltag_msgs/apriltag_msgs/msg
[46.013s] -- Up-to-date: /home/harry/robot/install/apriltag_msgs/include/apriltag_msgs/apriltag_msgs/msg/detail
[46.016s] -- Up-to-date: /home/harry/robot/install/apriltag_msgs/include/apriltag_msgs/apriltag_msgs/msg/detail/april_tag_detection_array__rosidl_typesupport_introspection_cpp.hpp
[46.017s] -- Up-to-date: /home/harry/robot/install/apriltag_msgs/include/apriltag_msgs/apriltag_msgs/msg/detail/april_tag_detection__rosidl_typesupport_introspection_cpp.hpp
[46.017s] -- Up-to-date: /home/harry/robot/install/apriltag_msgs/include/apriltag_msgs/apriltag_msgs/msg/detail/april_tag_detection__type_support.cpp
[46.019s] -- Up-to-date: /home/harry/robot/install/apriltag_msgs/include/apriltag_msgs/apriltag_msgs/msg/detail/point__rosidl_typesupport_introspection_cpp.hpp
[46.020s] -- Up-to-date: /home/harry/robot/install/apriltag_msgs/include/apriltag_msgs/apriltag_msgs/msg/detail/point__type_support.cpp
[46.021s] -- Up-to-date: /home/harry/robot/install/apriltag_msgs/include/apriltag_msgs/apriltag_msgs/msg/detail/april_tag_detection_array__type_support.cpp
[46.031s] -- Up-to-date: /home/harry/robot/install/apriltag_msgs/lib/libapriltag_msgs__rosidl_typesupport_introspection_cpp.so
[46.133s] -- Up-to-date: /home/harry/robot/install/apriltag_msgs/lib/libapriltag_msgs__rosidl_typesupport_cpp.so
[46.203s] -- Up-to-date: /home/harry/robot/install/apriltag_msgs/share/apriltag_msgs/environment/pythonpath.sh
[46.214s] -- Up-to-date: /home/harry/robot/install/apriltag_msgs/share/apriltag_msgs/environment/pythonpath.dsv
[46.214s] -- Up-to-date: /home/harry/robot/install/apriltag_msgs/local/lib/python3.10/dist-packages/apriltag_msgs-2.0.1-py3.10.egg-info
[46.224s] -- Installing: /home/harry/robot/install/apriltag_msgs/local/lib/python3.10/dist-packages/apriltag_msgs-2.0.1-py3.10.egg-info/dependency_links.txt
[46.240s] -- Installing: /home/harry/robot/install/apriltag_msgs/local/lib/python3.10/dist-packages/apriltag_msgs-2.0.1-py3.10.egg-info/PKG-INFO
[46.250s] -- Installing: /home/harry/robot/install/apriltag_msgs/local/lib/python3.10/dist-packages/apriltag_msgs-2.0.1-py3.10.egg-info/top_level.txt
[46.277s] -- Installing: /home/harry/robot/install/apriltag_msgs/local/lib/python3.10/dist-packages/apriltag_msgs-2.0.1-py3.10.egg-info/SOURCES.txt
[46.299s] -- Up-to-date: /home/harry/robot/install/apriltag_msgs/local/lib/python3.10/dist-packages/apriltag_msgs
[46.339s] -- Up-to-date: /home/harry/robot/install/apriltag_msgs/local/lib/python3.10/dist-packages/apriltag_msgs/apriltag_msgs_s__rosidl_typesupport_fastrtps_c.cpython-310-x86_64-linux-gnu.so
[46.353s] -- Up-to-date: /home/harry/robot/install/apriltag_msgs/local/lib/python3.10/dist-packages/apriltag_msgs/__init__.py
[46.396s] -- Up-to-date: /home/harry/robot/install/apriltag_msgs/local/lib/python3.10/dist-packages/apriltag_msgs/apriltag_msgs_s__rosidl_typesupport_c.cpython-310-x86_64-linux-gnu.so
[46.405s] -- Up-to-date: /home/harry/robot/install/apriltag_msgs/local/lib/python3.10/dist-packages/apriltag_msgs/msg
[46.412s] -- Up-to-date: /home/harry/robot/install/apriltag_msgs/local/lib/python3.10/dist-packages/apriltag_msgs/msg/_april_tag_detection_array_s.c
[46.413s] -- Up-to-date: /home/harry/robot/install/apriltag_msgs/local/lib/python3.10/dist-packages/apriltag_msgs/msg/_april_tag_detection_s.c
[46.438s] -- Up-to-date: /home/harry/robot/install/apriltag_msgs/local/lib/python3.10/dist-packages/apriltag_msgs/msg/__init__.py
[46.439s] -- Up-to-date: /home/harry/robot/install/apriltag_msgs/local/lib/python3.10/dist-packages/apriltag_msgs/msg/_point.py
[46.439s] -- Up-to-date: /home/harry/robot/install/apriltag_msgs/local/lib/python3.10/dist-packages/apriltag_msgs/msg/_point_s.c
[46.461s] -- Up-to-date: /home/harry/robot/install/apriltag_msgs/local/lib/python3.10/dist-packages/apriltag_msgs/msg/_april_tag_detection_array.py
[46.491s] -- Up-to-date: /home/harry/robot/install/apriltag_msgs/local/lib/python3.10/dist-packages/apriltag_msgs/msg/_april_tag_detection.py
[46.500s] -- Up-to-date: /home/harry/robot/install/apriltag_msgs/local/lib/python3.10/dist-packages/apriltag_msgs/apriltag_msgs_s__rosidl_typesupport_introspection_c.cpython-310-x86_64-linux-gnu.so
[46.515s] -- Up-to-date: /home/harry/robot/install/apriltag_msgs/local/lib/python3.10/dist-packages/apriltag_msgs/_apriltag_msgs_s.ep.rosidl_typesupport_introspection_c.c
[46.523s] -- Up-to-date: /home/harry/robot/install/apriltag_msgs/local/lib/python3.10/dist-packages/apriltag_msgs/_apriltag_msgs_s.ep.rosidl_typesupport_c.c
[46.534s] -- Up-to-date: /home/harry/robot/install/apriltag_msgs/local/lib/python3.10/dist-packages/apriltag_msgs/libapriltag_msgs__rosidl_generator_py.so
[46.535s] -- Up-to-date: /home/harry/robot/install/apriltag_msgs/local/lib/python3.10/dist-packages/apriltag_msgs/_apriltag_msgs_s.ep.rosidl_typesupport_fastrtps_c.c
[48.093s] Listing '/home/harry/robot/install/apriltag_msgs/local/lib/python3.10/dist-packages/apriltag_msgs'...
[48.093s] Listing '/home/harry/robot/install/apriltag_msgs/local/lib/python3.10/dist-packages/apriltag_msgs/msg'...
[48.194s] -- Up-to-date: /home/harry/robot/install/apriltag_msgs/local/lib/python3.10/dist-packages/apriltag_msgs/apriltag_msgs_s__rosidl_typesupport_fastrtps_c.cpython-310-x86_64-linux-gnu.so
[48.203s] -- Up-to-date: /home/harry/robot/install/apriltag_msgs/local/lib/python3.10/dist-packages/apriltag_msgs/apriltag_msgs_s__rosidl_typesupport_introspection_c.cpython-310-x86_64-linux-gnu.so
[48.229s] -- Up-to-date: /home/harry/robot/install/apriltag_msgs/local/lib/python3.10/dist-packages/apriltag_msgs/apriltag_msgs_s__rosidl_typesupport_c.cpython-310-x86_64-linux-gnu.so
[48.260s] -- Up-to-date: /home/harry/robot/install/apriltag_msgs/lib/libapriltag_msgs__rosidl_generator_py.so
[48.288s] -- Up-to-date: /home/harry/robot/install/apriltag_msgs/share/apriltag_msgs/msg/Point.idl
[48.289s] -- Up-to-date: /home/harry/robot/install/apriltag_msgs/share/apriltag_msgs/msg/AprilTagDetection.idl
[48.289s] -- Up-to-date: /home/harry/robot/install/apriltag_msgs/share/apriltag_msgs/msg/AprilTagDetectionArray.idl
[48.289s] -- Up-to-date: /home/harry/robot/install/apriltag_msgs/share/apriltag_msgs/msg/Point.msg
[48.306s] -- Up-to-date: /home/harry/robot/install/apriltag_msgs/share/apriltag_msgs/msg/AprilTagDetection.msg
[48.306s] -- Up-to-date: /home/harry/robot/install/apriltag_msgs/share/apriltag_msgs/msg/AprilTagDetectionArray.msg
[48.313s] -- Up-to-date: /home/harry/robot/install/apriltag_msgs/share/ament_index/resource_index/package_run_dependencies/apriltag_msgs
[48.331s] -- Up-to-date: /home/harry/robot/install/apriltag_msgs/share/ament_index/resource_index/parent_prefix_path/apriltag_msgs
[48.337s] -- Up-to-date: /home/harry/robot/install/apriltag_msgs/share/apriltag_msgs/environment/ament_prefix_path.sh
[48.343s] -- Up-to-date: /home/harry/robot/install/apriltag_msgs/share/apriltag_msgs/environment/ament_prefix_path.dsv
[48.346s] -- Up-to-date: /home/harry/robot/install/apriltag_msgs/share/apriltag_msgs/environment/path.sh
[48.362s] -- Up-to-date: /home/harry/robot/install/apriltag_msgs/share/apriltag_msgs/environment/path.dsv
[48.362s] -- Up-to-date: /home/harry/robot/install/apriltag_msgs/share/apriltag_msgs/local_setup.bash
[48.367s] -- Up-to-date: /home/harry/robot/install/apriltag_msgs/share/apriltag_msgs/local_setup.sh
[48.373s] -- Up-to-date: /home/harry/robot/install/apriltag_msgs/share/apriltag_msgs/local_setup.zsh
[48.374s] -- Up-to-date: /home/harry/robot/install/apriltag_msgs/share/apriltag_msgs/local_setup.dsv
[48.374s] -- Installing: /home/harry/robot/install/apriltag_msgs/share/apriltag_msgs/package.dsv
[48.374s] -- Up-to-date: /home/harry/robot/install/apriltag_msgs/share/ament_index/resource_index/packages/apriltag_msgs
[48.396s] -- Up-to-date: /home/harry/robot/install/apriltag_msgs/share/apriltag_msgs/cmake/export_apriltag_msgs__rosidl_generator_cExport.cmake
[48.396s] -- Up-to-date: /home/harry/robot/install/apriltag_msgs/share/apriltag_msgs/cmake/export_apriltag_msgs__rosidl_generator_cExport-noconfig.cmake
[48.396s] -- Up-to-date: /home/harry/robot/install/apriltag_msgs/share/apriltag_msgs/cmake/export_apriltag_msgs__rosidl_typesupport_fastrtps_cExport.cmake
[48.405s] -- Up-to-date: /home/harry/robot/install/apriltag_msgs/share/apriltag_msgs/cmake/export_apriltag_msgs__rosidl_typesupport_fastrtps_cExport-noconfig.cmake
[48.406s] -- Up-to-date: /home/harry/robot/install/apriltag_msgs/share/apriltag_msgs/cmake/apriltag_msgs__rosidl_typesupport_introspection_cExport.cmake
[48.406s] -- Up-to-date: /home/harry/robot/install/apriltag_msgs/share/apriltag_msgs/cmake/apriltag_msgs__rosidl_typesupport_introspection_cExport-noconfig.cmake
[48.415s] -- Up-to-date: /home/harry/robot/install/apriltag_msgs/share/apriltag_msgs/cmake/apriltag_msgs__rosidl_typesupport_cExport.cmake
[48.421s] -- Up-to-date: /home/harry/robot/install/apriltag_msgs/share/apriltag_msgs/cmake/apriltag_msgs__rosidl_typesupport_cExport-noconfig.cmake
[48.429s] -- Up-to-date: /home/harry/robot/install/apriltag_msgs/share/apriltag_msgs/cmake/export_apriltag_msgs__rosidl_generator_cppExport.cmake
[48.434s] -- Up-to-date: /home/harry/robot/install/apriltag_msgs/share/apriltag_msgs/cmake/export_apriltag_msgs__rosidl_typesupport_fastrtps_cppExport.cmake
[48.435s] -- Up-to-date: /home/harry/robot/install/apriltag_msgs/share/apriltag_msgs/cmake/export_apriltag_msgs__rosidl_typesupport_fastrtps_cppExport-noconfig.cmake
[48.463s] -- Up-to-date: /home/harry/robot/install/apriltag_msgs/share/apriltag_msgs/cmake/apriltag_msgs__rosidl_typesupport_introspection_cppExport.cmake
[48.474s] -- Up-to-date: /home/harry/robot/install/apriltag_msgs/share/apriltag_msgs/cmake/apriltag_msgs__rosidl_typesupport_introspection_cppExport-noconfig.cmake
[48.479s] -- Up-to-date: /home/harry/robot/install/apriltag_msgs/share/apriltag_msgs/cmake/apriltag_msgs__rosidl_typesupport_cppExport.cmake
[48.479s] -- Up-to-date: /home/harry/robot/install/apriltag_msgs/share/apriltag_msgs/cmake/apriltag_msgs__rosidl_typesupport_cppExport-noconfig.cmake
[48.489s] -- Up-to-date: /home/harry/robot/install/apriltag_msgs/share/apriltag_msgs/cmake/export_apriltag_msgs__rosidl_generator_pyExport.cmake
[48.490s] -- Up-to-date: /home/harry/robot/install/apriltag_msgs/share/apriltag_msgs/cmake/export_apriltag_msgs__rosidl_generator_pyExport-noconfig.cmake
[48.490s] -- Up-to-date: /home/harry/robot/install/apriltag_msgs/share/apriltag_msgs/cmake/rosidl_cmake-extras.cmake
[48.490s] -- Up-to-date: /home/harry/robot/install/apriltag_msgs/share/apriltag_msgs/cmake/ament_cmake_export_dependencies-extras.cmake
[48.500s] -- Up-to-date: /home/harry/robot/install/apriltag_msgs/share/apriltag_msgs/cmake/ament_cmake_export_include_directories-extras.cmake
[48.501s] -- Up-to-date: /home/harry/robot/install/apriltag_msgs/share/apriltag_msgs/cmake/ament_cmake_export_libraries-extras.cmake
[48.502s] -- Up-to-date: /home/harry/robot/install/apriltag_msgs/share/apriltag_msgs/cmake/ament_cmake_export_targets-extras.cmake
[48.502s] -- Up-to-date: /home/harry/robot/install/apriltag_msgs/share/apriltag_msgs/cmake/rosidl_cmake_export_typesupport_targets-extras.cmake
[48.509s] -- Up-to-date: /home/harry/robot/install/apriltag_msgs/share/apriltag_msgs/cmake/rosidl_cmake_export_typesupport_libraries-extras.cmake
[48.517s] -- Up-to-date: /home/harry/robot/install/apriltag_msgs/share/apriltag_msgs/cmake/apriltag_msgsConfig.cmake
[48.517s] -- Up-to-date: /home/harry/robot/install/apriltag_msgs/share/apriltag_msgs/cmake/apriltag_msgsConfig-version.cmake
[48.531s] -- Up-to-date: /home/harry/robot/install/apriltag_msgs/share/apriltag_msgs/package.xml
[48.618s] Invoked command in '/home/harry/robot/build/apriltag_msgs' returned '0': CMAKE_PREFIX_PATH=${CMAKE_PREFIX_PATH}:/home/harry/robot/install/my_first_package:/home/harry/robot/install/tb3_description:/home/harry/robot/install/tag_detection:/home/harry/robot/install/curator:/home/harry/robot/install/challenge_2025:/home/harry/install/my_first_package:/opt/ros/humble /usr/bin/cmake --install /home/harry/robot/build/apriltag_msgs
