running egg_info
writing ../../build/pub_sub/pub_sub.egg-info/PKG-INFO
writing dependency_links to ../../build/pub_sub/pub_sub.egg-info/dependency_links.txt
writing entry points to ../../build/pub_sub/pub_sub.egg-info/entry_points.txt
writing requirements to ../../build/pub_sub/pub_sub.egg-info/requires.txt
writing top-level names to ../../build/pub_sub/pub_sub.egg-info/top_level.txt
reading manifest file '../../build/pub_sub/pub_sub.egg-info/SOURCES.txt'
writing manifest file '../../build/pub_sub/pub_sub.egg-info/SOURCES.txt'
running build
running build_py
copying pub_sub/sub.py -> /home/rss/robot_harry/robotik/build/pub_sub/build/lib/pub_sub
copying pub_sub/communication_node.py -> /home/rss/robot_harry/robotik/build/pub_sub/build/lib/pub_sub
copying pub_sub/publisher.py -> /home/rss/robot_harry/robotik/build/pub_sub/build/lib/pub_sub
running install
running install_lib
copying /home/rss/robot_harry/robotik/build/pub_sub/build/lib/pub_sub/sub.py -> /home/rss/robot_harry/robotik/install/pub_sub/lib/python3.10/site-packages/pub_sub
copying /home/rss/robot_harry/robotik/build/pub_sub/build/lib/pub_sub/communication_node.py -> /home/rss/robot_harry/robotik/install/pub_sub/lib/python3.10/site-packages/pub_sub
copying /home/rss/robot_harry/robotik/build/pub_sub/build/lib/pub_sub/publisher.py -> /home/rss/robot_harry/robotik/install/pub_sub/lib/python3.10/site-packages/pub_sub
byte-compiling /home/rss/robot_harry/robotik/install/pub_sub/lib/python3.10/site-packages/pub_sub/sub.py to sub.cpython-310.pyc
byte-compiling /home/rss/robot_harry/robotik/install/pub_sub/lib/python3.10/site-packages/pub_sub/communication_node.py to communication_node.cpython-310.pyc
byte-compiling /home/rss/robot_harry/robotik/install/pub_sub/lib/python3.10/site-packages/pub_sub/publisher.py to publisher.cpython-310.pyc
running install_data
running install_egg_info
removing '/home/rss/robot_harry/robotik/install/pub_sub/lib/python3.10/site-packages/pub_sub-0.0.0-py3.10.egg-info' (and everything under it)
Copying ../../build/pub_sub/pub_sub.egg-info to /home/rss/robot_harry/robotik/install/pub_sub/lib/python3.10/site-packages/pub_sub-0.0.0-py3.10.egg-info
running install_scripts
Installing publisher_node script to /home/rss/robot_harry/robotik/install/pub_sub/lib/pub_sub
Installing subscriber_node script to /home/rss/robot_harry/robotik/install/pub_sub/lib/pub_sub
writing list of installed files to '/home/rss/robot_harry/robotik/build/pub_sub/install.log'
