[0.382s] Invoking command in '/home/rss/robot_harry/robotik/src/pub_sub': PYTHONPATH=/home/rss/robot_harry/robotik/build/pub_sub/prefix_override:/usr/lib/python3/dist-packages/colcon_core/task/python/colcon_distutils_commands:/home/rss/robot_harry/robotik/install/pub_sub/lib/python3.10/site-packages:${PYTHONPATH} /usr/bin/python3 -W ignore:setup.py install is deprecated -W ignore:easy_install command is deprecated setup.py egg_info --egg-base ../../build/pub_sub build --build-base /home/rss/robot_harry/robotik/build/pub_sub/build install --record /home/rss/robot_harry/robotik/build/pub_sub/install.log --single-version-externally-managed install_data
[0.532s] running egg_info
[0.532s] writing ../../build/pub_sub/pub_sub.egg-info/PKG-INFO
[0.532s] writing dependency_links to ../../build/pub_sub/pub_sub.egg-info/dependency_links.txt
[0.532s] writing entry points to ../../build/pub_sub/pub_sub.egg-info/entry_points.txt
[0.532s] writing requirements to ../../build/pub_sub/pub_sub.egg-info/requires.txt
[0.532s] writing top-level names to ../../build/pub_sub/pub_sub.egg-info/top_level.txt
[0.534s] reading manifest file '../../build/pub_sub/pub_sub.egg-info/SOURCES.txt'
[0.534s] writing manifest file '../../build/pub_sub/pub_sub.egg-info/SOURCES.txt'
[0.534s] running build
[0.534s] running build_py
[0.534s] copying pub_sub/sub.py -> /home/rss/robot_harry/robotik/build/pub_sub/build/lib/pub_sub
[0.535s] copying pub_sub/communication_node.py -> /home/rss/robot_harry/robotik/build/pub_sub/build/lib/pub_sub
[0.535s] copying pub_sub/publisher.py -> /home/rss/robot_harry/robotik/build/pub_sub/build/lib/pub_sub
[0.535s] running install
[0.535s] running install_lib
[0.536s] copying /home/rss/robot_harry/robotik/build/pub_sub/build/lib/pub_sub/sub.py -> /home/rss/robot_harry/robotik/install/pub_sub/lib/python3.10/site-packages/pub_sub
[0.537s] copying /home/rss/robot_harry/robotik/build/pub_sub/build/lib/pub_sub/communication_node.py -> /home/rss/robot_harry/robotik/install/pub_sub/lib/python3.10/site-packages/pub_sub
[0.537s] copying /home/rss/robot_harry/robotik/build/pub_sub/build/lib/pub_sub/publisher.py -> /home/rss/robot_harry/robotik/install/pub_sub/lib/python3.10/site-packages/pub_sub
[0.537s] byte-compiling /home/rss/robot_harry/robotik/install/pub_sub/lib/python3.10/site-packages/pub_sub/sub.py to sub.cpython-310.pyc
[0.537s] byte-compiling /home/rss/robot_harry/robotik/install/pub_sub/lib/python3.10/site-packages/pub_sub/communication_node.py to communication_node.cpython-310.pyc
[0.538s] byte-compiling /home/rss/robot_harry/robotik/install/pub_sub/lib/python3.10/site-packages/pub_sub/publisher.py to publisher.cpython-310.pyc
[0.538s] running install_data
[0.538s] running install_egg_info
[0.539s] removing '/home/rss/robot_harry/robotik/install/pub_sub/lib/python3.10/site-packages/pub_sub-0.0.0-py3.10.egg-info' (and everything under it)
[0.539s] Copying ../../build/pub_sub/pub_sub.egg-info to /home/rss/robot_harry/robotik/install/pub_sub/lib/python3.10/site-packages/pub_sub-0.0.0-py3.10.egg-info
[0.540s] running install_scripts
[0.553s] Installing publisher_node script to /home/rss/robot_harry/robotik/install/pub_sub/lib/pub_sub
[0.553s] Installing subscriber_node script to /home/rss/robot_harry/robotik/install/pub_sub/lib/pub_sub
[0.553s] writing list of installed files to '/home/rss/robot_harry/robotik/build/pub_sub/install.log'
[0.567s] Invoked command in '/home/rss/robot_harry/robotik/src/pub_sub' returned '0': PYTHONPATH=/home/rss/robot_harry/robotik/build/pub_sub/prefix_override:/usr/lib/python3/dist-packages/colcon_core/task/python/colcon_distutils_commands:/home/rss/robot_harry/robotik/install/pub_sub/lib/python3.10/site-packages:${PYTHONPATH} /usr/bin/python3 -W ignore:setup.py install is deprecated -W ignore:easy_install command is deprecated setup.py egg_info --egg-base ../../build/pub_sub build --build-base /home/rss/robot_harry/robotik/build/pub_sub/build install --record /home/rss/robot_harry/robotik/build/pub_sub/install.log --single-version-externally-managed install_data
