[0.024s] Invoking command in '/home/harry/robot/build/my_robot_slam': CMAKE_PREFIX_PATH=${CMAKE_PREFIX_PATH}:/home/harry/robot/install/my_first_package:/home/harry/robot/install/tb3_description:/home/harry/robot/install/tag_detection:/home/harry/robot/install/my_robot_navigation:/home/harry/robot/install/curator:/home/harry/robot/install/challenge_2025:/home/harry/install/my_first_package:/opt/ros/humble /usr/bin/cmake --build /home/harry/robot/build/my_robot_slam -- -j4 -l4
[0.154s] -- Found ament_cmake: 1.3.12 (/opt/ros/humble/share/ament_cmake/cmake)
[0.549s] -- Found rclcpp: 16.0.17 (/opt/ros/humble/share/rclcpp/cmake)
[0.626s] -- Found rosidl_generator_c: 3.1.8 (/opt/ros/humble/share/rosidl_generator_c/cmake)
[0.635s] -- Found rosidl_adapter: 3.1.8 (/opt/ros/humble/share/rosidl_adapter/cmake)
[0.658s] -- Found rosidl_generator_cpp: 3.1.8 (/opt/ros/humble/share/rosidl_generator_cpp/cmake)
[0.690s] -- Using all available rosidl_typesupport_c: rosidl_typesupport_fastrtps_c;rosidl_typesupport_introspection_c
[0.722s] -- Using all available rosidl_typesupport_cpp: rosidl_typesupport_fastrtps_cpp;rosidl_typesupport_introspection_cpp
[0.821s] -- Found rmw_implementation_cmake: 6.1.2 (/opt/ros/humble/share/rmw_implementation_cmake/cmake)
[0.835s] -- Found rmw_fastrtps_cpp: 6.2.9 (/opt/ros/humble/share/rmw_fastrtps_cpp/cmake)
[1.052s] -- Using RMW implementation 'rmw_fastrtps_cpp' as default
[1.190s] -- Found slam_toolbox: 2.6.10 (/opt/ros/humble/share/slam_toolbox/cmake)
[1.755s] -- Found eigen3_cmake_module: 0.1.1 (/opt/ros/humble/share/eigen3_cmake_module/cmake)
[1.761s] -- Ensuring Eigen3 include directory is part of orocos-kdl CMake target
[1.903s] -- Setting assimp_DIR to: '/opt/ros/humble/share/rviz_assimp_vendor/cmake/../../../opt/rviz_assimp_vendor/lib/cmake/assimp-4.1'
[1.920s] -- Setting OGRE_DIR to: '/opt/ros/humble/share/rviz_ogre_vendor/cmake/../../../opt/rviz_ogre_vendor/lib/OGRE/cmake'
[1.924s] -- Found OGRE
[1.924s] --   static     : OFF
[1.924s] --   components : HLMS;MeshLodGenerator;Overlay;Paging;Property;RTShaderSystem;Terrain;Volume
[1.924s] --   plugins    : Plugin_BSPSceneManager;Plugin_OctreeSceneManager;Plugin_PCZSceneManager;Plugin_ParticleFX;RenderSystem_GL;RenderSystem_GL3Plus;Codec_STBI
[1.924s] --   media      : /opt/ros/humble/opt/rviz_ogre_vendor/share/OGRE/Media
[1.924s] -- OGRE_LIBRARIES: OgreHLMS;OgreMeshLodGenerator;OgreOverlay;OgrePaging;OgreProperty;OgreRTShaderSystem;OgreTerrain;OgreVolume;OgreMain
[1.925s] -- OGRE_LIBRARY_DIRS: /opt/ros/humble/opt/rviz_ogre_vendor/lib
[1.926s] -- OGRE_PLUGINS: Plugin_BSPSceneManager;Plugin_OctreeSceneManager;Plugin_PCZSceneManager;Plugin_ParticleFX;RenderSystem_GL;RenderSystem_GL3Plus;Codec_STBI
[1.926s] -- OGRE_PLUGIN_DIR: /opt/ros/humble/opt/rviz_ogre_vendor/lib/OGRE
[1.926s] -- rviz_ogre_vendor::OgreOverlay for IMPORTED_LOCATION_RELEASE: /opt/ros/humble/opt/rviz_ogre_vendor/lib/libOgreOverlay.so
[1.926s] -- rviz_ogre_vendor::OgreOverlay for IMPORTED_LOCATION_DEBUG: /opt/ros/humble/opt/rviz_ogre_vendor/lib/libOgreOverlay.so
[1.926s] -- rviz_ogre_vendor::OgreMain for IMPORTED_LOCATION_RELEASE: /opt/ros/humble/opt/rviz_ogre_vendor/lib/libOgreMain.so
[1.926s] -- rviz_ogre_vendor::OgreMain for IMPORTED_LOCATION_DEBUG: /opt/ros/humble/opt/rviz_ogre_vendor/lib/libOgreMain.so
[2.143s] -- library: /usr/lib/x86_64-linux-gnu/libcurl.so
[2.385s] -- Found ament_lint_auto: 0.12.14 (/opt/ros/humble/share/ament_lint_auto/cmake)
[2.620s] -- Added test 'lint_cmake' to check CMake code style
[2.626s] -- Added test 'xmllint' to check XML markup files
[2.631s] -- Configuring done
[2.660s] -- Generating done
[2.667s] -- Build files have been written to: /home/harry/robot/build/my_robot_slam
[2.765s] Invoked command in '/home/harry/robot/build/my_robot_slam' returned '0': CMAKE_PREFIX_PATH=${CMAKE_PREFIX_PATH}:/home/harry/robot/install/my_first_package:/home/harry/robot/install/tb3_description:/home/harry/robot/install/tag_detection:/home/harry/robot/install/my_robot_navigation:/home/harry/robot/install/curator:/home/harry/robot/install/challenge_2025:/home/harry/install/my_first_package:/opt/ros/humble /usr/bin/cmake --build /home/harry/robot/build/my_robot_slam -- -j4 -l4
[2.771s] Invoking command in '/home/harry/robot/build/my_robot_slam': CMAKE_PREFIX_PATH=${CMAKE_PREFIX_PATH}:/home/harry/robot/install/my_first_package:/home/harry/robot/install/tb3_description:/home/harry/robot/install/tag_detection:/home/harry/robot/install/my_robot_navigation:/home/harry/robot/install/curator:/home/harry/robot/install/challenge_2025:/home/harry/install/my_first_package:/opt/ros/humble /usr/bin/cmake --install /home/harry/robot/build/my_robot_slam
[2.784s] -- Install configuration: ""
[2.785s] -- Up-to-date: /home/harry/robot/install/my_robot_slam/share/my_robot_slam/launch
[2.788s] -- Up-to-date: /home/harry/robot/install/my_robot_slam/share/my_robot_slam/launch/slam_toolbox.launch.yaml
[2.788s] -- Up-to-date: /home/harry/robot/install/my_robot_slam/share/my_robot_slam/launch/localizatio_gem.launch.yaml
[2.788s] -- Up-to-date: /home/harry/robot/install/my_robot_slam/share/my_robot_slam/launch/localization.launch.yaml
[2.788s] -- Up-to-date: /home/harry/robot/install/my_robot_slam/share/my_robot_slam/maps
[2.790s] -- Up-to-date: /home/harry/robot/install/my_robot_slam/share/my_robot_slam/maps/my_map.yaml
[2.794s] -- Up-to-date: /home/harry/robot/install/my_robot_slam/share/my_robot_slam/maps/my_map.pgm
[2.794s] -- Up-to-date: /home/harry/robot/install/my_robot_slam/share/ament_index/resource_index/package_run_dependencies/my_robot_slam
[2.794s] -- Installing: /home/harry/robot/install/my_robot_slam/share/ament_index/resource_index/parent_prefix_path/my_robot_slam
[2.795s] -- Up-to-date: /home/harry/robot/install/my_robot_slam/share/my_robot_slam/environment/ament_prefix_path.sh
[2.795s] -- Installing: /home/harry/robot/install/my_robot_slam/share/my_robot_slam/environment/ament_prefix_path.dsv
[2.795s] -- Up-to-date: /home/harry/robot/install/my_robot_slam/share/my_robot_slam/environment/path.sh
[2.796s] -- Installing: /home/harry/robot/install/my_robot_slam/share/my_robot_slam/environment/path.dsv
[2.796s] -- Up-to-date: /home/harry/robot/install/my_robot_slam/share/my_robot_slam/local_setup.bash
[2.796s] -- Up-to-date: /home/harry/robot/install/my_robot_slam/share/my_robot_slam/local_setup.sh
[2.796s] -- Up-to-date: /home/harry/robot/install/my_robot_slam/share/my_robot_slam/local_setup.zsh
[2.796s] -- Installing: /home/harry/robot/install/my_robot_slam/share/my_robot_slam/local_setup.dsv
[2.796s] -- Installing: /home/harry/robot/install/my_robot_slam/share/my_robot_slam/package.dsv
[2.796s] -- Up-to-date: /home/harry/robot/install/my_robot_slam/share/ament_index/resource_index/packages/my_robot_slam
[2.797s] -- Up-to-date: /home/harry/robot/install/my_robot_slam/share/my_robot_slam/cmake/my_robot_slamConfig.cmake
[2.797s] -- Up-to-date: /home/harry/robot/install/my_robot_slam/share/my_robot_slam/cmake/my_robot_slamConfig-version.cmake
[2.797s] -- Installing: /home/harry/robot/install/my_robot_slam/share/my_robot_slam/package.xml
[2.848s] Invoked command in '/home/harry/robot/build/my_robot_slam' returned '0': CMAKE_PREFIX_PATH=${CMAKE_PREFIX_PATH}:/home/harry/robot/install/my_first_package:/home/harry/robot/install/tb3_description:/home/harry/robot/install/tag_detection:/home/harry/robot/install/my_robot_navigation:/home/harry/robot/install/curator:/home/harry/robot/install/challenge_2025:/home/harry/install/my_first_package:/opt/ros/humble /usr/bin/cmake --install /home/harry/robot/build/my_robot_slam
