[0.382s] Invoking command in '/home/rss/robot_harry/robotik/src/robot_bringup': PYTHONPATH=/home/rss/robot_harry/robotik/build/robot_bringup/prefix_override:/usr/lib/python3/dist-packages/colcon_core/task/python/colcon_distutils_commands:/home/rss/robot_harry/robotik/install/robot_bringup/lib/python3.10/site-packages:${PYTHONPATH} /usr/bin/python3 -W ignore:setup.py install is deprecated -W ignore:easy_install command is deprecated setup.py egg_info --egg-base ../../build/robot_bringup build --build-base /home/rss/robot_harry/robotik/build/robot_bringup/build install --record /home/rss/robot_harry/robotik/build/robot_bringup/install.log --single-version-externally-managed install_data
[0.536s] running egg_info
[0.537s] writing ../../build/robot_bringup/robot_bringup.egg-info/PKG-INFO
[0.537s] writing dependency_links to ../../build/robot_bringup/robot_bringup.egg-info/dependency_links.txt
[0.537s] writing entry points to ../../build/robot_bringup/robot_bringup.egg-info/entry_points.txt
[0.537s] writing requirements to ../../build/robot_bringup/robot_bringup.egg-info/requires.txt
[0.537s] writing top-level names to ../../build/robot_bringup/robot_bringup.egg-info/top_level.txt
[0.538s] reading manifest file '../../build/robot_bringup/robot_bringup.egg-info/SOURCES.txt'
[0.539s] writing manifest file '../../build/robot_bringup/robot_bringup.egg-info/SOURCES.txt'
[0.539s] running build
[0.539s] running build_py
[0.539s] running install
[0.539s] running install_lib
[0.541s] running install_data
[0.541s] copying launch/robot.launch.yaml -> /home/rss/robot_harry/robotik/install/robot_bringup/share/robot_bringup/launch
[0.541s] copying launch/robot_tf.launch.yaml -> /home/rss/robot_harry/robotik/install/robot_bringup/share/robot_bringup/launch
[0.541s] copying launch/lidar.launch.py -> /home/rss/robot_harry/robotik/install/robot_bringup/share/robot_bringup/launch
[0.541s] running install_egg_info
[0.542s] removing '/home/rss/robot_harry/robotik/install/robot_bringup/lib/python3.10/site-packages/robot_bringup-0.0.0-py3.10.egg-info' (and everything under it)
[0.543s] Copying ../../build/robot_bringup/robot_bringup.egg-info to /home/rss/robot_harry/robotik/install/robot_bringup/lib/python3.10/site-packages/robot_bringup-0.0.0-py3.10.egg-info
[0.543s] running install_scripts
[0.556s] writing list of installed files to '/home/rss/robot_harry/robotik/build/robot_bringup/install.log'
[0.570s] Invoked command in '/home/rss/robot_harry/robotik/src/robot_bringup' returned '0': PYTHONPATH=/home/rss/robot_harry/robotik/build/robot_bringup/prefix_override:/usr/lib/python3/dist-packages/colcon_core/task/python/colcon_distutils_commands:/home/rss/robot_harry/robotik/install/robot_bringup/lib/python3.10/site-packages:${PYTHONPATH} /usr/bin/python3 -W ignore:setup.py install is deprecated -W ignore:easy_install command is deprecated setup.py egg_info --egg-base ../../build/robot_bringup build --build-base /home/rss/robot_harry/robotik/build/robot_bringup/build install --record /home/rss/robot_harry/robotik/build/robot_bringup/install.log --single-version-externally-managed install_data
