[1.598s] Invoking command in '/home/harry/robot/src/simulation/art_gallery/challenge_2025': PYTHONPATH=/home/harry/robot/build/challenge_2025/prefix_override:/usr/lib/python3/dist-packages/colcon_core/task/python/colcon_distutils_commands:/home/harry/robot/install/challenge_2025/lib/python3.10/site-packages:${PYTHONPATH} /usr/bin/python3 -W ignore:setup.py install is deprecated -W ignore:easy_install command is deprecated setup.py egg_info --egg-base ../../../../build/challenge_2025 build --build-base /home/harry/robot/build/challenge_2025/build install --record /home/harry/robot/build/challenge_2025/install.log --single-version-externally-managed install_data
[2.163s] running egg_info
[2.163s] writing ../../../../build/challenge_2025/challenge_2025.egg-info/PKG-INFO
[2.175s] writing dependency_links to ../../../../build/challenge_2025/challenge_2025.egg-info/dependency_links.txt
[2.176s] writing entry points to ../../../../build/challenge_2025/challenge_2025.egg-info/entry_points.txt
[2.177s] writing requirements to ../../../../build/challenge_2025/challenge_2025.egg-info/requires.txt
[2.177s] writing top-level names to ../../../../build/challenge_2025/challenge_2025.egg-info/top_level.txt
[2.180s] reading manifest file '../../../../build/challenge_2025/challenge_2025.egg-info/SOURCES.txt'
[2.181s] writing manifest file '../../../../build/challenge_2025/challenge_2025.egg-info/SOURCES.txt'
[2.182s] running build
[2.182s] running build_py
[2.184s] running install
[2.186s] running install_lib
[2.188s] running install_data
[2.191s] running install_egg_info
[2.191s] removing '/home/harry/robot/install/challenge_2025/lib/python3.10/site-packages/challenge_2025-0.0.0-py3.10.egg-info' (and everything under it)
[2.195s] Copying ../../../../build/challenge_2025/challenge_2025.egg-info to /home/harry/robot/install/challenge_2025/lib/python3.10/site-packages/challenge_2025-0.0.0-py3.10.egg-info
[2.200s] running install_scripts
[2.243s] Installing object_spawner_pallets script to /home/harry/robot/install/challenge_2025/lib/challenge_2025
[2.244s] Installing object_spawner_static script to /home/harry/robot/install/challenge_2025/lib/challenge_2025
[2.245s] Installing tag_spawner_random script to /home/harry/robot/install/challenge_2025/lib/challenge_2025
[2.245s] writing list of installed files to '/home/harry/robot/build/challenge_2025/install.log'
[2.288s] Invoked command in '/home/harry/robot/src/simulation/art_gallery/challenge_2025' returned '0': PYTHONPATH=/home/harry/robot/build/challenge_2025/prefix_override:/usr/lib/python3/dist-packages/colcon_core/task/python/colcon_distutils_commands:/home/harry/robot/install/challenge_2025/lib/python3.10/site-packages:${PYTHONPATH} /usr/bin/python3 -W ignore:setup.py install is deprecated -W ignore:easy_install command is deprecated setup.py egg_info --egg-base ../../../../build/challenge_2025 build --build-base /home/harry/robot/build/challenge_2025/build install --record /home/harry/robot/build/challenge_2025/install.log --single-version-externally-managed install_data
