[1.827s] Invoking command in '/home/harry/robot/src/simulation/art_gallery/curator': PYTHONPATH=/home/harry/robot/build/curator/prefix_override:/usr/lib/python3/dist-packages/colcon_core/task/python/colcon_distutils_commands:/home/harry/robot/install/curator/lib/python3.10/site-packages:${PYTHONPATH} /usr/bin/python3 -W ignore:setup.py install is deprecated -W ignore:easy_install command is deprecated setup.py egg_info --egg-base ../../../../build/curator build --build-base /home/harry/robot/build/curator/build install --record /home/harry/robot/build/curator/install.log --single-version-externally-managed install_data
[2.279s] running egg_info
[2.280s] writing ../../../../build/curator/curator.egg-info/PKG-INFO
[2.285s] writing dependency_links to ../../../../build/curator/curator.egg-info/dependency_links.txt
[2.285s] writing entry points to ../../../../build/curator/curator.egg-info/entry_points.txt
[2.285s] writing requirements to ../../../../build/curator/curator.egg-info/requires.txt
[2.285s] writing top-level names to ../../../../build/curator/curator.egg-info/top_level.txt
[2.291s] reading manifest file '../../../../build/curator/curator.egg-info/SOURCES.txt'
[2.293s] writing manifest file '../../../../build/curator/curator.egg-info/SOURCES.txt'
[2.293s] running build
[2.294s] running build_py
[2.296s] running install
[2.296s] running install_lib
[2.301s] running install_data
[2.304s] running install_egg_info
[2.310s] removing '/home/harry/robot/install/curator/lib/python3.10/site-packages/curator-0.0.0-py3.10.egg-info' (and everything under it)
[2.311s] Copying ../../../../build/curator/curator.egg-info to /home/harry/robot/install/curator/lib/python3.10/site-packages/curator-0.0.0-py3.10.egg-info
[2.314s] running install_scripts
[2.382s] Installing curator script to /home/harry/robot/install/curator/lib/curator
[2.384s] writing list of installed files to '/home/harry/robot/build/curator/install.log'
[2.422s] Invoked command in '/home/harry/robot/src/simulation/art_gallery/curator' returned '0': PYTHONPATH=/home/harry/robot/build/curator/prefix_override:/usr/lib/python3/dist-packages/colcon_core/task/python/colcon_distutils_commands:/home/harry/robot/install/curator/lib/python3.10/site-packages:${PYTHONPATH} /usr/bin/python3 -W ignore:setup.py install is deprecated -W ignore:easy_install command is deprecated setup.py egg_info --egg-base ../../../../build/curator build --build-base /home/harry/robot/build/curator/build install --record /home/harry/robot/build/curator/install.log --single-version-externally-managed install_data
