[0.199s] Invoking command in '/home/harry/robot/build/apriltag_msgs': CMAKE_PREFIX_PATH=${CMAKE_PREFIX_PATH}:/home/harry/robot/install/my_first_package:/home/harry/robot/install/tb3_description:/home/harry/robot/install/tag_detection:/home/harry/robot/install/curator:/home/harry/robot/install/challenge_2025:/home/harry/install/my_first_package:/opt/ros/humble /usr/bin/cmake --build /home/harry/robot/build/apriltag_msgs -- -j4 -l4
[0.704s] [  2%] Built target apriltag_msgs__cpp
[0.738s] [ 12%] Built target apriltag_msgs__rosidl_generator_c
[0.783s] [ 12%] Built target ament_cmake_python_copy_apriltag_msgs
[0.849s] [ 23%] Built target apriltag_msgs__rosidl_typesupport_cpp
[0.864s] [ 34%] Built target apriltag_msgs__rosidl_typesupport_fastrtps_cpp
[0.864s] [ 44%] Built target apriltag_msgs__rosidl_typesupport_introspection_cpp
[0.900s] [ 55%] Built target apriltag_msgs__rosidl_typesupport_fastrtps_c
[0.941s] [ 65%] Built target apriltag_msgs__rosidl_typesupport_introspection_c
[0.962s] [ 76%] Built target apriltag_msgs__rosidl_typesupport_c
[1.040s] [ 76%] Built target apriltag_msgs
[1.133s] [ 78%] Built target apriltag_msgs__py
[1.245s] [ 87%] Built target apriltag_msgs__rosidl_generator_py
[1.392s] [ 91%] Built target apriltag_msgs__rosidl_typesupport_introspection_c__pyext
[1.410s] [ 95%] Built target apriltag_msgs__rosidl_typesupport_fastrtps_c__pyext
[1.417s] [100%] Built target apriltag_msgs__rosidl_typesupport_c__pyext
[1.654s] running egg_info
[1.655s] writing apriltag_msgs.egg-info/PKG-INFO
[1.656s] writing dependency_links to apriltag_msgs.egg-info/dependency_links.txt
[1.657s] writing top-level names to apriltag_msgs.egg-info/top_level.txt
[1.666s] reading manifest file 'apriltag_msgs.egg-info/SOURCES.txt'
[1.668s] writing manifest file 'apriltag_msgs.egg-info/SOURCES.txt'
[1.760s] [100%] Built target ament_cmake_python_build_apriltag_msgs_egg
[2.698s] Invoked command in '/home/harry/robot/build/apriltag_msgs' returned '0': CMAKE_PREFIX_PATH=${CMAKE_PREFIX_PATH}:/home/harry/robot/install/my_first_package:/home/harry/robot/install/tb3_description:/home/harry/robot/install/tag_detection:/home/harry/robot/install/curator:/home/harry/robot/install/challenge_2025:/home/harry/install/my_first_package:/opt/ros/humble /usr/bin/cmake --build /home/harry/robot/build/apriltag_msgs -- -j4 -l4
[2.770s] Invoking command in '/home/harry/robot/build/apriltag_msgs': CMAKE_PREFIX_PATH=${CMAKE_PREFIX_PATH}:/home/harry/robot/install/my_first_package:/home/harry/robot/install/tb3_description:/home/harry/robot/install/tag_detection:/home/harry/robot/install/curator:/home/harry/robot/install/challenge_2025:/home/harry/install/my_first_package:/opt/ros/humble /usr/bin/cmake --install /home/harry/robot/build/apriltag_msgs
[2.860s] -- Install configuration: ""
[2.861s] -- Up-to-date: /home/harry/robot/install/apriltag_msgs/share/ament_index/resource_index/rosidl_interfaces/apriltag_msgs
[2.861s] -- Up-to-date: /home/harry/robot/install/apriltag_msgs/include/apriltag_msgs/apriltag_msgs
[2.868s] -- Up-to-date: /home/harry/robot/install/apriltag_msgs/include/apriltag_msgs/apriltag_msgs/msg
[2.869s] -- Up-to-date: /home/harry/robot/install/apriltag_msgs/include/apriltag_msgs/apriltag_msgs/msg/point.h
[2.870s] -- Up-to-date: /home/harry/robot/install/apriltag_msgs/include/apriltag_msgs/apriltag_msgs/msg/april_tag_detection.h
[2.874s] -- Up-to-date: /home/harry/robot/install/apriltag_msgs/include/apriltag_msgs/apriltag_msgs/msg/rosidl_generator_c__visibility_control.h
[2.875s] -- Up-to-date: /home/harry/robot/install/apriltag_msgs/include/apriltag_msgs/apriltag_msgs/msg/april_tag_detection_array.h
[2.882s] -- Up-to-date: /home/harry/robot/install/apriltag_msgs/include/apriltag_msgs/apriltag_msgs/msg/detail
[2.883s] -- Up-to-date: /home/harry/robot/install/apriltag_msgs/include/apriltag_msgs/apriltag_msgs/msg/detail/april_tag_detection_array__type_support.h
[2.884s] -- Up-to-date: /home/harry/robot/install/apriltag_msgs/include/apriltag_msgs/apriltag_msgs/msg/detail/point__struct.h
[2.888s] -- Up-to-date: /home/harry/robot/install/apriltag_msgs/include/apriltag_msgs/apriltag_msgs/msg/detail/point__type_support.h
[2.891s] -- Up-to-date: /home/harry/robot/install/apriltag_msgs/include/apriltag_msgs/apriltag_msgs/msg/detail/april_tag_detection_array__struct.h
[2.892s] -- Up-to-date: /home/harry/robot/install/apriltag_msgs/include/apriltag_msgs/apriltag_msgs/msg/detail/april_tag_detection__functions.h
[2.892s] -- Up-to-date: /home/harry/robot/install/apriltag_msgs/include/apriltag_msgs/apriltag_msgs/msg/detail/april_tag_detection_array__functions.h
[2.893s] -- Up-to-date: /home/harry/robot/install/apriltag_msgs/include/apriltag_msgs/apriltag_msgs/msg/detail/point__functions.h
[2.894s] -- Up-to-date: /home/harry/robot/install/apriltag_msgs/include/apriltag_msgs/apriltag_msgs/msg/detail/point__functions.c
[2.895s] -- Up-to-date: /home/harry/robot/install/apriltag_msgs/include/apriltag_msgs/apriltag_msgs/msg/detail/april_tag_detection_array__functions.c
[2.896s] -- Up-to-date: /home/harry/robot/install/apriltag_msgs/include/apriltag_msgs/apriltag_msgs/msg/detail/april_tag_detection__functions.c
[2.896s] -- Up-to-date: /home/harry/robot/install/apriltag_msgs/include/apriltag_msgs/apriltag_msgs/msg/detail/april_tag_detection__struct.h
[2.897s] -- Up-to-date: /home/harry/robot/install/apriltag_msgs/include/apriltag_msgs/apriltag_msgs/msg/detail/april_tag_detection__type_support.h
[2.897s] -- Up-to-date: /home/harry/robot/install/apriltag_msgs/share/apriltag_msgs/environment/library_path.sh
[2.897s] -- Up-to-date: /home/harry/robot/install/apriltag_msgs/share/apriltag_msgs/environment/library_path.dsv
[2.898s] -- Up-to-date: /home/harry/robot/install/apriltag_msgs/lib/libapriltag_msgs__rosidl_generator_c.so
[2.899s] -- Up-to-date: /home/harry/robot/install/apriltag_msgs/include/apriltag_msgs/apriltag_msgs
[2.900s] -- Up-to-date: /home/harry/robot/install/apriltag_msgs/include/apriltag_msgs/apriltag_msgs/msg
[2.901s] -- Up-to-date: /home/harry/robot/install/apriltag_msgs/include/apriltag_msgs/apriltag_msgs/msg/rosidl_typesupport_fastrtps_c__visibility_control.h
[2.902s] -- Up-to-date: /home/harry/robot/install/apriltag_msgs/include/apriltag_msgs/apriltag_msgs/msg/detail
[2.903s] -- Up-to-date: /home/harry/robot/install/apriltag_msgs/include/apriltag_msgs/apriltag_msgs/msg/detail/april_tag_detection_array__rosidl_typesupport_fastrtps_c.h
[2.903s] -- Up-to-date: /home/harry/robot/install/apriltag_msgs/include/apriltag_msgs/apriltag_msgs/msg/detail/point__rosidl_typesupport_fastrtps_c.h
[2.904s] -- Up-to-date: /home/harry/robot/install/apriltag_msgs/include/apriltag_msgs/apriltag_msgs/msg/detail/april_tag_detection__rosidl_typesupport_fastrtps_c.h
[2.912s] -- Up-to-date: /home/harry/robot/install/apriltag_msgs/lib/libapriltag_msgs__rosidl_typesupport_fastrtps_c.so
[2.913s] -- Up-to-date: /home/harry/robot/install/apriltag_msgs/include/apriltag_msgs/apriltag_msgs
[2.914s] -- Up-to-date: /home/harry/robot/install/apriltag_msgs/include/apriltag_msgs/apriltag_msgs/msg
[2.915s] -- Up-to-date: /home/harry/robot/install/apriltag_msgs/include/apriltag_msgs/apriltag_msgs/msg/rosidl_typesupport_introspection_c__visibility_control.h
[2.915s] -- Up-to-date: /home/harry/robot/install/apriltag_msgs/include/apriltag_msgs/apriltag_msgs/msg/detail
[2.919s] -- Up-to-date: /home/harry/robot/install/apriltag_msgs/include/apriltag_msgs/apriltag_msgs/msg/detail/april_tag_detection__rosidl_typesupport_introspection_c.h
[2.920s] -- Up-to-date: /home/harry/robot/install/apriltag_msgs/include/apriltag_msgs/apriltag_msgs/msg/detail/april_tag_detection__type_support.c
[2.924s] -- Up-to-date: /home/harry/robot/install/apriltag_msgs/include/apriltag_msgs/apriltag_msgs/msg/detail/april_tag_detection_array__rosidl_typesupport_introspection_c.h
[2.925s] -- Up-to-date: /home/harry/robot/install/apriltag_msgs/include/apriltag_msgs/apriltag_msgs/msg/detail/point__rosidl_typesupport_introspection_c.h
[2.925s] -- Up-to-date: /home/harry/robot/install/apriltag_msgs/include/apriltag_msgs/apriltag_msgs/msg/detail/point__type_support.c
[2.928s] -- Up-to-date: /home/harry/robot/install/apriltag_msgs/include/apriltag_msgs/apriltag_msgs/msg/detail/april_tag_detection_array__type_support.c
[2.932s] -- Up-to-date: /home/harry/robot/install/apriltag_msgs/lib/libapriltag_msgs__rosidl_typesupport_introspection_c.so
[2.941s] -- Up-to-date: /home/harry/robot/install/apriltag_msgs/lib/libapriltag_msgs__rosidl_typesupport_c.so
[2.942s] -- Up-to-date: /home/harry/robot/install/apriltag_msgs/include/apriltag_msgs/apriltag_msgs
[2.951s] -- Up-to-date: /home/harry/robot/install/apriltag_msgs/include/apriltag_msgs/apriltag_msgs/msg
[2.953s] -- Up-to-date: /home/harry/robot/install/apriltag_msgs/include/apriltag_msgs/apriltag_msgs/msg/rosidl_generator_cpp__visibility_control.hpp
[2.953s] -- Up-to-date: /home/harry/robot/install/apriltag_msgs/include/apriltag_msgs/apriltag_msgs/msg/point.hpp
[2.954s] -- Up-to-date: /home/harry/robot/install/apriltag_msgs/include/apriltag_msgs/apriltag_msgs/msg/april_tag_detection_array.hpp
[2.954s] -- Up-to-date: /home/harry/robot/install/apriltag_msgs/include/apriltag_msgs/apriltag_msgs/msg/april_tag_detection.hpp
[2.955s] -- Up-to-date: /home/harry/robot/install/apriltag_msgs/include/apriltag_msgs/apriltag_msgs/msg/detail
[2.955s] -- Up-to-date: /home/harry/robot/install/apriltag_msgs/include/apriltag_msgs/apriltag_msgs/msg/detail/point__traits.hpp
[2.955s] -- Up-to-date: /home/harry/robot/install/apriltag_msgs/include/apriltag_msgs/apriltag_msgs/msg/detail/april_tag_detection_array__type_support.hpp
[2.956s] -- Up-to-date: /home/harry/robot/install/apriltag_msgs/include/apriltag_msgs/apriltag_msgs/msg/detail/april_tag_detection_array__builder.hpp
[2.957s] -- Up-to-date: /home/harry/robot/install/apriltag_msgs/include/apriltag_msgs/apriltag_msgs/msg/detail/april_tag_detection_array__struct.hpp
[2.957s] -- Up-to-date: /home/harry/robot/install/apriltag_msgs/include/apriltag_msgs/apriltag_msgs/msg/detail/april_tag_detection__struct.hpp
[2.957s] -- Up-to-date: /home/harry/robot/install/apriltag_msgs/include/apriltag_msgs/apriltag_msgs/msg/detail/april_tag_detection__type_support.hpp
[2.958s] -- Up-to-date: /home/harry/robot/install/apriltag_msgs/include/apriltag_msgs/apriltag_msgs/msg/detail/point__type_support.hpp
[2.958s] -- Up-to-date: /home/harry/robot/install/apriltag_msgs/include/apriltag_msgs/apriltag_msgs/msg/detail/april_tag_detection_array__traits.hpp
[2.963s] -- Up-to-date: /home/harry/robot/install/apriltag_msgs/include/apriltag_msgs/apriltag_msgs/msg/detail/april_tag_detection__builder.hpp
[2.964s] -- Up-to-date: /home/harry/robot/install/apriltag_msgs/include/apriltag_msgs/apriltag_msgs/msg/detail/april_tag_detection__traits.hpp
[2.964s] -- Up-to-date: /home/harry/robot/install/apriltag_msgs/include/apriltag_msgs/apriltag_msgs/msg/detail/point__struct.hpp
[2.965s] -- Up-to-date: /home/harry/robot/install/apriltag_msgs/include/apriltag_msgs/apriltag_msgs/msg/detail/point__builder.hpp
[2.965s] -- Up-to-date: /home/harry/robot/install/apriltag_msgs/include/apriltag_msgs/apriltag_msgs
[2.965s] -- Up-to-date: /home/harry/robot/install/apriltag_msgs/include/apriltag_msgs/apriltag_msgs/msg
[2.966s] -- Up-to-date: /home/harry/robot/install/apriltag_msgs/include/apriltag_msgs/apriltag_msgs/msg/rosidl_typesupport_fastrtps_cpp__visibility_control.h
[2.966s] -- Up-to-date: /home/harry/robot/install/apriltag_msgs/include/apriltag_msgs/apriltag_msgs/msg/detail
[2.967s] -- Up-to-date: /home/harry/robot/install/apriltag_msgs/include/apriltag_msgs/apriltag_msgs/msg/detail/dds_fastrtps
[2.968s] -- Up-to-date: /home/harry/robot/install/apriltag_msgs/include/apriltag_msgs/apriltag_msgs/msg/detail/april_tag_detection__rosidl_typesupport_fastrtps_cpp.hpp
[2.968s] -- Up-to-date: /home/harry/robot/install/apriltag_msgs/include/apriltag_msgs/apriltag_msgs/msg/detail/point__rosidl_typesupport_fastrtps_cpp.hpp
[2.968s] -- Up-to-date: /home/harry/robot/install/apriltag_msgs/include/apriltag_msgs/apriltag_msgs/msg/detail/april_tag_detection_array__rosidl_typesupport_fastrtps_cpp.hpp
[2.976s] -- Up-to-date: /home/harry/robot/install/apriltag_msgs/lib/libapriltag_msgs__rosidl_typesupport_fastrtps_cpp.so
[2.979s] -- Up-to-date: /home/harry/robot/install/apriltag_msgs/include/apriltag_msgs/apriltag_msgs
[2.979s] -- Up-to-date: /home/harry/robot/install/apriltag_msgs/include/apriltag_msgs/apriltag_msgs/msg
[2.979s] -- Up-to-date: /home/harry/robot/install/apriltag_msgs/include/apriltag_msgs/apriltag_msgs/msg/detail
[2.980s] -- Up-to-date: /home/harry/robot/install/apriltag_msgs/include/apriltag_msgs/apriltag_msgs/msg/detail/april_tag_detection_array__rosidl_typesupport_introspection_cpp.hpp
[2.980s] -- Up-to-date: /home/harry/robot/install/apriltag_msgs/include/apriltag_msgs/apriltag_msgs/msg/detail/april_tag_detection__rosidl_typesupport_introspection_cpp.hpp
[2.981s] -- Up-to-date: /home/harry/robot/install/apriltag_msgs/include/apriltag_msgs/apriltag_msgs/msg/detail/april_tag_detection__type_support.cpp
[2.981s] -- Up-to-date: /home/harry/robot/install/apriltag_msgs/include/apriltag_msgs/apriltag_msgs/msg/detail/point__rosidl_typesupport_introspection_cpp.hpp
[2.982s] -- Up-to-date: /home/harry/robot/install/apriltag_msgs/include/apriltag_msgs/apriltag_msgs/msg/detail/point__type_support.cpp
[2.982s] -- Up-to-date: /home/harry/robot/install/apriltag_msgs/include/apriltag_msgs/apriltag_msgs/msg/detail/april_tag_detection_array__type_support.cpp
[2.983s] -- Up-to-date: /home/harry/robot/install/apriltag_msgs/lib/libapriltag_msgs__rosidl_typesupport_introspection_cpp.so
[2.989s] -- Up-to-date: /home/harry/robot/install/apriltag_msgs/lib/libapriltag_msgs__rosidl_typesupport_cpp.so
[2.989s] -- Up-to-date: /home/harry/robot/install/apriltag_msgs/share/apriltag_msgs/environment/pythonpath.sh
[2.990s] -- Up-to-date: /home/harry/robot/install/apriltag_msgs/share/apriltag_msgs/environment/pythonpath.dsv
[2.990s] -- Up-to-date: /home/harry/robot/install/apriltag_msgs/local/lib/python3.10/dist-packages/apriltag_msgs-2.0.1-py3.10.egg-info
[2.990s] -- Installing: /home/harry/robot/install/apriltag_msgs/local/lib/python3.10/dist-packages/apriltag_msgs-2.0.1-py3.10.egg-info/dependency_links.txt
[2.991s] -- Installing: /home/harry/robot/install/apriltag_msgs/local/lib/python3.10/dist-packages/apriltag_msgs-2.0.1-py3.10.egg-info/PKG-INFO
[2.993s] -- Installing: /home/harry/robot/install/apriltag_msgs/local/lib/python3.10/dist-packages/apriltag_msgs-2.0.1-py3.10.egg-info/top_level.txt
[2.994s] -- Installing: /home/harry/robot/install/apriltag_msgs/local/lib/python3.10/dist-packages/apriltag_msgs-2.0.1-py3.10.egg-info/SOURCES.txt
[2.995s] -- Up-to-date: /home/harry/robot/install/apriltag_msgs/local/lib/python3.10/dist-packages/apriltag_msgs
[2.996s] -- Up-to-date: /home/harry/robot/install/apriltag_msgs/local/lib/python3.10/dist-packages/apriltag_msgs/apriltag_msgs_s__rosidl_typesupport_fastrtps_c.cpython-310-x86_64-linux-gnu.so
[2.997s] -- Up-to-date: /home/harry/robot/install/apriltag_msgs/local/lib/python3.10/dist-packages/apriltag_msgs/__init__.py
[2.998s] -- Up-to-date: /home/harry/robot/install/apriltag_msgs/local/lib/python3.10/dist-packages/apriltag_msgs/apriltag_msgs_s__rosidl_typesupport_c.cpython-310-x86_64-linux-gnu.so
[2.999s] -- Up-to-date: /home/harry/robot/install/apriltag_msgs/local/lib/python3.10/dist-packages/apriltag_msgs/msg
[2.999s] -- Up-to-date: /home/harry/robot/install/apriltag_msgs/local/lib/python3.10/dist-packages/apriltag_msgs/msg/_april_tag_detection_array_s.c
[2.999s] -- Up-to-date: /home/harry/robot/install/apriltag_msgs/local/lib/python3.10/dist-packages/apriltag_msgs/msg/_april_tag_detection_s.c
[3.000s] -- Up-to-date: /home/harry/robot/install/apriltag_msgs/local/lib/python3.10/dist-packages/apriltag_msgs/msg/__init__.py
[3.002s] -- Up-to-date: /home/harry/robot/install/apriltag_msgs/local/lib/python3.10/dist-packages/apriltag_msgs/msg/_point.py
[3.002s] -- Up-to-date: /home/harry/robot/install/apriltag_msgs/local/lib/python3.10/dist-packages/apriltag_msgs/msg/_point_s.c
[3.004s] -- Up-to-date: /home/harry/robot/install/apriltag_msgs/local/lib/python3.10/dist-packages/apriltag_msgs/msg/_april_tag_detection_array.py
[3.004s] -- Up-to-date: /home/harry/robot/install/apriltag_msgs/local/lib/python3.10/dist-packages/apriltag_msgs/msg/_april_tag_detection.py
[3.004s] -- Up-to-date: /home/harry/robot/install/apriltag_msgs/local/lib/python3.10/dist-packages/apriltag_msgs/apriltag_msgs_s__rosidl_typesupport_introspection_c.cpython-310-x86_64-linux-gnu.so
[3.004s] -- Up-to-date: /home/harry/robot/install/apriltag_msgs/local/lib/python3.10/dist-packages/apriltag_msgs/_apriltag_msgs_s.ep.rosidl_typesupport_introspection_c.c
[3.004s] -- Up-to-date: /home/harry/robot/install/apriltag_msgs/local/lib/python3.10/dist-packages/apriltag_msgs/_apriltag_msgs_s.ep.rosidl_typesupport_c.c
[3.005s] -- Up-to-date: /home/harry/robot/install/apriltag_msgs/local/lib/python3.10/dist-packages/apriltag_msgs/libapriltag_msgs__rosidl_generator_py.so
[3.005s] -- Up-to-date: /home/harry/robot/install/apriltag_msgs/local/lib/python3.10/dist-packages/apriltag_msgs/_apriltag_msgs_s.ep.rosidl_typesupport_fastrtps_c.c
[3.118s] Listing '/home/harry/robot/install/apriltag_msgs/local/lib/python3.10/dist-packages/apriltag_msgs'...
[3.118s] Listing '/home/harry/robot/install/apriltag_msgs/local/lib/python3.10/dist-packages/apriltag_msgs/msg'...
[3.129s] -- Up-to-date: /home/harry/robot/install/apriltag_msgs/local/lib/python3.10/dist-packages/apriltag_msgs/apriltag_msgs_s__rosidl_typesupport_fastrtps_c.cpython-310-x86_64-linux-gnu.so
[3.134s] -- Up-to-date: /home/harry/robot/install/apriltag_msgs/local/lib/python3.10/dist-packages/apriltag_msgs/apriltag_msgs_s__rosidl_typesupport_introspection_c.cpython-310-x86_64-linux-gnu.so
[3.136s] -- Up-to-date: /home/harry/robot/install/apriltag_msgs/local/lib/python3.10/dist-packages/apriltag_msgs/apriltag_msgs_s__rosidl_typesupport_c.cpython-310-x86_64-linux-gnu.so
[3.141s] -- Up-to-date: /home/harry/robot/install/apriltag_msgs/lib/libapriltag_msgs__rosidl_generator_py.so
[3.141s] -- Up-to-date: /home/harry/robot/install/apriltag_msgs/share/apriltag_msgs/msg/Point.idl
[3.141s] -- Up-to-date: /home/harry/robot/install/apriltag_msgs/share/apriltag_msgs/msg/AprilTagDetection.idl
[3.143s] -- Up-to-date: /home/harry/robot/install/apriltag_msgs/share/apriltag_msgs/msg/AprilTagDetectionArray.idl
[3.143s] -- Up-to-date: /home/harry/robot/install/apriltag_msgs/share/apriltag_msgs/msg/Point.msg
[3.143s] -- Up-to-date: /home/harry/robot/install/apriltag_msgs/share/apriltag_msgs/msg/AprilTagDetection.msg
[3.143s] -- Up-to-date: /home/harry/robot/install/apriltag_msgs/share/apriltag_msgs/msg/AprilTagDetectionArray.msg
[3.143s] -- Up-to-date: /home/harry/robot/install/apriltag_msgs/share/ament_index/resource_index/package_run_dependencies/apriltag_msgs
[3.143s] -- Up-to-date: /home/harry/robot/install/apriltag_msgs/share/ament_index/resource_index/parent_prefix_path/apriltag_msgs
[3.144s] -- Up-to-date: /home/harry/robot/install/apriltag_msgs/share/apriltag_msgs/environment/ament_prefix_path.sh
[3.144s] -- Up-to-date: /home/harry/robot/install/apriltag_msgs/share/apriltag_msgs/environment/ament_prefix_path.dsv
[3.144s] -- Up-to-date: /home/harry/robot/install/apriltag_msgs/share/apriltag_msgs/environment/path.sh
[3.144s] -- Up-to-date: /home/harry/robot/install/apriltag_msgs/share/apriltag_msgs/environment/path.dsv
[3.144s] -- Up-to-date: /home/harry/robot/install/apriltag_msgs/share/apriltag_msgs/local_setup.bash
[3.144s] -- Up-to-date: /home/harry/robot/install/apriltag_msgs/share/apriltag_msgs/local_setup.sh
[3.144s] -- Up-to-date: /home/harry/robot/install/apriltag_msgs/share/apriltag_msgs/local_setup.zsh
[3.144s] -- Up-to-date: /home/harry/robot/install/apriltag_msgs/share/apriltag_msgs/local_setup.dsv
[3.144s] -- Installing: /home/harry/robot/install/apriltag_msgs/share/apriltag_msgs/package.dsv
[3.146s] -- Up-to-date: /home/harry/robot/install/apriltag_msgs/share/ament_index/resource_index/packages/apriltag_msgs
[3.148s] -- Up-to-date: /home/harry/robot/install/apriltag_msgs/share/apriltag_msgs/cmake/export_apriltag_msgs__rosidl_generator_cExport.cmake
[3.149s] -- Up-to-date: /home/harry/robot/install/apriltag_msgs/share/apriltag_msgs/cmake/export_apriltag_msgs__rosidl_generator_cExport-noconfig.cmake
[3.151s] -- Up-to-date: /home/harry/robot/install/apriltag_msgs/share/apriltag_msgs/cmake/export_apriltag_msgs__rosidl_typesupport_fastrtps_cExport.cmake
[3.152s] -- Up-to-date: /home/harry/robot/install/apriltag_msgs/share/apriltag_msgs/cmake/export_apriltag_msgs__rosidl_typesupport_fastrtps_cExport-noconfig.cmake
[3.156s] -- Up-to-date: /home/harry/robot/install/apriltag_msgs/share/apriltag_msgs/cmake/apriltag_msgs__rosidl_typesupport_introspection_cExport.cmake
[3.157s] -- Up-to-date: /home/harry/robot/install/apriltag_msgs/share/apriltag_msgs/cmake/apriltag_msgs__rosidl_typesupport_introspection_cExport-noconfig.cmake
[3.160s] -- Up-to-date: /home/harry/robot/install/apriltag_msgs/share/apriltag_msgs/cmake/apriltag_msgs__rosidl_typesupport_cExport.cmake
[3.160s] -- Up-to-date: /home/harry/robot/install/apriltag_msgs/share/apriltag_msgs/cmake/apriltag_msgs__rosidl_typesupport_cExport-noconfig.cmake
[3.162s] -- Up-to-date: /home/harry/robot/install/apriltag_msgs/share/apriltag_msgs/cmake/export_apriltag_msgs__rosidl_generator_cppExport.cmake
[3.165s] -- Up-to-date: /home/harry/robot/install/apriltag_msgs/share/apriltag_msgs/cmake/export_apriltag_msgs__rosidl_typesupport_fastrtps_cppExport.cmake
[3.166s] -- Up-to-date: /home/harry/robot/install/apriltag_msgs/share/apriltag_msgs/cmake/export_apriltag_msgs__rosidl_typesupport_fastrtps_cppExport-noconfig.cmake
[3.168s] -- Up-to-date: /home/harry/robot/install/apriltag_msgs/share/apriltag_msgs/cmake/apriltag_msgs__rosidl_typesupport_introspection_cppExport.cmake
[3.171s] -- Up-to-date: /home/harry/robot/install/apriltag_msgs/share/apriltag_msgs/cmake/apriltag_msgs__rosidl_typesupport_introspection_cppExport-noconfig.cmake
[3.173s] -- Up-to-date: /home/harry/robot/install/apriltag_msgs/share/apriltag_msgs/cmake/apriltag_msgs__rosidl_typesupport_cppExport.cmake
[3.174s] -- Up-to-date: /home/harry/robot/install/apriltag_msgs/share/apriltag_msgs/cmake/apriltag_msgs__rosidl_typesupport_cppExport-noconfig.cmake
[3.176s] -- Up-to-date: /home/harry/robot/install/apriltag_msgs/share/apriltag_msgs/cmake/export_apriltag_msgs__rosidl_generator_pyExport.cmake
[3.178s] -- Up-to-date: /home/harry/robot/install/apriltag_msgs/share/apriltag_msgs/cmake/export_apriltag_msgs__rosidl_generator_pyExport-noconfig.cmake
[3.178s] -- Up-to-date: /home/harry/robot/install/apriltag_msgs/share/apriltag_msgs/cmake/rosidl_cmake-extras.cmake
[3.179s] -- Up-to-date: /home/harry/robot/install/apriltag_msgs/share/apriltag_msgs/cmake/ament_cmake_export_dependencies-extras.cmake
[3.180s] -- Up-to-date: /home/harry/robot/install/apriltag_msgs/share/apriltag_msgs/cmake/ament_cmake_export_include_directories-extras.cmake
[3.181s] -- Up-to-date: /home/harry/robot/install/apriltag_msgs/share/apriltag_msgs/cmake/ament_cmake_export_libraries-extras.cmake
[3.181s] -- Up-to-date: /home/harry/robot/install/apriltag_msgs/share/apriltag_msgs/cmake/ament_cmake_export_targets-extras.cmake
[3.182s] -- Up-to-date: /home/harry/robot/install/apriltag_msgs/share/apriltag_msgs/cmake/rosidl_cmake_export_typesupport_targets-extras.cmake
[3.182s] -- Up-to-date: /home/harry/robot/install/apriltag_msgs/share/apriltag_msgs/cmake/rosidl_cmake_export_typesupport_libraries-extras.cmake
[3.182s] -- Up-to-date: /home/harry/robot/install/apriltag_msgs/share/apriltag_msgs/cmake/apriltag_msgsConfig.cmake
[3.183s] -- Up-to-date: /home/harry/robot/install/apriltag_msgs/share/apriltag_msgs/cmake/apriltag_msgsConfig-version.cmake
[3.183s] -- Up-to-date: /home/harry/robot/install/apriltag_msgs/share/apriltag_msgs/package.xml
[3.193s] Invoked command in '/home/harry/robot/build/apriltag_msgs' returned '0': CMAKE_PREFIX_PATH=${CMAKE_PREFIX_PATH}:/home/harry/robot/install/my_first_package:/home/harry/robot/install/tb3_description:/home/harry/robot/install/tag_detection:/home/harry/robot/install/curator:/home/harry/robot/install/challenge_2025:/home/harry/install/my_first_package:/opt/ros/humble /usr/bin/cmake --install /home/harry/robot/build/apriltag_msgs
