/home/harry/robot/install/tb3_description/lib/python3.10/site-packages/tb3_description/__init__.py
/home/harry/robot/install/tb3_description/lib/python3.10/site-packages/tb3_description/__pycache__/__init__.cpython-310.pyc
/home/harry/robot/install/tb3_description/share/ament_index/resource_index/packages/tb3_description
/home/harry/robot/install/tb3_description/share/tb3_description/package.xml
/home/harry/robot/install/tb3_description/share/tb3_description/launch
/home/harry/robot/install/tb3_description/share/tb3_description/config
/home/harry/robot/install/tb3_description/share/tb3_description/urdf/laser.urdf.xacro
/home/harry/robot/install/tb3_description/share/tb3_description/urdf/common_properties.xacro
/home/harry/robot/install/tb3_description/share/tb3_description/urdf/camera.urdf.xacro
/home/harry/robot/install/tb3_description/share/tb3_description/urdf/wheel.urdf.xacro
/home/harry/robot/install/tb3_description/share/tb3_description/urdf/caster.urdf.xacro
/home/harry/robot/install/tb3_description/share/tb3_description/urdf/imu.urdf.xacro
/home/harry/robot/install/tb3_description/share/tb3_description/urdf/turtlebot3_waffle_base.urdf.xacro
/home/harry/robot/install/tb3_description/share/tb3_description/meshes/RPLIDAR.stl
/home/harry/robot/install/tb3_description/share/tb3_description/meshes/left_tire.stl
/home/harry/robot/install/tb3_description/share/tb3_description/meshes/right_tire.stl
/home/harry/robot/install/tb3_description/share/tb3_description/meshes/webcam.stl
/home/harry/robot/install/tb3_description/share/tb3_description/meshes/waffle_custom_base_old.stl
/home/harry/robot/install/tb3_description/share/tb3_description/meshes/waffle_custom_base.stl
/home/harry/robot/install/tb3_description/lib/python3.10/site-packages/tb3_description-0.0.0-py3.10.egg-info/entry_points.txt
/home/harry/robot/install/tb3_description/lib/python3.10/site-packages/tb3_description-0.0.0-py3.10.egg-info/dependency_links.txt
/home/harry/robot/install/tb3_description/lib/python3.10/site-packages/tb3_description-0.0.0-py3.10.egg-info/PKG-INFO
/home/harry/robot/install/tb3_description/lib/python3.10/site-packages/tb3_description-0.0.0-py3.10.egg-info/top_level.txt
/home/harry/robot/install/tb3_description/lib/python3.10/site-packages/tb3_description-0.0.0-py3.10.egg-info/SOURCES.txt
/home/harry/robot/install/tb3_description/lib/python3.10/site-packages/tb3_description-0.0.0-py3.10.egg-info/requires.txt
/home/harry/robot/install/tb3_description/lib/python3.10/site-packages/tb3_description-0.0.0-py3.10.egg-info/zip-safe
