[0.658s] Invoking command in '/home/harry/robot/build/apriltag_ros': CMAKE_PREFIX_PATH=/home/harry/robot/install/apriltag_msgs:/home/harry/robot/install/turtlesim:/home/harry/robot/install/test_package:/home/harry/robot/install/tb3_gazebo:/home/harry/robot/install/art_maze:/home/harry/robot/install/apriltag_ros:/home/harry/install/turtlesim:/home/harry/install/test_package:/home/harry/robot/install/my_first_package:/home/harry/robot/install/tb3_description:/home/harry/robot/install/tag_detection:/home/harry/robot/install/curator:/home/harry/robot/install/challenge_2025:/home/harry/install/my_first_package:/opt/ros/humble LD_LIBRARY_PATH=/home/harry/robot/install/apriltag_msgs/lib:/home/harry/robot/install/turtlesim/lib:/home/harry/robot/install/apriltag_ros/lib:/home/harry/install/turtlesim/lib:/usr/lib/x86_64-linux-gnu/gazebo-11/plugins:/opt/ros/humble/opt/rviz_ogre_vendor/lib:/opt/ros/humble/lib/x86_64-linux-gnu:/opt/ros/humble/lib /usr/bin/cmake --build /home/harry/robot/build/apriltag_ros -- -j2 -l2
[2.869s] [ 20%] Built target tags
[4.085s] [ 40%] Built target conversion
[6.079s] [ 60%] Built target apriltag_node
[7.466s] [ 80%] Built target pose_estimation
[9.417s] [100%] Built target AprilTagNode
[10.035s] Invoked command in '/home/harry/robot/build/apriltag_ros' returned '0': CMAKE_PREFIX_PATH=/home/harry/robot/install/apriltag_msgs:/home/harry/robot/install/turtlesim:/home/harry/robot/install/test_package:/home/harry/robot/install/tb3_gazebo:/home/harry/robot/install/art_maze:/home/harry/robot/install/apriltag_ros:/home/harry/install/turtlesim:/home/harry/install/test_package:/home/harry/robot/install/my_first_package:/home/harry/robot/install/tb3_description:/home/harry/robot/install/tag_detection:/home/harry/robot/install/curator:/home/harry/robot/install/challenge_2025:/home/harry/install/my_first_package:/opt/ros/humble LD_LIBRARY_PATH=/home/harry/robot/install/apriltag_msgs/lib:/home/harry/robot/install/turtlesim/lib:/home/harry/robot/install/apriltag_ros/lib:/home/harry/install/turtlesim/lib:/usr/lib/x86_64-linux-gnu/gazebo-11/plugins:/opt/ros/humble/opt/rviz_ogre_vendor/lib:/opt/ros/humble/lib/x86_64-linux-gnu:/opt/ros/humble/lib /usr/bin/cmake --build /home/harry/robot/build/apriltag_ros -- -j2 -l2
[10.120s] Invoking command in '/home/harry/robot/build/apriltag_ros': CMAKE_PREFIX_PATH=/home/harry/robot/install/apriltag_msgs:/home/harry/robot/install/turtlesim:/home/harry/robot/install/test_package:/home/harry/robot/install/tb3_gazebo:/home/harry/robot/install/art_maze:/home/harry/robot/install/apriltag_ros:/home/harry/install/turtlesim:/home/harry/install/test_package:/home/harry/robot/install/my_first_package:/home/harry/robot/install/tb3_description:/home/harry/robot/install/tag_detection:/home/harry/robot/install/curator:/home/harry/robot/install/challenge_2025:/home/harry/install/my_first_package:/opt/ros/humble LD_LIBRARY_PATH=/home/harry/robot/install/apriltag_msgs/lib:/home/harry/robot/install/turtlesim/lib:/home/harry/robot/install/apriltag_ros/lib:/home/harry/install/turtlesim/lib:/usr/lib/x86_64-linux-gnu/gazebo-11/plugins:/opt/ros/humble/opt/rviz_ogre_vendor/lib:/opt/ros/humble/lib/x86_64-linux-gnu:/opt/ros/humble/lib /usr/bin/cmake --install /home/harry/robot/build/apriltag_ros
[10.491s] -- Install configuration: ""
[10.538s] -- Up-to-date: /home/harry/robot/install/apriltag_ros/lib/apriltag_ros/apriltag_node
[10.568s] -- Up-to-date: /home/harry/robot/install/apriltag_ros/share/apriltag_ros/environment/library_path.sh
[10.578s] -- Up-to-date: /home/harry/robot/install/apriltag_ros/share/apriltag_ros/environment/library_path.dsv
[10.610s] -- Up-to-date: /home/harry/robot/install/apriltag_ros/lib/libAprilTagNode.so
[10.639s] -- Up-to-date: /home/harry/robot/install/apriltag_ros/share/apriltag_ros/cfg
[10.669s] -- Up-to-date: /home/harry/robot/install/apriltag_ros/share/apriltag_ros/cfg/tags_36h11.yaml
[10.669s] -- Up-to-date: /home/harry/robot/install/apriltag_ros/share/apriltag_ros/launch
[10.680s] -- Up-to-date: /home/harry/robot/install/apriltag_ros/share/apriltag_ros/launch/camera_36h11.launch.yml
[10.685s] -- Up-to-date: /home/harry/robot/install/apriltag_ros/share/ament_index/resource_index/package_run_dependencies/apriltag_ros
[10.699s] -- Up-to-date: /home/harry/robot/install/apriltag_ros/share/ament_index/resource_index/parent_prefix_path/apriltag_ros
[10.700s] -- Up-to-date: /home/harry/robot/install/apriltag_ros/share/apriltag_ros/environment/ament_prefix_path.sh
[10.700s] -- Up-to-date: /home/harry/robot/install/apriltag_ros/share/apriltag_ros/environment/ament_prefix_path.dsv
[10.700s] -- Up-to-date: /home/harry/robot/install/apriltag_ros/share/apriltag_ros/environment/path.sh
[10.716s] -- Up-to-date: /home/harry/robot/install/apriltag_ros/share/apriltag_ros/environment/path.dsv
[10.716s] -- Up-to-date: /home/harry/robot/install/apriltag_ros/share/apriltag_ros/local_setup.bash
[10.722s] -- Up-to-date: /home/harry/robot/install/apriltag_ros/share/apriltag_ros/local_setup.sh
[10.728s] -- Up-to-date: /home/harry/robot/install/apriltag_ros/share/apriltag_ros/local_setup.zsh
[10.728s] -- Up-to-date: /home/harry/robot/install/apriltag_ros/share/apriltag_ros/local_setup.dsv
[10.728s] -- Installing: /home/harry/robot/install/apriltag_ros/share/apriltag_ros/package.dsv
[10.740s] -- Up-to-date: /home/harry/robot/install/apriltag_ros/share/ament_index/resource_index/packages/apriltag_ros
[10.747s] -- Up-to-date: /home/harry/robot/install/apriltag_ros/share/ament_index/resource_index/rclcpp_components/apriltag_ros
[10.747s] -- Up-to-date: /home/harry/robot/install/apriltag_ros/share/apriltag_ros/cmake/apriltag_rosConfig.cmake
[10.763s] -- Up-to-date: /home/harry/robot/install/apriltag_ros/share/apriltag_ros/cmake/apriltag_rosConfig-version.cmake
[10.779s] -- Up-to-date: /home/harry/robot/install/apriltag_ros/share/apriltag_ros/package.xml
[10.830s] Invoked command in '/home/harry/robot/build/apriltag_ros' returned '0': CMAKE_PREFIX_PATH=/home/harry/robot/install/apriltag_msgs:/home/harry/robot/install/turtlesim:/home/harry/robot/install/test_package:/home/harry/robot/install/tb3_gazebo:/home/harry/robot/install/art_maze:/home/harry/robot/install/apriltag_ros:/home/harry/install/turtlesim:/home/harry/install/test_package:/home/harry/robot/install/my_first_package:/home/harry/robot/install/tb3_description:/home/harry/robot/install/tag_detection:/home/harry/robot/install/curator:/home/harry/robot/install/challenge_2025:/home/harry/install/my_first_package:/opt/ros/humble LD_LIBRARY_PATH=/home/harry/robot/install/apriltag_msgs/lib:/home/harry/robot/install/turtlesim/lib:/home/harry/robot/install/apriltag_ros/lib:/home/harry/install/turtlesim/lib:/usr/lib/x86_64-linux-gnu/gazebo-11/plugins:/opt/ros/humble/opt/rviz_ogre_vendor/lib:/opt/ros/humble/lib/x86_64-linux-gnu:/opt/ros/humble/lib /usr/bin/cmake --install /home/harry/robot/build/apriltag_ros
