[0.111s] Invoking command in '/home/harry/robot/build/apriltag_ros': CMAKE_PREFIX_PATH=/home/harry/robot/install/apriltag_msgs:/home/harry/robot/install/apriltag_ros:/home/harry/robot/install/turtlesim:/home/harry/robot/install/test_package:/home/harry/install/turtlesim:/home/harry/install/test_package:/home/harry/robot/install/tag_detection:/home/harry/robot/install/my_first_package:/home/harry/install/my_first_package:/opt/ros/humble LD_LIBRARY_PATH=/home/harry/robot/install/apriltag_msgs/lib:/usr/lib/x86_64-linux-gnu/gazebo-11/plugins:/home/harry/robot/install/apriltag_ros/lib:/home/harry/robot/install/turtlesim/lib:/home/harry/install/turtlesim/lib:/opt/ros/humble/opt/rviz_ogre_vendor/lib:/opt/ros/humble/lib/x86_64-linux-gnu:/opt/ros/humble/lib /usr/bin/cmake --build /home/harry/robot/build/apriltag_ros -- -j2 -l2
[0.509s] [ 20%] Built target tags
[0.615s] [ 40%] Built target conversion
[0.716s] [ 60%] Built target apriltag_node
[0.815s] [ 80%] Built target pose_estimation
[0.987s] [100%] Built target AprilTagNode
[1.006s] Invoked command in '/home/harry/robot/build/apriltag_ros' returned '0': CMAKE_PREFIX_PATH=/home/harry/robot/install/apriltag_msgs:/home/harry/robot/install/apriltag_ros:/home/harry/robot/install/turtlesim:/home/harry/robot/install/test_package:/home/harry/install/turtlesim:/home/harry/install/test_package:/home/harry/robot/install/tag_detection:/home/harry/robot/install/my_first_package:/home/harry/install/my_first_package:/opt/ros/humble LD_LIBRARY_PATH=/home/harry/robot/install/apriltag_msgs/lib:/usr/lib/x86_64-linux-gnu/gazebo-11/plugins:/home/harry/robot/install/apriltag_ros/lib:/home/harry/robot/install/turtlesim/lib:/home/harry/install/turtlesim/lib:/opt/ros/humble/opt/rviz_ogre_vendor/lib:/opt/ros/humble/lib/x86_64-linux-gnu:/opt/ros/humble/lib /usr/bin/cmake --build /home/harry/robot/build/apriltag_ros -- -j2 -l2
[1.011s] Invoking command in '/home/harry/robot/build/apriltag_ros': CMAKE_PREFIX_PATH=/home/harry/robot/install/apriltag_msgs:/home/harry/robot/install/apriltag_ros:/home/harry/robot/install/turtlesim:/home/harry/robot/install/test_package:/home/harry/install/turtlesim:/home/harry/install/test_package:/home/harry/robot/install/tag_detection:/home/harry/robot/install/my_first_package:/home/harry/install/my_first_package:/opt/ros/humble LD_LIBRARY_PATH=/home/harry/robot/install/apriltag_msgs/lib:/usr/lib/x86_64-linux-gnu/gazebo-11/plugins:/home/harry/robot/install/apriltag_ros/lib:/home/harry/robot/install/turtlesim/lib:/home/harry/install/turtlesim/lib:/opt/ros/humble/opt/rviz_ogre_vendor/lib:/opt/ros/humble/lib/x86_64-linux-gnu:/opt/ros/humble/lib /usr/bin/cmake --install /home/harry/robot/build/apriltag_ros
[1.028s] -- Install configuration: ""
[1.032s] -- Up-to-date: /home/harry/robot/install/apriltag_ros/lib/apriltag_ros/apriltag_node
[1.034s] -- Up-to-date: /home/harry/robot/install/apriltag_ros/share/apriltag_ros/environment/library_path.sh
[1.034s] -- Up-to-date: /home/harry/robot/install/apriltag_ros/share/apriltag_ros/environment/library_path.dsv
[1.038s] -- Up-to-date: /home/harry/robot/install/apriltag_ros/lib/libAprilTagNode.so
[1.039s] -- Up-to-date: /home/harry/robot/install/apriltag_ros/share/apriltag_ros/cfg
[1.041s] -- Up-to-date: /home/harry/robot/install/apriltag_ros/share/apriltag_ros/cfg/tags_36h11.yaml
[1.045s] -- Up-to-date: /home/harry/robot/install/apriltag_ros/share/apriltag_ros/launch
[1.046s] -- Up-to-date: /home/harry/robot/install/apriltag_ros/share/apriltag_ros/launch/camera_36h11.launch.yml
[1.047s] -- Up-to-date: /home/harry/robot/install/apriltag_ros/share/ament_index/resource_index/package_run_dependencies/apriltag_ros
[1.047s] -- Up-to-date: /home/harry/robot/install/apriltag_ros/share/ament_index/resource_index/parent_prefix_path/apriltag_ros
[1.047s] -- Up-to-date: /home/harry/robot/install/apriltag_ros/share/apriltag_ros/environment/ament_prefix_path.sh
[1.048s] -- Up-to-date: /home/harry/robot/install/apriltag_ros/share/apriltag_ros/environment/ament_prefix_path.dsv
[1.048s] -- Up-to-date: /home/harry/robot/install/apriltag_ros/share/apriltag_ros/environment/path.sh
[1.048s] -- Up-to-date: /home/harry/robot/install/apriltag_ros/share/apriltag_ros/environment/path.dsv
[1.048s] -- Up-to-date: /home/harry/robot/install/apriltag_ros/share/apriltag_ros/local_setup.bash
[1.049s] -- Up-to-date: /home/harry/robot/install/apriltag_ros/share/apriltag_ros/local_setup.sh
[1.049s] -- Up-to-date: /home/harry/robot/install/apriltag_ros/share/apriltag_ros/local_setup.zsh
[1.049s] -- Up-to-date: /home/harry/robot/install/apriltag_ros/share/apriltag_ros/local_setup.dsv
[1.049s] -- Installing: /home/harry/robot/install/apriltag_ros/share/apriltag_ros/package.dsv
[1.050s] -- Up-to-date: /home/harry/robot/install/apriltag_ros/share/ament_index/resource_index/packages/apriltag_ros
[1.051s] -- Up-to-date: /home/harry/robot/install/apriltag_ros/share/ament_index/resource_index/rclcpp_components/apriltag_ros
[1.051s] -- Up-to-date: /home/harry/robot/install/apriltag_ros/share/apriltag_ros/cmake/apriltag_rosConfig.cmake
[1.051s] -- Up-to-date: /home/harry/robot/install/apriltag_ros/share/apriltag_ros/cmake/apriltag_rosConfig-version.cmake
[1.052s] -- Up-to-date: /home/harry/robot/install/apriltag_ros/share/apriltag_ros/package.xml
[1.056s] Invoked command in '/home/harry/robot/build/apriltag_ros' returned '0': CMAKE_PREFIX_PATH=/home/harry/robot/install/apriltag_msgs:/home/harry/robot/install/apriltag_ros:/home/harry/robot/install/turtlesim:/home/harry/robot/install/test_package:/home/harry/install/turtlesim:/home/harry/install/test_package:/home/harry/robot/install/tag_detection:/home/harry/robot/install/my_first_package:/home/harry/install/my_first_package:/opt/ros/humble LD_LIBRARY_PATH=/home/harry/robot/install/apriltag_msgs/lib:/usr/lib/x86_64-linux-gnu/gazebo-11/plugins:/home/harry/robot/install/apriltag_ros/lib:/home/harry/robot/install/turtlesim/lib:/home/harry/install/turtlesim/lib:/opt/ros/humble/opt/rviz_ogre_vendor/lib:/opt/ros/humble/lib/x86_64-linux-gnu:/opt/ros/humble/lib /usr/bin/cmake --install /home/harry/robot/build/apriltag_ros
