[4.494s] Invoking command in '/home/harry/robot/src/simulation/art_gallery/challenge_2025': PYTHONPATH=/home/harry/robot/build/challenge_2025/prefix_override:/usr/lib/python3/dist-packages/colcon_core/task/python/colcon_distutils_commands:/home/harry/robot/install/challenge_2025/lib/python3.10/site-packages:${PYTHONPATH} /usr/bin/python3 -W ignore:setup.py install is deprecated -W ignore:easy_install command is deprecated setup.py egg_info --egg-base ../../../../build/challenge_2025 build --build-base /home/harry/robot/build/challenge_2025/build install --record /home/harry/robot/build/challenge_2025/install.log --single-version-externally-managed install_data
[5.655s] running egg_info
[5.658s] writing ../../../../build/challenge_2025/challenge_2025.egg-info/PKG-INFO
[5.665s] writing dependency_links to ../../../../build/challenge_2025/challenge_2025.egg-info/dependency_links.txt
[5.665s] writing entry points to ../../../../build/challenge_2025/challenge_2025.egg-info/entry_points.txt
[5.665s] writing requirements to ../../../../build/challenge_2025/challenge_2025.egg-info/requires.txt
[5.665s] writing top-level names to ../../../../build/challenge_2025/challenge_2025.egg-info/top_level.txt
[5.675s] reading manifest file '../../../../build/challenge_2025/challenge_2025.egg-info/SOURCES.txt'
[5.685s] writing manifest file '../../../../build/challenge_2025/challenge_2025.egg-info/SOURCES.txt'
[5.685s] running build
[5.685s] running build_py
[5.685s] running install
[5.685s] running install_lib
[5.694s] running install_data
[5.698s] running install_egg_info
[5.701s] removing '/home/harry/robot/install/challenge_2025/lib/python3.10/site-packages/challenge_2025-0.0.0-py3.10.egg-info' (and everything under it)
[5.702s] Copying ../../../../build/challenge_2025/challenge_2025.egg-info to /home/harry/robot/install/challenge_2025/lib/python3.10/site-packages/challenge_2025-0.0.0-py3.10.egg-info
[5.710s] running install_scripts
[5.773s] Installing object_spawner_pallets script to /home/harry/robot/install/challenge_2025/lib/challenge_2025
[5.781s] Installing object_spawner_static script to /home/harry/robot/install/challenge_2025/lib/challenge_2025
[5.784s] Installing tag_spawner_random script to /home/harry/robot/install/challenge_2025/lib/challenge_2025
[5.789s] writing list of installed files to '/home/harry/robot/build/challenge_2025/install.log'
[5.908s] Invoked command in '/home/harry/robot/src/simulation/art_gallery/challenge_2025' returned '0': PYTHONPATH=/home/harry/robot/build/challenge_2025/prefix_override:/usr/lib/python3/dist-packages/colcon_core/task/python/colcon_distutils_commands:/home/harry/robot/install/challenge_2025/lib/python3.10/site-packages:${PYTHONPATH} /usr/bin/python3 -W ignore:setup.py install is deprecated -W ignore:easy_install command is deprecated setup.py egg_info --egg-base ../../../../build/challenge_2025 build --build-base /home/harry/robot/build/challenge_2025/build install --record /home/harry/robot/build/challenge_2025/install.log --single-version-externally-managed install_data
