[30.014s] Invoking command in '/home/harry/robot/src/simulation/art_gallery/challenge_2025': PYTHONPATH=/home/harry/robot/build/challenge_2025/prefix_override:/usr/lib/python3/dist-packages/colcon_core/task/python/colcon_distutils_commands:/home/harry/robot/install/challenge_2025/lib/python3.10/site-packages:${PYTHONPATH} /usr/bin/python3 -W ignore:setup.py install is deprecated -W ignore:easy_install command is deprecated setup.py egg_info --egg-base ../../../../build/challenge_2025 build --build-base /home/harry/robot/build/challenge_2025/build install --record /home/harry/robot/build/challenge_2025/install.log --single-version-externally-managed install_data
[40.980s] running egg_info
[41.018s] writing ../../../../build/challenge_2025/challenge_2025.egg-info/PKG-INFO
[41.094s] writing dependency_links to ../../../../build/challenge_2025/challenge_2025.egg-info/dependency_links.txt
[41.114s] writing entry points to ../../../../build/challenge_2025/challenge_2025.egg-info/entry_points.txt
[41.114s] writing requirements to ../../../../build/challenge_2025/challenge_2025.egg-info/requires.txt
[41.147s] writing top-level names to ../../../../build/challenge_2025/challenge_2025.egg-info/top_level.txt
[41.299s] reading manifest file '../../../../build/challenge_2025/challenge_2025.egg-info/SOURCES.txt'
[41.333s] writing manifest file '../../../../build/challenge_2025/challenge_2025.egg-info/SOURCES.txt'
[41.351s] running build
[41.352s] running build_py
[41.403s] running install
[41.432s] running install_lib
[41.512s] running install_data
[41.535s] running install_egg_info
[41.623s] removing '/home/harry/robot/install/challenge_2025/lib/python3.10/site-packages/challenge_2025-0.0.0-py3.10.egg-info' (and everything under it)
[41.633s] Copying ../../../../build/challenge_2025/challenge_2025.egg-info to /home/harry/robot/install/challenge_2025/lib/python3.10/site-packages/challenge_2025-0.0.0-py3.10.egg-info
[41.684s] running install_scripts
[42.569s] Installing object_spawner_pallets script to /home/harry/robot/install/challenge_2025/lib/challenge_2025
[42.582s] Installing object_spawner_static script to /home/harry/robot/install/challenge_2025/lib/challenge_2025
[42.595s] Installing tag_spawner_random script to /home/harry/robot/install/challenge_2025/lib/challenge_2025
[42.601s] writing list of installed files to '/home/harry/robot/build/challenge_2025/install.log'
[44.084s] Invoked command in '/home/harry/robot/src/simulation/art_gallery/challenge_2025' returned '0': PYTHONPATH=/home/harry/robot/build/challenge_2025/prefix_override:/usr/lib/python3/dist-packages/colcon_core/task/python/colcon_distutils_commands:/home/harry/robot/install/challenge_2025/lib/python3.10/site-packages:${PYTHONPATH} /usr/bin/python3 -W ignore:setup.py install is deprecated -W ignore:easy_install command is deprecated setup.py egg_info --egg-base ../../../../build/challenge_2025 build --build-base /home/harry/robot/build/challenge_2025/build install --record /home/harry/robot/build/challenge_2025/install.log --single-version-externally-managed install_data
