[0.383s] Invoking command in '/home/rss/robot_harry/robotik/src/my_first_package': CMAKE_PREFIX_PATH=/home/rss/robot_harry/robotik/install/test_package:/home/rss/robot_harry/robotik/install/turtlesim:/home/rss/robot_harry/robotik/install/tb3_gazebo:/home/rss/robot_harry/robotik/install/my_robot_slam:/home/rss/robot_harry/robotik/install/art_maze:/home/rss/robot_harry/robotik/install/apriltag_ros:/home/rss/robot_harry/robotik/install/apriltag_msgs:/home/rss/robot_ws/install/turtlesim:/home/rss/robot_ws/install/create3_lidar_slam:/home/rss/robot_ws/install/rplidar_ros:/home/rss/robot_ws/install/realsense2_description:/home/rss/robot_ws/install/realsense2_camera:/home/rss/robot_ws/install/realsense2_camera_msgs:/home/rss/robot_ws/install/create3_republisher:/home/rss/robot_ws/install/create3_coverage:/home/rss/robot_ws/install/create3_examples_msgs:/home/rss/robot_ws/src/install/turtlesim:/home/rss/robot_ws/src/install/create3_lidar_slam:/home/rss/robot_ws/src/install/rplidar_ros:/home/rss/robot_ws/src/install/realsense2_description:/home/rss/robot_ws/src/install/realsense2_camera:/home/rss/robot_ws/src/install/realsense2_camera_msgs:/home/rss/robot_ws/src/install/create3_republisher:/home/rss/robot_ws/src/install/create3_coverage:/home/rss/robot_ws/src/install/create3_examples_msgs PYTHONPATH=/home/rss/robot_harry/robotik/build/my_first_package/prefix_override:/usr/lib/python3/dist-packages/colcon_core/task/python/colcon_distutils_commands:/home/rss/robot_harry/robotik/install/my_first_package/lib/python3.10/site-packages:${PYTHONPATH} /usr/bin/python3 -W ignore:setup.py install is deprecated -W ignore:easy_install command is deprecated setup.py egg_info --egg-base ../../build/my_first_package build --build-base /home/rss/robot_harry/robotik/build/my_first_package/build install --record /home/rss/robot_harry/robotik/build/my_first_package/install.log --single-version-externally-managed install_data
[0.542s] running egg_info
[0.542s] writing ../../build/my_first_package/my_first_package.egg-info/PKG-INFO
[0.542s] writing dependency_links to ../../build/my_first_package/my_first_package.egg-info/dependency_links.txt
[0.542s] writing entry points to ../../build/my_first_package/my_first_package.egg-info/entry_points.txt
[0.542s] writing requirements to ../../build/my_first_package/my_first_package.egg-info/requires.txt
[0.542s] writing top-level names to ../../build/my_first_package/my_first_package.egg-info/top_level.txt
[0.544s] reading manifest file '../../build/my_first_package/my_first_package.egg-info/SOURCES.txt'
[0.544s] writing manifest file '../../build/my_first_package/my_first_package.egg-info/SOURCES.txt'
[0.544s] running build
[0.544s] running build_py
[0.544s] running install
[0.544s] running install_lib
[0.545s] running install_data
[0.545s] running install_egg_info
[0.547s] removing '/home/rss/robot_harry/robotik/install/my_first_package/lib/python3.10/site-packages/my_first_package-0.0.0-py3.10.egg-info' (and everything under it)
[0.547s] Copying ../../build/my_first_package/my_first_package.egg-info to /home/rss/robot_harry/robotik/install/my_first_package/lib/python3.10/site-packages/my_first_package-0.0.0-py3.10.egg-info
[0.547s] running install_scripts
[0.561s] Installing emptynode script to /home/rss/robot_harry/robotik/install/my_first_package/lib/my_first_package
[0.561s] writing list of installed files to '/home/rss/robot_harry/robotik/build/my_first_package/install.log'
[0.574s] Invoked command in '/home/rss/robot_harry/robotik/src/my_first_package' returned '0': CMAKE_PREFIX_PATH=/home/rss/robot_harry/robotik/install/test_package:/home/rss/robot_harry/robotik/install/turtlesim:/home/rss/robot_harry/robotik/install/tb3_gazebo:/home/rss/robot_harry/robotik/install/my_robot_slam:/home/rss/robot_harry/robotik/install/art_maze:/home/rss/robot_harry/robotik/install/apriltag_ros:/home/rss/robot_harry/robotik/install/apriltag_msgs:/home/rss/robot_ws/install/turtlesim:/home/rss/robot_ws/install/create3_lidar_slam:/home/rss/robot_ws/install/rplidar_ros:/home/rss/robot_ws/install/realsense2_description:/home/rss/robot_ws/install/realsense2_camera:/home/rss/robot_ws/install/realsense2_camera_msgs:/home/rss/robot_ws/install/create3_republisher:/home/rss/robot_ws/install/create3_coverage:/home/rss/robot_ws/install/create3_examples_msgs:/home/rss/robot_ws/src/install/turtlesim:/home/rss/robot_ws/src/install/create3_lidar_slam:/home/rss/robot_ws/src/install/rplidar_ros:/home/rss/robot_ws/src/install/realsense2_description:/home/rss/robot_ws/src/install/realsense2_camera:/home/rss/robot_ws/src/install/realsense2_camera_msgs:/home/rss/robot_ws/src/install/create3_republisher:/home/rss/robot_ws/src/install/create3_coverage:/home/rss/robot_ws/src/install/create3_examples_msgs PYTHONPATH=/home/rss/robot_harry/robotik/build/my_first_package/prefix_override:/usr/lib/python3/dist-packages/colcon_core/task/python/colcon_distutils_commands:/home/rss/robot_harry/robotik/install/my_first_package/lib/python3.10/site-packages:${PYTHONPATH} /usr/bin/python3 -W ignore:setup.py install is deprecated -W ignore:easy_install command is deprecated setup.py egg_info --egg-base ../../build/my_first_package build --build-base /home/rss/robot_harry/robotik/build/my_first_package/build install --record /home/rss/robot_harry/robotik/build/my_first_package/install.log --single-version-externally-managed install_data
