[0.970s] Invoking command in '/home/harry/robot/src/my_first_package': PYTHONPATH=/home/harry/robot/build/my_first_package/prefix_override:/usr/lib/python3/dist-packages/colcon_core/task/python/colcon_distutils_commands:/home/harry/robot/install/my_first_package/lib/python3.10/site-packages:${PYTHONPATH} /usr/bin/python3 -W ignore:setup.py install is deprecated -W ignore:easy_install command is deprecated setup.py egg_info --egg-base ../../build/my_first_package build --build-base /home/harry/robot/build/my_first_package/build install --record /home/harry/robot/build/my_first_package/install.log --single-version-externally-managed install_data
[1.331s] running egg_info
[1.332s] creating ../../build/my_first_package/my_first_package.egg-info
[1.332s] writing ../../build/my_first_package/my_first_package.egg-info/PKG-INFO
[1.333s] writing dependency_links to ../../build/my_first_package/my_first_package.egg-info/dependency_links.txt
[1.333s] writing entry points to ../../build/my_first_package/my_first_package.egg-info/entry_points.txt
[1.333s] writing requirements to ../../build/my_first_package/my_first_package.egg-info/requires.txt
[1.333s] writing top-level names to ../../build/my_first_package/my_first_package.egg-info/top_level.txt
[1.334s] writing manifest file '../../build/my_first_package/my_first_package.egg-info/SOURCES.txt'
[1.336s] reading manifest file '../../build/my_first_package/my_first_package.egg-info/SOURCES.txt'
[1.338s] writing manifest file '../../build/my_first_package/my_first_package.egg-info/SOURCES.txt'
[1.338s] running build
[1.338s] running build_py
[1.338s] creating /home/harry/robot/build/my_first_package/build
[1.340s] creating /home/harry/robot/build/my_first_package/build/lib
[1.340s] creating /home/harry/robot/build/my_first_package/build/lib/my_first_package
[1.340s] copying my_first_package/__init__.py -> /home/harry/robot/build/my_first_package/build/lib/my_first_package
[1.340s] copying my_first_package/myfirstnode.py -> /home/harry/robot/build/my_first_package/build/lib/my_first_package
[1.340s] running install
[1.342s] running install_lib
[1.342s] creating /home/harry/robot/install/my_first_package/lib/python3.10/site-packages/my_first_package
[1.343s] copying /home/harry/robot/build/my_first_package/build/lib/my_first_package/__init__.py -> /home/harry/robot/install/my_first_package/lib/python3.10/site-packages/my_first_package
[1.344s] copying /home/harry/robot/build/my_first_package/build/lib/my_first_package/myfirstnode.py -> /home/harry/robot/install/my_first_package/lib/python3.10/site-packages/my_first_package
[1.345s] byte-compiling /home/harry/robot/install/my_first_package/lib/python3.10/site-packages/my_first_package/__init__.py to __init__.cpython-310.pyc
[1.346s] byte-compiling /home/harry/robot/install/my_first_package/lib/python3.10/site-packages/my_first_package/myfirstnode.py to myfirstnode.cpython-310.pyc
[1.346s] running install_data
[1.347s] creating /home/harry/robot/install/my_first_package/share/ament_index
[1.348s] creating /home/harry/robot/install/my_first_package/share/ament_index/resource_index
[1.348s] creating /home/harry/robot/install/my_first_package/share/ament_index/resource_index/packages
[1.348s] copying resource/my_first_package -> /home/harry/robot/install/my_first_package/share/ament_index/resource_index/packages
[1.348s] copying package.xml -> /home/harry/robot/install/my_first_package/share/my_first_package
[1.349s] running install_egg_info
[1.350s] Copying ../../build/my_first_package/my_first_package.egg-info to /home/harry/robot/install/my_first_package/lib/python3.10/site-packages/my_first_package-0.0.0-py3.10.egg-info
[1.354s] running install_scripts
[1.387s] Installing emptynode script to /home/harry/robot/install/my_first_package/lib/my_first_package
[1.388s] writing list of installed files to '/home/harry/robot/build/my_first_package/install.log'
[1.427s] Invoked command in '/home/harry/robot/src/my_first_package' returned '0': PYTHONPATH=/home/harry/robot/build/my_first_package/prefix_override:/usr/lib/python3/dist-packages/colcon_core/task/python/colcon_distutils_commands:/home/harry/robot/install/my_first_package/lib/python3.10/site-packages:${PYTHONPATH} /usr/bin/python3 -W ignore:setup.py install is deprecated -W ignore:easy_install command is deprecated setup.py egg_info --egg-base ../../build/my_first_package build --build-base /home/harry/robot/build/my_first_package/build install --record /home/harry/robot/build/my_first_package/install.log --single-version-externally-managed install_data
