[4.902s] Invoking command in '/home/harry/robot/src/tag_detection': PYTHONPATH=/home/harry/robot/build/tag_detection/prefix_override:/usr/lib/python3/dist-packages/colcon_core/task/python/colcon_distutils_commands:/home/harry/robot/install/tag_detection/lib/python3.10/site-packages:${PYTHONPATH} /usr/bin/python3 -W ignore:setup.py install is deprecated -W ignore:easy_install command is deprecated setup.py egg_info --egg-base ../../build/tag_detection build --build-base /home/harry/robot/build/tag_detection/build install --record /home/harry/robot/build/tag_detection/install.log --single-version-externally-managed install_data
[5.601s] running egg_info
[5.601s] writing ../../build/tag_detection/tag_detection.egg-info/PKG-INFO
[5.603s] writing dependency_links to ../../build/tag_detection/tag_detection.egg-info/dependency_links.txt
[5.604s] writing entry points to ../../build/tag_detection/tag_detection.egg-info/entry_points.txt
[5.605s] writing requirements to ../../build/tag_detection/tag_detection.egg-info/requires.txt
[5.605s] writing top-level names to ../../build/tag_detection/tag_detection.egg-info/top_level.txt
[5.611s] reading manifest file '../../build/tag_detection/tag_detection.egg-info/SOURCES.txt'
[5.611s] writing manifest file '../../build/tag_detection/tag_detection.egg-info/SOURCES.txt'
[5.612s] running build
[5.612s] running build_py
[5.615s] running install
[5.617s] running install_lib
[5.622s] running install_data
[5.625s] running install_egg_info
[5.631s] removing '/home/harry/robot/install/tag_detection/lib/python3.10/site-packages/tag_detection-0.0.0-py3.10.egg-info' (and everything under it)
[5.633s] Copying ../../build/tag_detection/tag_detection.egg-info to /home/harry/robot/install/tag_detection/lib/python3.10/site-packages/tag_detection-0.0.0-py3.10.egg-info
[5.636s] running install_scripts
[5.679s] writing list of installed files to '/home/harry/robot/build/tag_detection/install.log'
[5.738s] Invoked command in '/home/harry/robot/src/tag_detection' returned '0': PYTHONPATH=/home/harry/robot/build/tag_detection/prefix_override:/usr/lib/python3/dist-packages/colcon_core/task/python/colcon_distutils_commands:/home/harry/robot/install/tag_detection/lib/python3.10/site-packages:${PYTHONPATH} /usr/bin/python3 -W ignore:setup.py install is deprecated -W ignore:easy_install command is deprecated setup.py egg_info --egg-base ../../build/tag_detection build --build-base /home/harry/robot/build/tag_detection/build install --record /home/harry/robot/build/tag_detection/install.log --single-version-externally-managed install_data
