[0.015s] Invoking command in '/home/harry/robot/build/apriltag_ros': AMENT_PREFIX_PATH=/home/harry/robot/install/apriltag_msgs:${AMENT_PREFIX_PATH} CMAKE_PREFIX_PATH=/home/harry/robot/install/apriltag_msgs:/home/harry/robot/install/turtlesim:/home/harry/robot/install/test_package:/home/harry/install/turtlesim:/home/harry/install/test_package:/home/harry/robot/install/my_first_package:/home/harry/install/my_first_package:/opt/ros/humble LD_LIBRARY_PATH=/home/harry/robot/install/apriltag_msgs/lib:${LD_LIBRARY_PATH} PYTHONPATH=/home/harry/robot/install/apriltag_msgs/local/lib/python3.10/dist-packages:${PYTHONPATH} /usr/bin/cmake /home/harry/robot/src/apriltag_ros -DCMAKE_INSTALL_PREFIX=/home/harry/robot/install/apriltag_ros
[0.095s] -- The C compiler identification is GNU 11.4.0
[0.168s] -- The CXX compiler identification is GNU 11.4.0
[0.178s] -- Detecting C compiler ABI info
[0.281s] -- Detecting C compiler ABI info - done
[0.289s] -- Check for working C compiler: /usr/bin/cc - skipped
[0.290s] -- Detecting C compile features
[0.290s] -- Detecting C compile features - done
[0.294s] -- Detecting CXX compiler ABI info
[0.403s] -- Detecting CXX compiler ABI info - done
[0.411s] -- Check for working CXX compiler: /usr/bin/c++ - skipped
[0.411s] -- Detecting CXX compile features
[0.412s] -- Detecting CXX compile features - done
[0.416s] -- Found rclcpp: 16.0.17 (/opt/ros/humble/share/rclcpp/cmake)
[0.602s] -- Found Python3: /usr/bin/python3 (found version "3.10.12") found components: Interpreter 
[0.784s] -- Found rosidl_generator_c: 3.1.8 (/opt/ros/humble/share/rosidl_generator_c/cmake)
[0.792s] -- Found rosidl_adapter: 3.1.8 (/opt/ros/humble/share/rosidl_adapter/cmake)
[0.803s] -- Found rosidl_generator_cpp: 3.1.8 (/opt/ros/humble/share/rosidl_generator_cpp/cmake)
[0.819s] -- Using all available rosidl_typesupport_c: rosidl_typesupport_fastrtps_c;rosidl_typesupport_introspection_c
[0.841s] -- Using all available rosidl_typesupport_cpp: rosidl_typesupport_fastrtps_cpp;rosidl_typesupport_introspection_cpp
[0.924s] -- Found rmw_implementation_cmake: 6.1.2 (/opt/ros/humble/share/rmw_implementation_cmake/cmake)
[0.931s] -- Found rmw_fastrtps_cpp: 6.2.9 (/opt/ros/humble/share/rmw_fastrtps_cpp/cmake)
[1.076s] -- Found OpenSSL: /usr/lib/x86_64-linux-gnu/libcrypto.so (found version "3.0.2")  
[1.108s] -- Found FastRTPS: /opt/ros/humble/include  
[1.158s] -- Using RMW implementation 'rmw_fastrtps_cpp' as default
[1.174s] -- Looking for pthread.h
[1.276s] -- Looking for pthread.h - found
[1.276s] -- Performing Test CMAKE_HAVE_LIBC_PTHREAD
[1.381s] -- Performing Test CMAKE_HAVE_LIBC_PTHREAD - Success
[1.382s] -- Found Threads: TRUE  
[1.477s] -- Found rclcpp_components: 16.0.17 (/opt/ros/humble/share/rclcpp_components/cmake)
[1.547s] -- Found sensor_msgs: 4.9.0 (/opt/ros/humble/share/sensor_msgs/cmake)
[1.616s] -- Found apriltag_msgs: 2.0.1 (/home/harry/robot/install/apriltag_msgs/share/apriltag_msgs/cmake)
[1.635s] -- Found tf2_ros: 0.25.18 (/opt/ros/humble/share/tf2_ros/cmake)
[1.801s] -- Found image_transport: 3.1.12 (/opt/ros/humble/share/image_transport/cmake)
[1.839s] -- Found cv_bridge: 3.2.1 (/opt/ros/humble/share/cv_bridge/cmake)
[1.876s] -- Found OpenCV: /usr (found version "4.5.4") found components: core calib3d 
[1.886s] -- Found ament_lint_auto: 0.12.14 (/opt/ros/humble/share/ament_lint_auto/cmake)
[1.995s] -- Added test 'cppcheck' to perform static code analysis on C / C++ code
[1.996s] -- Configured cppcheck include dirs: 
[1.996s] -- Configured cppcheck exclude dirs and/or files: 
[1.997s] -- Configuring done
[2.025s] -- Generating done
[2.033s] -- Build files have been written to: /home/harry/robot/build/apriltag_ros
[2.050s] Invoked command in '/home/harry/robot/build/apriltag_ros' returned '0': AMENT_PREFIX_PATH=/home/harry/robot/install/apriltag_msgs:${AMENT_PREFIX_PATH} CMAKE_PREFIX_PATH=/home/harry/robot/install/apriltag_msgs:/home/harry/robot/install/turtlesim:/home/harry/robot/install/test_package:/home/harry/install/turtlesim:/home/harry/install/test_package:/home/harry/robot/install/my_first_package:/home/harry/install/my_first_package:/opt/ros/humble LD_LIBRARY_PATH=/home/harry/robot/install/apriltag_msgs/lib:${LD_LIBRARY_PATH} PYTHONPATH=/home/harry/robot/install/apriltag_msgs/local/lib/python3.10/dist-packages:${PYTHONPATH} /usr/bin/cmake /home/harry/robot/src/apriltag_ros -DCMAKE_INSTALL_PREFIX=/home/harry/robot/install/apriltag_ros
[2.050s] Invoking command in '/home/harry/robot/build/apriltag_ros': AMENT_PREFIX_PATH=/home/harry/robot/install/apriltag_msgs:${AMENT_PREFIX_PATH} CMAKE_PREFIX_PATH=/home/harry/robot/install/apriltag_msgs:/home/harry/robot/install/turtlesim:/home/harry/robot/install/test_package:/home/harry/install/turtlesim:/home/harry/install/test_package:/home/harry/robot/install/my_first_package:/home/harry/install/my_first_package:/opt/ros/humble LD_LIBRARY_PATH=/home/harry/robot/install/apriltag_msgs/lib:${LD_LIBRARY_PATH} PYTHONPATH=/home/harry/robot/install/apriltag_msgs/local/lib/python3.10/dist-packages:${PYTHONPATH} /usr/bin/cmake --build /home/harry/robot/build/apriltag_ros -- -j2 -l2
[2.125s] [ 10%] [32mBuilding CXX object CMakeFiles/tags.dir/src/tag_functions.cpp.o[0m
[2.126s] [ 20%] [32mBuilding CXX object CMakeFiles/conversion.dir/src/conversion.cpp.o[0m
[2.547s] [ 30%] [32m[1mLinking CXX static library libtags.a[0m
[2.604s] [ 30%] Built target tags
[2.635s] [ 40%] [32mBuilding CXX object CMakeFiles/apriltag_node.dir/rclcpp_components/node_main_apriltag_node.cpp.o[0m
[4.431s] [ 50%] [32m[1mLinking CXX static library libconversion.a[0m
[4.492s] [ 50%] Built target conversion
[4.526s] [ 60%] [32mBuilding CXX object CMakeFiles/pose_estimation.dir/src/pose_estimation.cpp.o[0m
[6.846s] [ 70%] [32m[1mLinking CXX static library libpose_estimation.a[0m
[6.901s] [ 70%] Built target pose_estimation
[6.941s] [ 80%] [32mBuilding CXX object CMakeFiles/AprilTagNode.dir/src/AprilTagNode.cpp.o[0m
[7.462s] [ 90%] [32m[1mLinking CXX executable apriltag_node[0m
[7.742s] [ 90%] Built target apriltag_node
[14.265s] [100%] [32m[1mLinking CXX shared library libAprilTagNode.so[0m
[14.830s] [100%] Built target AprilTagNode
[14.848s] Invoked command in '/home/harry/robot/build/apriltag_ros' returned '0': AMENT_PREFIX_PATH=/home/harry/robot/install/apriltag_msgs:${AMENT_PREFIX_PATH} CMAKE_PREFIX_PATH=/home/harry/robot/install/apriltag_msgs:/home/harry/robot/install/turtlesim:/home/harry/robot/install/test_package:/home/harry/install/turtlesim:/home/harry/install/test_package:/home/harry/robot/install/my_first_package:/home/harry/install/my_first_package:/opt/ros/humble LD_LIBRARY_PATH=/home/harry/robot/install/apriltag_msgs/lib:${LD_LIBRARY_PATH} PYTHONPATH=/home/harry/robot/install/apriltag_msgs/local/lib/python3.10/dist-packages:${PYTHONPATH} /usr/bin/cmake --build /home/harry/robot/build/apriltag_ros -- -j2 -l2
[14.851s] Invoking command in '/home/harry/robot/build/apriltag_ros': AMENT_PREFIX_PATH=/home/harry/robot/install/apriltag_msgs:${AMENT_PREFIX_PATH} CMAKE_PREFIX_PATH=/home/harry/robot/install/apriltag_msgs:/home/harry/robot/install/turtlesim:/home/harry/robot/install/test_package:/home/harry/install/turtlesim:/home/harry/install/test_package:/home/harry/robot/install/my_first_package:/home/harry/install/my_first_package:/opt/ros/humble LD_LIBRARY_PATH=/home/harry/robot/install/apriltag_msgs/lib:${LD_LIBRARY_PATH} PYTHONPATH=/home/harry/robot/install/apriltag_msgs/local/lib/python3.10/dist-packages:${PYTHONPATH} /usr/bin/cmake --install /home/harry/robot/build/apriltag_ros
[14.861s] -- Install configuration: ""
[14.861s] -- Installing: /home/harry/robot/install/apriltag_ros/lib/apriltag_ros/apriltag_node
[14.861s] -- Set runtime path of "/home/harry/robot/install/apriltag_ros/lib/apriltag_ros/apriltag_node" to ""
[14.862s] -- Installing: /home/harry/robot/install/apriltag_ros/share/apriltag_ros/environment/library_path.sh
[14.862s] -- Installing: /home/harry/robot/install/apriltag_ros/share/apriltag_ros/environment/library_path.dsv
[14.862s] -- Installing: /home/harry/robot/install/apriltag_ros/lib/libAprilTagNode.so
[14.867s] -- Set runtime path of "/home/harry/robot/install/apriltag_ros/lib/libAprilTagNode.so" to ""
[14.867s] -- Installing: /home/harry/robot/install/apriltag_ros/share/apriltag_ros/cfg
[14.867s] -- Installing: /home/harry/robot/install/apriltag_ros/share/apriltag_ros/cfg/tags_36h11.yaml
[14.868s] -- Installing: /home/harry/robot/install/apriltag_ros/share/apriltag_ros/launch
[14.868s] -- Installing: /home/harry/robot/install/apriltag_ros/share/apriltag_ros/launch/camera_36h11.launch.yml
[14.869s] -- Installing: /home/harry/robot/install/apriltag_ros/share/ament_index/resource_index/package_run_dependencies/apriltag_ros
[14.869s] -- Installing: /home/harry/robot/install/apriltag_ros/share/ament_index/resource_index/parent_prefix_path/apriltag_ros
[14.870s] -- Installing: /home/harry/robot/install/apriltag_ros/share/apriltag_ros/environment/ament_prefix_path.sh
[14.871s] -- Installing: /home/harry/robot/install/apriltag_ros/share/apriltag_ros/environment/ament_prefix_path.dsv
[14.871s] -- Installing: /home/harry/robot/install/apriltag_ros/share/apriltag_ros/environment/path.sh
[14.873s] -- Installing: /home/harry/robot/install/apriltag_ros/share/apriltag_ros/environment/path.dsv
[14.873s] -- Installing: /home/harry/robot/install/apriltag_ros/share/apriltag_ros/local_setup.bash
[14.873s] -- Installing: /home/harry/robot/install/apriltag_ros/share/apriltag_ros/local_setup.sh
[14.873s] -- Installing: /home/harry/robot/install/apriltag_ros/share/apriltag_ros/local_setup.zsh
[14.873s] -- Installing: /home/harry/robot/install/apriltag_ros/share/apriltag_ros/local_setup.dsv
[14.873s] -- Installing: /home/harry/robot/install/apriltag_ros/share/apriltag_ros/package.dsv
[14.874s] -- Installing: /home/harry/robot/install/apriltag_ros/share/ament_index/resource_index/packages/apriltag_ros
[14.874s] -- Installing: /home/harry/robot/install/apriltag_ros/share/ament_index/resource_index/rclcpp_components/apriltag_ros
[14.874s] -- Installing: /home/harry/robot/install/apriltag_ros/share/apriltag_ros/cmake/apriltag_rosConfig.cmake
[14.874s] -- Installing: /home/harry/robot/install/apriltag_ros/share/apriltag_ros/cmake/apriltag_rosConfig-version.cmake
[14.874s] -- Installing: /home/harry/robot/install/apriltag_ros/share/apriltag_ros/package.xml
[14.878s] Invoked command in '/home/harry/robot/build/apriltag_ros' returned '0': AMENT_PREFIX_PATH=/home/harry/robot/install/apriltag_msgs:${AMENT_PREFIX_PATH} CMAKE_PREFIX_PATH=/home/harry/robot/install/apriltag_msgs:/home/harry/robot/install/turtlesim:/home/harry/robot/install/test_package:/home/harry/install/turtlesim:/home/harry/install/test_package:/home/harry/robot/install/my_first_package:/home/harry/install/my_first_package:/opt/ros/humble LD_LIBRARY_PATH=/home/harry/robot/install/apriltag_msgs/lib:${LD_LIBRARY_PATH} PYTHONPATH=/home/harry/robot/install/apriltag_msgs/local/lib/python3.10/dist-packages:${PYTHONPATH} /usr/bin/cmake --install /home/harry/robot/build/apriltag_ros
