[2.037s] Invoking command in '/home/harry/robot/src/my_first_package': CMAKE_PREFIX_PATH=/home/harry/robot/install/test_package:/home/harry/robot/install/turtlesim:/home/harry/install/turtlesim:/home/harry/install/test_package PYTHONPATH=/home/harry/robot/build/my_first_package/prefix_override:/usr/lib/python3/dist-packages/colcon_core/task/python/colcon_distutils_commands:/home/harry/robot/install/my_first_package/lib/python3.10/site-packages:${PYTHONPATH} /usr/bin/python3 -W ignore:setup.py install is deprecated -W ignore:easy_install command is deprecated setup.py egg_info --egg-base ../../build/my_first_package build --build-base /home/harry/robot/build/my_first_package/build install --record /home/harry/robot/build/my_first_package/install.log --single-version-externally-managed install_data
[2.631s] running egg_info
[2.632s] writing ../../build/my_first_package/my_first_package.egg-info/PKG-INFO
[2.633s] writing dependency_links to ../../build/my_first_package/my_first_package.egg-info/dependency_links.txt
[2.633s] writing entry points to ../../build/my_first_package/my_first_package.egg-info/entry_points.txt
[2.635s] writing requirements to ../../build/my_first_package/my_first_package.egg-info/requires.txt
[2.635s] writing top-level names to ../../build/my_first_package/my_first_package.egg-info/top_level.txt
[2.640s] reading manifest file '../../build/my_first_package/my_first_package.egg-info/SOURCES.txt'
[2.643s] writing manifest file '../../build/my_first_package/my_first_package.egg-info/SOURCES.txt'
[2.643s] running build
[2.644s] running build_py
[2.644s] running install
[2.645s] running install_lib
[2.651s] running install_data
[2.652s] copying launch/turtle.launch.yaml -> /home/harry/robot/install/my_first_package/share/my_first_package/launch
[2.652s] running install_egg_info
[2.657s] removing '/home/harry/robot/install/my_first_package/lib/python3.10/site-packages/my_first_package-0.0.0-py3.10.egg-info' (and everything under it)
[2.662s] Copying ../../build/my_first_package/my_first_package.egg-info to /home/harry/robot/install/my_first_package/lib/python3.10/site-packages/my_first_package-0.0.0-py3.10.egg-info
[2.666s] running install_scripts
[2.727s] Installing emptynode script to /home/harry/robot/install/my_first_package/lib/my_first_package
[2.728s] writing list of installed files to '/home/harry/robot/build/my_first_package/install.log'
[2.788s] Invoked command in '/home/harry/robot/src/my_first_package' returned '0': CMAKE_PREFIX_PATH=/home/harry/robot/install/test_package:/home/harry/robot/install/turtlesim:/home/harry/install/turtlesim:/home/harry/install/test_package PYTHONPATH=/home/harry/robot/build/my_first_package/prefix_override:/usr/lib/python3/dist-packages/colcon_core/task/python/colcon_distutils_commands:/home/harry/robot/install/my_first_package/lib/python3.10/site-packages:${PYTHONPATH} /usr/bin/python3 -W ignore:setup.py install is deprecated -W ignore:easy_install command is deprecated setup.py egg_info --egg-base ../../build/my_first_package build --build-base /home/harry/robot/build/my_first_package/build install --record /home/harry/robot/build/my_first_package/install.log --single-version-externally-managed install_data
