[0.090s] Invoking command in '/home/harry/robot/build/art_maze': CMAKE_PREFIX_PATH=${CMAKE_PREFIX_PATH}:/home/harry/robot/install/my_first_package:/home/harry/robot/install/tb3_description:/home/harry/robot/install/tag_detection:/home/harry/robot/install/curator:/home/harry/robot/install/challenge_2025:/home/harry/install/my_first_package:/opt/ros/humble /usr/bin/cmake --build /home/harry/robot/build/art_maze -- -j2 -l2
[0.404s] [35m[1mConsolidate compiler generated dependencies of target curator[0m
[0.645s] [100%] Built target curator
[0.692s] Invoked command in '/home/harry/robot/build/art_maze' returned '0': CMAKE_PREFIX_PATH=${CMAKE_PREFIX_PATH}:/home/harry/robot/install/my_first_package:/home/harry/robot/install/tb3_description:/home/harry/robot/install/tag_detection:/home/harry/robot/install/curator:/home/harry/robot/install/challenge_2025:/home/harry/install/my_first_package:/opt/ros/humble /usr/bin/cmake --build /home/harry/robot/build/art_maze -- -j2 -l2
[0.706s] Invoking command in '/home/harry/robot/build/art_maze': CMAKE_PREFIX_PATH=${CMAKE_PREFIX_PATH}:/home/harry/robot/install/my_first_package:/home/harry/robot/install/tb3_description:/home/harry/robot/install/tag_detection:/home/harry/robot/install/curator:/home/harry/robot/install/challenge_2025:/home/harry/install/my_first_package:/opt/ros/humble /usr/bin/cmake --install /home/harry/robot/build/art_maze
[0.743s] -- Install configuration: ""
[0.747s] -- Up-to-date: /home/harry/robot/install/art_maze/lib/art_maze/curator
[0.750s] -- Up-to-date: /home/harry/robot/install/art_maze/share/art_maze/cfg
[0.752s] -- Up-to-date: /home/harry/robot/install/art_maze/share/art_maze/cfg/setup.yaml
[0.752s] -- Up-to-date: /home/harry/robot/install/art_maze/share/art_maze/launch
[0.754s] -- Up-to-date: /home/harry/robot/install/art_maze/share/art_maze/launch/curator.launch.yaml
[0.755s] -- Up-to-date: /home/harry/robot/install/art_maze/share/ament_index/resource_index/package_run_dependencies/art_maze
[0.759s] -- Up-to-date: /home/harry/robot/install/art_maze/share/ament_index/resource_index/parent_prefix_path/art_maze
[0.760s] -- Up-to-date: /home/harry/robot/install/art_maze/share/art_maze/environment/ament_prefix_path.sh
[0.760s] -- Up-to-date: /home/harry/robot/install/art_maze/share/art_maze/environment/ament_prefix_path.dsv
[0.760s] -- Up-to-date: /home/harry/robot/install/art_maze/share/art_maze/environment/path.sh
[0.760s] -- Up-to-date: /home/harry/robot/install/art_maze/share/art_maze/environment/path.dsv
[0.760s] -- Up-to-date: /home/harry/robot/install/art_maze/share/art_maze/local_setup.bash
[0.760s] -- Up-to-date: /home/harry/robot/install/art_maze/share/art_maze/local_setup.sh
[0.760s] -- Up-to-date: /home/harry/robot/install/art_maze/share/art_maze/local_setup.zsh
[0.760s] -- Up-to-date: /home/harry/robot/install/art_maze/share/art_maze/local_setup.dsv
[0.760s] -- Installing: /home/harry/robot/install/art_maze/share/art_maze/package.dsv
[0.761s] -- Up-to-date: /home/harry/robot/install/art_maze/share/ament_index/resource_index/packages/art_maze
[0.765s] -- Up-to-date: /home/harry/robot/install/art_maze/share/art_maze/cmake/art_mazeConfig.cmake
[0.765s] -- Up-to-date: /home/harry/robot/install/art_maze/share/art_maze/cmake/art_mazeConfig-version.cmake
[0.765s] -- Up-to-date: /home/harry/robot/install/art_maze/share/art_maze/package.xml
[0.770s] Invoked command in '/home/harry/robot/build/art_maze' returned '0': CMAKE_PREFIX_PATH=${CMAKE_PREFIX_PATH}:/home/harry/robot/install/my_first_package:/home/harry/robot/install/tb3_description:/home/harry/robot/install/tag_detection:/home/harry/robot/install/curator:/home/harry/robot/install/challenge_2025:/home/harry/install/my_first_package:/opt/ros/humble /usr/bin/cmake --install /home/harry/robot/build/art_maze
