/home/harry/robot/install/my_first_package/lib/python3.10/site-packages/my_first_package/__init__.py
/home/harry/robot/install/my_first_package/lib/python3.10/site-packages/my_first_package/param_node.py
/home/harry/robot/install/my_first_package/lib/python3.10/site-packages/my_first_package/myfirstnode.py
/home/harry/robot/install/my_first_package/lib/python3.10/site-packages/my_first_package/__pycache__/__init__.cpython-310.pyc
/home/harry/robot/install/my_first_package/lib/python3.10/site-packages/my_first_package/__pycache__/param_node.cpython-310.pyc
/home/harry/robot/install/my_first_package/lib/python3.10/site-packages/my_first_package/__pycache__/myfirstnode.cpython-310.pyc
/home/harry/robot/install/my_first_package/share/ament_index/resource_index/packages/my_first_package
/home/harry/robot/install/my_first_package/share/my_first_package/package.xml
/home/harry/robot/install/my_first_package/share/my_first_package/launch/multi_turtle.launch.yaml
/home/harry/robot/install/my_first_package/share/my_first_package/launch/turtle.launch.yaml
/home/harry/robot/install/my_first_package/share/my_first_package/launch/turtle2.launch.yaml
/home/harry/robot/install/my_first_package/lib/python3.10/site-packages/my_first_package-0.0.0-py3.10.egg-info/entry_points.txt
/home/harry/robot/install/my_first_package/lib/python3.10/site-packages/my_first_package-0.0.0-py3.10.egg-info/dependency_links.txt
/home/harry/robot/install/my_first_package/lib/python3.10/site-packages/my_first_package-0.0.0-py3.10.egg-info/PKG-INFO
/home/harry/robot/install/my_first_package/lib/python3.10/site-packages/my_first_package-0.0.0-py3.10.egg-info/top_level.txt
/home/harry/robot/install/my_first_package/lib/python3.10/site-packages/my_first_package-0.0.0-py3.10.egg-info/SOURCES.txt
/home/harry/robot/install/my_first_package/lib/python3.10/site-packages/my_first_package-0.0.0-py3.10.egg-info/requires.txt
/home/harry/robot/install/my_first_package/lib/python3.10/site-packages/my_first_package-0.0.0-py3.10.egg-info/zip-safe
/home/harry/robot/install/my_first_package/lib/my_first_package/emptynode
/home/harry/robot/install/my_first_package/lib/my_first_package/parameternode
