[0.209s] DEBUG:colcon:Command line arguments: ['/usr/bin/colcon', 'build', '--packages-select', 'my_robot_slam']
[0.210s] DEBUG:colcon:Parsed command line arguments: Namespace(log_base=None, log_level=None, verb_name='build', build_base='build', install_base='install', merge_install=False, symlink_install=False, test_result_base=None, continue_on_error=False, executor='parallel', parallel_workers=8, event_handlers=None, ignore_user_meta=False, metas=['./colcon.meta'], base_paths=['.'], packages_ignore=None, packages_ignore_regex=None, paths=None, packages_up_to=None, packages_up_to_regex=None, packages_above=None, packages_above_and_dependencies=None, packages_above_depth=None, packages_select_by_dep=None, packages_skip_by_dep=None, packages_skip_up_to=None, packages_select_build_failed=False, packages_skip_build_finished=False, packages_select_test_failures=False, packages_skip_test_passed=False, packages_select=['my_robot_slam'], packages_skip=None, packages_select_regex=None, packages_skip_regex=None, packages_start=None, packages_end=None, allow_overriding=[], cmake_args=None, cmake_target=None, cmake_target_skip_unavailable=False, cmake_clean_cache=False, cmake_clean_first=False, cmake_force_configure=False, ament_cmake_args=None, catkin_cmake_args=None, catkin_skip_building_tests=False, verb_parser=<colcon_defaults.argument_parser.defaults.DefaultArgumentsDecorator object at 0x7c1bd6249960>, verb_extension=<colcon_core.verb.build.BuildVerb object at 0x7c1bd6249360>, main=<bound method BuildVerb.main of <colcon_core.verb.build.BuildVerb object at 0x7c1bd6249360>>)
[0.590s] Level 1:colcon.colcon_core.package_discovery:discover_packages(colcon_meta) check parameters
[0.590s] Level 1:colcon.colcon_core.package_discovery:discover_packages(recursive) check parameters
[0.591s] Level 1:colcon.colcon_core.package_discovery:discover_packages(ignore) check parameters
[0.591s] Level 1:colcon.colcon_core.package_discovery:discover_packages(path) check parameters
[0.591s] Level 1:colcon.colcon_core.package_discovery:discover_packages(colcon_meta) discover
[0.591s] Level 1:colcon.colcon_core.package_discovery:discover_packages(recursive) discover
[0.591s] INFO:colcon.colcon_core.package_discovery:Crawling recursively for packages in '/home/harry/robot'
[0.592s] Level 1:colcon.colcon_core.package_identification:_identify(.) by extensions ['ignore', 'ignore_ament_install']
[0.592s] Level 1:colcon.colcon_core.package_identification:_identify(.) by extension 'ignore'
[0.592s] Level 1:colcon.colcon_core.package_identification:_identify(.) by extension 'ignore_ament_install'
[0.592s] Level 1:colcon.colcon_core.package_identification:_identify(.) by extensions ['colcon_pkg']
[0.592s] Level 1:colcon.colcon_core.package_identification:_identify(.) by extension 'colcon_pkg'
[0.592s] Level 1:colcon.colcon_core.package_identification:_identify(.) by extensions ['colcon_meta']
[0.592s] Level 1:colcon.colcon_core.package_identification:_identify(.) by extension 'colcon_meta'
[0.592s] Level 1:colcon.colcon_core.package_identification:_identify(.) by extensions ['ros']
[0.592s] Level 1:colcon.colcon_core.package_identification:_identify(.) by extension 'ros'
[0.617s] Level 1:colcon.colcon_core.package_identification:_identify(.) by extensions ['cmake', 'python']
[0.617s] Level 1:colcon.colcon_core.package_identification:_identify(.) by extension 'cmake'
[0.617s] Level 1:colcon.colcon_core.package_identification:_identify(.) by extension 'python'
[0.617s] Level 1:colcon.colcon_core.package_identification:_identify(.) by extensions ['python_setup_py']
[0.617s] Level 1:colcon.colcon_core.package_identification:_identify(.) by extension 'python_setup_py'
[0.618s] Level 1:colcon.colcon_core.package_identification:_identify(build) by extensions ['ignore', 'ignore_ament_install']
[0.618s] Level 1:colcon.colcon_core.package_identification:_identify(build) by extension 'ignore'
[0.618s] Level 1:colcon.colcon_core.package_identification:_identify(build) ignored
[0.618s] Level 1:colcon.colcon_core.package_identification:_identify(cd) by extensions ['ignore', 'ignore_ament_install']
[0.619s] Level 1:colcon.colcon_core.package_identification:_identify(cd) by extension 'ignore'
[0.619s] Level 1:colcon.colcon_core.package_identification:_identify(cd) by extension 'ignore_ament_install'
[0.619s] Level 1:colcon.colcon_core.package_identification:_identify(cd) by extensions ['colcon_pkg']
[0.619s] Level 1:colcon.colcon_core.package_identification:_identify(cd) by extension 'colcon_pkg'
[0.619s] Level 1:colcon.colcon_core.package_identification:_identify(cd) by extensions ['colcon_meta']
[0.619s] Level 1:colcon.colcon_core.package_identification:_identify(cd) by extension 'colcon_meta'
[0.619s] Level 1:colcon.colcon_core.package_identification:_identify(cd) by extensions ['ros']
[0.619s] Level 1:colcon.colcon_core.package_identification:_identify(cd) by extension 'ros'
[0.619s] Level 1:colcon.colcon_core.package_identification:_identify(cd) by extensions ['cmake', 'python']
[0.620s] Level 1:colcon.colcon_core.package_identification:_identify(cd) by extension 'cmake'
[0.620s] Level 1:colcon.colcon_core.package_identification:_identify(cd) by extension 'python'
[0.620s] Level 1:colcon.colcon_core.package_identification:_identify(cd) by extensions ['python_setup_py']
[0.620s] Level 1:colcon.colcon_core.package_identification:_identify(cd) by extension 'python_setup_py'
[0.620s] Level 1:colcon.colcon_core.package_identification:_identify(install) by extensions ['ignore', 'ignore_ament_install']
[0.620s] Level 1:colcon.colcon_core.package_identification:_identify(install) by extension 'ignore'
[0.620s] Level 1:colcon.colcon_core.package_identification:_identify(install) ignored
[0.621s] Level 1:colcon.colcon_core.package_identification:_identify(log) by extensions ['ignore', 'ignore_ament_install']
[0.621s] Level 1:colcon.colcon_core.package_identification:_identify(log) by extension 'ignore'
[0.621s] Level 1:colcon.colcon_core.package_identification:_identify(log) ignored
[0.622s] Level 1:colcon.colcon_core.package_identification:_identify(my_robot_slam) by extensions ['ignore', 'ignore_ament_install']
[0.622s] Level 1:colcon.colcon_core.package_identification:_identify(my_robot_slam) by extension 'ignore'
[0.622s] Level 1:colcon.colcon_core.package_identification:_identify(my_robot_slam) by extension 'ignore_ament_install'
[0.622s] Level 1:colcon.colcon_core.package_identification:_identify(my_robot_slam) by extensions ['colcon_pkg']
[0.622s] Level 1:colcon.colcon_core.package_identification:_identify(my_robot_slam) by extension 'colcon_pkg'
[0.622s] Level 1:colcon.colcon_core.package_identification:_identify(my_robot_slam) by extensions ['colcon_meta']
[0.622s] Level 1:colcon.colcon_core.package_identification:_identify(my_robot_slam) by extension 'colcon_meta'
[0.623s] Level 1:colcon.colcon_core.package_identification:_identify(my_robot_slam) by extensions ['ros']
[0.623s] Level 1:colcon.colcon_core.package_identification:_identify(my_robot_slam) by extension 'ros'
[0.623s] Level 1:colcon.colcon_core.package_identification:_identify(my_robot_slam) by extensions ['cmake', 'python']
[0.623s] Level 1:colcon.colcon_core.package_identification:_identify(my_robot_slam) by extension 'cmake'
[0.623s] Level 1:colcon.colcon_core.package_identification:_identify(my_robot_slam) by extension 'python'
[0.623s] Level 1:colcon.colcon_core.package_identification:_identify(my_robot_slam) by extensions ['python_setup_py']
[0.623s] Level 1:colcon.colcon_core.package_identification:_identify(my_robot_slam) by extension 'python_setup_py'
[0.624s] Level 1:colcon.colcon_core.package_identification:_identify(src) by extensions ['ignore', 'ignore_ament_install']
[0.624s] Level 1:colcon.colcon_core.package_identification:_identify(src) by extension 'ignore'
[0.624s] Level 1:colcon.colcon_core.package_identification:_identify(src) by extension 'ignore_ament_install'
[0.624s] Level 1:colcon.colcon_core.package_identification:_identify(src) by extensions ['colcon_pkg']
[0.624s] Level 1:colcon.colcon_core.package_identification:_identify(src) by extension 'colcon_pkg'
[0.624s] Level 1:colcon.colcon_core.package_identification:_identify(src) by extensions ['colcon_meta']
[0.625s] Level 1:colcon.colcon_core.package_identification:_identify(src) by extension 'colcon_meta'
[0.625s] Level 1:colcon.colcon_core.package_identification:_identify(src) by extensions ['ros']
[0.625s] Level 1:colcon.colcon_core.package_identification:_identify(src) by extension 'ros'
[0.625s] Level 1:colcon.colcon_core.package_identification:_identify(src) by extensions ['cmake', 'python']
[0.625s] Level 1:colcon.colcon_core.package_identification:_identify(src) by extension 'cmake'
[0.625s] Level 1:colcon.colcon_core.package_identification:_identify(src) by extension 'python'
[0.625s] Level 1:colcon.colcon_core.package_identification:_identify(src) by extensions ['python_setup_py']
[0.625s] Level 1:colcon.colcon_core.package_identification:_identify(src) by extension 'python_setup_py'
[0.626s] Level 1:colcon.colcon_core.package_identification:_identify(src/apriltag_msgs) by extensions ['ignore', 'ignore_ament_install']
[0.626s] Level 1:colcon.colcon_core.package_identification:_identify(src/apriltag_msgs) by extension 'ignore'
[0.626s] Level 1:colcon.colcon_core.package_identification:_identify(src/apriltag_msgs) by extension 'ignore_ament_install'
[0.626s] Level 1:colcon.colcon_core.package_identification:_identify(src/apriltag_msgs) by extensions ['colcon_pkg']
[0.627s] Level 1:colcon.colcon_core.package_identification:_identify(src/apriltag_msgs) by extension 'colcon_pkg'
[0.627s] Level 1:colcon.colcon_core.package_identification:_identify(src/apriltag_msgs) by extensions ['colcon_meta']
[0.627s] Level 1:colcon.colcon_core.package_identification:_identify(src/apriltag_msgs) by extension 'colcon_meta'
[0.627s] Level 1:colcon.colcon_core.package_identification:_identify(src/apriltag_msgs) by extensions ['ros']
[0.627s] Level 1:colcon.colcon_core.package_identification:_identify(src/apriltag_msgs) by extension 'ros'
[0.633s] DEBUG:colcon.colcon_core.package_identification:Package 'src/apriltag_msgs' with type 'ros.ament_cmake' and name 'apriltag_msgs'
[0.634s] Level 1:colcon.colcon_core.package_identification:_identify(src/apriltag_ros) by extensions ['ignore', 'ignore_ament_install']
[0.634s] Level 1:colcon.colcon_core.package_identification:_identify(src/apriltag_ros) by extension 'ignore'
[0.634s] Level 1:colcon.colcon_core.package_identification:_identify(src/apriltag_ros) by extension 'ignore_ament_install'
[0.635s] Level 1:colcon.colcon_core.package_identification:_identify(src/apriltag_ros) by extensions ['colcon_pkg']
[0.635s] Level 1:colcon.colcon_core.package_identification:_identify(src/apriltag_ros) by extension 'colcon_pkg'
[0.635s] Level 1:colcon.colcon_core.package_identification:_identify(src/apriltag_ros) by extensions ['colcon_meta']
[0.635s] Level 1:colcon.colcon_core.package_identification:_identify(src/apriltag_ros) by extension 'colcon_meta'
[0.635s] Level 1:colcon.colcon_core.package_identification:_identify(src/apriltag_ros) by extensions ['ros']
[0.635s] Level 1:colcon.colcon_core.package_identification:_identify(src/apriltag_ros) by extension 'ros'
[0.643s] DEBUG:colcon.colcon_core.package_identification:Package 'src/apriltag_ros' with type 'ros.ament_cmake' and name 'apriltag_ros'
[0.644s] Level 1:colcon.colcon_core.package_identification:_identify(src/my_first_package) by extensions ['ignore', 'ignore_ament_install']
[0.644s] Level 1:colcon.colcon_core.package_identification:_identify(src/my_first_package) by extension 'ignore'
[0.644s] Level 1:colcon.colcon_core.package_identification:_identify(src/my_first_package) by extension 'ignore_ament_install'
[0.644s] Level 1:colcon.colcon_core.package_identification:_identify(src/my_first_package) by extensions ['colcon_pkg']
[0.644s] Level 1:colcon.colcon_core.package_identification:_identify(src/my_first_package) by extension 'colcon_pkg'
[0.645s] Level 1:colcon.colcon_core.package_identification:_identify(src/my_first_package) by extensions ['colcon_meta']
[0.645s] Level 1:colcon.colcon_core.package_identification:_identify(src/my_first_package) by extension 'colcon_meta'
[0.645s] Level 1:colcon.colcon_core.package_identification:_identify(src/my_first_package) by extensions ['ros']
[0.645s] Level 1:colcon.colcon_core.package_identification:_identify(src/my_first_package) by extension 'ros'
[0.647s] DEBUG:colcon.colcon_core.package_identification:Package 'src/my_first_package' with type 'ros.ament_python' and name 'my_first_package'
[0.647s] Level 1:colcon.colcon_core.package_identification:_identify(src/my_robot_slam) by extensions ['ignore', 'ignore_ament_install']
[0.648s] Level 1:colcon.colcon_core.package_identification:_identify(src/my_robot_slam) by extension 'ignore'
[0.648s] Level 1:colcon.colcon_core.package_identification:_identify(src/my_robot_slam) by extension 'ignore_ament_install'
[0.648s] Level 1:colcon.colcon_core.package_identification:_identify(src/my_robot_slam) by extensions ['colcon_pkg']
[0.648s] Level 1:colcon.colcon_core.package_identification:_identify(src/my_robot_slam) by extension 'colcon_pkg'
[0.648s] Level 1:colcon.colcon_core.package_identification:_identify(src/my_robot_slam) by extensions ['colcon_meta']
[0.648s] Level 1:colcon.colcon_core.package_identification:_identify(src/my_robot_slam) by extension 'colcon_meta'
[0.648s] Level 1:colcon.colcon_core.package_identification:_identify(src/my_robot_slam) by extensions ['ros']
[0.649s] Level 1:colcon.colcon_core.package_identification:_identify(src/my_robot_slam) by extension 'ros'
[0.650s] DEBUG:colcon.colcon_core.package_identification:Package 'src/my_robot_slam' with type 'ros.ament_cmake' and name 'my_robot_slam'
[0.650s] Level 1:colcon.colcon_core.package_identification:_identify(src/ros_tutorials) by extensions ['ignore', 'ignore_ament_install']
[0.651s] Level 1:colcon.colcon_core.package_identification:_identify(src/ros_tutorials) by extension 'ignore'
[0.651s] Level 1:colcon.colcon_core.package_identification:_identify(src/ros_tutorials) by extension 'ignore_ament_install'
[0.651s] Level 1:colcon.colcon_core.package_identification:_identify(src/ros_tutorials) by extensions ['colcon_pkg']
[0.651s] Level 1:colcon.colcon_core.package_identification:_identify(src/ros_tutorials) by extension 'colcon_pkg'
[0.651s] Level 1:colcon.colcon_core.package_identification:_identify(src/ros_tutorials) by extensions ['colcon_meta']
[0.651s] Level 1:colcon.colcon_core.package_identification:_identify(src/ros_tutorials) by extension 'colcon_meta'
[0.651s] Level 1:colcon.colcon_core.package_identification:_identify(src/ros_tutorials) by extensions ['ros']
[0.651s] Level 1:colcon.colcon_core.package_identification:_identify(src/ros_tutorials) by extension 'ros'
[0.652s] Level 1:colcon.colcon_core.package_identification:_identify(src/ros_tutorials) by extensions ['cmake', 'python']
[0.652s] Level 1:colcon.colcon_core.package_identification:_identify(src/ros_tutorials) by extension 'cmake'
[0.652s] Level 1:colcon.colcon_core.package_identification:_identify(src/ros_tutorials) by extension 'python'
[0.652s] Level 1:colcon.colcon_core.package_identification:_identify(src/ros_tutorials) by extensions ['python_setup_py']
[0.652s] Level 1:colcon.colcon_core.package_identification:_identify(src/ros_tutorials) by extension 'python_setup_py'
[0.652s] Level 1:colcon.colcon_core.package_identification:_identify(src/ros_tutorials/ros_tutorials) by extensions ['ignore', 'ignore_ament_install']
[0.653s] Level 1:colcon.colcon_core.package_identification:_identify(src/ros_tutorials/ros_tutorials) by extension 'ignore'
[0.653s] Level 1:colcon.colcon_core.package_identification:_identify(src/ros_tutorials/ros_tutorials) ignored
[0.653s] Level 1:colcon.colcon_core.package_identification:_identify(src/ros_tutorials/roscpp_tutorials) by extensions ['ignore', 'ignore_ament_install']
[0.654s] Level 1:colcon.colcon_core.package_identification:_identify(src/ros_tutorials/roscpp_tutorials) by extension 'ignore'
[0.654s] Level 1:colcon.colcon_core.package_identification:_identify(src/ros_tutorials/roscpp_tutorials) ignored
[0.654s] Level 1:colcon.colcon_core.package_identification:_identify(src/ros_tutorials/rospy_tutorials) by extensions ['ignore', 'ignore_ament_install']
[0.654s] Level 1:colcon.colcon_core.package_identification:_identify(src/ros_tutorials/rospy_tutorials) by extension 'ignore'
[0.654s] Level 1:colcon.colcon_core.package_identification:_identify(src/ros_tutorials/rospy_tutorials) ignored
[0.655s] Level 1:colcon.colcon_core.package_identification:_identify(src/ros_tutorials/turtlesim) by extensions ['ignore', 'ignore_ament_install']
[0.655s] Level 1:colcon.colcon_core.package_identification:_identify(src/ros_tutorials/turtlesim) by extension 'ignore'
[0.655s] Level 1:colcon.colcon_core.package_identification:_identify(src/ros_tutorials/turtlesim) by extension 'ignore_ament_install'
[0.656s] Level 1:colcon.colcon_core.package_identification:_identify(src/ros_tutorials/turtlesim) by extensions ['colcon_pkg']
[0.656s] Level 1:colcon.colcon_core.package_identification:_identify(src/ros_tutorials/turtlesim) by extension 'colcon_pkg'
[0.656s] Level 1:colcon.colcon_core.package_identification:_identify(src/ros_tutorials/turtlesim) by extensions ['colcon_meta']
[0.656s] Level 1:colcon.colcon_core.package_identification:_identify(src/ros_tutorials/turtlesim) by extension 'colcon_meta'
[0.656s] Level 1:colcon.colcon_core.package_identification:_identify(src/ros_tutorials/turtlesim) by extensions ['ros']
[0.656s] Level 1:colcon.colcon_core.package_identification:_identify(src/ros_tutorials/turtlesim) by extension 'ros'
[0.660s] DEBUG:colcon.colcon_core.package_identification:Package 'src/ros_tutorials/turtlesim' with type 'ros.ament_cmake' and name 'turtlesim'
[0.661s] Level 1:colcon.colcon_core.package_identification:_identify(src/simulation) by extensions ['ignore', 'ignore_ament_install']
[0.661s] Level 1:colcon.colcon_core.package_identification:_identify(src/simulation) by extension 'ignore'
[0.661s] Level 1:colcon.colcon_core.package_identification:_identify(src/simulation) by extension 'ignore_ament_install'
[0.661s] Level 1:colcon.colcon_core.package_identification:_identify(src/simulation) by extensions ['colcon_pkg']
[0.661s] Level 1:colcon.colcon_core.package_identification:_identify(src/simulation) by extension 'colcon_pkg'
[0.661s] Level 1:colcon.colcon_core.package_identification:_identify(src/simulation) by extensions ['colcon_meta']
[0.662s] Level 1:colcon.colcon_core.package_identification:_identify(src/simulation) by extension 'colcon_meta'
[0.662s] Level 1:colcon.colcon_core.package_identification:_identify(src/simulation) by extensions ['ros']
[0.662s] Level 1:colcon.colcon_core.package_identification:_identify(src/simulation) by extension 'ros'
[0.662s] Level 1:colcon.colcon_core.package_identification:_identify(src/simulation) by extensions ['cmake', 'python']
[0.662s] Level 1:colcon.colcon_core.package_identification:_identify(src/simulation) by extension 'cmake'
[0.662s] Level 1:colcon.colcon_core.package_identification:_identify(src/simulation) by extension 'python'
[0.662s] Level 1:colcon.colcon_core.package_identification:_identify(src/simulation) by extensions ['python_setup_py']
[0.662s] Level 1:colcon.colcon_core.package_identification:_identify(src/simulation) by extension 'python_setup_py'
[0.663s] Level 1:colcon.colcon_core.package_identification:_identify(src/simulation/art_gallery) by extensions ['ignore', 'ignore_ament_install']
[0.663s] Level 1:colcon.colcon_core.package_identification:_identify(src/simulation/art_gallery) by extension 'ignore'
[0.663s] Level 1:colcon.colcon_core.package_identification:_identify(src/simulation/art_gallery) by extension 'ignore_ament_install'
[0.664s] Level 1:colcon.colcon_core.package_identification:_identify(src/simulation/art_gallery) by extensions ['colcon_pkg']
[0.664s] Level 1:colcon.colcon_core.package_identification:_identify(src/simulation/art_gallery) by extension 'colcon_pkg'
[0.664s] Level 1:colcon.colcon_core.package_identification:_identify(src/simulation/art_gallery) by extensions ['colcon_meta']
[0.664s] Level 1:colcon.colcon_core.package_identification:_identify(src/simulation/art_gallery) by extension 'colcon_meta'
[0.664s] Level 1:colcon.colcon_core.package_identification:_identify(src/simulation/art_gallery) by extensions ['ros']
[0.664s] Level 1:colcon.colcon_core.package_identification:_identify(src/simulation/art_gallery) by extension 'ros'
[0.665s] Level 1:colcon.colcon_core.package_identification:_identify(src/simulation/art_gallery) by extensions ['cmake', 'python']
[0.665s] Level 1:colcon.colcon_core.package_identification:_identify(src/simulation/art_gallery) by extension 'cmake'
[0.665s] Level 1:colcon.colcon_core.package_identification:_identify(src/simulation/art_gallery) by extension 'python'
[0.665s] Level 1:colcon.colcon_core.package_identification:_identify(src/simulation/art_gallery) by extensions ['python_setup_py']
[0.665s] Level 1:colcon.colcon_core.package_identification:_identify(src/simulation/art_gallery) by extension 'python_setup_py'
[0.665s] Level 1:colcon.colcon_core.package_identification:_identify(src/simulation/art_gallery/art_maze) by extensions ['ignore', 'ignore_ament_install']
[0.666s] Level 1:colcon.colcon_core.package_identification:_identify(src/simulation/art_gallery/art_maze) by extension 'ignore'
[0.666s] Level 1:colcon.colcon_core.package_identification:_identify(src/simulation/art_gallery/art_maze) by extension 'ignore_ament_install'
[0.666s] Level 1:colcon.colcon_core.package_identification:_identify(src/simulation/art_gallery/art_maze) by extensions ['colcon_pkg']
[0.666s] Level 1:colcon.colcon_core.package_identification:_identify(src/simulation/art_gallery/art_maze) by extension 'colcon_pkg'
[0.666s] Level 1:colcon.colcon_core.package_identification:_identify(src/simulation/art_gallery/art_maze) by extensions ['colcon_meta']
[0.666s] Level 1:colcon.colcon_core.package_identification:_identify(src/simulation/art_gallery/art_maze) by extension 'colcon_meta'
[0.667s] Level 1:colcon.colcon_core.package_identification:_identify(src/simulation/art_gallery/art_maze) by extensions ['ros']
[0.667s] Level 1:colcon.colcon_core.package_identification:_identify(src/simulation/art_gallery/art_maze) by extension 'ros'
[0.669s] DEBUG:colcon.colcon_core.package_identification:Package 'src/simulation/art_gallery/art_maze' with type 'ros.ament_cmake' and name 'art_maze'
[0.669s] Level 1:colcon.colcon_core.package_identification:_identify(src/simulation/art_gallery/challenge_2025) by extensions ['ignore', 'ignore_ament_install']
[0.670s] Level 1:colcon.colcon_core.package_identification:_identify(src/simulation/art_gallery/challenge_2025) by extension 'ignore'
[0.670s] Level 1:colcon.colcon_core.package_identification:_identify(src/simulation/art_gallery/challenge_2025) by extension 'ignore_ament_install'
[0.670s] Level 1:colcon.colcon_core.package_identification:_identify(src/simulation/art_gallery/challenge_2025) by extensions ['colcon_pkg']
[0.671s] Level 1:colcon.colcon_core.package_identification:_identify(src/simulation/art_gallery/challenge_2025) by extension 'colcon_pkg'
[0.671s] Level 1:colcon.colcon_core.package_identification:_identify(src/simulation/art_gallery/challenge_2025) by extensions ['colcon_meta']
[0.671s] Level 1:colcon.colcon_core.package_identification:_identify(src/simulation/art_gallery/challenge_2025) by extension 'colcon_meta'
[0.671s] Level 1:colcon.colcon_core.package_identification:_identify(src/simulation/art_gallery/challenge_2025) by extensions ['ros']
[0.671s] Level 1:colcon.colcon_core.package_identification:_identify(src/simulation/art_gallery/challenge_2025) by extension 'ros'
[0.673s] DEBUG:colcon.colcon_core.package_identification:Package 'src/simulation/art_gallery/challenge_2025' with type 'ros.ament_python' and name 'challenge_2025'
[0.673s] Level 1:colcon.colcon_core.package_identification:_identify(src/simulation/art_gallery/curator) by extensions ['ignore', 'ignore_ament_install']
[0.674s] Level 1:colcon.colcon_core.package_identification:_identify(src/simulation/art_gallery/curator) by extension 'ignore'
[0.674s] Level 1:colcon.colcon_core.package_identification:_identify(src/simulation/art_gallery/curator) by extension 'ignore_ament_install'
[0.674s] Level 1:colcon.colcon_core.package_identification:_identify(src/simulation/art_gallery/curator) by extensions ['colcon_pkg']
[0.674s] Level 1:colcon.colcon_core.package_identification:_identify(src/simulation/art_gallery/curator) by extension 'colcon_pkg'
[0.675s] Level 1:colcon.colcon_core.package_identification:_identify(src/simulation/art_gallery/curator) by extensions ['colcon_meta']
[0.675s] Level 1:colcon.colcon_core.package_identification:_identify(src/simulation/art_gallery/curator) by extension 'colcon_meta'
[0.675s] Level 1:colcon.colcon_core.package_identification:_identify(src/simulation/art_gallery/curator) by extensions ['ros']
[0.675s] Level 1:colcon.colcon_core.package_identification:_identify(src/simulation/art_gallery/curator) by extension 'ros'
[0.677s] DEBUG:colcon.colcon_core.package_identification:Package 'src/simulation/art_gallery/curator' with type 'ros.ament_python' and name 'curator'
[0.677s] Level 1:colcon.colcon_core.package_identification:_identify(src/simulation/art_gallery/tb3_description) by extensions ['ignore', 'ignore_ament_install']
[0.677s] Level 1:colcon.colcon_core.package_identification:_identify(src/simulation/art_gallery/tb3_description) by extension 'ignore'
[0.678s] Level 1:colcon.colcon_core.package_identification:_identify(src/simulation/art_gallery/tb3_description) by extension 'ignore_ament_install'
[0.678s] Level 1:colcon.colcon_core.package_identification:_identify(src/simulation/art_gallery/tb3_description) by extensions ['colcon_pkg']
[0.678s] Level 1:colcon.colcon_core.package_identification:_identify(src/simulation/art_gallery/tb3_description) by extension 'colcon_pkg'
[0.678s] Level 1:colcon.colcon_core.package_identification:_identify(src/simulation/art_gallery/tb3_description) by extensions ['colcon_meta']
[0.678s] Level 1:colcon.colcon_core.package_identification:_identify(src/simulation/art_gallery/tb3_description) by extension 'colcon_meta'
[0.678s] Level 1:colcon.colcon_core.package_identification:_identify(src/simulation/art_gallery/tb3_description) by extensions ['ros']
[0.678s] Level 1:colcon.colcon_core.package_identification:_identify(src/simulation/art_gallery/tb3_description) by extension 'ros'
[0.680s] DEBUG:colcon.colcon_core.package_identification:Package 'src/simulation/art_gallery/tb3_description' with type 'ros.ament_python' and name 'tb3_description'
[0.680s] Level 1:colcon.colcon_core.package_identification:_identify(src/simulation/art_gallery/tb3_gazebo) by extensions ['ignore', 'ignore_ament_install']
[0.681s] Level 1:colcon.colcon_core.package_identification:_identify(src/simulation/art_gallery/tb3_gazebo) by extension 'ignore'
[0.681s] Level 1:colcon.colcon_core.package_identification:_identify(src/simulation/art_gallery/tb3_gazebo) by extension 'ignore_ament_install'
[0.681s] Level 1:colcon.colcon_core.package_identification:_identify(src/simulation/art_gallery/tb3_gazebo) by extensions ['colcon_pkg']
[0.681s] Level 1:colcon.colcon_core.package_identification:_identify(src/simulation/art_gallery/tb3_gazebo) by extension 'colcon_pkg'
[0.681s] Level 1:colcon.colcon_core.package_identification:_identify(src/simulation/art_gallery/tb3_gazebo) by extensions ['colcon_meta']
[0.681s] Level 1:colcon.colcon_core.package_identification:_identify(src/simulation/art_gallery/tb3_gazebo) by extension 'colcon_meta'
[0.681s] Level 1:colcon.colcon_core.package_identification:_identify(src/simulation/art_gallery/tb3_gazebo) by extensions ['ros']
[0.682s] Level 1:colcon.colcon_core.package_identification:_identify(src/simulation/art_gallery/tb3_gazebo) by extension 'ros'
[0.683s] DEBUG:colcon.colcon_core.package_identification:Package 'src/simulation/art_gallery/tb3_gazebo' with type 'ros.ament_cmake' and name 'tb3_gazebo'
[0.683s] Level 1:colcon.colcon_core.package_identification:_identify(src/simulation/build) by extensions ['ignore', 'ignore_ament_install']
[0.684s] Level 1:colcon.colcon_core.package_identification:_identify(src/simulation/build) by extension 'ignore'
[0.684s] Level 1:colcon.colcon_core.package_identification:_identify(src/simulation/build) ignored
[0.684s] Level 1:colcon.colcon_core.package_identification:_identify(src/simulation/install) by extensions ['ignore', 'ignore_ament_install']
[0.685s] Level 1:colcon.colcon_core.package_identification:_identify(src/simulation/install) by extension 'ignore'
[0.685s] Level 1:colcon.colcon_core.package_identification:_identify(src/simulation/install) ignored
[0.685s] Level 1:colcon.colcon_core.package_identification:_identify(src/simulation/log) by extensions ['ignore', 'ignore_ament_install']
[0.685s] Level 1:colcon.colcon_core.package_identification:_identify(src/simulation/log) by extension 'ignore'
[0.686s] Level 1:colcon.colcon_core.package_identification:_identify(src/simulation/log) ignored
[0.686s] Level 1:colcon.colcon_core.package_identification:_identify(src/tag_detection) by extensions ['ignore', 'ignore_ament_install']
[0.686s] Level 1:colcon.colcon_core.package_identification:_identify(src/tag_detection) by extension 'ignore'
[0.686s] Level 1:colcon.colcon_core.package_identification:_identify(src/tag_detection) by extension 'ignore_ament_install'
[0.687s] Level 1:colcon.colcon_core.package_identification:_identify(src/tag_detection) by extensions ['colcon_pkg']
[0.687s] Level 1:colcon.colcon_core.package_identification:_identify(src/tag_detection) by extension 'colcon_pkg'
[0.687s] Level 1:colcon.colcon_core.package_identification:_identify(src/tag_detection) by extensions ['colcon_meta']
[0.687s] Level 1:colcon.colcon_core.package_identification:_identify(src/tag_detection) by extension 'colcon_meta'
[0.687s] Level 1:colcon.colcon_core.package_identification:_identify(src/tag_detection) by extensions ['ros']
[0.687s] Level 1:colcon.colcon_core.package_identification:_identify(src/tag_detection) by extension 'ros'
[0.690s] DEBUG:colcon.colcon_core.package_identification:Package 'src/tag_detection' with type 'ros.ament_python' and name 'tag_detection'
[0.691s] Level 1:colcon.colcon_core.package_identification:_identify(src/test_package) by extensions ['ignore', 'ignore_ament_install']
[0.691s] Level 1:colcon.colcon_core.package_identification:_identify(src/test_package) by extension 'ignore'
[0.691s] Level 1:colcon.colcon_core.package_identification:_identify(src/test_package) by extension 'ignore_ament_install'
[0.691s] Level 1:colcon.colcon_core.package_identification:_identify(src/test_package) by extensions ['colcon_pkg']
[0.691s] Level 1:colcon.colcon_core.package_identification:_identify(src/test_package) by extension 'colcon_pkg'
[0.691s] Level 1:colcon.colcon_core.package_identification:_identify(src/test_package) by extensions ['colcon_meta']
[0.692s] Level 1:colcon.colcon_core.package_identification:_identify(src/test_package) by extension 'colcon_meta'
[0.692s] Level 1:colcon.colcon_core.package_identification:_identify(src/test_package) by extensions ['ros']
[0.692s] Level 1:colcon.colcon_core.package_identification:_identify(src/test_package) by extension 'ros'
[0.693s] DEBUG:colcon.colcon_core.package_identification:Package 'src/test_package' with type 'ros.ament_cmake' and name 'test_package'
[0.694s] Level 1:colcon.colcon_core.package_discovery:discover_packages(recursive) using defaults
[0.694s] Level 1:colcon.colcon_core.package_discovery:discover_packages(ignore) discover
[0.694s] Level 1:colcon.colcon_core.package_discovery:discover_packages(ignore) using defaults
[0.694s] Level 1:colcon.colcon_core.package_discovery:discover_packages(path) discover
[0.694s] Level 1:colcon.colcon_core.package_discovery:discover_packages(path) using defaults
[0.748s] INFO:colcon.colcon_core.package_selection:Skipping not selected package 'apriltag_msgs' in 'src/apriltag_msgs'
[0.748s] INFO:colcon.colcon_core.package_selection:Skipping not selected package 'art_maze' in 'src/simulation/art_gallery/art_maze'
[0.748s] INFO:colcon.colcon_core.package_selection:Skipping not selected package 'challenge_2025' in 'src/simulation/art_gallery/challenge_2025'
[0.749s] INFO:colcon.colcon_core.package_selection:Skipping not selected package 'curator' in 'src/simulation/art_gallery/curator'
[0.749s] INFO:colcon.colcon_core.package_selection:Skipping not selected package 'tag_detection' in 'src/tag_detection'
[0.749s] INFO:colcon.colcon_core.package_selection:Skipping not selected package 'tb3_description' in 'src/simulation/art_gallery/tb3_description'
[0.749s] INFO:colcon.colcon_core.package_selection:Skipping not selected package 'tb3_gazebo' in 'src/simulation/art_gallery/tb3_gazebo'
[0.749s] INFO:colcon.colcon_core.package_selection:Skipping not selected package 'test_package' in 'src/test_package'
[0.749s] INFO:colcon.colcon_core.package_selection:Skipping not selected package 'turtlesim' in 'src/ros_tutorials/turtlesim'
[0.749s] INFO:colcon.colcon_core.package_selection:Skipping not selected package 'apriltag_ros' in 'src/apriltag_ros'
[0.749s] INFO:colcon.colcon_core.package_selection:Skipping not selected package 'my_first_package' in 'src/my_first_package'
[0.750s] Level 1:colcon.colcon_core.package_discovery:discover_packages(prefix_path) check parameters
[0.750s] Level 1:colcon.colcon_core.package_discovery:discover_packages(prefix_path) discover
[0.752s] WARNING:colcon.colcon_ros.prefix_path.ament:The path '/home/harry/robot/install/my_robot_slam' in the environment variable AMENT_PREFIX_PATH doesn't exist
[0.753s] WARNING:colcon.colcon_ros.prefix_path.catkin:The path '/home/harry/robot/install/my_robot_slam' in the environment variable CMAKE_PREFIX_PATH doesn't exist
[0.756s] DEBUG:colcon.colcon_installed_package_information.package_discovery:Found 11 installed packages in /home/harry/robot/install
[0.757s] DEBUG:colcon.colcon_installed_package_information.package_discovery:Found 3 installed packages in /home/harry/install
[0.760s] DEBUG:colcon.colcon_installed_package_information.package_discovery:Found 298 installed packages in /opt/ros/humble
[0.763s] Level 1:colcon.colcon_core.package_discovery:discover_packages(prefix_path) using defaults
[0.850s] Level 5:colcon.colcon_core.verb:set package 'my_robot_slam' build argument 'cmake_args' from command line to 'None'
[0.850s] Level 5:colcon.colcon_core.verb:set package 'my_robot_slam' build argument 'cmake_target' from command line to 'None'
[0.850s] Level 5:colcon.colcon_core.verb:set package 'my_robot_slam' build argument 'cmake_target_skip_unavailable' from command line to 'False'
[0.850s] Level 5:colcon.colcon_core.verb:set package 'my_robot_slam' build argument 'cmake_clean_cache' from command line to 'False'
[0.850s] Level 5:colcon.colcon_core.verb:set package 'my_robot_slam' build argument 'cmake_clean_first' from command line to 'False'
[0.850s] Level 5:colcon.colcon_core.verb:set package 'my_robot_slam' build argument 'cmake_force_configure' from command line to 'False'
[0.850s] Level 5:colcon.colcon_core.verb:set package 'my_robot_slam' build argument 'ament_cmake_args' from command line to 'None'
[0.850s] Level 5:colcon.colcon_core.verb:set package 'my_robot_slam' build argument 'catkin_cmake_args' from command line to 'None'
[0.850s] Level 5:colcon.colcon_core.verb:set package 'my_robot_slam' build argument 'catkin_skip_building_tests' from command line to 'False'
[0.851s] DEBUG:colcon.colcon_core.verb:Building package 'my_robot_slam' with the following arguments: {'ament_cmake_args': None, 'build_base': '/home/harry/robot/build/my_robot_slam', 'catkin_cmake_args': None, 'catkin_skip_building_tests': False, 'cmake_args': None, 'cmake_clean_cache': False, 'cmake_clean_first': False, 'cmake_force_configure': False, 'cmake_target': None, 'cmake_target_skip_unavailable': False, 'install_base': '/home/harry/robot/install/my_robot_slam', 'merge_install': False, 'path': '/home/harry/robot/src/my_robot_slam', 'symlink_install': False, 'test_result_base': None}
[0.851s] INFO:colcon.colcon_core.executor:Executing jobs using 'parallel' executor
[0.853s] DEBUG:colcon.colcon_parallel_executor.executor.parallel:run_until_complete
[0.853s] INFO:colcon.colcon_ros.task.ament_cmake.build:Building ROS package in '/home/harry/robot/src/my_robot_slam' with build type 'ament_cmake'
[0.854s] INFO:colcon.colcon_cmake.task.cmake.build:Building CMake package in '/home/harry/robot/src/my_robot_slam'
[0.860s] INFO:colcon.colcon_core.plugin_system:Skipping extension 'colcon_core.shell.bat': Not used on non-Windows systems
[0.860s] INFO:colcon.colcon_core.shell:Skip shell extension 'powershell' for command environment: Not usable outside of PowerShell
[0.860s] DEBUG:colcon.colcon_core.shell:Skip shell extension 'dsv' for command environment
[0.883s] DEBUG:colcon.colcon_core.event_handler.log_command:Invoking command in '/home/harry/robot/build/my_robot_slam': CMAKE_PREFIX_PATH=${CMAKE_PREFIX_PATH}:/home/harry/robot/install/my_first_package:/home/harry/robot/install/tb3_description:/home/harry/robot/install/tag_detection:/home/harry/robot/install/curator:/home/harry/robot/install/challenge_2025:/home/harry/install/my_first_package:/opt/ros/humble /usr/bin/cmake /home/harry/robot/src/my_robot_slam -DCMAKE_INSTALL_PREFIX=/home/harry/robot/install/my_robot_slam
[2.980s] DEBUG:colcon.colcon_core.event_handler.log_command:Invoked command in '/home/harry/robot/build/my_robot_slam' returned '0': CMAKE_PREFIX_PATH=${CMAKE_PREFIX_PATH}:/home/harry/robot/install/my_first_package:/home/harry/robot/install/tb3_description:/home/harry/robot/install/tag_detection:/home/harry/robot/install/curator:/home/harry/robot/install/challenge_2025:/home/harry/install/my_first_package:/opt/ros/humble /usr/bin/cmake /home/harry/robot/src/my_robot_slam -DCMAKE_INSTALL_PREFIX=/home/harry/robot/install/my_robot_slam
[2.985s] DEBUG:colcon.colcon_core.event_handler.log_command:Invoking command in '/home/harry/robot/build/my_robot_slam': CMAKE_PREFIX_PATH=${CMAKE_PREFIX_PATH}:/home/harry/robot/install/my_first_package:/home/harry/robot/install/tb3_description:/home/harry/robot/install/tag_detection:/home/harry/robot/install/curator:/home/harry/robot/install/challenge_2025:/home/harry/install/my_first_package:/opt/ros/humble /usr/bin/cmake --build /home/harry/robot/build/my_robot_slam -- -j8 -l8
[3.082s] DEBUG:colcon.colcon_core.event_handler.log_command:Invoked command in '/home/harry/robot/build/my_robot_slam' returned '0': CMAKE_PREFIX_PATH=${CMAKE_PREFIX_PATH}:/home/harry/robot/install/my_first_package:/home/harry/robot/install/tb3_description:/home/harry/robot/install/tag_detection:/home/harry/robot/install/curator:/home/harry/robot/install/challenge_2025:/home/harry/install/my_first_package:/opt/ros/humble /usr/bin/cmake --build /home/harry/robot/build/my_robot_slam -- -j8 -l8
[3.109s] DEBUG:colcon.colcon_core.event_handler.log_command:Invoking command in '/home/harry/robot/build/my_robot_slam': CMAKE_PREFIX_PATH=${CMAKE_PREFIX_PATH}:/home/harry/robot/install/my_first_package:/home/harry/robot/install/tb3_description:/home/harry/robot/install/tag_detection:/home/harry/robot/install/curator:/home/harry/robot/install/challenge_2025:/home/harry/install/my_first_package:/opt/ros/humble /usr/bin/cmake --install /home/harry/robot/build/my_robot_slam
[3.220s] Level 1:colcon.colcon_core.environment:create_environment_scripts_only(my_robot_slam)
[3.229s] DEBUG:colcon.colcon_core.event_handler.log_command:Invoked command in '/home/harry/robot/build/my_robot_slam' returned '0': CMAKE_PREFIX_PATH=${CMAKE_PREFIX_PATH}:/home/harry/robot/install/my_first_package:/home/harry/robot/install/tb3_description:/home/harry/robot/install/tag_detection:/home/harry/robot/install/curator:/home/harry/robot/install/challenge_2025:/home/harry/install/my_first_package:/opt/ros/humble /usr/bin/cmake --install /home/harry/robot/build/my_robot_slam
[3.242s] Level 1:colcon.colcon_core.environment:checking '/home/harry/robot/install/my_robot_slam' for CMake module files
[3.246s] Level 1:colcon.colcon_core.environment:checking '/home/harry/robot/install/my_robot_slam' for CMake config files
[3.250s] Level 1:colcon.colcon_core.shell:create_environment_hook('my_robot_slam', 'cmake_prefix_path')
[3.251s] INFO:colcon.colcon_core.shell:Creating environment hook '/home/harry/robot/install/my_robot_slam/share/my_robot_slam/hook/cmake_prefix_path.ps1'
[3.255s] INFO:colcon.colcon_core.shell:Creating environment descriptor '/home/harry/robot/install/my_robot_slam/share/my_robot_slam/hook/cmake_prefix_path.dsv'
[3.257s] INFO:colcon.colcon_core.shell:Creating environment hook '/home/harry/robot/install/my_robot_slam/share/my_robot_slam/hook/cmake_prefix_path.sh'
[3.264s] Level 1:colcon.colcon_core.environment:checking '/home/harry/robot/install/my_robot_slam/bin'
[3.265s] Level 1:colcon.colcon_core.environment:checking '/home/harry/robot/install/my_robot_slam/lib/pkgconfig/my_robot_slam.pc'
[3.266s] Level 1:colcon.colcon_core.environment:checking '/home/harry/robot/install/my_robot_slam/lib/python3.10/site-packages'
[3.272s] Level 1:colcon.colcon_core.environment:checking '/home/harry/robot/install/my_robot_slam/bin'
[3.276s] INFO:colcon.colcon_core.shell:Creating package script '/home/harry/robot/install/my_robot_slam/share/my_robot_slam/package.ps1'
[3.281s] INFO:colcon.colcon_core.shell:Creating package descriptor '/home/harry/robot/install/my_robot_slam/share/my_robot_slam/package.dsv'
[3.286s] INFO:colcon.colcon_core.shell:Creating package script '/home/harry/robot/install/my_robot_slam/share/my_robot_slam/package.sh'
[3.291s] INFO:colcon.colcon_core.shell:Creating package script '/home/harry/robot/install/my_robot_slam/share/my_robot_slam/package.bash'
[3.296s] INFO:colcon.colcon_core.shell:Creating package script '/home/harry/robot/install/my_robot_slam/share/my_robot_slam/package.zsh'
[3.300s] Level 1:colcon.colcon_core.environment:create_file_with_runtime_dependencies(/home/harry/robot/install/my_robot_slam/share/colcon-core/packages/my_robot_slam)
[3.304s] Level 1:colcon.colcon_core.environment:create_environment_scripts_only(my_robot_slam)
[3.306s] Level 1:colcon.colcon_core.environment:checking '/home/harry/robot/install/my_robot_slam' for CMake module files
[3.310s] Level 1:colcon.colcon_core.environment:checking '/home/harry/robot/install/my_robot_slam' for CMake config files
[3.313s] Level 1:colcon.colcon_core.shell:create_environment_hook('my_robot_slam', 'cmake_prefix_path')
[3.315s] INFO:colcon.colcon_core.shell:Creating environment hook '/home/harry/robot/install/my_robot_slam/share/my_robot_slam/hook/cmake_prefix_path.ps1'
[3.320s] INFO:colcon.colcon_core.shell:Creating environment descriptor '/home/harry/robot/install/my_robot_slam/share/my_robot_slam/hook/cmake_prefix_path.dsv'
[3.326s] INFO:colcon.colcon_core.shell:Creating environment hook '/home/harry/robot/install/my_robot_slam/share/my_robot_slam/hook/cmake_prefix_path.sh'
[3.332s] Level 1:colcon.colcon_core.environment:checking '/home/harry/robot/install/my_robot_slam/bin'
[3.332s] Level 1:colcon.colcon_core.environment:checking '/home/harry/robot/install/my_robot_slam/lib/pkgconfig/my_robot_slam.pc'
[3.334s] Level 1:colcon.colcon_core.environment:checking '/home/harry/robot/install/my_robot_slam/lib/python3.10/site-packages'
[3.337s] Level 1:colcon.colcon_core.environment:checking '/home/harry/robot/install/my_robot_slam/bin'
[3.338s] INFO:colcon.colcon_core.shell:Creating package script '/home/harry/robot/install/my_robot_slam/share/my_robot_slam/package.ps1'
[3.343s] INFO:colcon.colcon_core.shell:Creating package descriptor '/home/harry/robot/install/my_robot_slam/share/my_robot_slam/package.dsv'
[3.348s] INFO:colcon.colcon_core.shell:Creating package script '/home/harry/robot/install/my_robot_slam/share/my_robot_slam/package.sh'
[3.354s] INFO:colcon.colcon_core.shell:Creating package script '/home/harry/robot/install/my_robot_slam/share/my_robot_slam/package.bash'
[3.359s] INFO:colcon.colcon_core.shell:Creating package script '/home/harry/robot/install/my_robot_slam/share/my_robot_slam/package.zsh'
[3.363s] Level 1:colcon.colcon_core.environment:create_file_with_runtime_dependencies(/home/harry/robot/install/my_robot_slam/share/colcon-core/packages/my_robot_slam)
[3.366s] DEBUG:colcon.colcon_parallel_executor.executor.parallel:closing loop
[3.367s] DEBUG:colcon.colcon_parallel_executor.executor.parallel:loop closed
[3.368s] DEBUG:colcon.colcon_parallel_executor.executor.parallel:run_until_complete finished with '0'
[3.369s] DEBUG:colcon.colcon_core.event_reactor:joining thread
[3.422s] INFO:colcon.colcon_core.plugin_system:Skipping extension 'colcon_notification.desktop_notification.terminal_notifier': Not used on non-Darwin systems
[3.423s] INFO:colcon.colcon_core.plugin_system:Skipping extension 'colcon_notification.desktop_notification.win32': Not used on non-Windows systems
[3.423s] INFO:colcon.colcon_notification.desktop_notification:Sending desktop notification using 'notify2'
[3.574s] DEBUG:colcon.colcon_core.event_reactor:joined thread
[3.577s] INFO:colcon.colcon_core.shell:Creating prefix script '/home/harry/robot/install/local_setup.ps1'
[3.585s] INFO:colcon.colcon_core.shell:Creating prefix util module '/home/harry/robot/install/_local_setup_util_ps1.py'
[3.597s] INFO:colcon.colcon_core.shell:Creating prefix chain script '/home/harry/robot/install/setup.ps1'
[3.611s] INFO:colcon.colcon_core.shell:Creating prefix script '/home/harry/robot/install/local_setup.sh'
[3.617s] INFO:colcon.colcon_core.shell:Creating prefix util module '/home/harry/robot/install/_local_setup_util_sh.py'
[3.623s] INFO:colcon.colcon_core.shell:Creating prefix chain script '/home/harry/robot/install/setup.sh'
[3.644s] INFO:colcon.colcon_core.shell:Creating prefix script '/home/harry/robot/install/local_setup.bash'
[3.651s] INFO:colcon.colcon_core.shell:Creating prefix chain script '/home/harry/robot/install/setup.bash'
[3.666s] INFO:colcon.colcon_core.shell:Creating prefix script '/home/harry/robot/install/local_setup.zsh'
[3.671s] INFO:colcon.colcon_core.shell:Creating prefix chain script '/home/harry/robot/install/setup.zsh'
