[7.603s] Invoking command in '/home/harry/robot/src/simulation/art_gallery/curator': PYTHONPATH=/home/harry/robot/build/curator/prefix_override:/usr/lib/python3/dist-packages/colcon_core/task/python/colcon_distutils_commands:/home/harry/robot/install/curator/lib/python3.10/site-packages:${PYTHONPATH} /usr/bin/python3 -W ignore:setup.py install is deprecated -W ignore:easy_install command is deprecated setup.py egg_info --egg-base ../../../../build/curator build --build-base /home/harry/robot/build/curator/build install --record /home/harry/robot/build/curator/install.log --single-version-externally-managed install_data
[9.379s] running egg_info
[9.387s] writing ../../../../build/curator/curator.egg-info/PKG-INFO
[9.404s] writing dependency_links to ../../../../build/curator/curator.egg-info/dependency_links.txt
[9.404s] writing entry points to ../../../../build/curator/curator.egg-info/entry_points.txt
[9.405s] writing requirements to ../../../../build/curator/curator.egg-info/requires.txt
[9.409s] writing top-level names to ../../../../build/curator/curator.egg-info/top_level.txt
[9.450s] reading manifest file '../../../../build/curator/curator.egg-info/SOURCES.txt'
[9.527s] writing manifest file '../../../../build/curator/curator.egg-info/SOURCES.txt'
[9.527s] running build
[9.528s] running build_py
[9.530s] running install
[9.539s] running install_lib
[9.542s] running install_data
[9.542s] running install_egg_info
[9.556s] removing '/home/harry/robot/install/curator/lib/python3.10/site-packages/curator-0.0.0-py3.10.egg-info' (and everything under it)
[9.557s] Copying ../../../../build/curator/curator.egg-info to /home/harry/robot/install/curator/lib/python3.10/site-packages/curator-0.0.0-py3.10.egg-info
[9.586s] running install_scripts
[9.799s] Installing curator script to /home/harry/robot/install/curator/lib/curator
[9.801s] writing list of installed files to '/home/harry/robot/build/curator/install.log'
[9.904s] Invoked command in '/home/harry/robot/src/simulation/art_gallery/curator' returned '0': PYTHONPATH=/home/harry/robot/build/curator/prefix_override:/usr/lib/python3/dist-packages/colcon_core/task/python/colcon_distutils_commands:/home/harry/robot/install/curator/lib/python3.10/site-packages:${PYTHONPATH} /usr/bin/python3 -W ignore:setup.py install is deprecated -W ignore:easy_install command is deprecated setup.py egg_info --egg-base ../../../../build/curator build --build-base /home/harry/robot/build/curator/build install --record /home/harry/robot/build/curator/install.log --single-version-externally-managed install_data
