[0.129s] Invoking command in '/home/harry/robot/build/apriltag_ros': CMAKE_PREFIX_PATH=/home/harry/robot/install/apriltag_msgs:/home/harry/robot/install/turtlesim:/home/harry/robot/install/test_package:/home/harry/robot/install/tb3_gazebo:/home/harry/robot/install/art_maze:/home/harry/robot/install/apriltag_ros:/home/harry/install/turtlesim:/home/harry/install/test_package:/home/harry/robot/install/my_first_package:/home/harry/robot/install/tb3_description:/home/harry/robot/install/tag_detection:/home/harry/robot/install/curator:/home/harry/robot/install/challenge_2025:/home/harry/install/my_first_package:/opt/ros/humble LD_LIBRARY_PATH=/home/harry/robot/install/apriltag_msgs/lib:/home/harry/robot/install/turtlesim/lib:/home/harry/robot/install/apriltag_ros/lib:/home/harry/install/turtlesim/lib:/usr/lib/x86_64-linux-gnu/gazebo-11/plugins:/opt/ros/humble/opt/rviz_ogre_vendor/lib:/opt/ros/humble/lib/x86_64-linux-gnu:/opt/ros/humble/lib /usr/bin/cmake --build /home/harry/robot/build/apriltag_ros -- -j2 -l2
[0.692s] [ 20%] Built target tags
[0.707s] [ 40%] Built target conversion
[0.893s] [ 60%] Built target pose_estimation
[1.027s] [ 80%] Built target apriltag_node
[1.251s] [100%] Built target AprilTagNode
[1.327s] Invoked command in '/home/harry/robot/build/apriltag_ros' returned '0': CMAKE_PREFIX_PATH=/home/harry/robot/install/apriltag_msgs:/home/harry/robot/install/turtlesim:/home/harry/robot/install/test_package:/home/harry/robot/install/tb3_gazebo:/home/harry/robot/install/art_maze:/home/harry/robot/install/apriltag_ros:/home/harry/install/turtlesim:/home/harry/install/test_package:/home/harry/robot/install/my_first_package:/home/harry/robot/install/tb3_description:/home/harry/robot/install/tag_detection:/home/harry/robot/install/curator:/home/harry/robot/install/challenge_2025:/home/harry/install/my_first_package:/opt/ros/humble LD_LIBRARY_PATH=/home/harry/robot/install/apriltag_msgs/lib:/home/harry/robot/install/turtlesim/lib:/home/harry/robot/install/apriltag_ros/lib:/home/harry/install/turtlesim/lib:/usr/lib/x86_64-linux-gnu/gazebo-11/plugins:/opt/ros/humble/opt/rviz_ogre_vendor/lib:/opt/ros/humble/lib/x86_64-linux-gnu:/opt/ros/humble/lib /usr/bin/cmake --build /home/harry/robot/build/apriltag_ros -- -j2 -l2
[1.342s] Invoking command in '/home/harry/robot/build/apriltag_ros': CMAKE_PREFIX_PATH=/home/harry/robot/install/apriltag_msgs:/home/harry/robot/install/turtlesim:/home/harry/robot/install/test_package:/home/harry/robot/install/tb3_gazebo:/home/harry/robot/install/art_maze:/home/harry/robot/install/apriltag_ros:/home/harry/install/turtlesim:/home/harry/install/test_package:/home/harry/robot/install/my_first_package:/home/harry/robot/install/tb3_description:/home/harry/robot/install/tag_detection:/home/harry/robot/install/curator:/home/harry/robot/install/challenge_2025:/home/harry/install/my_first_package:/opt/ros/humble LD_LIBRARY_PATH=/home/harry/robot/install/apriltag_msgs/lib:/home/harry/robot/install/turtlesim/lib:/home/harry/robot/install/apriltag_ros/lib:/home/harry/install/turtlesim/lib:/usr/lib/x86_64-linux-gnu/gazebo-11/plugins:/opt/ros/humble/opt/rviz_ogre_vendor/lib:/opt/ros/humble/lib/x86_64-linux-gnu:/opt/ros/humble/lib /usr/bin/cmake --install /home/harry/robot/build/apriltag_ros
[1.411s] -- Install configuration: ""
[1.416s] -- Up-to-date: /home/harry/robot/install/apriltag_ros/lib/apriltag_ros/apriltag_node
[1.417s] -- Up-to-date: /home/harry/robot/install/apriltag_ros/share/apriltag_ros/environment/library_path.sh
[1.419s] -- Up-to-date: /home/harry/robot/install/apriltag_ros/share/apriltag_ros/environment/library_path.dsv
[1.425s] -- Up-to-date: /home/harry/robot/install/apriltag_ros/lib/libAprilTagNode.so
[1.426s] -- Up-to-date: /home/harry/robot/install/apriltag_ros/share/apriltag_ros/cfg
[1.429s] -- Up-to-date: /home/harry/robot/install/apriltag_ros/share/apriltag_ros/cfg/tags_36h11.yaml
[1.429s] -- Up-to-date: /home/harry/robot/install/apriltag_ros/share/apriltag_ros/launch
[1.432s] -- Up-to-date: /home/harry/robot/install/apriltag_ros/share/apriltag_ros/launch/camera_36h11.launch.yml
[1.433s] -- Up-to-date: /home/harry/robot/install/apriltag_ros/share/ament_index/resource_index/package_run_dependencies/apriltag_ros
[1.444s] -- Up-to-date: /home/harry/robot/install/apriltag_ros/share/ament_index/resource_index/parent_prefix_path/apriltag_ros
[1.445s] -- Up-to-date: /home/harry/robot/install/apriltag_ros/share/apriltag_ros/environment/ament_prefix_path.sh
[1.445s] -- Up-to-date: /home/harry/robot/install/apriltag_ros/share/apriltag_ros/environment/ament_prefix_path.dsv
[1.445s] -- Up-to-date: /home/harry/robot/install/apriltag_ros/share/apriltag_ros/environment/path.sh
[1.445s] -- Up-to-date: /home/harry/robot/install/apriltag_ros/share/apriltag_ros/environment/path.dsv
[1.445s] -- Up-to-date: /home/harry/robot/install/apriltag_ros/share/apriltag_ros/local_setup.bash
[1.445s] -- Up-to-date: /home/harry/robot/install/apriltag_ros/share/apriltag_ros/local_setup.sh
[1.445s] -- Up-to-date: /home/harry/robot/install/apriltag_ros/share/apriltag_ros/local_setup.zsh
[1.445s] -- Up-to-date: /home/harry/robot/install/apriltag_ros/share/apriltag_ros/local_setup.dsv
[1.446s] -- Installing: /home/harry/robot/install/apriltag_ros/share/apriltag_ros/package.dsv
[1.451s] -- Up-to-date: /home/harry/robot/install/apriltag_ros/share/ament_index/resource_index/packages/apriltag_ros
[1.451s] -- Up-to-date: /home/harry/robot/install/apriltag_ros/share/ament_index/resource_index/rclcpp_components/apriltag_ros
[1.451s] -- Up-to-date: /home/harry/robot/install/apriltag_ros/share/apriltag_ros/cmake/apriltag_rosConfig.cmake
[1.451s] -- Up-to-date: /home/harry/robot/install/apriltag_ros/share/apriltag_ros/cmake/apriltag_rosConfig-version.cmake
[1.451s] -- Up-to-date: /home/harry/robot/install/apriltag_ros/share/apriltag_ros/package.xml
[1.465s] Invoked command in '/home/harry/robot/build/apriltag_ros' returned '0': CMAKE_PREFIX_PATH=/home/harry/robot/install/apriltag_msgs:/home/harry/robot/install/turtlesim:/home/harry/robot/install/test_package:/home/harry/robot/install/tb3_gazebo:/home/harry/robot/install/art_maze:/home/harry/robot/install/apriltag_ros:/home/harry/install/turtlesim:/home/harry/install/test_package:/home/harry/robot/install/my_first_package:/home/harry/robot/install/tb3_description:/home/harry/robot/install/tag_detection:/home/harry/robot/install/curator:/home/harry/robot/install/challenge_2025:/home/harry/install/my_first_package:/opt/ros/humble LD_LIBRARY_PATH=/home/harry/robot/install/apriltag_msgs/lib:/home/harry/robot/install/turtlesim/lib:/home/harry/robot/install/apriltag_ros/lib:/home/harry/install/turtlesim/lib:/usr/lib/x86_64-linux-gnu/gazebo-11/plugins:/opt/ros/humble/opt/rviz_ogre_vendor/lib:/opt/ros/humble/lib/x86_64-linux-gnu:/opt/ros/humble/lib /usr/bin/cmake --install /home/harry/robot/build/apriltag_ros
