[1.193s] Invoking command in '/home/harry/robot/src/tag_detection': PYTHONPATH=/home/harry/robot/build/tag_detection/prefix_override:/usr/lib/python3/dist-packages/colcon_core/task/python/colcon_distutils_commands:/home/harry/robot/install/tag_detection/lib/python3.10/site-packages:${PYTHONPATH} /usr/bin/python3 -W ignore:setup.py install is deprecated -W ignore:easy_install command is deprecated setup.py egg_info --egg-base ../../build/tag_detection build --build-base /home/harry/robot/build/tag_detection/build install --record /home/harry/robot/build/tag_detection/install.log --single-version-externally-managed install_data
[1.633s] running egg_info
[1.634s] writing ../../build/tag_detection/tag_detection.egg-info/PKG-INFO
[1.636s] writing dependency_links to ../../build/tag_detection/tag_detection.egg-info/dependency_links.txt
[1.638s] writing entry points to ../../build/tag_detection/tag_detection.egg-info/entry_points.txt
[1.639s] writing requirements to ../../build/tag_detection/tag_detection.egg-info/requires.txt
[1.639s] writing top-level names to ../../build/tag_detection/tag_detection.egg-info/top_level.txt
[1.647s] reading manifest file '../../build/tag_detection/tag_detection.egg-info/SOURCES.txt'
[1.660s] writing manifest file '../../build/tag_detection/tag_detection.egg-info/SOURCES.txt'
[1.661s] running build
[1.661s] running build_py
[1.661s] running install
[1.661s] running install_lib
[1.669s] running install_data
[1.670s] running install_egg_info
[1.676s] removing '/home/harry/robot/install/tag_detection/lib/python3.10/site-packages/tag_detection-0.0.0-py3.10.egg-info' (and everything under it)
[1.677s] Copying ../../build/tag_detection/tag_detection.egg-info to /home/harry/robot/install/tag_detection/lib/python3.10/site-packages/tag_detection-0.0.0-py3.10.egg-info
[1.680s] running install_scripts
[1.727s] writing list of installed files to '/home/harry/robot/build/tag_detection/install.log'
[1.775s] Invoked command in '/home/harry/robot/src/tag_detection' returned '0': PYTHONPATH=/home/harry/robot/build/tag_detection/prefix_override:/usr/lib/python3/dist-packages/colcon_core/task/python/colcon_distutils_commands:/home/harry/robot/install/tag_detection/lib/python3.10/site-packages:${PYTHONPATH} /usr/bin/python3 -W ignore:setup.py install is deprecated -W ignore:easy_install command is deprecated setup.py egg_info --egg-base ../../build/tag_detection build --build-base /home/harry/robot/build/tag_detection/build install --record /home/harry/robot/build/tag_detection/install.log --single-version-externally-managed install_data
