[0.153s] Invoking command in '/home/harry/robot/build/apriltag_msgs': CMAKE_PREFIX_PATH=${CMAKE_PREFIX_PATH}:/home/harry/robot/install/my_first_package:/home/harry/robot/install/tb3_description:/home/harry/robot/install/tag_detection:/home/harry/robot/install/curator:/home/harry/robot/install/challenge_2025:/home/harry/install/my_first_package:/opt/ros/humble /usr/bin/cmake --build /home/harry/robot/build/apriltag_msgs -- -j2 -l2
[0.838s] [  2%] Built target apriltag_msgs__cpp
[0.913s] [ 12%] Built target apriltag_msgs__rosidl_generator_c
[1.028s] [ 12%] Built target ament_cmake_python_copy_apriltag_msgs
[1.117s] [ 23%] Built target apriltag_msgs__rosidl_typesupport_cpp
[1.212s] [ 34%] Built target apriltag_msgs__rosidl_typesupport_fastrtps_c
[1.334s] [ 44%] Built target apriltag_msgs__rosidl_typesupport_introspection_c
[1.370s] [ 55%] Built target apriltag_msgs__rosidl_typesupport_c
[1.564s] [ 65%] Built target apriltag_msgs__rosidl_typesupport_fastrtps_cpp
[1.612s] [ 76%] Built target apriltag_msgs__rosidl_typesupport_introspection_cpp
[1.759s] [ 76%] Built target apriltag_msgs
[1.904s] [ 78%] Built target apriltag_msgs__py
[2.110s] [ 87%] Built target apriltag_msgs__rosidl_generator_py
[2.246s] [ 91%] Built target apriltag_msgs__rosidl_typesupport_fastrtps_c__pyext
[2.456s] [ 95%] Built target apriltag_msgs__rosidl_typesupport_introspection_c__pyext
[2.590s] [100%] Built target apriltag_msgs__rosidl_typesupport_c__pyext
[2.831s] running egg_info
[2.834s] writing apriltag_msgs.egg-info/PKG-INFO
[2.837s] writing dependency_links to apriltag_msgs.egg-info/dependency_links.txt
[2.837s] writing top-level names to apriltag_msgs.egg-info/top_level.txt
[2.848s] reading manifest file 'apriltag_msgs.egg-info/SOURCES.txt'
[2.854s] writing manifest file 'apriltag_msgs.egg-info/SOURCES.txt'
[2.954s] [100%] Built target ament_cmake_python_build_apriltag_msgs_egg
[3.520s] Invoked command in '/home/harry/robot/build/apriltag_msgs' returned '0': CMAKE_PREFIX_PATH=${CMAKE_PREFIX_PATH}:/home/harry/robot/install/my_first_package:/home/harry/robot/install/tb3_description:/home/harry/robot/install/tag_detection:/home/harry/robot/install/curator:/home/harry/robot/install/challenge_2025:/home/harry/install/my_first_package:/opt/ros/humble /usr/bin/cmake --build /home/harry/robot/build/apriltag_msgs -- -j2 -l2
[3.639s] Invoking command in '/home/harry/robot/build/apriltag_msgs': CMAKE_PREFIX_PATH=${CMAKE_PREFIX_PATH}:/home/harry/robot/install/my_first_package:/home/harry/robot/install/tb3_description:/home/harry/robot/install/tag_detection:/home/harry/robot/install/curator:/home/harry/robot/install/challenge_2025:/home/harry/install/my_first_package:/opt/ros/humble /usr/bin/cmake --install /home/harry/robot/build/apriltag_msgs
[3.736s] -- Install configuration: ""
[3.736s] -- Up-to-date: /home/harry/robot/install/apriltag_msgs/share/ament_index/resource_index/rosidl_interfaces/apriltag_msgs
[3.737s] -- Up-to-date: /home/harry/robot/install/apriltag_msgs/include/apriltag_msgs/apriltag_msgs
[3.738s] -- Up-to-date: /home/harry/robot/install/apriltag_msgs/include/apriltag_msgs/apriltag_msgs/msg
[3.739s] -- Up-to-date: /home/harry/robot/install/apriltag_msgs/include/apriltag_msgs/apriltag_msgs/msg/point.h
[3.740s] -- Up-to-date: /home/harry/robot/install/apriltag_msgs/include/apriltag_msgs/apriltag_msgs/msg/april_tag_detection.h
[3.742s] -- Up-to-date: /home/harry/robot/install/apriltag_msgs/include/apriltag_msgs/apriltag_msgs/msg/rosidl_generator_c__visibility_control.h
[3.742s] -- Up-to-date: /home/harry/robot/install/apriltag_msgs/include/apriltag_msgs/apriltag_msgs/msg/april_tag_detection_array.h
[3.742s] -- Up-to-date: /home/harry/robot/install/apriltag_msgs/include/apriltag_msgs/apriltag_msgs/msg/detail
[3.743s] -- Up-to-date: /home/harry/robot/install/apriltag_msgs/include/apriltag_msgs/apriltag_msgs/msg/detail/april_tag_detection_array__type_support.h
[3.746s] -- Up-to-date: /home/harry/robot/install/apriltag_msgs/include/apriltag_msgs/apriltag_msgs/msg/detail/point__struct.h
[3.746s] -- Up-to-date: /home/harry/robot/install/apriltag_msgs/include/apriltag_msgs/apriltag_msgs/msg/detail/point__type_support.h
[3.746s] -- Up-to-date: /home/harry/robot/install/apriltag_msgs/include/apriltag_msgs/apriltag_msgs/msg/detail/april_tag_detection_array__struct.h
[3.746s] -- Up-to-date: /home/harry/robot/install/apriltag_msgs/include/apriltag_msgs/apriltag_msgs/msg/detail/april_tag_detection__functions.h
[3.747s] -- Up-to-date: /home/harry/robot/install/apriltag_msgs/include/apriltag_msgs/apriltag_msgs/msg/detail/april_tag_detection_array__functions.h
[3.749s] -- Up-to-date: /home/harry/robot/install/apriltag_msgs/include/apriltag_msgs/apriltag_msgs/msg/detail/point__functions.h
[3.750s] -- Up-to-date: /home/harry/robot/install/apriltag_msgs/include/apriltag_msgs/apriltag_msgs/msg/detail/point__functions.c
[3.750s] -- Up-to-date: /home/harry/robot/install/apriltag_msgs/include/apriltag_msgs/apriltag_msgs/msg/detail/april_tag_detection_array__functions.c
[3.750s] -- Up-to-date: /home/harry/robot/install/apriltag_msgs/include/apriltag_msgs/apriltag_msgs/msg/detail/april_tag_detection__functions.c
[3.750s] -- Up-to-date: /home/harry/robot/install/apriltag_msgs/include/apriltag_msgs/apriltag_msgs/msg/detail/april_tag_detection__struct.h
[3.750s] -- Up-to-date: /home/harry/robot/install/apriltag_msgs/include/apriltag_msgs/apriltag_msgs/msg/detail/april_tag_detection__type_support.h
[3.750s] -- Up-to-date: /home/harry/robot/install/apriltag_msgs/share/apriltag_msgs/environment/library_path.sh
[3.751s] -- Up-to-date: /home/harry/robot/install/apriltag_msgs/share/apriltag_msgs/environment/library_path.dsv
[3.752s] -- Up-to-date: /home/harry/robot/install/apriltag_msgs/lib/libapriltag_msgs__rosidl_generator_c.so
[3.753s] -- Up-to-date: /home/harry/robot/install/apriltag_msgs/include/apriltag_msgs/apriltag_msgs
[3.753s] -- Up-to-date: /home/harry/robot/install/apriltag_msgs/include/apriltag_msgs/apriltag_msgs/msg
[3.754s] -- Up-to-date: /home/harry/robot/install/apriltag_msgs/include/apriltag_msgs/apriltag_msgs/msg/rosidl_typesupport_fastrtps_c__visibility_control.h
[3.755s] -- Up-to-date: /home/harry/robot/install/apriltag_msgs/include/apriltag_msgs/apriltag_msgs/msg/detail
[3.755s] -- Up-to-date: /home/harry/robot/install/apriltag_msgs/include/apriltag_msgs/apriltag_msgs/msg/detail/april_tag_detection_array__rosidl_typesupport_fastrtps_c.h
[3.755s] -- Up-to-date: /home/harry/robot/install/apriltag_msgs/include/apriltag_msgs/apriltag_msgs/msg/detail/point__rosidl_typesupport_fastrtps_c.h
[3.755s] -- Up-to-date: /home/harry/robot/install/apriltag_msgs/include/apriltag_msgs/apriltag_msgs/msg/detail/april_tag_detection__rosidl_typesupport_fastrtps_c.h
[3.755s] -- Up-to-date: /home/harry/robot/install/apriltag_msgs/lib/libapriltag_msgs__rosidl_typesupport_fastrtps_c.so
[3.756s] -- Up-to-date: /home/harry/robot/install/apriltag_msgs/include/apriltag_msgs/apriltag_msgs
[3.756s] -- Up-to-date: /home/harry/robot/install/apriltag_msgs/include/apriltag_msgs/apriltag_msgs/msg
[3.756s] -- Up-to-date: /home/harry/robot/install/apriltag_msgs/include/apriltag_msgs/apriltag_msgs/msg/rosidl_typesupport_introspection_c__visibility_control.h
[3.757s] -- Up-to-date: /home/harry/robot/install/apriltag_msgs/include/apriltag_msgs/apriltag_msgs/msg/detail
[3.757s] -- Up-to-date: /home/harry/robot/install/apriltag_msgs/include/apriltag_msgs/apriltag_msgs/msg/detail/april_tag_detection__rosidl_typesupport_introspection_c.h
[3.758s] -- Up-to-date: /home/harry/robot/install/apriltag_msgs/include/apriltag_msgs/apriltag_msgs/msg/detail/april_tag_detection__type_support.c
[3.759s] -- Up-to-date: /home/harry/robot/install/apriltag_msgs/include/apriltag_msgs/apriltag_msgs/msg/detail/april_tag_detection_array__rosidl_typesupport_introspection_c.h
[3.760s] -- Up-to-date: /home/harry/robot/install/apriltag_msgs/include/apriltag_msgs/apriltag_msgs/msg/detail/point__rosidl_typesupport_introspection_c.h
[3.761s] -- Up-to-date: /home/harry/robot/install/apriltag_msgs/include/apriltag_msgs/apriltag_msgs/msg/detail/point__type_support.c
[3.762s] -- Up-to-date: /home/harry/robot/install/apriltag_msgs/include/apriltag_msgs/apriltag_msgs/msg/detail/april_tag_detection_array__type_support.c
[3.764s] -- Up-to-date: /home/harry/robot/install/apriltag_msgs/lib/libapriltag_msgs__rosidl_typesupport_introspection_c.so
[3.768s] -- Up-to-date: /home/harry/robot/install/apriltag_msgs/lib/libapriltag_msgs__rosidl_typesupport_c.so
[3.770s] -- Up-to-date: /home/harry/robot/install/apriltag_msgs/include/apriltag_msgs/apriltag_msgs
[3.770s] -- Up-to-date: /home/harry/robot/install/apriltag_msgs/include/apriltag_msgs/apriltag_msgs/msg
[3.770s] -- Up-to-date: /home/harry/robot/install/apriltag_msgs/include/apriltag_msgs/apriltag_msgs/msg/rosidl_generator_cpp__visibility_control.hpp
[3.770s] -- Up-to-date: /home/harry/robot/install/apriltag_msgs/include/apriltag_msgs/apriltag_msgs/msg/point.hpp
[3.770s] -- Up-to-date: /home/harry/robot/install/apriltag_msgs/include/apriltag_msgs/apriltag_msgs/msg/april_tag_detection_array.hpp
[3.772s] -- Up-to-date: /home/harry/robot/install/apriltag_msgs/include/apriltag_msgs/apriltag_msgs/msg/april_tag_detection.hpp
[3.772s] -- Up-to-date: /home/harry/robot/install/apriltag_msgs/include/apriltag_msgs/apriltag_msgs/msg/detail
[3.772s] -- Up-to-date: /home/harry/robot/install/apriltag_msgs/include/apriltag_msgs/apriltag_msgs/msg/detail/point__traits.hpp
[3.772s] -- Up-to-date: /home/harry/robot/install/apriltag_msgs/include/apriltag_msgs/apriltag_msgs/msg/detail/april_tag_detection_array__type_support.hpp
[3.773s] -- Up-to-date: /home/harry/robot/install/apriltag_msgs/include/apriltag_msgs/apriltag_msgs/msg/detail/april_tag_detection_array__builder.hpp
[3.773s] -- Up-to-date: /home/harry/robot/install/apriltag_msgs/include/apriltag_msgs/apriltag_msgs/msg/detail/april_tag_detection_array__struct.hpp
[3.773s] -- Up-to-date: /home/harry/robot/install/apriltag_msgs/include/apriltag_msgs/apriltag_msgs/msg/detail/april_tag_detection__struct.hpp
[3.774s] -- Up-to-date: /home/harry/robot/install/apriltag_msgs/include/apriltag_msgs/apriltag_msgs/msg/detail/april_tag_detection__type_support.hpp
[3.774s] -- Up-to-date: /home/harry/robot/install/apriltag_msgs/include/apriltag_msgs/apriltag_msgs/msg/detail/point__type_support.hpp
[3.775s] -- Up-to-date: /home/harry/robot/install/apriltag_msgs/include/apriltag_msgs/apriltag_msgs/msg/detail/april_tag_detection_array__traits.hpp
[3.775s] -- Up-to-date: /home/harry/robot/install/apriltag_msgs/include/apriltag_msgs/apriltag_msgs/msg/detail/april_tag_detection__builder.hpp
[3.775s] -- Up-to-date: /home/harry/robot/install/apriltag_msgs/include/apriltag_msgs/apriltag_msgs/msg/detail/april_tag_detection__traits.hpp
[3.775s] -- Up-to-date: /home/harry/robot/install/apriltag_msgs/include/apriltag_msgs/apriltag_msgs/msg/detail/point__struct.hpp
[3.775s] -- Up-to-date: /home/harry/robot/install/apriltag_msgs/include/apriltag_msgs/apriltag_msgs/msg/detail/point__builder.hpp
[3.777s] -- Up-to-date: /home/harry/robot/install/apriltag_msgs/include/apriltag_msgs/apriltag_msgs
[3.777s] -- Up-to-date: /home/harry/robot/install/apriltag_msgs/include/apriltag_msgs/apriltag_msgs/msg
[3.777s] -- Up-to-date: /home/harry/robot/install/apriltag_msgs/include/apriltag_msgs/apriltag_msgs/msg/rosidl_typesupport_fastrtps_cpp__visibility_control.h
[3.778s] -- Up-to-date: /home/harry/robot/install/apriltag_msgs/include/apriltag_msgs/apriltag_msgs/msg/detail
[3.779s] -- Up-to-date: /home/harry/robot/install/apriltag_msgs/include/apriltag_msgs/apriltag_msgs/msg/detail/dds_fastrtps
[3.781s] -- Up-to-date: /home/harry/robot/install/apriltag_msgs/include/apriltag_msgs/apriltag_msgs/msg/detail/april_tag_detection__rosidl_typesupport_fastrtps_cpp.hpp
[3.782s] -- Up-to-date: /home/harry/robot/install/apriltag_msgs/include/apriltag_msgs/apriltag_msgs/msg/detail/point__rosidl_typesupport_fastrtps_cpp.hpp
[3.783s] -- Up-to-date: /home/harry/robot/install/apriltag_msgs/include/apriltag_msgs/apriltag_msgs/msg/detail/april_tag_detection_array__rosidl_typesupport_fastrtps_cpp.hpp
[3.787s] -- Up-to-date: /home/harry/robot/install/apriltag_msgs/lib/libapriltag_msgs__rosidl_typesupport_fastrtps_cpp.so
[3.787s] -- Up-to-date: /home/harry/robot/install/apriltag_msgs/include/apriltag_msgs/apriltag_msgs
[3.788s] -- Up-to-date: /home/harry/robot/install/apriltag_msgs/include/apriltag_msgs/apriltag_msgs/msg
[3.788s] -- Up-to-date: /home/harry/robot/install/apriltag_msgs/include/apriltag_msgs/apriltag_msgs/msg/detail
[3.788s] -- Up-to-date: /home/harry/robot/install/apriltag_msgs/include/apriltag_msgs/apriltag_msgs/msg/detail/april_tag_detection_array__rosidl_typesupport_introspection_cpp.hpp
[3.788s] -- Up-to-date: /home/harry/robot/install/apriltag_msgs/include/apriltag_msgs/apriltag_msgs/msg/detail/april_tag_detection__rosidl_typesupport_introspection_cpp.hpp
[3.789s] -- Up-to-date: /home/harry/robot/install/apriltag_msgs/include/apriltag_msgs/apriltag_msgs/msg/detail/april_tag_detection__type_support.cpp
[3.789s] -- Up-to-date: /home/harry/robot/install/apriltag_msgs/include/apriltag_msgs/apriltag_msgs/msg/detail/point__rosidl_typesupport_introspection_cpp.hpp
[3.789s] -- Up-to-date: /home/harry/robot/install/apriltag_msgs/include/apriltag_msgs/apriltag_msgs/msg/detail/point__type_support.cpp
[3.790s] -- Up-to-date: /home/harry/robot/install/apriltag_msgs/include/apriltag_msgs/apriltag_msgs/msg/detail/april_tag_detection_array__type_support.cpp
[3.795s] -- Up-to-date: /home/harry/robot/install/apriltag_msgs/lib/libapriltag_msgs__rosidl_typesupport_introspection_cpp.so
[3.799s] -- Up-to-date: /home/harry/robot/install/apriltag_msgs/lib/libapriltag_msgs__rosidl_typesupport_cpp.so
[3.801s] -- Up-to-date: /home/harry/robot/install/apriltag_msgs/share/apriltag_msgs/environment/pythonpath.sh
[3.801s] -- Up-to-date: /home/harry/robot/install/apriltag_msgs/share/apriltag_msgs/environment/pythonpath.dsv
[3.801s] -- Up-to-date: /home/harry/robot/install/apriltag_msgs/local/lib/python3.10/dist-packages/apriltag_msgs-2.0.1-py3.10.egg-info
[3.803s] -- Installing: /home/harry/robot/install/apriltag_msgs/local/lib/python3.10/dist-packages/apriltag_msgs-2.0.1-py3.10.egg-info/dependency_links.txt
[3.803s] -- Installing: /home/harry/robot/install/apriltag_msgs/local/lib/python3.10/dist-packages/apriltag_msgs-2.0.1-py3.10.egg-info/PKG-INFO
[3.805s] -- Installing: /home/harry/robot/install/apriltag_msgs/local/lib/python3.10/dist-packages/apriltag_msgs-2.0.1-py3.10.egg-info/top_level.txt
[3.806s] -- Installing: /home/harry/robot/install/apriltag_msgs/local/lib/python3.10/dist-packages/apriltag_msgs-2.0.1-py3.10.egg-info/SOURCES.txt
[3.806s] -- Up-to-date: /home/harry/robot/install/apriltag_msgs/local/lib/python3.10/dist-packages/apriltag_msgs
[3.808s] -- Up-to-date: /home/harry/robot/install/apriltag_msgs/local/lib/python3.10/dist-packages/apriltag_msgs/apriltag_msgs_s__rosidl_typesupport_fastrtps_c.cpython-310-x86_64-linux-gnu.so
[3.810s] -- Up-to-date: /home/harry/robot/install/apriltag_msgs/local/lib/python3.10/dist-packages/apriltag_msgs/__init__.py
[3.813s] -- Up-to-date: /home/harry/robot/install/apriltag_msgs/local/lib/python3.10/dist-packages/apriltag_msgs/apriltag_msgs_s__rosidl_typesupport_c.cpython-310-x86_64-linux-gnu.so
[3.814s] -- Up-to-date: /home/harry/robot/install/apriltag_msgs/local/lib/python3.10/dist-packages/apriltag_msgs/msg
[3.814s] -- Up-to-date: /home/harry/robot/install/apriltag_msgs/local/lib/python3.10/dist-packages/apriltag_msgs/msg/_april_tag_detection_array_s.c
[3.814s] -- Up-to-date: /home/harry/robot/install/apriltag_msgs/local/lib/python3.10/dist-packages/apriltag_msgs/msg/_april_tag_detection_s.c
[3.815s] -- Up-to-date: /home/harry/robot/install/apriltag_msgs/local/lib/python3.10/dist-packages/apriltag_msgs/msg/__init__.py
[3.815s] -- Up-to-date: /home/harry/robot/install/apriltag_msgs/local/lib/python3.10/dist-packages/apriltag_msgs/msg/_point.py
[3.816s] -- Up-to-date: /home/harry/robot/install/apriltag_msgs/local/lib/python3.10/dist-packages/apriltag_msgs/msg/_point_s.c
[3.816s] -- Up-to-date: /home/harry/robot/install/apriltag_msgs/local/lib/python3.10/dist-packages/apriltag_msgs/msg/_april_tag_detection_array.py
[3.816s] -- Up-to-date: /home/harry/robot/install/apriltag_msgs/local/lib/python3.10/dist-packages/apriltag_msgs/msg/_april_tag_detection.py
[3.817s] -- Up-to-date: /home/harry/robot/install/apriltag_msgs/local/lib/python3.10/dist-packages/apriltag_msgs/apriltag_msgs_s__rosidl_typesupport_introspection_c.cpython-310-x86_64-linux-gnu.so
[3.817s] -- Up-to-date: /home/harry/robot/install/apriltag_msgs/local/lib/python3.10/dist-packages/apriltag_msgs/_apriltag_msgs_s.ep.rosidl_typesupport_introspection_c.c
[3.818s] -- Up-to-date: /home/harry/robot/install/apriltag_msgs/local/lib/python3.10/dist-packages/apriltag_msgs/_apriltag_msgs_s.ep.rosidl_typesupport_c.c
[3.818s] -- Up-to-date: /home/harry/robot/install/apriltag_msgs/local/lib/python3.10/dist-packages/apriltag_msgs/libapriltag_msgs__rosidl_generator_py.so
[3.818s] -- Up-to-date: /home/harry/robot/install/apriltag_msgs/local/lib/python3.10/dist-packages/apriltag_msgs/_apriltag_msgs_s.ep.rosidl_typesupport_fastrtps_c.c
[3.950s] Listing '/home/harry/robot/install/apriltag_msgs/local/lib/python3.10/dist-packages/apriltag_msgs'...
[3.950s] Listing '/home/harry/robot/install/apriltag_msgs/local/lib/python3.10/dist-packages/apriltag_msgs/msg'...
[3.966s] -- Up-to-date: /home/harry/robot/install/apriltag_msgs/local/lib/python3.10/dist-packages/apriltag_msgs/apriltag_msgs_s__rosidl_typesupport_fastrtps_c.cpython-310-x86_64-linux-gnu.so
[3.971s] -- Up-to-date: /home/harry/robot/install/apriltag_msgs/local/lib/python3.10/dist-packages/apriltag_msgs/apriltag_msgs_s__rosidl_typesupport_introspection_c.cpython-310-x86_64-linux-gnu.so
[3.977s] -- Up-to-date: /home/harry/robot/install/apriltag_msgs/local/lib/python3.10/dist-packages/apriltag_msgs/apriltag_msgs_s__rosidl_typesupport_c.cpython-310-x86_64-linux-gnu.so
[3.983s] -- Up-to-date: /home/harry/robot/install/apriltag_msgs/lib/libapriltag_msgs__rosidl_generator_py.so
[3.985s] -- Up-to-date: /home/harry/robot/install/apriltag_msgs/share/apriltag_msgs/msg/Point.idl
[3.986s] -- Up-to-date: /home/harry/robot/install/apriltag_msgs/share/apriltag_msgs/msg/AprilTagDetection.idl
[3.987s] -- Up-to-date: /home/harry/robot/install/apriltag_msgs/share/apriltag_msgs/msg/AprilTagDetectionArray.idl
[3.987s] -- Up-to-date: /home/harry/robot/install/apriltag_msgs/share/apriltag_msgs/msg/Point.msg
[3.988s] -- Up-to-date: /home/harry/robot/install/apriltag_msgs/share/apriltag_msgs/msg/AprilTagDetection.msg
[3.988s] -- Up-to-date: /home/harry/robot/install/apriltag_msgs/share/apriltag_msgs/msg/AprilTagDetectionArray.msg
[3.989s] -- Up-to-date: /home/harry/robot/install/apriltag_msgs/share/ament_index/resource_index/package_run_dependencies/apriltag_msgs
[3.991s] -- Up-to-date: /home/harry/robot/install/apriltag_msgs/share/ament_index/resource_index/parent_prefix_path/apriltag_msgs
[3.991s] -- Up-to-date: /home/harry/robot/install/apriltag_msgs/share/apriltag_msgs/environment/ament_prefix_path.sh
[3.992s] -- Up-to-date: /home/harry/robot/install/apriltag_msgs/share/apriltag_msgs/environment/ament_prefix_path.dsv
[3.994s] -- Up-to-date: /home/harry/robot/install/apriltag_msgs/share/apriltag_msgs/environment/path.sh
[3.994s] -- Up-to-date: /home/harry/robot/install/apriltag_msgs/share/apriltag_msgs/environment/path.dsv
[3.995s] -- Up-to-date: /home/harry/robot/install/apriltag_msgs/share/apriltag_msgs/local_setup.bash
[3.996s] -- Up-to-date: /home/harry/robot/install/apriltag_msgs/share/apriltag_msgs/local_setup.sh
[3.997s] -- Up-to-date: /home/harry/robot/install/apriltag_msgs/share/apriltag_msgs/local_setup.zsh
[3.997s] -- Up-to-date: /home/harry/robot/install/apriltag_msgs/share/apriltag_msgs/local_setup.dsv
[3.998s] -- Installing: /home/harry/robot/install/apriltag_msgs/share/apriltag_msgs/package.dsv
[4.001s] -- Up-to-date: /home/harry/robot/install/apriltag_msgs/share/ament_index/resource_index/packages/apriltag_msgs
[4.012s] -- Up-to-date: /home/harry/robot/install/apriltag_msgs/share/apriltag_msgs/cmake/export_apriltag_msgs__rosidl_generator_cExport.cmake
[4.014s] -- Up-to-date: /home/harry/robot/install/apriltag_msgs/share/apriltag_msgs/cmake/export_apriltag_msgs__rosidl_generator_cExport-noconfig.cmake
[4.016s] -- Up-to-date: /home/harry/robot/install/apriltag_msgs/share/apriltag_msgs/cmake/export_apriltag_msgs__rosidl_typesupport_fastrtps_cExport.cmake
[4.017s] -- Up-to-date: /home/harry/robot/install/apriltag_msgs/share/apriltag_msgs/cmake/export_apriltag_msgs__rosidl_typesupport_fastrtps_cExport-noconfig.cmake
[4.019s] -- Up-to-date: /home/harry/robot/install/apriltag_msgs/share/apriltag_msgs/cmake/apriltag_msgs__rosidl_typesupport_introspection_cExport.cmake
[4.020s] -- Up-to-date: /home/harry/robot/install/apriltag_msgs/share/apriltag_msgs/cmake/apriltag_msgs__rosidl_typesupport_introspection_cExport-noconfig.cmake
[4.022s] -- Up-to-date: /home/harry/robot/install/apriltag_msgs/share/apriltag_msgs/cmake/apriltag_msgs__rosidl_typesupport_cExport.cmake
[4.024s] -- Up-to-date: /home/harry/robot/install/apriltag_msgs/share/apriltag_msgs/cmake/apriltag_msgs__rosidl_typesupport_cExport-noconfig.cmake
[4.026s] -- Up-to-date: /home/harry/robot/install/apriltag_msgs/share/apriltag_msgs/cmake/export_apriltag_msgs__rosidl_generator_cppExport.cmake
[4.032s] -- Up-to-date: /home/harry/robot/install/apriltag_msgs/share/apriltag_msgs/cmake/export_apriltag_msgs__rosidl_typesupport_fastrtps_cppExport.cmake
[4.032s] -- Up-to-date: /home/harry/robot/install/apriltag_msgs/share/apriltag_msgs/cmake/export_apriltag_msgs__rosidl_typesupport_fastrtps_cppExport-noconfig.cmake
[4.033s] -- Up-to-date: /home/harry/robot/install/apriltag_msgs/share/apriltag_msgs/cmake/apriltag_msgs__rosidl_typesupport_introspection_cppExport.cmake
[4.034s] -- Up-to-date: /home/harry/robot/install/apriltag_msgs/share/apriltag_msgs/cmake/apriltag_msgs__rosidl_typesupport_introspection_cppExport-noconfig.cmake
[4.036s] -- Up-to-date: /home/harry/robot/install/apriltag_msgs/share/apriltag_msgs/cmake/apriltag_msgs__rosidl_typesupport_cppExport.cmake
[4.038s] -- Up-to-date: /home/harry/robot/install/apriltag_msgs/share/apriltag_msgs/cmake/apriltag_msgs__rosidl_typesupport_cppExport-noconfig.cmake
[4.040s] -- Up-to-date: /home/harry/robot/install/apriltag_msgs/share/apriltag_msgs/cmake/export_apriltag_msgs__rosidl_generator_pyExport.cmake
[4.041s] -- Up-to-date: /home/harry/robot/install/apriltag_msgs/share/apriltag_msgs/cmake/export_apriltag_msgs__rosidl_generator_pyExport-noconfig.cmake
[4.041s] -- Up-to-date: /home/harry/robot/install/apriltag_msgs/share/apriltag_msgs/cmake/rosidl_cmake-extras.cmake
[4.043s] -- Up-to-date: /home/harry/robot/install/apriltag_msgs/share/apriltag_msgs/cmake/ament_cmake_export_dependencies-extras.cmake
[4.044s] -- Up-to-date: /home/harry/robot/install/apriltag_msgs/share/apriltag_msgs/cmake/ament_cmake_export_include_directories-extras.cmake
[4.046s] -- Up-to-date: /home/harry/robot/install/apriltag_msgs/share/apriltag_msgs/cmake/ament_cmake_export_libraries-extras.cmake
[4.046s] -- Up-to-date: /home/harry/robot/install/apriltag_msgs/share/apriltag_msgs/cmake/ament_cmake_export_targets-extras.cmake
[4.046s] -- Up-to-date: /home/harry/robot/install/apriltag_msgs/share/apriltag_msgs/cmake/rosidl_cmake_export_typesupport_targets-extras.cmake
[4.047s] -- Up-to-date: /home/harry/robot/install/apriltag_msgs/share/apriltag_msgs/cmake/rosidl_cmake_export_typesupport_libraries-extras.cmake
[4.047s] -- Up-to-date: /home/harry/robot/install/apriltag_msgs/share/apriltag_msgs/cmake/apriltag_msgsConfig.cmake
[4.048s] -- Up-to-date: /home/harry/robot/install/apriltag_msgs/share/apriltag_msgs/cmake/apriltag_msgsConfig-version.cmake
[4.048s] -- Up-to-date: /home/harry/robot/install/apriltag_msgs/share/apriltag_msgs/package.xml
[4.063s] Invoked command in '/home/harry/robot/build/apriltag_msgs' returned '0': CMAKE_PREFIX_PATH=${CMAKE_PREFIX_PATH}:/home/harry/robot/install/my_first_package:/home/harry/robot/install/tb3_description:/home/harry/robot/install/tag_detection:/home/harry/robot/install/curator:/home/harry/robot/install/challenge_2025:/home/harry/install/my_first_package:/opt/ros/humble /usr/bin/cmake --install /home/harry/robot/build/apriltag_msgs
