[1.379s] Invoking command in '/home/harry/robot/src/tag_detection': PYTHONPATH=/home/harry/robot/build/tag_detection/prefix_override:/usr/lib/python3/dist-packages/colcon_core/task/python/colcon_distutils_commands:/home/harry/robot/install/tag_detection/lib/python3.10/site-packages:${PYTHONPATH} /usr/bin/python3 -W ignore:setup.py install is deprecated -W ignore:easy_install command is deprecated setup.py egg_info --egg-base ../../build/tag_detection build --build-base /home/harry/robot/build/tag_detection/build install --record /home/harry/robot/build/tag_detection/install.log --single-version-externally-managed install_data
[2.374s] running egg_info
[2.374s] writing ../../build/tag_detection/tag_detection.egg-info/PKG-INFO
[2.374s] writing dependency_links to ../../build/tag_detection/tag_detection.egg-info/dependency_links.txt
[2.375s] writing entry points to ../../build/tag_detection/tag_detection.egg-info/entry_points.txt
[2.375s] writing requirements to ../../build/tag_detection/tag_detection.egg-info/requires.txt
[2.375s] writing top-level names to ../../build/tag_detection/tag_detection.egg-info/top_level.txt
[2.399s] reading manifest file '../../build/tag_detection/tag_detection.egg-info/SOURCES.txt'
[2.402s] writing manifest file '../../build/tag_detection/tag_detection.egg-info/SOURCES.txt'
[2.405s] running build
[2.405s] running build_py
[2.407s] running install
[2.407s] running install_lib
[2.412s] running install_data
[2.413s] running install_egg_info
[2.421s] removing '/home/harry/robot/install/tag_detection/lib/python3.10/site-packages/tag_detection-0.0.0-py3.10.egg-info' (and everything under it)
[2.423s] Copying ../../build/tag_detection/tag_detection.egg-info to /home/harry/robot/install/tag_detection/lib/python3.10/site-packages/tag_detection-0.0.0-py3.10.egg-info
[2.429s] running install_scripts
[2.491s] writing list of installed files to '/home/harry/robot/build/tag_detection/install.log'
[2.539s] Invoked command in '/home/harry/robot/src/tag_detection' returned '0': PYTHONPATH=/home/harry/robot/build/tag_detection/prefix_override:/usr/lib/python3/dist-packages/colcon_core/task/python/colcon_distutils_commands:/home/harry/robot/install/tag_detection/lib/python3.10/site-packages:${PYTHONPATH} /usr/bin/python3 -W ignore:setup.py install is deprecated -W ignore:easy_install command is deprecated setup.py egg_info --egg-base ../../build/tag_detection build --build-base /home/harry/robot/build/tag_detection/build install --record /home/harry/robot/build/tag_detection/install.log --single-version-externally-managed install_data
