[31.339s] Invoking command in '/home/harry/robot/src/simulation/art_gallery/tb3_description': PYTHONPATH=/home/harry/robot/build/tb3_description/prefix_override:/usr/lib/python3/dist-packages/colcon_core/task/python/colcon_distutils_commands:/home/harry/robot/install/tb3_description/lib/python3.10/site-packages:${PYTHONPATH} /usr/bin/python3 -W ignore:setup.py install is deprecated -W ignore:easy_install command is deprecated setup.py egg_info --egg-base ../../../../build/tb3_description build --build-base /home/harry/robot/build/tb3_description/build install --record /home/harry/robot/build/tb3_description/install.log --single-version-externally-managed install_data
[42.547s] running egg_info
[42.555s] writing ../../../../build/tb3_description/tb3_description.egg-info/PKG-INFO
[42.574s] writing dependency_links to ../../../../build/tb3_description/tb3_description.egg-info/dependency_links.txt
[42.606s] writing entry points to ../../../../build/tb3_description/tb3_description.egg-info/entry_points.txt
[42.611s] writing requirements to ../../../../build/tb3_description/tb3_description.egg-info/requires.txt
[42.620s] writing top-level names to ../../../../build/tb3_description/tb3_description.egg-info/top_level.txt
[42.744s] reading manifest file '../../../../build/tb3_description/tb3_description.egg-info/SOURCES.txt'
[42.795s] writing manifest file '../../../../build/tb3_description/tb3_description.egg-info/SOURCES.txt'
[42.795s] running build
[42.795s] running build_py
[42.833s] running install
[42.833s] running install_lib
[42.898s] running install_data
[43.023s] running install_egg_info
[43.085s] removing '/home/harry/robot/install/tb3_description/lib/python3.10/site-packages/tb3_description-0.0.0-py3.10.egg-info' (and everything under it)
[43.085s] Copying ../../../../build/tb3_description/tb3_description.egg-info to /home/harry/robot/install/tb3_description/lib/python3.10/site-packages/tb3_description-0.0.0-py3.10.egg-info
[43.134s] running install_scripts
[43.865s] writing list of installed files to '/home/harry/robot/build/tb3_description/install.log'
[44.391s] Invoked command in '/home/harry/robot/src/simulation/art_gallery/tb3_description' returned '0': PYTHONPATH=/home/harry/robot/build/tb3_description/prefix_override:/usr/lib/python3/dist-packages/colcon_core/task/python/colcon_distutils_commands:/home/harry/robot/install/tb3_description/lib/python3.10/site-packages:${PYTHONPATH} /usr/bin/python3 -W ignore:setup.py install is deprecated -W ignore:easy_install command is deprecated setup.py egg_info --egg-base ../../../../build/tb3_description build --build-base /home/harry/robot/build/tb3_description/build install --record /home/harry/robot/build/tb3_description/install.log --single-version-externally-managed install_data
