[3.638s] Invoking command in '/home/harry/robot/src/simulation/art_gallery/curator': PYTHONPATH=/home/harry/robot/build/curator/prefix_override:/usr/lib/python3/dist-packages/colcon_core/task/python/colcon_distutils_commands:/home/harry/robot/install/curator/lib/python3.10/site-packages:${PYTHONPATH} /usr/bin/python3 -W ignore:setup.py install is deprecated -W ignore:easy_install command is deprecated setup.py egg_info --egg-base ../../../../build/curator build --build-base /home/harry/robot/build/curator/build install --record /home/harry/robot/build/curator/install.log --single-version-externally-managed install_data
[4.581s] running egg_info
[4.586s] writing ../../../../build/curator/curator.egg-info/PKG-INFO
[4.589s] writing dependency_links to ../../../../build/curator/curator.egg-info/dependency_links.txt
[4.590s] writing entry points to ../../../../build/curator/curator.egg-info/entry_points.txt
[4.592s] writing requirements to ../../../../build/curator/curator.egg-info/requires.txt
[4.593s] writing top-level names to ../../../../build/curator/curator.egg-info/top_level.txt
[4.601s] reading manifest file '../../../../build/curator/curator.egg-info/SOURCES.txt'
[4.605s] writing manifest file '../../../../build/curator/curator.egg-info/SOURCES.txt'
[4.605s] running build
[4.605s] running build_py
[4.611s] running install
[4.612s] running install_lib
[4.618s] running install_data
[4.621s] running install_egg_info
[4.625s] removing '/home/harry/robot/install/curator/lib/python3.10/site-packages/curator-0.0.0-py3.10.egg-info' (and everything under it)
[4.627s] Copying ../../../../build/curator/curator.egg-info to /home/harry/robot/install/curator/lib/python3.10/site-packages/curator-0.0.0-py3.10.egg-info
[4.630s] running install_scripts
[4.696s] Installing curator script to /home/harry/robot/install/curator/lib/curator
[4.699s] writing list of installed files to '/home/harry/robot/build/curator/install.log'
[4.760s] Invoked command in '/home/harry/robot/src/simulation/art_gallery/curator' returned '0': PYTHONPATH=/home/harry/robot/build/curator/prefix_override:/usr/lib/python3/dist-packages/colcon_core/task/python/colcon_distutils_commands:/home/harry/robot/install/curator/lib/python3.10/site-packages:${PYTHONPATH} /usr/bin/python3 -W ignore:setup.py install is deprecated -W ignore:easy_install command is deprecated setup.py egg_info --egg-base ../../../../build/curator build --build-base /home/harry/robot/build/curator/build install --record /home/harry/robot/build/curator/install.log --single-version-externally-managed install_data
