-- Install configuration: ""
-- Up-to-date: /home/harry/robot/install/my_robot_slam/share/my_robot_slam/launch
-- Up-to-date: /home/harry/robot/install/my_robot_slam/share/my_robot_slam/launch/slam_toolbox.launch.yaml
-- Installing: /home/harry/robot/install/my_robot_slam/share/my_robot_slam/launch/localizatio_gem.launch.yaml
-- Up-to-date: /home/harry/robot/install/my_robot_slam/share/my_robot_slam/launch/localization.launch.yaml
-- Up-to-date: /home/harry/robot/install/my_robot_slam/share/my_robot_slam/maps
-- Up-to-date: /home/harry/robot/install/my_robot_slam/share/my_robot_slam/maps/my_map.yaml
-- Up-to-date: /home/harry/robot/install/my_robot_slam/share/my_robot_slam/maps/my_map.pgm
-- Up-to-date: /home/harry/robot/install/my_robot_slam/share/ament_index/resource_index/package_run_dependencies/my_robot_slam
-- Up-to-date: /home/harry/robot/install/my_robot_slam/share/ament_index/resource_index/parent_prefix_path/my_robot_slam
-- Up-to-date: /home/harry/robot/install/my_robot_slam/share/my_robot_slam/environment/ament_prefix_path.sh
-- Up-to-date: /home/harry/robot/install/my_robot_slam/share/my_robot_slam/environment/ament_prefix_path.dsv
-- Up-to-date: /home/harry/robot/install/my_robot_slam/share/my_robot_slam/environment/path.sh
-- Up-to-date: /home/harry/robot/install/my_robot_slam/share/my_robot_slam/environment/path.dsv
-- Up-to-date: /home/harry/robot/install/my_robot_slam/share/my_robot_slam/local_setup.bash
-- Up-to-date: /home/harry/robot/install/my_robot_slam/share/my_robot_slam/local_setup.sh
-- Up-to-date: /home/harry/robot/install/my_robot_slam/share/my_robot_slam/local_setup.zsh
-- Up-to-date: /home/harry/robot/install/my_robot_slam/share/my_robot_slam/local_setup.dsv
-- Up-to-date: /home/harry/robot/install/my_robot_slam/share/my_robot_slam/package.dsv
-- Up-to-date: /home/harry/robot/install/my_robot_slam/share/ament_index/resource_index/packages/my_robot_slam
-- Up-to-date: /home/harry/robot/install/my_robot_slam/share/my_robot_slam/cmake/my_robot_slamConfig.cmake
-- Up-to-date: /home/harry/robot/install/my_robot_slam/share/my_robot_slam/cmake/my_robot_slamConfig-version.cmake
-- Up-to-date: /home/harry/robot/install/my_robot_slam/share/my_robot_slam/package.xml
