[0.078s] Invoking command in '/home/harry/robot/build/my_robot_slam': CMAKE_PREFIX_PATH=${CMAKE_PREFIX_PATH}:/home/harry/robot/install/my_first_package:/home/harry/robot/install/tb3_description:/home/harry/robot/install/tag_detection:/home/harry/robot/install/curator:/home/harry/robot/install/challenge_2025:/home/harry/install/my_first_package:/opt/ros/humble /usr/bin/cmake --build /home/harry/robot/build/my_robot_slam -- -j8 -l8
[0.356s] Invoked command in '/home/harry/robot/build/my_robot_slam' returned '0': CMAKE_PREFIX_PATH=${CMAKE_PREFIX_PATH}:/home/harry/robot/install/my_first_package:/home/harry/robot/install/tb3_description:/home/harry/robot/install/tag_detection:/home/harry/robot/install/curator:/home/harry/robot/install/challenge_2025:/home/harry/install/my_first_package:/opt/ros/humble /usr/bin/cmake --build /home/harry/robot/build/my_robot_slam -- -j8 -l8
[0.403s] Invoking command in '/home/harry/robot/build/my_robot_slam': CMAKE_PREFIX_PATH=${CMAKE_PREFIX_PATH}:/home/harry/robot/install/my_first_package:/home/harry/robot/install/tb3_description:/home/harry/robot/install/tag_detection:/home/harry/robot/install/curator:/home/harry/robot/install/challenge_2025:/home/harry/install/my_first_package:/opt/ros/humble /usr/bin/cmake --install /home/harry/robot/build/my_robot_slam
[0.425s] -- Install configuration: ""
[0.425s] -- Up-to-date: /home/harry/robot/install/my_robot_slam/share/my_robot_slam/launch
[0.425s] -- Up-to-date: /home/harry/robot/install/my_robot_slam/share/my_robot_slam/launch/slam_toolbox.launch.yaml
[0.425s] -- Installing: /home/harry/robot/install/my_robot_slam/share/my_robot_slam/launch/localizatio_gem.launch.yaml
[0.425s] -- Up-to-date: /home/harry/robot/install/my_robot_slam/share/my_robot_slam/launch/localization.launch.yaml
[0.429s] -- Up-to-date: /home/harry/robot/install/my_robot_slam/share/my_robot_slam/maps
[0.429s] -- Up-to-date: /home/harry/robot/install/my_robot_slam/share/my_robot_slam/maps/my_map.yaml
[0.430s] -- Up-to-date: /home/harry/robot/install/my_robot_slam/share/my_robot_slam/maps/my_map.pgm
[0.430s] -- Up-to-date: /home/harry/robot/install/my_robot_slam/share/ament_index/resource_index/package_run_dependencies/my_robot_slam
[0.430s] -- Up-to-date: /home/harry/robot/install/my_robot_slam/share/ament_index/resource_index/parent_prefix_path/my_robot_slam
[0.430s] -- Up-to-date: /home/harry/robot/install/my_robot_slam/share/my_robot_slam/environment/ament_prefix_path.sh
[0.431s] -- Up-to-date: /home/harry/robot/install/my_robot_slam/share/my_robot_slam/environment/ament_prefix_path.dsv
[0.433s] -- Up-to-date: /home/harry/robot/install/my_robot_slam/share/my_robot_slam/environment/path.sh
[0.433s] -- Up-to-date: /home/harry/robot/install/my_robot_slam/share/my_robot_slam/environment/path.dsv
[0.434s] -- Up-to-date: /home/harry/robot/install/my_robot_slam/share/my_robot_slam/local_setup.bash
[0.435s] -- Up-to-date: /home/harry/robot/install/my_robot_slam/share/my_robot_slam/local_setup.sh
[0.435s] -- Up-to-date: /home/harry/robot/install/my_robot_slam/share/my_robot_slam/local_setup.zsh
[0.435s] -- Up-to-date: /home/harry/robot/install/my_robot_slam/share/my_robot_slam/local_setup.dsv
[0.436s] -- Up-to-date: /home/harry/robot/install/my_robot_slam/share/my_robot_slam/package.dsv
[0.436s] -- Up-to-date: /home/harry/robot/install/my_robot_slam/share/ament_index/resource_index/packages/my_robot_slam
[0.437s] -- Up-to-date: /home/harry/robot/install/my_robot_slam/share/my_robot_slam/cmake/my_robot_slamConfig.cmake
[0.439s] -- Up-to-date: /home/harry/robot/install/my_robot_slam/share/my_robot_slam/cmake/my_robot_slamConfig-version.cmake
[0.440s] -- Up-to-date: /home/harry/robot/install/my_robot_slam/share/my_robot_slam/package.xml
[0.446s] Invoked command in '/home/harry/robot/build/my_robot_slam' returned '0': CMAKE_PREFIX_PATH=${CMAKE_PREFIX_PATH}:/home/harry/robot/install/my_first_package:/home/harry/robot/install/tb3_description:/home/harry/robot/install/tag_detection:/home/harry/robot/install/curator:/home/harry/robot/install/challenge_2025:/home/harry/install/my_first_package:/opt/ros/humble /usr/bin/cmake --install /home/harry/robot/build/my_robot_slam
