[0.384s] Invoking command in '/home/harry/robot/build/turtlesim': CMAKE_PREFIX_PATH=${CMAKE_PREFIX_PATH}:/home/harry/robot/install/my_first_package:/home/harry/robot/install/tb3_description:/home/harry/robot/install/tag_detection:/home/harry/robot/install/curator:/home/harry/robot/install/challenge_2025:/home/harry/install/my_first_package:/opt/ros/humble /usr/bin/cmake --build /home/harry/robot/build/turtlesim -- -j4 -l4
[1.096s] [  1%] Built target turtlesim__cpp
[1.460s] [  1%] Built target ament_cmake_python_copy_turtlesim
[1.852s] [ 11%] Built target turtlesim__rosidl_typesupport_fastrtps_cpp
[2.206s] [ 21%] Built target turtlesim__rosidl_typesupport_introspection_cpp
[4.609s] running egg_info
[4.609s] writing turtlesim.egg-info/PKG-INFO
[4.622s] writing dependency_links to turtlesim.egg-info/dependency_links.txt
[4.623s] writing top-level names to turtlesim.egg-info/top_level.txt
[4.642s] reading manifest file 'turtlesim.egg-info/SOURCES.txt'
[4.692s] writing manifest file 'turtlesim.egg-info/SOURCES.txt'
[4.972s] [ 21%] Built target ament_cmake_python_build_turtlesim_egg
[5.202s] [ 31%] Built target turtlesim__rosidl_typesupport_cpp
[5.459s] [ 41%] Built target turtlesim__rosidl_generator_c
[5.713s] [ 43%] Built target draw_square
[6.069s] [ 45%] Built target mimic
[6.384s] [ 55%] Built target turtlesim__rosidl_typesupport_fastrtps_c
[6.621s] [ 65%] Built target turtlesim__rosidl_typesupport_introspection_c
[6.829s] [ 75%] Built target turtlesim__rosidl_typesupport_c
[7.036s] [ 77%] Built target turtle_teleop_key
[7.249s] [ 77%] Built target turtlesim
[7.550s] [ 83%] Built target turtlesim_node
[7.695s] [ 84%] Built target turtlesim__py
[7.912s] [ 93%] Built target turtlesim__rosidl_generator_py
[8.136s] [ 95%] Built target turtlesim__rosidl_typesupport_fastrtps_c__pyext
[8.298s] [ 97%] Built target turtlesim__rosidl_typesupport_c__pyext
[8.475s] [100%] Built target turtlesim__rosidl_typesupport_introspection_c__pyext
[8.537s] Invoked command in '/home/harry/robot/build/turtlesim' returned '0': CMAKE_PREFIX_PATH=${CMAKE_PREFIX_PATH}:/home/harry/robot/install/my_first_package:/home/harry/robot/install/tb3_description:/home/harry/robot/install/tag_detection:/home/harry/robot/install/curator:/home/harry/robot/install/challenge_2025:/home/harry/install/my_first_package:/opt/ros/humble /usr/bin/cmake --build /home/harry/robot/build/turtlesim -- -j4 -l4
[8.607s] Invoking command in '/home/harry/robot/build/turtlesim': CMAKE_PREFIX_PATH=${CMAKE_PREFIX_PATH}:/home/harry/robot/install/my_first_package:/home/harry/robot/install/tb3_description:/home/harry/robot/install/tag_detection:/home/harry/robot/install/curator:/home/harry/robot/install/challenge_2025:/home/harry/install/my_first_package:/opt/ros/humble /usr/bin/cmake --install /home/harry/robot/build/turtlesim
[8.639s] -- Install configuration: ""
[8.641s] -- Up-to-date: /home/harry/robot/install/turtlesim/share/ament_index/resource_index/rosidl_interfaces/turtlesim
[8.644s] -- Up-to-date: /home/harry/robot/install/turtlesim/include/turtlesim/turtlesim
[8.645s] -- Up-to-date: /home/harry/robot/install/turtlesim/include/turtlesim/turtlesim/srv
[8.648s] -- Up-to-date: /home/harry/robot/install/turtlesim/include/turtlesim/turtlesim/srv/spawn.h
[8.649s] -- Up-to-date: /home/harry/robot/install/turtlesim/include/turtlesim/turtlesim/srv/teleport_relative.h
[8.651s] -- Up-to-date: /home/harry/robot/install/turtlesim/include/turtlesim/turtlesim/srv/kill.h
[8.652s] -- Up-to-date: /home/harry/robot/install/turtlesim/include/turtlesim/turtlesim/srv/set_pen.h
[8.655s] -- Up-to-date: /home/harry/robot/install/turtlesim/include/turtlesim/turtlesim/srv/teleport_absolute.h
[8.656s] -- Up-to-date: /home/harry/robot/install/turtlesim/include/turtlesim/turtlesim/srv/detail
[8.657s] -- Up-to-date: /home/harry/robot/install/turtlesim/include/turtlesim/turtlesim/srv/detail/teleport_relative__functions.c
[8.658s] -- Up-to-date: /home/harry/robot/install/turtlesim/include/turtlesim/turtlesim/srv/detail/spawn__functions.h
[8.658s] -- Up-to-date: /home/harry/robot/install/turtlesim/include/turtlesim/turtlesim/srv/detail/kill__type_support.h
[8.658s] -- Up-to-date: /home/harry/robot/install/turtlesim/include/turtlesim/turtlesim/srv/detail/set_pen__type_support.h
[8.659s] -- Up-to-date: /home/harry/robot/install/turtlesim/include/turtlesim/turtlesim/srv/detail/kill__struct.h
[8.659s] -- Up-to-date: /home/harry/robot/install/turtlesim/include/turtlesim/turtlesim/srv/detail/teleport_absolute__struct.h
[8.663s] -- Up-to-date: /home/harry/robot/install/turtlesim/include/turtlesim/turtlesim/srv/detail/teleport_relative__functions.h
[8.664s] -- Up-to-date: /home/harry/robot/install/turtlesim/include/turtlesim/turtlesim/srv/detail/kill__functions.h
[8.665s] -- Up-to-date: /home/harry/robot/install/turtlesim/include/turtlesim/turtlesim/srv/detail/set_pen__struct.h
[8.665s] -- Up-to-date: /home/harry/robot/install/turtlesim/include/turtlesim/turtlesim/srv/detail/set_pen__functions.h
[8.665s] -- Up-to-date: /home/harry/robot/install/turtlesim/include/turtlesim/turtlesim/srv/detail/teleport_relative__type_support.h
[8.665s] -- Up-to-date: /home/harry/robot/install/turtlesim/include/turtlesim/turtlesim/srv/detail/spawn__type_support.h
[8.666s] -- Up-to-date: /home/harry/robot/install/turtlesim/include/turtlesim/turtlesim/srv/detail/teleport_absolute__functions.h
[8.668s] -- Up-to-date: /home/harry/robot/install/turtlesim/include/turtlesim/turtlesim/srv/detail/kill__functions.c
[8.668s] -- Up-to-date: /home/harry/robot/install/turtlesim/include/turtlesim/turtlesim/srv/detail/teleport_absolute__type_support.h
[8.670s] -- Up-to-date: /home/harry/robot/install/turtlesim/include/turtlesim/turtlesim/srv/detail/spawn__struct.h
[8.672s] -- Up-to-date: /home/harry/robot/install/turtlesim/include/turtlesim/turtlesim/srv/detail/spawn__functions.c
[8.672s] -- Up-to-date: /home/harry/robot/install/turtlesim/include/turtlesim/turtlesim/srv/detail/set_pen__functions.c
[8.672s] -- Up-to-date: /home/harry/robot/install/turtlesim/include/turtlesim/turtlesim/srv/detail/teleport_relative__struct.h
[8.673s] -- Up-to-date: /home/harry/robot/install/turtlesim/include/turtlesim/turtlesim/srv/detail/teleport_absolute__functions.c
[8.673s] -- Up-to-date: /home/harry/robot/install/turtlesim/include/turtlesim/turtlesim/msg
[8.676s] -- Up-to-date: /home/harry/robot/install/turtlesim/include/turtlesim/turtlesim/msg/pose.h
[8.676s] -- Up-to-date: /home/harry/robot/install/turtlesim/include/turtlesim/turtlesim/msg/rosidl_generator_c__visibility_control.h
[8.676s] -- Up-to-date: /home/harry/robot/install/turtlesim/include/turtlesim/turtlesim/msg/color.h
[8.677s] -- Up-to-date: /home/harry/robot/install/turtlesim/include/turtlesim/turtlesim/msg/detail
[8.677s] -- Up-to-date: /home/harry/robot/install/turtlesim/include/turtlesim/turtlesim/msg/detail/pose__type_support.h
[8.677s] -- Up-to-date: /home/harry/robot/install/turtlesim/include/turtlesim/turtlesim/msg/detail/color__struct.h
[8.677s] -- Up-to-date: /home/harry/robot/install/turtlesim/include/turtlesim/turtlesim/msg/detail/pose__functions.h
[8.677s] -- Up-to-date: /home/harry/robot/install/turtlesim/include/turtlesim/turtlesim/msg/detail/color__type_support.h
[8.677s] -- Up-to-date: /home/harry/robot/install/turtlesim/include/turtlesim/turtlesim/msg/detail/pose__functions.c
[8.677s] -- Up-to-date: /home/harry/robot/install/turtlesim/include/turtlesim/turtlesim/msg/detail/color__functions.h
[8.678s] -- Up-to-date: /home/harry/robot/install/turtlesim/include/turtlesim/turtlesim/msg/detail/color__functions.c
[8.678s] -- Up-to-date: /home/harry/robot/install/turtlesim/include/turtlesim/turtlesim/msg/detail/pose__struct.h
[8.678s] -- Up-to-date: /home/harry/robot/install/turtlesim/include/turtlesim/turtlesim/action
[8.678s] -- Up-to-date: /home/harry/robot/install/turtlesim/include/turtlesim/turtlesim/action/rotate_absolute.h
[8.678s] -- Up-to-date: /home/harry/robot/install/turtlesim/include/turtlesim/turtlesim/action/detail
[8.678s] -- Up-to-date: /home/harry/robot/install/turtlesim/include/turtlesim/turtlesim/action/detail/rotate_absolute__functions.h
[8.678s] -- Up-to-date: /home/harry/robot/install/turtlesim/include/turtlesim/turtlesim/action/detail/rotate_absolute__functions.c
[8.679s] -- Up-to-date: /home/harry/robot/install/turtlesim/include/turtlesim/turtlesim/action/detail/rotate_absolute__struct.h
[8.679s] -- Up-to-date: /home/harry/robot/install/turtlesim/include/turtlesim/turtlesim/action/detail/rotate_absolute__type_support.h
[8.681s] -- Up-to-date: /home/harry/robot/install/turtlesim/share/turtlesim/environment/library_path.sh
[8.682s] -- Up-to-date: /home/harry/robot/install/turtlesim/share/turtlesim/environment/library_path.dsv
[8.682s] -- Up-to-date: /home/harry/robot/install/turtlesim/lib/libturtlesim__rosidl_generator_c.so
[8.682s] -- Up-to-date: /home/harry/robot/install/turtlesim/include/turtlesim/turtlesim
[8.683s] -- Up-to-date: /home/harry/robot/install/turtlesim/include/turtlesim/turtlesim/srv
[8.683s] -- Up-to-date: /home/harry/robot/install/turtlesim/include/turtlesim/turtlesim/srv/detail
[8.688s] -- Up-to-date: /home/harry/robot/install/turtlesim/include/turtlesim/turtlesim/srv/detail/teleport_relative__rosidl_typesupport_fastrtps_c.h
[8.690s] -- Up-to-date: /home/harry/robot/install/turtlesim/include/turtlesim/turtlesim/srv/detail/teleport_absolute__rosidl_typesupport_fastrtps_c.h
[8.690s] -- Up-to-date: /home/harry/robot/install/turtlesim/include/turtlesim/turtlesim/srv/detail/spawn__rosidl_typesupport_fastrtps_c.h
[8.691s] -- Up-to-date: /home/harry/robot/install/turtlesim/include/turtlesim/turtlesim/srv/detail/kill__rosidl_typesupport_fastrtps_c.h
[8.691s] -- Up-to-date: /home/harry/robot/install/turtlesim/include/turtlesim/turtlesim/srv/detail/set_pen__rosidl_typesupport_fastrtps_c.h
[8.692s] -- Up-to-date: /home/harry/robot/install/turtlesim/include/turtlesim/turtlesim/msg
[8.692s] -- Up-to-date: /home/harry/robot/install/turtlesim/include/turtlesim/turtlesim/msg/rosidl_typesupport_fastrtps_c__visibility_control.h
[8.692s] -- Up-to-date: /home/harry/robot/install/turtlesim/include/turtlesim/turtlesim/msg/detail
[8.693s] -- Up-to-date: /home/harry/robot/install/turtlesim/include/turtlesim/turtlesim/msg/detail/color__rosidl_typesupport_fastrtps_c.h
[8.693s] -- Up-to-date: /home/harry/robot/install/turtlesim/include/turtlesim/turtlesim/msg/detail/pose__rosidl_typesupport_fastrtps_c.h
[8.693s] -- Up-to-date: /home/harry/robot/install/turtlesim/include/turtlesim/turtlesim/action
[8.693s] -- Up-to-date: /home/harry/robot/install/turtlesim/include/turtlesim/turtlesim/action/detail
[8.694s] -- Up-to-date: /home/harry/robot/install/turtlesim/include/turtlesim/turtlesim/action/detail/rotate_absolute__rosidl_typesupport_fastrtps_c.h
[8.694s] -- Up-to-date: /home/harry/robot/install/turtlesim/lib/libturtlesim__rosidl_typesupport_fastrtps_c.so
[8.695s] -- Up-to-date: /home/harry/robot/install/turtlesim/include/turtlesim/turtlesim
[8.695s] -- Up-to-date: /home/harry/robot/install/turtlesim/include/turtlesim/turtlesim/srv
[8.695s] -- Up-to-date: /home/harry/robot/install/turtlesim/include/turtlesim/turtlesim/srv/spawn.hpp
[8.696s] -- Up-to-date: /home/harry/robot/install/turtlesim/include/turtlesim/turtlesim/srv/teleport_absolute.hpp
[8.696s] -- Up-to-date: /home/harry/robot/install/turtlesim/include/turtlesim/turtlesim/srv/set_pen.hpp
[8.696s] -- Up-to-date: /home/harry/robot/install/turtlesim/include/turtlesim/turtlesim/srv/detail
[8.696s] -- Up-to-date: /home/harry/robot/install/turtlesim/include/turtlesim/turtlesim/srv/detail/spawn__struct.hpp
[8.696s] -- Up-to-date: /home/harry/robot/install/turtlesim/include/turtlesim/turtlesim/srv/detail/teleport_absolute__builder.hpp
[8.696s] -- Up-to-date: /home/harry/robot/install/turtlesim/include/turtlesim/turtlesim/srv/detail/set_pen__type_support.hpp
[8.697s] -- Up-to-date: /home/harry/robot/install/turtlesim/include/turtlesim/turtlesim/srv/detail/set_pen__traits.hpp
[8.697s] -- Up-to-date: /home/harry/robot/install/turtlesim/include/turtlesim/turtlesim/srv/detail/kill__traits.hpp
[8.697s] -- Up-to-date: /home/harry/robot/install/turtlesim/include/turtlesim/turtlesim/srv/detail/teleport_absolute__type_support.hpp
[8.697s] -- Up-to-date: /home/harry/robot/install/turtlesim/include/turtlesim/turtlesim/srv/detail/teleport_absolute__struct.hpp
[8.697s] -- Up-to-date: /home/harry/robot/install/turtlesim/include/turtlesim/turtlesim/srv/detail/kill__builder.hpp
[8.697s] -- Up-to-date: /home/harry/robot/install/turtlesim/include/turtlesim/turtlesim/srv/detail/teleport_relative__traits.hpp
[8.698s] -- Up-to-date: /home/harry/robot/install/turtlesim/include/turtlesim/turtlesim/srv/detail/teleport_absolute__traits.hpp
[8.698s] -- Up-to-date: /home/harry/robot/install/turtlesim/include/turtlesim/turtlesim/srv/detail/spawn__traits.hpp
[8.698s] -- Up-to-date: /home/harry/robot/install/turtlesim/include/turtlesim/turtlesim/srv/detail/teleport_relative__struct.hpp
[8.698s] -- Up-to-date: /home/harry/robot/install/turtlesim/include/turtlesim/turtlesim/srv/detail/kill__type_support.hpp
[8.699s] -- Up-to-date: /home/harry/robot/install/turtlesim/include/turtlesim/turtlesim/srv/detail/spawn__builder.hpp
[8.701s] -- Up-to-date: /home/harry/robot/install/turtlesim/include/turtlesim/turtlesim/srv/detail/set_pen__struct.hpp
[8.701s] -- Up-to-date: /home/harry/robot/install/turtlesim/include/turtlesim/turtlesim/srv/detail/kill__struct.hpp
[8.702s] -- Up-to-date: /home/harry/robot/install/turtlesim/include/turtlesim/turtlesim/srv/detail/teleport_relative__type_support.hpp
[8.702s] -- Up-to-date: /home/harry/robot/install/turtlesim/include/turtlesim/turtlesim/srv/detail/teleport_relative__builder.hpp
[8.702s] -- Up-to-date: /home/harry/robot/install/turtlesim/include/turtlesim/turtlesim/srv/detail/spawn__type_support.hpp
[8.702s] -- Up-to-date: /home/harry/robot/install/turtlesim/include/turtlesim/turtlesim/srv/detail/set_pen__builder.hpp
[8.702s] -- Up-to-date: /home/harry/robot/install/turtlesim/include/turtlesim/turtlesim/srv/kill.hpp
[8.702s] -- Up-to-date: /home/harry/robot/install/turtlesim/include/turtlesim/turtlesim/srv/teleport_relative.hpp
[8.702s] -- Up-to-date: /home/harry/robot/install/turtlesim/include/turtlesim/turtlesim/msg
[8.703s] -- Up-to-date: /home/harry/robot/install/turtlesim/include/turtlesim/turtlesim/msg/rosidl_generator_cpp__visibility_control.hpp
[8.703s] -- Up-to-date: /home/harry/robot/install/turtlesim/include/turtlesim/turtlesim/msg/color.hpp
[8.703s] -- Up-to-date: /home/harry/robot/install/turtlesim/include/turtlesim/turtlesim/msg/pose.hpp
[8.703s] -- Up-to-date: /home/harry/robot/install/turtlesim/include/turtlesim/turtlesim/msg/detail
[8.704s] -- Up-to-date: /home/harry/robot/install/turtlesim/include/turtlesim/turtlesim/msg/detail/pose__struct.hpp
[8.704s] -- Up-to-date: /home/harry/robot/install/turtlesim/include/turtlesim/turtlesim/msg/detail/pose__traits.hpp
[8.704s] -- Up-to-date: /home/harry/robot/install/turtlesim/include/turtlesim/turtlesim/msg/detail/color__struct.hpp
[8.704s] -- Up-to-date: /home/harry/robot/install/turtlesim/include/turtlesim/turtlesim/msg/detail/color__type_support.hpp
[8.705s] -- Up-to-date: /home/harry/robot/install/turtlesim/include/turtlesim/turtlesim/msg/detail/color__builder.hpp
[8.705s] -- Up-to-date: /home/harry/robot/install/turtlesim/include/turtlesim/turtlesim/msg/detail/pose__type_support.hpp
[8.706s] -- Up-to-date: /home/harry/robot/install/turtlesim/include/turtlesim/turtlesim/msg/detail/color__traits.hpp
[8.706s] -- Up-to-date: /home/harry/robot/install/turtlesim/include/turtlesim/turtlesim/msg/detail/pose__builder.hpp
[8.706s] -- Up-to-date: /home/harry/robot/install/turtlesim/include/turtlesim/turtlesim/action
[8.706s] -- Up-to-date: /home/harry/robot/install/turtlesim/include/turtlesim/turtlesim/action/rotate_absolute.hpp
[8.706s] -- Up-to-date: /home/harry/robot/install/turtlesim/include/turtlesim/turtlesim/action/detail
[8.706s] -- Up-to-date: /home/harry/robot/install/turtlesim/include/turtlesim/turtlesim/action/detail/rotate_absolute__struct.hpp
[8.707s] -- Up-to-date: /home/harry/robot/install/turtlesim/include/turtlesim/turtlesim/action/detail/rotate_absolute__traits.hpp
[8.707s] -- Up-to-date: /home/harry/robot/install/turtlesim/include/turtlesim/turtlesim/action/detail/rotate_absolute__builder.hpp
[8.707s] -- Up-to-date: /home/harry/robot/install/turtlesim/include/turtlesim/turtlesim/action/detail/rotate_absolute__type_support.hpp
[8.707s] -- Up-to-date: /home/harry/robot/install/turtlesim/include/turtlesim/turtlesim
[8.707s] -- Up-to-date: /home/harry/robot/install/turtlesim/include/turtlesim/turtlesim/srv
[8.707s] -- Up-to-date: /home/harry/robot/install/turtlesim/include/turtlesim/turtlesim/srv/detail
[8.707s] -- Up-to-date: /home/harry/robot/install/turtlesim/include/turtlesim/turtlesim/srv/detail/spawn__rosidl_typesupport_fastrtps_cpp.hpp
[8.707s] -- Up-to-date: /home/harry/robot/install/turtlesim/include/turtlesim/turtlesim/srv/detail/dds_fastrtps
[8.708s] -- Up-to-date: /home/harry/robot/install/turtlesim/include/turtlesim/turtlesim/srv/detail/teleport_absolute__rosidl_typesupport_fastrtps_cpp.hpp
[8.708s] -- Up-to-date: /home/harry/robot/install/turtlesim/include/turtlesim/turtlesim/srv/detail/kill__rosidl_typesupport_fastrtps_cpp.hpp
[8.708s] -- Up-to-date: /home/harry/robot/install/turtlesim/include/turtlesim/turtlesim/srv/detail/teleport_relative__rosidl_typesupport_fastrtps_cpp.hpp
[8.708s] -- Up-to-date: /home/harry/robot/install/turtlesim/include/turtlesim/turtlesim/srv/detail/set_pen__rosidl_typesupport_fastrtps_cpp.hpp
[8.709s] -- Up-to-date: /home/harry/robot/install/turtlesim/include/turtlesim/turtlesim/msg
[8.709s] -- Up-to-date: /home/harry/robot/install/turtlesim/include/turtlesim/turtlesim/msg/rosidl_typesupport_fastrtps_cpp__visibility_control.h
[8.709s] -- Up-to-date: /home/harry/robot/install/turtlesim/include/turtlesim/turtlesim/msg/detail
[8.710s] -- Up-to-date: /home/harry/robot/install/turtlesim/include/turtlesim/turtlesim/msg/detail/dds_fastrtps
[8.710s] -- Up-to-date: /home/harry/robot/install/turtlesim/include/turtlesim/turtlesim/msg/detail/pose__rosidl_typesupport_fastrtps_cpp.hpp
[8.711s] -- Up-to-date: /home/harry/robot/install/turtlesim/include/turtlesim/turtlesim/msg/detail/color__rosidl_typesupport_fastrtps_cpp.hpp
[8.711s] -- Up-to-date: /home/harry/robot/install/turtlesim/include/turtlesim/turtlesim/action
[8.711s] -- Up-to-date: /home/harry/robot/install/turtlesim/include/turtlesim/turtlesim/action/detail
[8.712s] -- Up-to-date: /home/harry/robot/install/turtlesim/include/turtlesim/turtlesim/action/detail/dds_fastrtps
[8.713s] -- Up-to-date: /home/harry/robot/install/turtlesim/include/turtlesim/turtlesim/action/detail/rotate_absolute__rosidl_typesupport_fastrtps_cpp.hpp
[8.715s] -- Up-to-date: /home/harry/robot/install/turtlesim/lib/libturtlesim__rosidl_typesupport_fastrtps_cpp.so
[8.715s] -- Up-to-date: /home/harry/robot/install/turtlesim/include/turtlesim/turtlesim
[8.716s] -- Up-to-date: /home/harry/robot/install/turtlesim/include/turtlesim/turtlesim/srv
[8.716s] -- Up-to-date: /home/harry/robot/install/turtlesim/include/turtlesim/turtlesim/srv/detail
[8.716s] -- Up-to-date: /home/harry/robot/install/turtlesim/include/turtlesim/turtlesim/srv/detail/teleport_relative__rosidl_typesupport_introspection_c.h
[8.717s] -- Up-to-date: /home/harry/robot/install/turtlesim/include/turtlesim/turtlesim/srv/detail/kill__type_support.c
[8.717s] -- Up-to-date: /home/harry/robot/install/turtlesim/include/turtlesim/turtlesim/srv/detail/teleport_absolute__rosidl_typesupport_introspection_c.h
[8.717s] -- Up-to-date: /home/harry/robot/install/turtlesim/include/turtlesim/turtlesim/srv/detail/spawn__type_support.c
[8.718s] -- Up-to-date: /home/harry/robot/install/turtlesim/include/turtlesim/turtlesim/srv/detail/teleport_absolute__type_support.c
[8.718s] -- Up-to-date: /home/harry/robot/install/turtlesim/include/turtlesim/turtlesim/srv/detail/spawn__rosidl_typesupport_introspection_c.h
[8.718s] -- Up-to-date: /home/harry/robot/install/turtlesim/include/turtlesim/turtlesim/srv/detail/set_pen__type_support.c
[8.718s] -- Up-to-date: /home/harry/robot/install/turtlesim/include/turtlesim/turtlesim/srv/detail/kill__rosidl_typesupport_introspection_c.h
[8.719s] -- Up-to-date: /home/harry/robot/install/turtlesim/include/turtlesim/turtlesim/srv/detail/set_pen__rosidl_typesupport_introspection_c.h
[8.719s] -- Up-to-date: /home/harry/robot/install/turtlesim/include/turtlesim/turtlesim/srv/detail/teleport_relative__type_support.c
[8.719s] -- Up-to-date: /home/harry/robot/install/turtlesim/include/turtlesim/turtlesim/msg
[8.719s] -- Up-to-date: /home/harry/robot/install/turtlesim/include/turtlesim/turtlesim/msg/rosidl_typesupport_introspection_c__visibility_control.h
[8.719s] -- Up-to-date: /home/harry/robot/install/turtlesim/include/turtlesim/turtlesim/msg/detail
[8.719s] -- Up-to-date: /home/harry/robot/install/turtlesim/include/turtlesim/turtlesim/msg/detail/pose__rosidl_typesupport_introspection_c.h
[8.719s] -- Up-to-date: /home/harry/robot/install/turtlesim/include/turtlesim/turtlesim/msg/detail/pose__type_support.c
[8.720s] -- Up-to-date: /home/harry/robot/install/turtlesim/include/turtlesim/turtlesim/msg/detail/color__type_support.c
[8.720s] -- Up-to-date: /home/harry/robot/install/turtlesim/include/turtlesim/turtlesim/msg/detail/color__rosidl_typesupport_introspection_c.h
[8.720s] -- Up-to-date: /home/harry/robot/install/turtlesim/include/turtlesim/turtlesim/action
[8.720s] -- Up-to-date: /home/harry/robot/install/turtlesim/include/turtlesim/turtlesim/action/detail
[8.720s] -- Up-to-date: /home/harry/robot/install/turtlesim/include/turtlesim/turtlesim/action/detail/rotate_absolute__type_support.c
[8.720s] -- Up-to-date: /home/harry/robot/install/turtlesim/include/turtlesim/turtlesim/action/detail/rotate_absolute__rosidl_typesupport_introspection_c.h
[8.721s] -- Up-to-date: /home/harry/robot/install/turtlesim/lib/libturtlesim__rosidl_typesupport_introspection_c.so
[8.721s] -- Up-to-date: /home/harry/robot/install/turtlesim/lib/libturtlesim__rosidl_typesupport_c.so
[8.721s] -- Up-to-date: /home/harry/robot/install/turtlesim/include/turtlesim/turtlesim
[8.721s] -- Up-to-date: /home/harry/robot/install/turtlesim/include/turtlesim/turtlesim/srv
[8.721s] -- Up-to-date: /home/harry/robot/install/turtlesim/include/turtlesim/turtlesim/srv/detail
[8.722s] -- Up-to-date: /home/harry/robot/install/turtlesim/include/turtlesim/turtlesim/srv/detail/kill__rosidl_typesupport_introspection_cpp.hpp
[8.722s] -- Up-to-date: /home/harry/robot/install/turtlesim/include/turtlesim/turtlesim/srv/detail/set_pen__type_support.cpp
[8.722s] -- Up-to-date: /home/harry/robot/install/turtlesim/include/turtlesim/turtlesim/srv/detail/spawn__type_support.cpp
[8.723s] -- Up-to-date: /home/harry/robot/install/turtlesim/include/turtlesim/turtlesim/srv/detail/teleport_absolute__type_support.cpp
[8.723s] -- Up-to-date: /home/harry/robot/install/turtlesim/include/turtlesim/turtlesim/srv/detail/teleport_absolute__rosidl_typesupport_introspection_cpp.hpp
[8.731s] -- Up-to-date: /home/harry/robot/install/turtlesim/include/turtlesim/turtlesim/srv/detail/set_pen__rosidl_typesupport_introspection_cpp.hpp
[8.732s] -- Up-to-date: /home/harry/robot/install/turtlesim/include/turtlesim/turtlesim/srv/detail/kill__type_support.cpp
[8.732s] -- Up-to-date: /home/harry/robot/install/turtlesim/include/turtlesim/turtlesim/srv/detail/teleport_relative__rosidl_typesupport_introspection_cpp.hpp
[8.741s] -- Up-to-date: /home/harry/robot/install/turtlesim/include/turtlesim/turtlesim/srv/detail/spawn__rosidl_typesupport_introspection_cpp.hpp
[8.743s] -- Up-to-date: /home/harry/robot/install/turtlesim/include/turtlesim/turtlesim/srv/detail/teleport_relative__type_support.cpp
[8.743s] -- Up-to-date: /home/harry/robot/install/turtlesim/include/turtlesim/turtlesim/msg
[8.744s] -- Up-to-date: /home/harry/robot/install/turtlesim/include/turtlesim/turtlesim/msg/detail
[8.744s] -- Up-to-date: /home/harry/robot/install/turtlesim/include/turtlesim/turtlesim/msg/detail/pose__type_support.cpp
[8.744s] -- Up-to-date: /home/harry/robot/install/turtlesim/include/turtlesim/turtlesim/msg/detail/color__rosidl_typesupport_introspection_cpp.hpp
[8.744s] -- Up-to-date: /home/harry/robot/install/turtlesim/include/turtlesim/turtlesim/msg/detail/pose__rosidl_typesupport_introspection_cpp.hpp
[8.745s] -- Up-to-date: /home/harry/robot/install/turtlesim/include/turtlesim/turtlesim/msg/detail/color__type_support.cpp
[8.746s] -- Up-to-date: /home/harry/robot/install/turtlesim/include/turtlesim/turtlesim/action
[8.746s] -- Up-to-date: /home/harry/robot/install/turtlesim/include/turtlesim/turtlesim/action/detail
[8.746s] -- Up-to-date: /home/harry/robot/install/turtlesim/include/turtlesim/turtlesim/action/detail/rotate_absolute__type_support.cpp
[8.746s] -- Up-to-date: /home/harry/robot/install/turtlesim/include/turtlesim/turtlesim/action/detail/rotate_absolute__rosidl_typesupport_introspection_cpp.hpp
[8.747s] -- Up-to-date: /home/harry/robot/install/turtlesim/lib/libturtlesim__rosidl_typesupport_introspection_cpp.so
[8.748s] -- Up-to-date: /home/harry/robot/install/turtlesim/lib/libturtlesim__rosidl_typesupport_cpp.so
[8.749s] -- Up-to-date: /home/harry/robot/install/turtlesim/share/turtlesim/environment/pythonpath.sh
[8.749s] -- Up-to-date: /home/harry/robot/install/turtlesim/share/turtlesim/environment/pythonpath.dsv
[8.749s] -- Up-to-date: /home/harry/robot/install/turtlesim/local/lib/python3.10/dist-packages/turtlesim-1.4.3-py3.10.egg-info
[8.749s] -- Installing: /home/harry/robot/install/turtlesim/local/lib/python3.10/dist-packages/turtlesim-1.4.3-py3.10.egg-info/dependency_links.txt
[8.749s] -- Installing: /home/harry/robot/install/turtlesim/local/lib/python3.10/dist-packages/turtlesim-1.4.3-py3.10.egg-info/PKG-INFO
[8.750s] -- Installing: /home/harry/robot/install/turtlesim/local/lib/python3.10/dist-packages/turtlesim-1.4.3-py3.10.egg-info/top_level.txt
[8.750s] -- Installing: /home/harry/robot/install/turtlesim/local/lib/python3.10/dist-packages/turtlesim-1.4.3-py3.10.egg-info/SOURCES.txt
[8.750s] -- Up-to-date: /home/harry/robot/install/turtlesim/local/lib/python3.10/dist-packages/turtlesim
[8.750s] -- Up-to-date: /home/harry/robot/install/turtlesim/local/lib/python3.10/dist-packages/turtlesim/turtlesim_s__rosidl_typesupport_fastrtps_c.cpython-310-x86_64-linux-gnu.so
[8.751s] -- Up-to-date: /home/harry/robot/install/turtlesim/local/lib/python3.10/dist-packages/turtlesim/_turtlesim_s.ep.rosidl_typesupport_fastrtps_c.c
[8.751s] -- Up-to-date: /home/harry/robot/install/turtlesim/local/lib/python3.10/dist-packages/turtlesim/srv
[8.753s] -- Up-to-date: /home/harry/robot/install/turtlesim/local/lib/python3.10/dist-packages/turtlesim/srv/_teleport_absolute.py
[8.754s] -- Up-to-date: /home/harry/robot/install/turtlesim/local/lib/python3.10/dist-packages/turtlesim/srv/_teleport_absolute_s.c
[8.754s] -- Up-to-date: /home/harry/robot/install/turtlesim/local/lib/python3.10/dist-packages/turtlesim/srv/_set_pen_s.c
[8.754s] -- Up-to-date: /home/harry/robot/install/turtlesim/local/lib/python3.10/dist-packages/turtlesim/srv/_spawn.py
[8.754s] -- Up-to-date: /home/harry/robot/install/turtlesim/local/lib/python3.10/dist-packages/turtlesim/srv/__init__.py
[8.754s] -- Up-to-date: /home/harry/robot/install/turtlesim/local/lib/python3.10/dist-packages/turtlesim/srv/_kill.py
[8.755s] -- Up-to-date: /home/harry/robot/install/turtlesim/local/lib/python3.10/dist-packages/turtlesim/srv/_spawn_s.c
[8.755s] -- Up-to-date: /home/harry/robot/install/turtlesim/local/lib/python3.10/dist-packages/turtlesim/srv/_set_pen.py
[8.755s] -- Up-to-date: /home/harry/robot/install/turtlesim/local/lib/python3.10/dist-packages/turtlesim/srv/_teleport_relative.py
[8.755s] -- Up-to-date: /home/harry/robot/install/turtlesim/local/lib/python3.10/dist-packages/turtlesim/srv/_teleport_relative_s.c
[8.755s] -- Up-to-date: /home/harry/robot/install/turtlesim/local/lib/python3.10/dist-packages/turtlesim/srv/_kill_s.c
[8.755s] -- Up-to-date: /home/harry/robot/install/turtlesim/local/lib/python3.10/dist-packages/turtlesim/__init__.py
[8.755s] -- Up-to-date: /home/harry/robot/install/turtlesim/local/lib/python3.10/dist-packages/turtlesim/msg
[8.756s] -- Up-to-date: /home/harry/robot/install/turtlesim/local/lib/python3.10/dist-packages/turtlesim/msg/_color_s.c
[8.756s] -- Up-to-date: /home/harry/robot/install/turtlesim/local/lib/python3.10/dist-packages/turtlesim/msg/_pose.py
[8.756s] -- Up-to-date: /home/harry/robot/install/turtlesim/local/lib/python3.10/dist-packages/turtlesim/msg/__init__.py
[8.756s] -- Up-to-date: /home/harry/robot/install/turtlesim/local/lib/python3.10/dist-packages/turtlesim/msg/_color.py
[8.756s] -- Up-to-date: /home/harry/robot/install/turtlesim/local/lib/python3.10/dist-packages/turtlesim/msg/_pose_s.c
[8.756s] -- Up-to-date: /home/harry/robot/install/turtlesim/local/lib/python3.10/dist-packages/turtlesim/_turtlesim_s.ep.rosidl_typesupport_introspection_c.c
[8.756s] -- Up-to-date: /home/harry/robot/install/turtlesim/local/lib/python3.10/dist-packages/turtlesim/_turtlesim_s.ep.rosidl_typesupport_c.c
[8.756s] -- Up-to-date: /home/harry/robot/install/turtlesim/local/lib/python3.10/dist-packages/turtlesim/turtlesim_s__rosidl_typesupport_c.cpython-310-x86_64-linux-gnu.so
[8.757s] -- Up-to-date: /home/harry/robot/install/turtlesim/local/lib/python3.10/dist-packages/turtlesim/action
[8.757s] -- Up-to-date: /home/harry/robot/install/turtlesim/local/lib/python3.10/dist-packages/turtlesim/action/__init__.py
[8.757s] -- Up-to-date: /home/harry/robot/install/turtlesim/local/lib/python3.10/dist-packages/turtlesim/action/_rotate_absolute_s.c
[8.757s] -- Up-to-date: /home/harry/robot/install/turtlesim/local/lib/python3.10/dist-packages/turtlesim/action/_rotate_absolute.py
[8.757s] -- Up-to-date: /home/harry/robot/install/turtlesim/local/lib/python3.10/dist-packages/turtlesim/libturtlesim__rosidl_generator_py.so
[8.758s] -- Up-to-date: /home/harry/robot/install/turtlesim/local/lib/python3.10/dist-packages/turtlesim/turtlesim_s__rosidl_typesupport_introspection_c.cpython-310-x86_64-linux-gnu.so
[8.911s] Listing '/home/harry/robot/install/turtlesim/local/lib/python3.10/dist-packages/turtlesim'...
[8.911s] Listing '/home/harry/robot/install/turtlesim/local/lib/python3.10/dist-packages/turtlesim/action'...
[8.911s] Listing '/home/harry/robot/install/turtlesim/local/lib/python3.10/dist-packages/turtlesim/msg'...
[8.911s] Listing '/home/harry/robot/install/turtlesim/local/lib/python3.10/dist-packages/turtlesim/srv'...
[8.990s] -- Up-to-date: /home/harry/robot/install/turtlesim/local/lib/python3.10/dist-packages/turtlesim/turtlesim_s__rosidl_typesupport_fastrtps_c.cpython-310-x86_64-linux-gnu.so
[8.997s] -- Up-to-date: /home/harry/robot/install/turtlesim/local/lib/python3.10/dist-packages/turtlesim/turtlesim_s__rosidl_typesupport_introspection_c.cpython-310-x86_64-linux-gnu.so
[9.002s] -- Up-to-date: /home/harry/robot/install/turtlesim/local/lib/python3.10/dist-packages/turtlesim/turtlesim_s__rosidl_typesupport_c.cpython-310-x86_64-linux-gnu.so
[9.010s] -- Up-to-date: /home/harry/robot/install/turtlesim/lib/libturtlesim__rosidl_generator_py.so
[9.014s] -- Up-to-date: /home/harry/robot/install/turtlesim/share/turtlesim/action/RotateAbsolute.idl
[9.014s] -- Up-to-date: /home/harry/robot/install/turtlesim/share/turtlesim/msg/Color.idl
[9.015s] -- Up-to-date: /home/harry/robot/install/turtlesim/share/turtlesim/msg/Pose.idl
[9.022s] -- Up-to-date: /home/harry/robot/install/turtlesim/share/turtlesim/srv/Kill.idl
[9.024s] -- Up-to-date: /home/harry/robot/install/turtlesim/share/turtlesim/srv/SetPen.idl
[9.024s] -- Up-to-date: /home/harry/robot/install/turtlesim/share/turtlesim/srv/Spawn.idl
[9.024s] -- Up-to-date: /home/harry/robot/install/turtlesim/share/turtlesim/srv/TeleportAbsolute.idl
[9.024s] -- Up-to-date: /home/harry/robot/install/turtlesim/share/turtlesim/srv/TeleportRelative.idl
[9.024s] -- Up-to-date: /home/harry/robot/install/turtlesim/share/turtlesim/action/RotateAbsolute.action
[9.025s] -- Up-to-date: /home/harry/robot/install/turtlesim/share/turtlesim/msg/Color.msg
[9.025s] -- Up-to-date: /home/harry/robot/install/turtlesim/share/turtlesim/msg/Pose.msg
[9.025s] -- Up-to-date: /home/harry/robot/install/turtlesim/share/turtlesim/srv/Kill.srv
[9.025s] -- Up-to-date: /home/harry/robot/install/turtlesim/share/turtlesim/srv/Kill_Request.msg
[9.027s] -- Up-to-date: /home/harry/robot/install/turtlesim/share/turtlesim/srv/Kill_Response.msg
[9.027s] -- Up-to-date: /home/harry/robot/install/turtlesim/share/turtlesim/srv/SetPen.srv
[9.028s] -- Up-to-date: /home/harry/robot/install/turtlesim/share/turtlesim/srv/SetPen_Request.msg
[9.028s] -- Up-to-date: /home/harry/robot/install/turtlesim/share/turtlesim/srv/SetPen_Response.msg
[9.028s] -- Up-to-date: /home/harry/robot/install/turtlesim/share/turtlesim/srv/Spawn.srv
[9.030s] -- Up-to-date: /home/harry/robot/install/turtlesim/share/turtlesim/srv/Spawn_Request.msg
[9.031s] -- Up-to-date: /home/harry/robot/install/turtlesim/share/turtlesim/srv/Spawn_Response.msg
[9.034s] -- Up-to-date: /home/harry/robot/install/turtlesim/share/turtlesim/srv/TeleportAbsolute.srv
[9.034s] -- Up-to-date: /home/harry/robot/install/turtlesim/share/turtlesim/srv/TeleportAbsolute_Request.msg
[9.035s] -- Up-to-date: /home/harry/robot/install/turtlesim/share/turtlesim/srv/TeleportAbsolute_Response.msg
[9.035s] -- Up-to-date: /home/harry/robot/install/turtlesim/share/turtlesim/srv/TeleportRelative.srv
[9.035s] -- Up-to-date: /home/harry/robot/install/turtlesim/share/turtlesim/srv/TeleportRelative_Request.msg
[9.036s] -- Up-to-date: /home/harry/robot/install/turtlesim/share/turtlesim/srv/TeleportRelative_Response.msg
[9.041s] -- Up-to-date: /home/harry/robot/install/turtlesim/lib/turtlesim/turtlesim_node
[9.047s] -- Up-to-date: /home/harry/robot/install/turtlesim/lib/turtlesim/turtle_teleop_key
[9.053s] -- Up-to-date: /home/harry/robot/install/turtlesim/lib/turtlesim/draw_square
[9.058s] -- Up-to-date: /home/harry/robot/install/turtlesim/lib/turtlesim/mimic
[9.058s] -- Up-to-date: /home/harry/robot/install/turtlesim/share/turtlesim/images
[9.063s] -- Up-to-date: /home/harry/robot/install/turtlesim/share/turtlesim/images/rolling.png
[9.063s] -- Up-to-date: /home/harry/robot/install/turtlesim/share/turtlesim/images/crystal.png
[9.064s] -- Up-to-date: /home/harry/robot/install/turtlesim/share/turtlesim/images/bouncy.png
[9.064s] -- Up-to-date: /home/harry/robot/install/turtlesim/share/turtlesim/images/dashing.png
[9.064s] -- Up-to-date: /home/harry/robot/install/turtlesim/share/turtlesim/images/galactic.png
[9.065s] -- Up-to-date: /home/harry/robot/install/turtlesim/share/turtlesim/images/eloquent.png
[9.065s] -- Up-to-date: /home/harry/robot/install/turtlesim/share/turtlesim/images/foxy.png
[9.068s] -- Up-to-date: /home/harry/robot/install/turtlesim/share/turtlesim/images/ardent.png
[9.068s] -- Up-to-date: /home/harry/robot/install/turtlesim/share/turtlesim/images/humble.png
[9.068s] -- Up-to-date: /home/harry/robot/install/turtlesim/share/turtlesim/launch
[9.070s] -- Up-to-date: /home/harry/robot/install/turtlesim/share/turtlesim/launch/multisim.launch.py
[9.070s] -- Up-to-date: /home/harry/robot/install/turtlesim/share/ament_index/resource_index/package_run_dependencies/turtlesim
[9.074s] -- Up-to-date: /home/harry/robot/install/turtlesim/share/ament_index/resource_index/parent_prefix_path/turtlesim
[9.074s] -- Up-to-date: /home/harry/robot/install/turtlesim/share/turtlesim/environment/ament_prefix_path.sh
[9.075s] -- Up-to-date: /home/harry/robot/install/turtlesim/share/turtlesim/environment/ament_prefix_path.dsv
[9.076s] -- Up-to-date: /home/harry/robot/install/turtlesim/share/turtlesim/environment/path.sh
[9.077s] -- Up-to-date: /home/harry/robot/install/turtlesim/share/turtlesim/environment/path.dsv
[9.077s] -- Up-to-date: /home/harry/robot/install/turtlesim/share/turtlesim/local_setup.bash
[9.078s] -- Up-to-date: /home/harry/robot/install/turtlesim/share/turtlesim/local_setup.sh
[9.079s] -- Up-to-date: /home/harry/robot/install/turtlesim/share/turtlesim/local_setup.zsh
[9.080s] -- Up-to-date: /home/harry/robot/install/turtlesim/share/turtlesim/local_setup.dsv
[9.080s] -- Installing: /home/harry/robot/install/turtlesim/share/turtlesim/package.dsv
[9.081s] -- Up-to-date: /home/harry/robot/install/turtlesim/share/ament_index/resource_index/packages/turtlesim
[9.088s] -- Up-to-date: /home/harry/robot/install/turtlesim/share/turtlesim/cmake/export_turtlesim__rosidl_generator_cExport.cmake
[9.091s] -- Up-to-date: /home/harry/robot/install/turtlesim/share/turtlesim/cmake/export_turtlesim__rosidl_generator_cExport-noconfig.cmake
[9.098s] -- Up-to-date: /home/harry/robot/install/turtlesim/share/turtlesim/cmake/export_turtlesim__rosidl_typesupport_fastrtps_cExport.cmake
[9.099s] -- Up-to-date: /home/harry/robot/install/turtlesim/share/turtlesim/cmake/export_turtlesim__rosidl_typesupport_fastrtps_cExport-noconfig.cmake
[9.105s] -- Up-to-date: /home/harry/robot/install/turtlesim/share/turtlesim/cmake/export_turtlesim__rosidl_generator_cppExport.cmake
[9.106s] -- Up-to-date: /home/harry/robot/install/turtlesim/share/turtlesim/cmake/export_turtlesim__rosidl_typesupport_fastrtps_cppExport.cmake
[9.106s] -- Up-to-date: /home/harry/robot/install/turtlesim/share/turtlesim/cmake/export_turtlesim__rosidl_typesupport_fastrtps_cppExport-noconfig.cmake
[9.106s] -- Up-to-date: /home/harry/robot/install/turtlesim/share/turtlesim/cmake/turtlesim__rosidl_typesupport_introspection_cExport.cmake
[9.106s] -- Up-to-date: /home/harry/robot/install/turtlesim/share/turtlesim/cmake/turtlesim__rosidl_typesupport_introspection_cExport-noconfig.cmake
[9.107s] -- Up-to-date: /home/harry/robot/install/turtlesim/share/turtlesim/cmake/turtlesim__rosidl_typesupport_cExport.cmake
[9.107s] -- Up-to-date: /home/harry/robot/install/turtlesim/share/turtlesim/cmake/turtlesim__rosidl_typesupport_cExport-noconfig.cmake
[9.112s] -- Up-to-date: /home/harry/robot/install/turtlesim/share/turtlesim/cmake/turtlesim__rosidl_typesupport_introspection_cppExport.cmake
[9.112s] -- Up-to-date: /home/harry/robot/install/turtlesim/share/turtlesim/cmake/turtlesim__rosidl_typesupport_introspection_cppExport-noconfig.cmake
[9.116s] -- Up-to-date: /home/harry/robot/install/turtlesim/share/turtlesim/cmake/turtlesim__rosidl_typesupport_cppExport.cmake
[9.118s] -- Up-to-date: /home/harry/robot/install/turtlesim/share/turtlesim/cmake/turtlesim__rosidl_typesupport_cppExport-noconfig.cmake
[9.120s] -- Up-to-date: /home/harry/robot/install/turtlesim/share/turtlesim/cmake/export_turtlesim__rosidl_generator_pyExport.cmake
[9.121s] -- Up-to-date: /home/harry/robot/install/turtlesim/share/turtlesim/cmake/export_turtlesim__rosidl_generator_pyExport-noconfig.cmake
[9.122s] -- Up-to-date: /home/harry/robot/install/turtlesim/share/turtlesim/cmake/rosidl_cmake-extras.cmake
[9.123s] -- Up-to-date: /home/harry/robot/install/turtlesim/share/turtlesim/cmake/ament_cmake_export_dependencies-extras.cmake
[9.123s] -- Up-to-date: /home/harry/robot/install/turtlesim/share/turtlesim/cmake/ament_cmake_export_include_directories-extras.cmake
[9.125s] -- Up-to-date: /home/harry/robot/install/turtlesim/share/turtlesim/cmake/ament_cmake_export_libraries-extras.cmake
[9.125s] -- Up-to-date: /home/harry/robot/install/turtlesim/share/turtlesim/cmake/ament_cmake_export_targets-extras.cmake
[9.125s] -- Up-to-date: /home/harry/robot/install/turtlesim/share/turtlesim/cmake/rosidl_cmake_export_typesupport_targets-extras.cmake
[9.125s] -- Up-to-date: /home/harry/robot/install/turtlesim/share/turtlesim/cmake/rosidl_cmake_export_typesupport_libraries-extras.cmake
[9.126s] -- Up-to-date: /home/harry/robot/install/turtlesim/share/turtlesim/cmake/turtlesimConfig.cmake
[9.126s] -- Up-to-date: /home/harry/robot/install/turtlesim/share/turtlesim/cmake/turtlesimConfig-version.cmake
[9.127s] -- Up-to-date: /home/harry/robot/install/turtlesim/share/turtlesim/package.xml
[9.136s] Invoked command in '/home/harry/robot/build/turtlesim' returned '0': CMAKE_PREFIX_PATH=${CMAKE_PREFIX_PATH}:/home/harry/robot/install/my_first_package:/home/harry/robot/install/tb3_description:/home/harry/robot/install/tag_detection:/home/harry/robot/install/curator:/home/harry/robot/install/challenge_2025:/home/harry/install/my_first_package:/opt/ros/humble /usr/bin/cmake --install /home/harry/robot/build/turtlesim
