[3.410s] Invoking command in '/home/harry/robot/src/my_first_package': CMAKE_PREFIX_PATH=/home/harry/robot/install/test_package:/home/harry/robot_ws/install/turtlesim:/home/harry/robot_ws/install/test_package:/home/harry/robot/install/turtlesim:/home/harry/install/turtlesim:/home/harry/install/test_package PYTHONPATH=/home/harry/robot/build/my_first_package/prefix_override:/usr/lib/python3/dist-packages/colcon_core/task/python/colcon_distutils_commands:/home/harry/robot/install/my_first_package/lib/python3.10/site-packages:${PYTHONPATH} /usr/bin/python3 -W ignore:setup.py install is deprecated -W ignore:easy_install command is deprecated setup.py egg_info --egg-base ../../build/my_first_package build --build-base /home/harry/robot/build/my_first_package/build install --record /home/harry/robot/build/my_first_package/install.log --single-version-externally-managed install_data
[4.635s] running egg_info
[4.638s] writing ../../build/my_first_package/my_first_package.egg-info/PKG-INFO
[4.638s] writing dependency_links to ../../build/my_first_package/my_first_package.egg-info/dependency_links.txt
[4.638s] writing entry points to ../../build/my_first_package/my_first_package.egg-info/entry_points.txt
[4.639s] writing requirements to ../../build/my_first_package/my_first_package.egg-info/requires.txt
[4.639s] writing top-level names to ../../build/my_first_package/my_first_package.egg-info/top_level.txt
[4.642s] reading manifest file '../../build/my_first_package/my_first_package.egg-info/SOURCES.txt'
[4.646s] writing manifest file '../../build/my_first_package/my_first_package.egg-info/SOURCES.txt'
[4.648s] running build
[4.648s] running build_py
[4.650s] copying my_first_package/myfirstnode.py -> /home/harry/robot/build/my_first_package/build/lib/my_first_package
[4.650s] running install
[4.650s] running install_lib
[4.653s] copying /home/harry/robot/build/my_first_package/build/lib/my_first_package/myfirstnode.py -> /home/harry/robot/install/my_first_package/lib/python3.10/site-packages/my_first_package
[4.657s] byte-compiling /home/harry/robot/install/my_first_package/lib/python3.10/site-packages/my_first_package/myfirstnode.py to myfirstnode.cpython-310.pyc
[4.657s] running install_data
[4.662s] running install_egg_info
[4.666s] removing '/home/harry/robot/install/my_first_package/lib/python3.10/site-packages/my_first_package-0.0.0-py3.10.egg-info' (and everything under it)
[4.674s] Copying ../../build/my_first_package/my_first_package.egg-info to /home/harry/robot/install/my_first_package/lib/python3.10/site-packages/my_first_package-0.0.0-py3.10.egg-info
[4.678s] running install_scripts
[4.824s] Installing emptynode script to /home/harry/robot/install/my_first_package/lib/my_first_package
[4.826s] writing list of installed files to '/home/harry/robot/build/my_first_package/install.log'
[4.912s] Invoked command in '/home/harry/robot/src/my_first_package' returned '0': CMAKE_PREFIX_PATH=/home/harry/robot/install/test_package:/home/harry/robot_ws/install/turtlesim:/home/harry/robot_ws/install/test_package:/home/harry/robot/install/turtlesim:/home/harry/install/turtlesim:/home/harry/install/test_package PYTHONPATH=/home/harry/robot/build/my_first_package/prefix_override:/usr/lib/python3/dist-packages/colcon_core/task/python/colcon_distutils_commands:/home/harry/robot/install/my_first_package/lib/python3.10/site-packages:${PYTHONPATH} /usr/bin/python3 -W ignore:setup.py install is deprecated -W ignore:easy_install command is deprecated setup.py egg_info --egg-base ../../build/my_first_package build --build-base /home/harry/robot/build/my_first_package/build install --record /home/harry/robot/build/my_first_package/install.log --single-version-externally-managed install_data
