[1.893s] Invoking command in '/home/harry/robot/src/simulation/art_gallery/curator': PYTHONPATH=/home/harry/robot/build/curator/prefix_override:/usr/lib/python3/dist-packages/colcon_core/task/python/colcon_distutils_commands:/home/harry/robot/install/curator/lib/python3.10/site-packages:${PYTHONPATH} /usr/bin/python3 -W ignore:setup.py install is deprecated -W ignore:easy_install command is deprecated setup.py egg_info --egg-base ../../../../build/curator build --build-base /home/harry/robot/build/curator/build install --record /home/harry/robot/build/curator/install.log --single-version-externally-managed install_data
[2.609s] running egg_info
[2.612s] writing ../../../../build/curator/curator.egg-info/PKG-INFO
[2.615s] writing dependency_links to ../../../../build/curator/curator.egg-info/dependency_links.txt
[2.616s] writing entry points to ../../../../build/curator/curator.egg-info/entry_points.txt
[2.618s] writing requirements to ../../../../build/curator/curator.egg-info/requires.txt
[2.620s] writing top-level names to ../../../../build/curator/curator.egg-info/top_level.txt
[2.628s] reading manifest file '../../../../build/curator/curator.egg-info/SOURCES.txt'
[2.630s] writing manifest file '../../../../build/curator/curator.egg-info/SOURCES.txt'
[2.632s] running build
[2.634s] running build_py
[2.640s] running install
[2.641s] running install_lib
[2.647s] running install_data
[2.650s] running install_egg_info
[2.654s] removing '/home/harry/robot/install/curator/lib/python3.10/site-packages/curator-0.0.0-py3.10.egg-info' (and everything under it)
[2.657s] Copying ../../../../build/curator/curator.egg-info to /home/harry/robot/install/curator/lib/python3.10/site-packages/curator-0.0.0-py3.10.egg-info
[2.659s] running install_scripts
[2.717s] Installing curator script to /home/harry/robot/install/curator/lib/curator
[2.722s] writing list of installed files to '/home/harry/robot/build/curator/install.log'
[2.873s] Invoked command in '/home/harry/robot/src/simulation/art_gallery/curator' returned '0': PYTHONPATH=/home/harry/robot/build/curator/prefix_override:/usr/lib/python3/dist-packages/colcon_core/task/python/colcon_distutils_commands:/home/harry/robot/install/curator/lib/python3.10/site-packages:${PYTHONPATH} /usr/bin/python3 -W ignore:setup.py install is deprecated -W ignore:easy_install command is deprecated setup.py egg_info --egg-base ../../../../build/curator build --build-base /home/harry/robot/build/curator/build install --record /home/harry/robot/build/curator/install.log --single-version-externally-managed install_data
