[0.073s] Invoking command in '/home/harry/robot/build/turtlesim': CMAKE_PREFIX_PATH=${CMAKE_PREFIX_PATH}:/home/harry/robot/install/my_first_package:/home/harry/install/my_first_package:/home/harry/robot_ws/install/my_first_package:/opt/ros/humble /usr/bin/cmake --build /home/harry/robot/build/turtlesim -- -j2 -l2
[0.844s] [  1%] Built target turtlesim__cpp
[1.052s] [ 11%] Built target turtlesim__rosidl_generator_c
[1.310s] [ 11%] Built target ament_cmake_python_copy_turtlesim
[1.472s] [ 21%] Built target turtlesim__rosidl_typesupport_cpp
[1.735s] [ 31%] Built target turtlesim__rosidl_typesupport_fastrtps_c
[2.008s] [ 41%] Built target turtlesim__rosidl_typesupport_fastrtps_cpp
[2.270s] [ 51%] Built target turtlesim__rosidl_typesupport_introspection_c
[2.369s] [ 61%] Built target turtlesim__rosidl_typesupport_c
[2.647s] [ 71%] Built target turtlesim__rosidl_typesupport_introspection_cpp
[4.486s] running egg_info
[4.499s] writing turtlesim.egg-info/PKG-INFO
[4.499s] writing dependency_links to turtlesim.egg-info/dependency_links.txt
[4.500s] writing top-level names to turtlesim.egg-info/top_level.txt
[4.513s] reading manifest file 'turtlesim.egg-info/SOURCES.txt'
[4.514s] writing manifest file 'turtlesim.egg-info/SOURCES.txt'
[4.681s] [ 71%] Built target ament_cmake_python_build_turtlesim_egg
[4.893s] [ 77%] Built target turtlesim_node
[5.169s] [ 79%] Built target turtle_teleop_key
[5.359s] [ 81%] Built target draw_square
[5.543s] [ 83%] Built target mimic
[5.666s] [ 83%] Built target turtlesim
[5.870s] [ 84%] Built target turtlesim__py
[6.080s] [ 93%] Built target turtlesim__rosidl_generator_py
[6.253s] [ 95%] Built target turtlesim__rosidl_typesupport_fastrtps_c__pyext
[6.412s] [ 97%] Built target turtlesim__rosidl_typesupport_introspection_c__pyext
[6.574s] [100%] Built target turtlesim__rosidl_typesupport_c__pyext
[6.653s] Invoked command in '/home/harry/robot/build/turtlesim' returned '0': CMAKE_PREFIX_PATH=${CMAKE_PREFIX_PATH}:/home/harry/robot/install/my_first_package:/home/harry/install/my_first_package:/home/harry/robot_ws/install/my_first_package:/opt/ros/humble /usr/bin/cmake --build /home/harry/robot/build/turtlesim -- -j2 -l2
[6.654s] Invoking command in '/home/harry/robot/build/turtlesim': CMAKE_PREFIX_PATH=${CMAKE_PREFIX_PATH}:/home/harry/robot/install/my_first_package:/home/harry/install/my_first_package:/home/harry/robot_ws/install/my_first_package:/opt/ros/humble /usr/bin/cmake --install /home/harry/robot/build/turtlesim
[6.735s] -- Install configuration: ""
[6.735s] -- Up-to-date: /home/harry/robot/install/turtlesim/share/ament_index/resource_index/rosidl_interfaces/turtlesim
[6.736s] -- Up-to-date: /home/harry/robot/install/turtlesim/include/turtlesim/turtlesim
[6.737s] -- Up-to-date: /home/harry/robot/install/turtlesim/include/turtlesim/turtlesim/srv
[6.737s] -- Up-to-date: /home/harry/robot/install/turtlesim/include/turtlesim/turtlesim/srv/spawn.h
[6.737s] -- Up-to-date: /home/harry/robot/install/turtlesim/include/turtlesim/turtlesim/srv/teleport_relative.h
[6.737s] -- Up-to-date: /home/harry/robot/install/turtlesim/include/turtlesim/turtlesim/srv/kill.h
[6.737s] -- Up-to-date: /home/harry/robot/install/turtlesim/include/turtlesim/turtlesim/srv/set_pen.h
[6.737s] -- Up-to-date: /home/harry/robot/install/turtlesim/include/turtlesim/turtlesim/srv/teleport_absolute.h
[6.738s] -- Up-to-date: /home/harry/robot/install/turtlesim/include/turtlesim/turtlesim/srv/detail
[6.746s] -- Up-to-date: /home/harry/robot/install/turtlesim/include/turtlesim/turtlesim/srv/detail/teleport_relative__functions.c
[6.746s] -- Up-to-date: /home/harry/robot/install/turtlesim/include/turtlesim/turtlesim/srv/detail/spawn__functions.h
[6.746s] -- Up-to-date: /home/harry/robot/install/turtlesim/include/turtlesim/turtlesim/srv/detail/kill__type_support.h
[6.746s] -- Up-to-date: /home/harry/robot/install/turtlesim/include/turtlesim/turtlesim/srv/detail/set_pen__type_support.h
[6.746s] -- Up-to-date: /home/harry/robot/install/turtlesim/include/turtlesim/turtlesim/srv/detail/kill__struct.h
[6.746s] -- Up-to-date: /home/harry/robot/install/turtlesim/include/turtlesim/turtlesim/srv/detail/teleport_absolute__struct.h
[6.746s] -- Up-to-date: /home/harry/robot/install/turtlesim/include/turtlesim/turtlesim/srv/detail/teleport_relative__functions.h
[6.746s] -- Up-to-date: /home/harry/robot/install/turtlesim/include/turtlesim/turtlesim/srv/detail/kill__functions.h
[6.747s] -- Up-to-date: /home/harry/robot/install/turtlesim/include/turtlesim/turtlesim/srv/detail/set_pen__struct.h
[6.747s] -- Up-to-date: /home/harry/robot/install/turtlesim/include/turtlesim/turtlesim/srv/detail/set_pen__functions.h
[6.747s] -- Up-to-date: /home/harry/robot/install/turtlesim/include/turtlesim/turtlesim/srv/detail/teleport_relative__type_support.h
[6.747s] -- Up-to-date: /home/harry/robot/install/turtlesim/include/turtlesim/turtlesim/srv/detail/spawn__type_support.h
[6.747s] -- Up-to-date: /home/harry/robot/install/turtlesim/include/turtlesim/turtlesim/srv/detail/teleport_absolute__functions.h
[6.747s] -- Up-to-date: /home/harry/robot/install/turtlesim/include/turtlesim/turtlesim/srv/detail/kill__functions.c
[6.747s] -- Up-to-date: /home/harry/robot/install/turtlesim/include/turtlesim/turtlesim/srv/detail/teleport_absolute__type_support.h
[6.747s] -- Up-to-date: /home/harry/robot/install/turtlesim/include/turtlesim/turtlesim/srv/detail/spawn__struct.h
[6.748s] -- Up-to-date: /home/harry/robot/install/turtlesim/include/turtlesim/turtlesim/srv/detail/spawn__functions.c
[6.748s] -- Up-to-date: /home/harry/robot/install/turtlesim/include/turtlesim/turtlesim/srv/detail/set_pen__functions.c
[6.748s] -- Up-to-date: /home/harry/robot/install/turtlesim/include/turtlesim/turtlesim/srv/detail/teleport_relative__struct.h
[6.748s] -- Up-to-date: /home/harry/robot/install/turtlesim/include/turtlesim/turtlesim/srv/detail/teleport_absolute__functions.c
[6.748s] -- Up-to-date: /home/harry/robot/install/turtlesim/include/turtlesim/turtlesim/msg
[6.748s] -- Up-to-date: /home/harry/robot/install/turtlesim/include/turtlesim/turtlesim/msg/pose.h
[6.748s] -- Up-to-date: /home/harry/robot/install/turtlesim/include/turtlesim/turtlesim/msg/rosidl_generator_c__visibility_control.h
[6.748s] -- Up-to-date: /home/harry/robot/install/turtlesim/include/turtlesim/turtlesim/msg/color.h
[6.748s] -- Up-to-date: /home/harry/robot/install/turtlesim/include/turtlesim/turtlesim/msg/detail
[6.748s] -- Up-to-date: /home/harry/robot/install/turtlesim/include/turtlesim/turtlesim/msg/detail/pose__type_support.h
[6.748s] -- Up-to-date: /home/harry/robot/install/turtlesim/include/turtlesim/turtlesim/msg/detail/color__struct.h
[6.749s] -- Up-to-date: /home/harry/robot/install/turtlesim/include/turtlesim/turtlesim/msg/detail/pose__functions.h
[6.749s] -- Up-to-date: /home/harry/robot/install/turtlesim/include/turtlesim/turtlesim/msg/detail/color__type_support.h
[6.749s] -- Up-to-date: /home/harry/robot/install/turtlesim/include/turtlesim/turtlesim/msg/detail/pose__functions.c
[6.749s] -- Up-to-date: /home/harry/robot/install/turtlesim/include/turtlesim/turtlesim/msg/detail/color__functions.h
[6.749s] -- Up-to-date: /home/harry/robot/install/turtlesim/include/turtlesim/turtlesim/msg/detail/color__functions.c
[6.749s] -- Up-to-date: /home/harry/robot/install/turtlesim/include/turtlesim/turtlesim/msg/detail/pose__struct.h
[6.749s] -- Up-to-date: /home/harry/robot/install/turtlesim/include/turtlesim/turtlesim/action
[6.750s] -- Up-to-date: /home/harry/robot/install/turtlesim/include/turtlesim/turtlesim/action/rotate_absolute.h
[6.750s] -- Up-to-date: /home/harry/robot/install/turtlesim/include/turtlesim/turtlesim/action/detail
[6.751s] -- Up-to-date: /home/harry/robot/install/turtlesim/include/turtlesim/turtlesim/action/detail/rotate_absolute__functions.h
[6.751s] -- Up-to-date: /home/harry/robot/install/turtlesim/include/turtlesim/turtlesim/action/detail/rotate_absolute__functions.c
[6.751s] -- Up-to-date: /home/harry/robot/install/turtlesim/include/turtlesim/turtlesim/action/detail/rotate_absolute__struct.h
[6.751s] -- Up-to-date: /home/harry/robot/install/turtlesim/include/turtlesim/turtlesim/action/detail/rotate_absolute__type_support.h
[6.752s] -- Up-to-date: /home/harry/robot/install/turtlesim/share/turtlesim/environment/library_path.sh
[6.752s] -- Up-to-date: /home/harry/robot/install/turtlesim/share/turtlesim/environment/library_path.dsv
[6.763s] -- Up-to-date: /home/harry/robot/install/turtlesim/lib/libturtlesim__rosidl_generator_c.so
[6.763s] -- Up-to-date: /home/harry/robot/install/turtlesim/include/turtlesim/turtlesim
[6.774s] -- Up-to-date: /home/harry/robot/install/turtlesim/include/turtlesim/turtlesim/srv
[6.775s] -- Up-to-date: /home/harry/robot/install/turtlesim/include/turtlesim/turtlesim/srv/detail
[6.775s] -- Up-to-date: /home/harry/robot/install/turtlesim/include/turtlesim/turtlesim/srv/detail/teleport_relative__rosidl_typesupport_fastrtps_c.h
[6.775s] -- Up-to-date: /home/harry/robot/install/turtlesim/include/turtlesim/turtlesim/srv/detail/teleport_absolute__rosidl_typesupport_fastrtps_c.h
[6.775s] -- Up-to-date: /home/harry/robot/install/turtlesim/include/turtlesim/turtlesim/srv/detail/spawn__rosidl_typesupport_fastrtps_c.h
[6.775s] -- Up-to-date: /home/harry/robot/install/turtlesim/include/turtlesim/turtlesim/srv/detail/kill__rosidl_typesupport_fastrtps_c.h
[6.775s] -- Up-to-date: /home/harry/robot/install/turtlesim/include/turtlesim/turtlesim/srv/detail/set_pen__rosidl_typesupport_fastrtps_c.h
[6.775s] -- Up-to-date: /home/harry/robot/install/turtlesim/include/turtlesim/turtlesim/msg
[6.775s] -- Up-to-date: /home/harry/robot/install/turtlesim/include/turtlesim/turtlesim/msg/rosidl_typesupport_fastrtps_c__visibility_control.h
[6.776s] -- Up-to-date: /home/harry/robot/install/turtlesim/include/turtlesim/turtlesim/msg/detail
[6.782s] -- Up-to-date: /home/harry/robot/install/turtlesim/include/turtlesim/turtlesim/msg/detail/color__rosidl_typesupport_fastrtps_c.h
[6.782s] -- Up-to-date: /home/harry/robot/install/turtlesim/include/turtlesim/turtlesim/msg/detail/pose__rosidl_typesupport_fastrtps_c.h
[6.782s] -- Up-to-date: /home/harry/robot/install/turtlesim/include/turtlesim/turtlesim/action
[6.782s] -- Up-to-date: /home/harry/robot/install/turtlesim/include/turtlesim/turtlesim/action/detail
[6.782s] -- Up-to-date: /home/harry/robot/install/turtlesim/include/turtlesim/turtlesim/action/detail/rotate_absolute__rosidl_typesupport_fastrtps_c.h
[6.789s] -- Up-to-date: /home/harry/robot/install/turtlesim/lib/libturtlesim__rosidl_typesupport_fastrtps_c.so
[6.789s] -- Up-to-date: /home/harry/robot/install/turtlesim/include/turtlesim/turtlesim
[6.790s] -- Up-to-date: /home/harry/robot/install/turtlesim/include/turtlesim/turtlesim/srv
[6.790s] -- Up-to-date: /home/harry/robot/install/turtlesim/include/turtlesim/turtlesim/srv/spawn.hpp
[6.790s] -- Up-to-date: /home/harry/robot/install/turtlesim/include/turtlesim/turtlesim/srv/teleport_absolute.hpp
[6.796s] -- Up-to-date: /home/harry/robot/install/turtlesim/include/turtlesim/turtlesim/srv/set_pen.hpp
[6.796s] -- Up-to-date: /home/harry/robot/install/turtlesim/include/turtlesim/turtlesim/srv/detail
[6.796s] -- Up-to-date: /home/harry/robot/install/turtlesim/include/turtlesim/turtlesim/srv/detail/spawn__struct.hpp
[6.796s] -- Up-to-date: /home/harry/robot/install/turtlesim/include/turtlesim/turtlesim/srv/detail/teleport_absolute__builder.hpp
[6.797s] -- Up-to-date: /home/harry/robot/install/turtlesim/include/turtlesim/turtlesim/srv/detail/set_pen__type_support.hpp
[6.797s] -- Up-to-date: /home/harry/robot/install/turtlesim/include/turtlesim/turtlesim/srv/detail/set_pen__traits.hpp
[6.797s] -- Up-to-date: /home/harry/robot/install/turtlesim/include/turtlesim/turtlesim/srv/detail/kill__traits.hpp
[6.802s] -- Up-to-date: /home/harry/robot/install/turtlesim/include/turtlesim/turtlesim/srv/detail/teleport_absolute__type_support.hpp
[6.803s] -- Up-to-date: /home/harry/robot/install/turtlesim/include/turtlesim/turtlesim/srv/detail/teleport_absolute__struct.hpp
[6.803s] -- Up-to-date: /home/harry/robot/install/turtlesim/include/turtlesim/turtlesim/srv/detail/kill__builder.hpp
[6.803s] -- Up-to-date: /home/harry/robot/install/turtlesim/include/turtlesim/turtlesim/srv/detail/teleport_relative__traits.hpp
[6.803s] -- Up-to-date: /home/harry/robot/install/turtlesim/include/turtlesim/turtlesim/srv/detail/teleport_absolute__traits.hpp
[6.803s] -- Up-to-date: /home/harry/robot/install/turtlesim/include/turtlesim/turtlesim/srv/detail/spawn__traits.hpp
[6.803s] -- Up-to-date: /home/harry/robot/install/turtlesim/include/turtlesim/turtlesim/srv/detail/teleport_relative__struct.hpp
[6.804s] -- Up-to-date: /home/harry/robot/install/turtlesim/include/turtlesim/turtlesim/srv/detail/kill__type_support.hpp
[6.804s] -- Up-to-date: /home/harry/robot/install/turtlesim/include/turtlesim/turtlesim/srv/detail/spawn__builder.hpp
[6.804s] -- Up-to-date: /home/harry/robot/install/turtlesim/include/turtlesim/turtlesim/srv/detail/set_pen__struct.hpp
[6.804s] -- Up-to-date: /home/harry/robot/install/turtlesim/include/turtlesim/turtlesim/srv/detail/kill__struct.hpp
[6.804s] -- Up-to-date: /home/harry/robot/install/turtlesim/include/turtlesim/turtlesim/srv/detail/teleport_relative__type_support.hpp
[6.804s] -- Up-to-date: /home/harry/robot/install/turtlesim/include/turtlesim/turtlesim/srv/detail/teleport_relative__builder.hpp
[6.804s] -- Up-to-date: /home/harry/robot/install/turtlesim/include/turtlesim/turtlesim/srv/detail/spawn__type_support.hpp
[6.805s] -- Up-to-date: /home/harry/robot/install/turtlesim/include/turtlesim/turtlesim/srv/detail/set_pen__builder.hpp
[6.805s] -- Up-to-date: /home/harry/robot/install/turtlesim/include/turtlesim/turtlesim/srv/kill.hpp
[6.805s] -- Up-to-date: /home/harry/robot/install/turtlesim/include/turtlesim/turtlesim/srv/teleport_relative.hpp
[6.805s] -- Up-to-date: /home/harry/robot/install/turtlesim/include/turtlesim/turtlesim/msg
[6.805s] -- Up-to-date: /home/harry/robot/install/turtlesim/include/turtlesim/turtlesim/msg/rosidl_generator_cpp__visibility_control.hpp
[6.806s] -- Up-to-date: /home/harry/robot/install/turtlesim/include/turtlesim/turtlesim/msg/color.hpp
[6.806s] -- Up-to-date: /home/harry/robot/install/turtlesim/include/turtlesim/turtlesim/msg/pose.hpp
[6.806s] -- Up-to-date: /home/harry/robot/install/turtlesim/include/turtlesim/turtlesim/msg/detail
[6.807s] -- Up-to-date: /home/harry/robot/install/turtlesim/include/turtlesim/turtlesim/msg/detail/pose__struct.hpp
[6.807s] -- Up-to-date: /home/harry/robot/install/turtlesim/include/turtlesim/turtlesim/msg/detail/pose__traits.hpp
[6.807s] -- Up-to-date: /home/harry/robot/install/turtlesim/include/turtlesim/turtlesim/msg/detail/color__struct.hpp
[6.807s] -- Up-to-date: /home/harry/robot/install/turtlesim/include/turtlesim/turtlesim/msg/detail/color__type_support.hpp
[6.807s] -- Up-to-date: /home/harry/robot/install/turtlesim/include/turtlesim/turtlesim/msg/detail/color__builder.hpp
[6.807s] -- Up-to-date: /home/harry/robot/install/turtlesim/include/turtlesim/turtlesim/msg/detail/pose__type_support.hpp
[6.807s] -- Up-to-date: /home/harry/robot/install/turtlesim/include/turtlesim/turtlesim/msg/detail/color__traits.hpp
[6.808s] -- Up-to-date: /home/harry/robot/install/turtlesim/include/turtlesim/turtlesim/msg/detail/pose__builder.hpp
[6.809s] -- Up-to-date: /home/harry/robot/install/turtlesim/include/turtlesim/turtlesim/action
[6.810s] -- Up-to-date: /home/harry/robot/install/turtlesim/include/turtlesim/turtlesim/action/rotate_absolute.hpp
[6.810s] -- Up-to-date: /home/harry/robot/install/turtlesim/include/turtlesim/turtlesim/action/detail
[6.810s] -- Up-to-date: /home/harry/robot/install/turtlesim/include/turtlesim/turtlesim/action/detail/rotate_absolute__struct.hpp
[6.810s] -- Up-to-date: /home/harry/robot/install/turtlesim/include/turtlesim/turtlesim/action/detail/rotate_absolute__traits.hpp
[6.818s] -- Up-to-date: /home/harry/robot/install/turtlesim/include/turtlesim/turtlesim/action/detail/rotate_absolute__builder.hpp
[6.818s] -- Up-to-date: /home/harry/robot/install/turtlesim/include/turtlesim/turtlesim/action/detail/rotate_absolute__type_support.hpp
[6.818s] -- Up-to-date: /home/harry/robot/install/turtlesim/include/turtlesim/turtlesim
[6.818s] -- Up-to-date: /home/harry/robot/install/turtlesim/include/turtlesim/turtlesim/srv
[6.819s] -- Up-to-date: /home/harry/robot/install/turtlesim/include/turtlesim/turtlesim/srv/detail
[6.819s] -- Up-to-date: /home/harry/robot/install/turtlesim/include/turtlesim/turtlesim/srv/detail/spawn__rosidl_typesupport_fastrtps_cpp.hpp
[6.819s] -- Up-to-date: /home/harry/robot/install/turtlesim/include/turtlesim/turtlesim/srv/detail/dds_fastrtps
[6.819s] -- Up-to-date: /home/harry/robot/install/turtlesim/include/turtlesim/turtlesim/srv/detail/teleport_absolute__rosidl_typesupport_fastrtps_cpp.hpp
[6.819s] -- Up-to-date: /home/harry/robot/install/turtlesim/include/turtlesim/turtlesim/srv/detail/kill__rosidl_typesupport_fastrtps_cpp.hpp
[6.819s] -- Up-to-date: /home/harry/robot/install/turtlesim/include/turtlesim/turtlesim/srv/detail/teleport_relative__rosidl_typesupport_fastrtps_cpp.hpp
[6.819s] -- Up-to-date: /home/harry/robot/install/turtlesim/include/turtlesim/turtlesim/srv/detail/set_pen__rosidl_typesupport_fastrtps_cpp.hpp
[6.819s] -- Up-to-date: /home/harry/robot/install/turtlesim/include/turtlesim/turtlesim/msg
[6.819s] -- Up-to-date: /home/harry/robot/install/turtlesim/include/turtlesim/turtlesim/msg/rosidl_typesupport_fastrtps_cpp__visibility_control.h
[6.819s] -- Up-to-date: /home/harry/robot/install/turtlesim/include/turtlesim/turtlesim/msg/detail
[6.820s] -- Up-to-date: /home/harry/robot/install/turtlesim/include/turtlesim/turtlesim/msg/detail/dds_fastrtps
[6.820s] -- Up-to-date: /home/harry/robot/install/turtlesim/include/turtlesim/turtlesim/msg/detail/pose__rosidl_typesupport_fastrtps_cpp.hpp
[6.820s] -- Up-to-date: /home/harry/robot/install/turtlesim/include/turtlesim/turtlesim/msg/detail/color__rosidl_typesupport_fastrtps_cpp.hpp
[6.820s] -- Up-to-date: /home/harry/robot/install/turtlesim/include/turtlesim/turtlesim/action
[6.820s] -- Up-to-date: /home/harry/robot/install/turtlesim/include/turtlesim/turtlesim/action/detail
[6.820s] -- Up-to-date: /home/harry/robot/install/turtlesim/include/turtlesim/turtlesim/action/detail/dds_fastrtps
[6.820s] -- Up-to-date: /home/harry/robot/install/turtlesim/include/turtlesim/turtlesim/action/detail/rotate_absolute__rosidl_typesupport_fastrtps_cpp.hpp
[6.822s] -- Up-to-date: /home/harry/robot/install/turtlesim/lib/libturtlesim__rosidl_typesupport_fastrtps_cpp.so
[6.822s] -- Up-to-date: /home/harry/robot/install/turtlesim/include/turtlesim/turtlesim
[6.822s] -- Up-to-date: /home/harry/robot/install/turtlesim/include/turtlesim/turtlesim/srv
[6.824s] -- Up-to-date: /home/harry/robot/install/turtlesim/include/turtlesim/turtlesim/srv/detail
[6.832s] -- Up-to-date: /home/harry/robot/install/turtlesim/include/turtlesim/turtlesim/srv/detail/teleport_relative__rosidl_typesupport_introspection_c.h
[6.832s] -- Up-to-date: /home/harry/robot/install/turtlesim/include/turtlesim/turtlesim/srv/detail/kill__type_support.c
[6.832s] -- Up-to-date: /home/harry/robot/install/turtlesim/include/turtlesim/turtlesim/srv/detail/teleport_absolute__rosidl_typesupport_introspection_c.h
[6.832s] -- Up-to-date: /home/harry/robot/install/turtlesim/include/turtlesim/turtlesim/srv/detail/spawn__type_support.c
[6.833s] -- Up-to-date: /home/harry/robot/install/turtlesim/include/turtlesim/turtlesim/srv/detail/teleport_absolute__type_support.c
[6.833s] -- Up-to-date: /home/harry/robot/install/turtlesim/include/turtlesim/turtlesim/srv/detail/spawn__rosidl_typesupport_introspection_c.h
[6.833s] -- Up-to-date: /home/harry/robot/install/turtlesim/include/turtlesim/turtlesim/srv/detail/set_pen__type_support.c
[6.833s] -- Up-to-date: /home/harry/robot/install/turtlesim/include/turtlesim/turtlesim/srv/detail/kill__rosidl_typesupport_introspection_c.h
[6.834s] -- Up-to-date: /home/harry/robot/install/turtlesim/include/turtlesim/turtlesim/srv/detail/set_pen__rosidl_typesupport_introspection_c.h
[6.834s] -- Up-to-date: /home/harry/robot/install/turtlesim/include/turtlesim/turtlesim/srv/detail/teleport_relative__type_support.c
[6.835s] -- Up-to-date: /home/harry/robot/install/turtlesim/include/turtlesim/turtlesim/msg
[6.836s] -- Up-to-date: /home/harry/robot/install/turtlesim/include/turtlesim/turtlesim/msg/rosidl_typesupport_introspection_c__visibility_control.h
[6.836s] -- Up-to-date: /home/harry/robot/install/turtlesim/include/turtlesim/turtlesim/msg/detail
[6.843s] -- Up-to-date: /home/harry/robot/install/turtlesim/include/turtlesim/turtlesim/msg/detail/pose__rosidl_typesupport_introspection_c.h
[6.843s] -- Up-to-date: /home/harry/robot/install/turtlesim/include/turtlesim/turtlesim/msg/detail/pose__type_support.c
[6.843s] -- Up-to-date: /home/harry/robot/install/turtlesim/include/turtlesim/turtlesim/msg/detail/color__type_support.c
[6.843s] -- Up-to-date: /home/harry/robot/install/turtlesim/include/turtlesim/turtlesim/msg/detail/color__rosidl_typesupport_introspection_c.h
[6.843s] -- Up-to-date: /home/harry/robot/install/turtlesim/include/turtlesim/turtlesim/action
[6.844s] -- Up-to-date: /home/harry/robot/install/turtlesim/include/turtlesim/turtlesim/action/detail
[6.844s] -- Up-to-date: /home/harry/robot/install/turtlesim/include/turtlesim/turtlesim/action/detail/rotate_absolute__type_support.c
[6.848s] -- Up-to-date: /home/harry/robot/install/turtlesim/include/turtlesim/turtlesim/action/detail/rotate_absolute__rosidl_typesupport_introspection_c.h
[6.851s] -- Up-to-date: /home/harry/robot/install/turtlesim/lib/libturtlesim__rosidl_typesupport_introspection_c.so
[6.852s] -- Up-to-date: /home/harry/robot/install/turtlesim/lib/libturtlesim__rosidl_typesupport_c.so
[6.853s] -- Up-to-date: /home/harry/robot/install/turtlesim/include/turtlesim/turtlesim
[6.853s] -- Up-to-date: /home/harry/robot/install/turtlesim/include/turtlesim/turtlesim/srv
[6.855s] -- Up-to-date: /home/harry/robot/install/turtlesim/include/turtlesim/turtlesim/srv/detail
[6.855s] -- Up-to-date: /home/harry/robot/install/turtlesim/include/turtlesim/turtlesim/srv/detail/kill__rosidl_typesupport_introspection_cpp.hpp
[6.855s] -- Up-to-date: /home/harry/robot/install/turtlesim/include/turtlesim/turtlesim/srv/detail/set_pen__type_support.cpp
[6.855s] -- Up-to-date: /home/harry/robot/install/turtlesim/include/turtlesim/turtlesim/srv/detail/spawn__type_support.cpp
[6.855s] -- Up-to-date: /home/harry/robot/install/turtlesim/include/turtlesim/turtlesim/srv/detail/teleport_absolute__type_support.cpp
[6.860s] -- Up-to-date: /home/harry/robot/install/turtlesim/include/turtlesim/turtlesim/srv/detail/teleport_absolute__rosidl_typesupport_introspection_cpp.hpp
[6.860s] -- Up-to-date: /home/harry/robot/install/turtlesim/include/turtlesim/turtlesim/srv/detail/set_pen__rosidl_typesupport_introspection_cpp.hpp
[6.861s] -- Up-to-date: /home/harry/robot/install/turtlesim/include/turtlesim/turtlesim/srv/detail/kill__type_support.cpp
[6.861s] -- Up-to-date: /home/harry/robot/install/turtlesim/include/turtlesim/turtlesim/srv/detail/teleport_relative__rosidl_typesupport_introspection_cpp.hpp
[6.861s] -- Up-to-date: /home/harry/robot/install/turtlesim/include/turtlesim/turtlesim/srv/detail/spawn__rosidl_typesupport_introspection_cpp.hpp
[6.861s] -- Up-to-date: /home/harry/robot/install/turtlesim/include/turtlesim/turtlesim/srv/detail/teleport_relative__type_support.cpp
[6.863s] -- Up-to-date: /home/harry/robot/install/turtlesim/include/turtlesim/turtlesim/msg
[6.863s] -- Up-to-date: /home/harry/robot/install/turtlesim/include/turtlesim/turtlesim/msg/detail
[6.863s] -- Up-to-date: /home/harry/robot/install/turtlesim/include/turtlesim/turtlesim/msg/detail/pose__type_support.cpp
[6.865s] -- Up-to-date: /home/harry/robot/install/turtlesim/include/turtlesim/turtlesim/msg/detail/color__rosidl_typesupport_introspection_cpp.hpp
[6.867s] -- Up-to-date: /home/harry/robot/install/turtlesim/include/turtlesim/turtlesim/msg/detail/pose__rosidl_typesupport_introspection_cpp.hpp
[6.867s] -- Up-to-date: /home/harry/robot/install/turtlesim/include/turtlesim/turtlesim/msg/detail/color__type_support.cpp
[6.867s] -- Up-to-date: /home/harry/robot/install/turtlesim/include/turtlesim/turtlesim/action
[6.868s] -- Up-to-date: /home/harry/robot/install/turtlesim/include/turtlesim/turtlesim/action/detail
[6.868s] -- Up-to-date: /home/harry/robot/install/turtlesim/include/turtlesim/turtlesim/action/detail/rotate_absolute__type_support.cpp
[6.868s] -- Up-to-date: /home/harry/robot/install/turtlesim/include/turtlesim/turtlesim/action/detail/rotate_absolute__rosidl_typesupport_introspection_cpp.hpp
[6.868s] -- Up-to-date: /home/harry/robot/install/turtlesim/lib/libturtlesim__rosidl_typesupport_introspection_cpp.so
[6.868s] -- Up-to-date: /home/harry/robot/install/turtlesim/lib/libturtlesim__rosidl_typesupport_cpp.so
[6.874s] -- Up-to-date: /home/harry/robot/install/turtlesim/share/turtlesim/environment/pythonpath.sh
[6.874s] -- Up-to-date: /home/harry/robot/install/turtlesim/share/turtlesim/environment/pythonpath.dsv
[6.874s] -- Up-to-date: /home/harry/robot/install/turtlesim/local/lib/python3.10/dist-packages/turtlesim-1.4.3-py3.10.egg-info
[6.874s] -- Installing: /home/harry/robot/install/turtlesim/local/lib/python3.10/dist-packages/turtlesim-1.4.3-py3.10.egg-info/dependency_links.txt
[6.874s] -- Installing: /home/harry/robot/install/turtlesim/local/lib/python3.10/dist-packages/turtlesim-1.4.3-py3.10.egg-info/PKG-INFO
[6.879s] -- Installing: /home/harry/robot/install/turtlesim/local/lib/python3.10/dist-packages/turtlesim-1.4.3-py3.10.egg-info/top_level.txt
[6.879s] -- Installing: /home/harry/robot/install/turtlesim/local/lib/python3.10/dist-packages/turtlesim-1.4.3-py3.10.egg-info/SOURCES.txt
[6.886s] -- Up-to-date: /home/harry/robot/install/turtlesim/local/lib/python3.10/dist-packages/turtlesim
[6.886s] -- Up-to-date: /home/harry/robot/install/turtlesim/local/lib/python3.10/dist-packages/turtlesim/turtlesim_s__rosidl_typesupport_fastrtps_c.cpython-310-x86_64-linux-gnu.so
[6.888s] -- Up-to-date: /home/harry/robot/install/turtlesim/local/lib/python3.10/dist-packages/turtlesim/_turtlesim_s.ep.rosidl_typesupport_fastrtps_c.c
[6.888s] -- Up-to-date: /home/harry/robot/install/turtlesim/local/lib/python3.10/dist-packages/turtlesim/srv
[6.888s] -- Up-to-date: /home/harry/robot/install/turtlesim/local/lib/python3.10/dist-packages/turtlesim/srv/_teleport_absolute.py
[6.888s] -- Up-to-date: /home/harry/robot/install/turtlesim/local/lib/python3.10/dist-packages/turtlesim/srv/_teleport_absolute_s.c
[6.889s] -- Up-to-date: /home/harry/robot/install/turtlesim/local/lib/python3.10/dist-packages/turtlesim/srv/_set_pen_s.c
[6.889s] -- Up-to-date: /home/harry/robot/install/turtlesim/local/lib/python3.10/dist-packages/turtlesim/srv/_spawn.py
[6.889s] -- Up-to-date: /home/harry/robot/install/turtlesim/local/lib/python3.10/dist-packages/turtlesim/srv/__init__.py
[6.889s] -- Up-to-date: /home/harry/robot/install/turtlesim/local/lib/python3.10/dist-packages/turtlesim/srv/_kill.py
[6.889s] -- Up-to-date: /home/harry/robot/install/turtlesim/local/lib/python3.10/dist-packages/turtlesim/srv/_spawn_s.c
[6.889s] -- Up-to-date: /home/harry/robot/install/turtlesim/local/lib/python3.10/dist-packages/turtlesim/srv/_set_pen.py
[6.901s] -- Up-to-date: /home/harry/robot/install/turtlesim/local/lib/python3.10/dist-packages/turtlesim/srv/_teleport_relative.py
[6.902s] -- Up-to-date: /home/harry/robot/install/turtlesim/local/lib/python3.10/dist-packages/turtlesim/srv/_teleport_relative_s.c
[6.905s] -- Up-to-date: /home/harry/robot/install/turtlesim/local/lib/python3.10/dist-packages/turtlesim/srv/_kill_s.c
[6.905s] -- Up-to-date: /home/harry/robot/install/turtlesim/local/lib/python3.10/dist-packages/turtlesim/__init__.py
[6.906s] -- Up-to-date: /home/harry/robot/install/turtlesim/local/lib/python3.10/dist-packages/turtlesim/msg
[6.906s] -- Up-to-date: /home/harry/robot/install/turtlesim/local/lib/python3.10/dist-packages/turtlesim/msg/_color_s.c
[6.906s] -- Up-to-date: /home/harry/robot/install/turtlesim/local/lib/python3.10/dist-packages/turtlesim/msg/_pose.py
[6.906s] -- Up-to-date: /home/harry/robot/install/turtlesim/local/lib/python3.10/dist-packages/turtlesim/msg/__init__.py
[6.906s] -- Up-to-date: /home/harry/robot/install/turtlesim/local/lib/python3.10/dist-packages/turtlesim/msg/_color.py
[6.906s] -- Up-to-date: /home/harry/robot/install/turtlesim/local/lib/python3.10/dist-packages/turtlesim/msg/_pose_s.c
[6.906s] -- Up-to-date: /home/harry/robot/install/turtlesim/local/lib/python3.10/dist-packages/turtlesim/_turtlesim_s.ep.rosidl_typesupport_introspection_c.c
[6.906s] -- Up-to-date: /home/harry/robot/install/turtlesim/local/lib/python3.10/dist-packages/turtlesim/_turtlesim_s.ep.rosidl_typesupport_c.c
[6.907s] -- Up-to-date: /home/harry/robot/install/turtlesim/local/lib/python3.10/dist-packages/turtlesim/turtlesim_s__rosidl_typesupport_c.cpython-310-x86_64-linux-gnu.so
[6.907s] -- Up-to-date: /home/harry/robot/install/turtlesim/local/lib/python3.10/dist-packages/turtlesim/action
[6.907s] -- Up-to-date: /home/harry/robot/install/turtlesim/local/lib/python3.10/dist-packages/turtlesim/action/__init__.py
[6.907s] -- Up-to-date: /home/harry/robot/install/turtlesim/local/lib/python3.10/dist-packages/turtlesim/action/_rotate_absolute_s.c
[6.907s] -- Up-to-date: /home/harry/robot/install/turtlesim/local/lib/python3.10/dist-packages/turtlesim/action/_rotate_absolute.py
[6.907s] -- Up-to-date: /home/harry/robot/install/turtlesim/local/lib/python3.10/dist-packages/turtlesim/libturtlesim__rosidl_generator_py.so
[6.920s] -- Up-to-date: /home/harry/robot/install/turtlesim/local/lib/python3.10/dist-packages/turtlesim/turtlesim_s__rosidl_typesupport_introspection_c.cpython-310-x86_64-linux-gnu.so
[7.201s] Listing '/home/harry/robot/install/turtlesim/local/lib/python3.10/dist-packages/turtlesim'...
[7.201s] Listing '/home/harry/robot/install/turtlesim/local/lib/python3.10/dist-packages/turtlesim/action'...
[7.201s] Listing '/home/harry/robot/install/turtlesim/local/lib/python3.10/dist-packages/turtlesim/msg'...
[7.201s] Listing '/home/harry/robot/install/turtlesim/local/lib/python3.10/dist-packages/turtlesim/srv'...
[7.225s] -- Up-to-date: /home/harry/robot/install/turtlesim/local/lib/python3.10/dist-packages/turtlesim/turtlesim_s__rosidl_typesupport_fastrtps_c.cpython-310-x86_64-linux-gnu.so
[7.239s] -- Up-to-date: /home/harry/robot/install/turtlesim/local/lib/python3.10/dist-packages/turtlesim/turtlesim_s__rosidl_typesupport_introspection_c.cpython-310-x86_64-linux-gnu.so
[7.248s] -- Up-to-date: /home/harry/robot/install/turtlesim/local/lib/python3.10/dist-packages/turtlesim/turtlesim_s__rosidl_typesupport_c.cpython-310-x86_64-linux-gnu.so
[7.253s] -- Up-to-date: /home/harry/robot/install/turtlesim/lib/libturtlesim__rosidl_generator_py.so
[7.258s] -- Up-to-date: /home/harry/robot/install/turtlesim/share/turtlesim/action/RotateAbsolute.idl
[7.259s] -- Up-to-date: /home/harry/robot/install/turtlesim/share/turtlesim/msg/Color.idl
[7.259s] -- Up-to-date: /home/harry/robot/install/turtlesim/share/turtlesim/msg/Pose.idl
[7.260s] -- Up-to-date: /home/harry/robot/install/turtlesim/share/turtlesim/srv/Kill.idl
[7.263s] -- Up-to-date: /home/harry/robot/install/turtlesim/share/turtlesim/srv/SetPen.idl
[7.263s] -- Up-to-date: /home/harry/robot/install/turtlesim/share/turtlesim/srv/Spawn.idl
[7.263s] -- Up-to-date: /home/harry/robot/install/turtlesim/share/turtlesim/srv/TeleportAbsolute.idl
[7.263s] -- Up-to-date: /home/harry/robot/install/turtlesim/share/turtlesim/srv/TeleportRelative.idl
[7.263s] -- Up-to-date: /home/harry/robot/install/turtlesim/share/turtlesim/action/RotateAbsolute.action
[7.263s] -- Up-to-date: /home/harry/robot/install/turtlesim/share/turtlesim/msg/Color.msg
[7.264s] -- Up-to-date: /home/harry/robot/install/turtlesim/share/turtlesim/msg/Pose.msg
[7.264s] -- Up-to-date: /home/harry/robot/install/turtlesim/share/turtlesim/srv/Kill.srv
[7.264s] -- Up-to-date: /home/harry/robot/install/turtlesim/share/turtlesim/srv/Kill_Request.msg
[7.264s] -- Up-to-date: /home/harry/robot/install/turtlesim/share/turtlesim/srv/Kill_Response.msg
[7.270s] -- Up-to-date: /home/harry/robot/install/turtlesim/share/turtlesim/srv/SetPen.srv
[7.271s] -- Up-to-date: /home/harry/robot/install/turtlesim/share/turtlesim/srv/SetPen_Request.msg
[7.271s] -- Up-to-date: /home/harry/robot/install/turtlesim/share/turtlesim/srv/SetPen_Response.msg
[7.271s] -- Up-to-date: /home/harry/robot/install/turtlesim/share/turtlesim/srv/Spawn.srv
[7.271s] -- Up-to-date: /home/harry/robot/install/turtlesim/share/turtlesim/srv/Spawn_Request.msg
[7.271s] -- Up-to-date: /home/harry/robot/install/turtlesim/share/turtlesim/srv/Spawn_Response.msg
[7.271s] -- Up-to-date: /home/harry/robot/install/turtlesim/share/turtlesim/srv/TeleportAbsolute.srv
[7.271s] -- Up-to-date: /home/harry/robot/install/turtlesim/share/turtlesim/srv/TeleportAbsolute_Request.msg
[7.273s] -- Up-to-date: /home/harry/robot/install/turtlesim/share/turtlesim/srv/TeleportAbsolute_Response.msg
[7.276s] -- Up-to-date: /home/harry/robot/install/turtlesim/share/turtlesim/srv/TeleportRelative.srv
[7.279s] -- Up-to-date: /home/harry/robot/install/turtlesim/share/turtlesim/srv/TeleportRelative_Request.msg
[7.280s] -- Up-to-date: /home/harry/robot/install/turtlesim/share/turtlesim/srv/TeleportRelative_Response.msg
[7.280s] -- Up-to-date: /home/harry/robot/install/turtlesim/lib/turtlesim/turtlesim_node
[7.284s] -- Up-to-date: /home/harry/robot/install/turtlesim/lib/turtlesim/turtle_teleop_key
[7.288s] -- Up-to-date: /home/harry/robot/install/turtlesim/lib/turtlesim/draw_square
[7.293s] -- Up-to-date: /home/harry/robot/install/turtlesim/lib/turtlesim/mimic
[7.293s] -- Up-to-date: /home/harry/robot/install/turtlesim/share/turtlesim/images
[7.293s] -- Up-to-date: /home/harry/robot/install/turtlesim/share/turtlesim/images/rolling.png
[7.293s] -- Up-to-date: /home/harry/robot/install/turtlesim/share/turtlesim/images/crystal.png
[7.293s] -- Up-to-date: /home/harry/robot/install/turtlesim/share/turtlesim/images/bouncy.png
[7.294s] -- Up-to-date: /home/harry/robot/install/turtlesim/share/turtlesim/images/dashing.png
[7.294s] -- Up-to-date: /home/harry/robot/install/turtlesim/share/turtlesim/images/galactic.png
[7.294s] -- Up-to-date: /home/harry/robot/install/turtlesim/share/turtlesim/images/eloquent.png
[7.294s] -- Up-to-date: /home/harry/robot/install/turtlesim/share/turtlesim/images/foxy.png
[7.294s] -- Up-to-date: /home/harry/robot/install/turtlesim/share/turtlesim/images/ardent.png
[7.299s] -- Up-to-date: /home/harry/robot/install/turtlesim/share/turtlesim/images/humble.png
[7.299s] -- Up-to-date: /home/harry/robot/install/turtlesim/share/turtlesim/launch
[7.302s] -- Up-to-date: /home/harry/robot/install/turtlesim/share/turtlesim/launch/multisim.launch.py
[7.302s] -- Up-to-date: /home/harry/robot/install/turtlesim/share/ament_index/resource_index/package_run_dependencies/turtlesim
[7.302s] -- Up-to-date: /home/harry/robot/install/turtlesim/share/ament_index/resource_index/parent_prefix_path/turtlesim
[7.302s] -- Up-to-date: /home/harry/robot/install/turtlesim/share/turtlesim/environment/ament_prefix_path.sh
[7.305s] -- Up-to-date: /home/harry/robot/install/turtlesim/share/turtlesim/environment/ament_prefix_path.dsv
[7.305s] -- Up-to-date: /home/harry/robot/install/turtlesim/share/turtlesim/environment/path.sh
[7.306s] -- Up-to-date: /home/harry/robot/install/turtlesim/share/turtlesim/environment/path.dsv
[7.307s] -- Up-to-date: /home/harry/robot/install/turtlesim/share/turtlesim/local_setup.bash
[7.310s] -- Up-to-date: /home/harry/robot/install/turtlesim/share/turtlesim/local_setup.sh
[7.311s] -- Up-to-date: /home/harry/robot/install/turtlesim/share/turtlesim/local_setup.zsh
[7.316s] -- Up-to-date: /home/harry/robot/install/turtlesim/share/turtlesim/local_setup.dsv
[7.316s] -- Installing: /home/harry/robot/install/turtlesim/share/turtlesim/package.dsv
[7.320s] -- Up-to-date: /home/harry/robot/install/turtlesim/share/ament_index/resource_index/packages/turtlesim
[7.321s] -- Up-to-date: /home/harry/robot/install/turtlesim/share/turtlesim/cmake/export_turtlesim__rosidl_generator_cExport.cmake
[7.326s] -- Up-to-date: /home/harry/robot/install/turtlesim/share/turtlesim/cmake/export_turtlesim__rosidl_generator_cExport-noconfig.cmake
[7.327s] -- Up-to-date: /home/harry/robot/install/turtlesim/share/turtlesim/cmake/export_turtlesim__rosidl_typesupport_fastrtps_cExport.cmake
[7.334s] -- Up-to-date: /home/harry/robot/install/turtlesim/share/turtlesim/cmake/export_turtlesim__rosidl_typesupport_fastrtps_cExport-noconfig.cmake
[7.341s] -- Up-to-date: /home/harry/robot/install/turtlesim/share/turtlesim/cmake/export_turtlesim__rosidl_generator_cppExport.cmake
[7.348s] -- Up-to-date: /home/harry/robot/install/turtlesim/share/turtlesim/cmake/export_turtlesim__rosidl_typesupport_fastrtps_cppExport.cmake
[7.358s] -- Up-to-date: /home/harry/robot/install/turtlesim/share/turtlesim/cmake/export_turtlesim__rosidl_typesupport_fastrtps_cppExport-noconfig.cmake
[7.359s] -- Up-to-date: /home/harry/robot/install/turtlesim/share/turtlesim/cmake/turtlesim__rosidl_typesupport_introspection_cExport.cmake
[7.359s] -- Up-to-date: /home/harry/robot/install/turtlesim/share/turtlesim/cmake/turtlesim__rosidl_typesupport_introspection_cExport-noconfig.cmake
[7.359s] -- Up-to-date: /home/harry/robot/install/turtlesim/share/turtlesim/cmake/turtlesim__rosidl_typesupport_cExport.cmake
[7.359s] -- Up-to-date: /home/harry/robot/install/turtlesim/share/turtlesim/cmake/turtlesim__rosidl_typesupport_cExport-noconfig.cmake
[7.366s] -- Up-to-date: /home/harry/robot/install/turtlesim/share/turtlesim/cmake/turtlesim__rosidl_typesupport_introspection_cppExport.cmake
[7.366s] -- Up-to-date: /home/harry/robot/install/turtlesim/share/turtlesim/cmake/turtlesim__rosidl_typesupport_introspection_cppExport-noconfig.cmake
[7.376s] -- Up-to-date: /home/harry/robot/install/turtlesim/share/turtlesim/cmake/turtlesim__rosidl_typesupport_cppExport.cmake
[7.376s] -- Up-to-date: /home/harry/robot/install/turtlesim/share/turtlesim/cmake/turtlesim__rosidl_typesupport_cppExport-noconfig.cmake
[7.376s] -- Up-to-date: /home/harry/robot/install/turtlesim/share/turtlesim/cmake/export_turtlesim__rosidl_generator_pyExport.cmake
[7.376s] -- Up-to-date: /home/harry/robot/install/turtlesim/share/turtlesim/cmake/export_turtlesim__rosidl_generator_pyExport-noconfig.cmake
[7.388s] -- Up-to-date: /home/harry/robot/install/turtlesim/share/turtlesim/cmake/rosidl_cmake-extras.cmake
[7.388s] -- Up-to-date: /home/harry/robot/install/turtlesim/share/turtlesim/cmake/ament_cmake_export_dependencies-extras.cmake
[7.388s] -- Up-to-date: /home/harry/robot/install/turtlesim/share/turtlesim/cmake/ament_cmake_export_include_directories-extras.cmake
[7.388s] -- Up-to-date: /home/harry/robot/install/turtlesim/share/turtlesim/cmake/ament_cmake_export_libraries-extras.cmake
[7.389s] -- Up-to-date: /home/harry/robot/install/turtlesim/share/turtlesim/cmake/ament_cmake_export_targets-extras.cmake
[7.389s] -- Up-to-date: /home/harry/robot/install/turtlesim/share/turtlesim/cmake/rosidl_cmake_export_typesupport_targets-extras.cmake
[7.389s] -- Up-to-date: /home/harry/robot/install/turtlesim/share/turtlesim/cmake/rosidl_cmake_export_typesupport_libraries-extras.cmake
[7.399s] -- Up-to-date: /home/harry/robot/install/turtlesim/share/turtlesim/cmake/turtlesimConfig.cmake
[7.399s] -- Up-to-date: /home/harry/robot/install/turtlesim/share/turtlesim/cmake/turtlesimConfig-version.cmake
[7.399s] -- Up-to-date: /home/harry/robot/install/turtlesim/share/turtlesim/package.xml
[7.420s] Invoked command in '/home/harry/robot/build/turtlesim' returned '0': CMAKE_PREFIX_PATH=${CMAKE_PREFIX_PATH}:/home/harry/robot/install/my_first_package:/home/harry/install/my_first_package:/home/harry/robot_ws/install/my_first_package:/opt/ros/humble /usr/bin/cmake --install /home/harry/robot/build/turtlesim
