[0.056s] Invoking command in '/home/harry/robot/build/my_robot_slam': /usr/bin/cmake /home/harry/robot/my_robot_slam -DCMAKE_INSTALL_PREFIX=/home/harry/robot/install/my_robot_slam
[0.696s] -- The C compiler identification is GNU 11.4.0
[1.210s] -- The CXX compiler identification is GNU 11.4.0
[1.282s] -- Detecting C compiler ABI info
[1.674s] -- Detecting C compiler ABI info - done
[1.702s] -- Check for working C compiler: /usr/bin/cc - skipped
[1.727s] -- Detecting C compile features
[1.735s] -- Detecting C compile features - done
[1.770s] -- Detecting CXX compiler ABI info
[2.142s] -- Detecting CXX compiler ABI info - done
[2.169s] -- Check for working CXX compiler: /usr/bin/c++ - skipped
[2.169s] -- Detecting CXX compile features
[2.170s] -- Detecting CXX compile features - done
[2.307s] -- Found ament_cmake: 1.3.12 (/opt/ros/humble/share/ament_cmake/cmake)
[3.645s] -- Found Python3: /usr/bin/python3 (found version "3.10.12") found components: Interpreter 
[4.310s] -- Found ament_lint_auto: 0.12.14 (/opt/ros/humble/share/ament_lint_auto/cmake)
[4.515s] Error parsing '/home/harry/robot/my_robot_slam/package.xml':
[4.879s] Traceback (most recent call last):
[4.882s]   File "/opt/ros/humble/share/ament_cmake_core/cmake/core/package_xml_2_cmake.py", line 150, in <module>
[4.883s]     main()
[4.885s]   File "/opt/ros/humble/share/ament_cmake_core/cmake/core/package_xml_2_cmake.py", line 53, in main
[4.886s]     raise e
[4.889s]   File "/opt/ros/humble/share/ament_cmake_core/cmake/core/package_xml_2_cmake.py", line 49, in main
[4.889s]     package = parse_package_string(
[4.890s]   File "/usr/lib/python3/dist-packages/catkin_pkg/package.py", line 788, in parse_package_string
[4.891s]     pkg.validate(warnings=warnings)
[4.892s]   File "/usr/lib/python3/dist-packages/catkin_pkg/package.py", line 330, in validate
[4.893s]     raise InvalidPackage('\n'.join(errors), self.filename)
[4.894s] catkin_pkg.package.InvalidPackage: Error(s) in package '/home/harry/robot/my_robot_slam/package.xml':
[4.895s] Invalid email "harry.kengneæalumni.fh-aachen.de" for person "harry"
[4.969s] [31mCMake Error at /opt/ros/humble/share/ament_cmake_core/cmake/core/ament_package_xml.cmake:95 (message):
[4.969s]   execute_process(/usr/bin/python3
[4.969s]   /opt/ros/humble/share/ament_cmake_core/cmake/core/package_xml_2_cmake.py
[4.970s]   /home/harry/robot/my_robot_slam/package.xml
[4.970s]   /home/harry/robot/build/my_robot_slam/ament_cmake_core/package.cmake)
[4.970s]   returned error code 1
[4.971s] Call Stack (most recent call first):
[4.971s]   /opt/ros/humble/share/ament_cmake_core/cmake/core/ament_package_xml.cmake:49 (_ament_package_xml)
[4.971s]   /opt/ros/humble/share/ament_lint_auto/cmake/ament_lint_auto_find_test_dependencies.cmake:31 (ament_package_xml)
[4.972s]   CMakeLists.txt:23 (ament_lint_auto_find_test_dependencies)
[4.972s] 
[4.972s] [0m
[4.973s] -- Configuring incomplete, errors occurred!
[4.973s] See also "/home/harry/robot/build/my_robot_slam/CMakeFiles/CMakeOutput.log".
[4.982s] Invoked command in '/home/harry/robot/build/my_robot_slam' returned '1': /usr/bin/cmake /home/harry/robot/my_robot_slam -DCMAKE_INSTALL_PREFIX=/home/harry/robot/install/my_robot_slam
