running egg_info
writing ../../build/tag_detection/tag_detection.egg-info/PKG-INFO
writing dependency_links to ../../build/tag_detection/tag_detection.egg-info/dependency_links.txt
writing entry points to ../../build/tag_detection/tag_detection.egg-info/entry_points.txt
writing requirements to ../../build/tag_detection/tag_detection.egg-info/requires.txt
writing top-level names to ../../build/tag_detection/tag_detection.egg-info/top_level.txt
reading manifest file '../../build/tag_detection/tag_detection.egg-info/SOURCES.txt'
writing manifest file '../../build/tag_detection/tag_detection.egg-info/SOURCES.txt'
running build
running build_py
copying tag_detection/distance_calculator.py -> /home/harry/robot/build/tag_detection/build/lib/tag_detection
copying tag_detection/tf_listener.py -> /home/harry/robot/build/tag_detection/build/lib/tag_detection
running install
running install_lib
copying /home/harry/robot/build/tag_detection/build/lib/tag_detection/distance_calculator.py -> /home/harry/robot/install/tag_detection/lib/python3.10/site-packages/tag_detection
copying /home/harry/robot/build/tag_detection/build/lib/tag_detection/tf_listener.py -> /home/harry/robot/install/tag_detection/lib/python3.10/site-packages/tag_detection
byte-compiling /home/harry/robot/install/tag_detection/lib/python3.10/site-packages/tag_detection/distance_calculator.py to distance_calculator.cpython-310.pyc
byte-compiling /home/harry/robot/install/tag_detection/lib/python3.10/site-packages/tag_detection/tf_listener.py to tf_listener.cpython-310.pyc
running install_data
running install_egg_info
removing '/home/harry/robot/install/tag_detection/lib/python3.10/site-packages/tag_detection-0.0.0-py3.10.egg-info' (and everything under it)
Copying ../../build/tag_detection/tag_detection.egg-info to /home/harry/robot/install/tag_detection/lib/python3.10/site-packages/tag_detection-0.0.0-py3.10.egg-info
running install_scripts
Installing listenernode script to /home/harry/robot/install/tag_detection/lib/tag_detection
writing list of installed files to '/home/harry/robot/build/tag_detection/install.log'
