[22.143s] Invoking command in '/home/harry/robot/src/tag_detection': PYTHONPATH=/home/harry/robot/build/tag_detection/prefix_override:/usr/lib/python3/dist-packages/colcon_core/task/python/colcon_distutils_commands:/home/harry/robot/install/tag_detection/lib/python3.10/site-packages:${PYTHONPATH} /usr/bin/python3 -W ignore:setup.py install is deprecated -W ignore:easy_install command is deprecated setup.py egg_info --egg-base ../../build/tag_detection build --build-base /home/harry/robot/build/tag_detection/build install --record /home/harry/robot/build/tag_detection/install.log --single-version-externally-managed install_data
[33.742s] running egg_info
[33.760s] writing ../../build/tag_detection/tag_detection.egg-info/PKG-INFO
[33.760s] writing dependency_links to ../../build/tag_detection/tag_detection.egg-info/dependency_links.txt
[33.876s] writing entry points to ../../build/tag_detection/tag_detection.egg-info/entry_points.txt
[33.896s] writing requirements to ../../build/tag_detection/tag_detection.egg-info/requires.txt
[33.919s] writing top-level names to ../../build/tag_detection/tag_detection.egg-info/top_level.txt
[33.920s] reading manifest file '../../build/tag_detection/tag_detection.egg-info/SOURCES.txt'
[33.928s] writing manifest file '../../build/tag_detection/tag_detection.egg-info/SOURCES.txt'
[33.943s] running build
[33.943s] running build_py
[33.943s] copying tag_detection/distance_calculator.py -> /home/harry/robot/build/tag_detection/build/lib/tag_detection
[33.944s] copying tag_detection/tf_listener.py -> /home/harry/robot/build/tag_detection/build/lib/tag_detection
[33.944s] running install
[33.944s] running install_lib
[33.949s] copying /home/harry/robot/build/tag_detection/build/lib/tag_detection/distance_calculator.py -> /home/harry/robot/install/tag_detection/lib/python3.10/site-packages/tag_detection
[33.963s] copying /home/harry/robot/build/tag_detection/build/lib/tag_detection/tf_listener.py -> /home/harry/robot/install/tag_detection/lib/python3.10/site-packages/tag_detection
[33.982s] byte-compiling /home/harry/robot/install/tag_detection/lib/python3.10/site-packages/tag_detection/distance_calculator.py to distance_calculator.cpython-310.pyc
[34.012s] byte-compiling /home/harry/robot/install/tag_detection/lib/python3.10/site-packages/tag_detection/tf_listener.py to tf_listener.cpython-310.pyc
[34.012s] running install_data
[34.017s] running install_egg_info
[34.081s] removing '/home/harry/robot/install/tag_detection/lib/python3.10/site-packages/tag_detection-0.0.0-py3.10.egg-info' (and everything under it)
[34.097s] Copying ../../build/tag_detection/tag_detection.egg-info to /home/harry/robot/install/tag_detection/lib/python3.10/site-packages/tag_detection-0.0.0-py3.10.egg-info
[34.143s] running install_scripts
[35.084s] Installing listenernode script to /home/harry/robot/install/tag_detection/lib/tag_detection
[35.127s] writing list of installed files to '/home/harry/robot/build/tag_detection/install.log'
[35.726s] Invoked command in '/home/harry/robot/src/tag_detection' returned '0': PYTHONPATH=/home/harry/robot/build/tag_detection/prefix_override:/usr/lib/python3/dist-packages/colcon_core/task/python/colcon_distutils_commands:/home/harry/robot/install/tag_detection/lib/python3.10/site-packages:${PYTHONPATH} /usr/bin/python3 -W ignore:setup.py install is deprecated -W ignore:easy_install command is deprecated setup.py egg_info --egg-base ../../build/tag_detection build --build-base /home/harry/robot/build/tag_detection/build install --record /home/harry/robot/build/tag_detection/install.log --single-version-externally-managed install_data
