[0.991s] Invoking command in '/home/harry/robot/src/simulation/art_gallery/tb3_description': PYTHONPATH=/home/harry/robot/build/tb3_description/prefix_override:/usr/lib/python3/dist-packages/colcon_core/task/python/colcon_distutils_commands:/home/harry/robot/install/tb3_description/lib/python3.10/site-packages:${PYTHONPATH} /usr/bin/python3 -W ignore:setup.py install is deprecated -W ignore:easy_install command is deprecated setup.py egg_info --egg-base ../../../../build/tb3_description build --build-base /home/harry/robot/build/tb3_description/build install --record /home/harry/robot/build/tb3_description/install.log --single-version-externally-managed install_data
[1.434s] running egg_info
[1.434s] writing ../../../../build/tb3_description/tb3_description.egg-info/PKG-INFO
[1.436s] writing dependency_links to ../../../../build/tb3_description/tb3_description.egg-info/dependency_links.txt
[1.436s] writing entry points to ../../../../build/tb3_description/tb3_description.egg-info/entry_points.txt
[1.436s] writing requirements to ../../../../build/tb3_description/tb3_description.egg-info/requires.txt
[1.436s] writing top-level names to ../../../../build/tb3_description/tb3_description.egg-info/top_level.txt
[1.440s] reading manifest file '../../../../build/tb3_description/tb3_description.egg-info/SOURCES.txt'
[1.443s] writing manifest file '../../../../build/tb3_description/tb3_description.egg-info/SOURCES.txt'
[1.443s] running build
[1.443s] running build_py
[1.445s] running install
[1.445s] running install_lib
[1.449s] running install_data
[1.452s] running install_egg_info
[1.456s] removing '/home/harry/robot/install/tb3_description/lib/python3.10/site-packages/tb3_description-0.0.0-py3.10.egg-info' (and everything under it)
[1.460s] Copying ../../../../build/tb3_description/tb3_description.egg-info to /home/harry/robot/install/tb3_description/lib/python3.10/site-packages/tb3_description-0.0.0-py3.10.egg-info
[1.462s] running install_scripts
[1.492s] writing list of installed files to '/home/harry/robot/build/tb3_description/install.log'
[1.534s] Invoked command in '/home/harry/robot/src/simulation/art_gallery/tb3_description' returned '0': PYTHONPATH=/home/harry/robot/build/tb3_description/prefix_override:/usr/lib/python3/dist-packages/colcon_core/task/python/colcon_distutils_commands:/home/harry/robot/install/tb3_description/lib/python3.10/site-packages:${PYTHONPATH} /usr/bin/python3 -W ignore:setup.py install is deprecated -W ignore:easy_install command is deprecated setup.py egg_info --egg-base ../../../../build/tb3_description build --build-base /home/harry/robot/build/tb3_description/build install --record /home/harry/robot/build/tb3_description/install.log --single-version-externally-managed install_data
