[1.491s] Invoking command in '/home/harry/robot/src/simulation/art_gallery/challenge_2025': PYTHONPATH=/home/harry/robot/build/challenge_2025/prefix_override:/usr/lib/python3/dist-packages/colcon_core/task/python/colcon_distutils_commands:/home/harry/robot/install/challenge_2025/lib/python3.10/site-packages:${PYTHONPATH} /usr/bin/python3 -W ignore:setup.py install is deprecated -W ignore:easy_install command is deprecated setup.py egg_info --egg-base ../../../../build/challenge_2025 build --build-base /home/harry/robot/build/challenge_2025/build install --record /home/harry/robot/build/challenge_2025/install.log --single-version-externally-managed install_data
[1.854s] running egg_info
[1.857s] writing ../../../../build/challenge_2025/challenge_2025.egg-info/PKG-INFO
[1.857s] writing dependency_links to ../../../../build/challenge_2025/challenge_2025.egg-info/dependency_links.txt
[1.857s] writing entry points to ../../../../build/challenge_2025/challenge_2025.egg-info/entry_points.txt
[1.858s] writing requirements to ../../../../build/challenge_2025/challenge_2025.egg-info/requires.txt
[1.858s] writing top-level names to ../../../../build/challenge_2025/challenge_2025.egg-info/top_level.txt
[1.864s] reading manifest file '../../../../build/challenge_2025/challenge_2025.egg-info/SOURCES.txt'
[1.864s] writing manifest file '../../../../build/challenge_2025/challenge_2025.egg-info/SOURCES.txt'
[1.864s] running build
[1.865s] running build_py
[1.867s] running install
[1.867s] running install_lib
[1.871s] running install_data
[1.872s] running install_egg_info
[1.878s] removing '/home/harry/robot/install/challenge_2025/lib/python3.10/site-packages/challenge_2025-0.0.0-py3.10.egg-info' (and everything under it)
[1.878s] Copying ../../../../build/challenge_2025/challenge_2025.egg-info to /home/harry/robot/install/challenge_2025/lib/python3.10/site-packages/challenge_2025-0.0.0-py3.10.egg-info
[1.879s] running install_scripts
[1.936s] Installing object_spawner_pallets script to /home/harry/robot/install/challenge_2025/lib/challenge_2025
[1.938s] Installing object_spawner_static script to /home/harry/robot/install/challenge_2025/lib/challenge_2025
[1.938s] Installing tag_spawner_random script to /home/harry/robot/install/challenge_2025/lib/challenge_2025
[1.939s] writing list of installed files to '/home/harry/robot/build/challenge_2025/install.log'
[1.976s] Invoked command in '/home/harry/robot/src/simulation/art_gallery/challenge_2025' returned '0': PYTHONPATH=/home/harry/robot/build/challenge_2025/prefix_override:/usr/lib/python3/dist-packages/colcon_core/task/python/colcon_distutils_commands:/home/harry/robot/install/challenge_2025/lib/python3.10/site-packages:${PYTHONPATH} /usr/bin/python3 -W ignore:setup.py install is deprecated -W ignore:easy_install command is deprecated setup.py egg_info --egg-base ../../../../build/challenge_2025 build --build-base /home/harry/robot/build/challenge_2025/build install --record /home/harry/robot/build/challenge_2025/install.log --single-version-externally-managed install_data
