[2.685s] Invoking command in '/home/harry/robot/src/simulation/art_gallery/challenge_2025': PYTHONPATH=/home/harry/robot/build/challenge_2025/prefix_override:/usr/lib/python3/dist-packages/colcon_core/task/python/colcon_distutils_commands:/home/harry/robot/install/challenge_2025/lib/python3.10/site-packages:${PYTHONPATH} /usr/bin/python3 -W ignore:setup.py install is deprecated -W ignore:easy_install command is deprecated setup.py egg_info --egg-base ../../../../build/challenge_2025 build --build-base /home/harry/robot/build/challenge_2025/build install --record /home/harry/robot/build/challenge_2025/install.log --single-version-externally-managed install_data
[3.462s] running egg_info
[3.463s] writing ../../../../build/challenge_2025/challenge_2025.egg-info/PKG-INFO
[3.465s] writing dependency_links to ../../../../build/challenge_2025/challenge_2025.egg-info/dependency_links.txt
[3.466s] writing entry points to ../../../../build/challenge_2025/challenge_2025.egg-info/entry_points.txt
[3.467s] writing requirements to ../../../../build/challenge_2025/challenge_2025.egg-info/requires.txt
[3.470s] writing top-level names to ../../../../build/challenge_2025/challenge_2025.egg-info/top_level.txt
[3.470s] reading manifest file '../../../../build/challenge_2025/challenge_2025.egg-info/SOURCES.txt'
[3.484s] writing manifest file '../../../../build/challenge_2025/challenge_2025.egg-info/SOURCES.txt'
[3.485s] running build
[3.485s] running build_py
[3.486s] running install
[3.487s] running install_lib
[3.490s] running install_data
[3.491s] running install_egg_info
[3.497s] removing '/home/harry/robot/install/challenge_2025/lib/python3.10/site-packages/challenge_2025-0.0.0-py3.10.egg-info' (and everything under it)
[3.497s] Copying ../../../../build/challenge_2025/challenge_2025.egg-info to /home/harry/robot/install/challenge_2025/lib/python3.10/site-packages/challenge_2025-0.0.0-py3.10.egg-info
[3.499s] running install_scripts
[3.550s] Installing object_spawner_pallets script to /home/harry/robot/install/challenge_2025/lib/challenge_2025
[3.552s] Installing object_spawner_static script to /home/harry/robot/install/challenge_2025/lib/challenge_2025
[3.552s] Installing tag_spawner_random script to /home/harry/robot/install/challenge_2025/lib/challenge_2025
[3.553s] writing list of installed files to '/home/harry/robot/build/challenge_2025/install.log'
[3.925s] Invoked command in '/home/harry/robot/src/simulation/art_gallery/challenge_2025' returned '0': PYTHONPATH=/home/harry/robot/build/challenge_2025/prefix_override:/usr/lib/python3/dist-packages/colcon_core/task/python/colcon_distutils_commands:/home/harry/robot/install/challenge_2025/lib/python3.10/site-packages:${PYTHONPATH} /usr/bin/python3 -W ignore:setup.py install is deprecated -W ignore:easy_install command is deprecated setup.py egg_info --egg-base ../../../../build/challenge_2025 build --build-base /home/harry/robot/build/challenge_2025/build install --record /home/harry/robot/build/challenge_2025/install.log --single-version-externally-managed install_data
