[2.551s] Invoking command in '/home/harry/robot/src/tag_detection': PYTHONPATH=/home/harry/robot/build/tag_detection/prefix_override:/usr/lib/python3/dist-packages/colcon_core/task/python/colcon_distutils_commands:/home/harry/robot/install/tag_detection/lib/python3.10/site-packages:${PYTHONPATH} /usr/bin/python3 -W ignore:setup.py install is deprecated -W ignore:easy_install command is deprecated setup.py egg_info --egg-base ../../build/tag_detection build --build-base /home/harry/robot/build/tag_detection/build install --record /home/harry/robot/build/tag_detection/install.log --single-version-externally-managed install_data
[3.951s] running egg_info
[3.955s] writing ../../build/tag_detection/tag_detection.egg-info/PKG-INFO
[3.960s] writing dependency_links to ../../build/tag_detection/tag_detection.egg-info/dependency_links.txt
[3.960s] writing entry points to ../../build/tag_detection/tag_detection.egg-info/entry_points.txt
[3.960s] writing requirements to ../../build/tag_detection/tag_detection.egg-info/requires.txt
[3.961s] writing top-level names to ../../build/tag_detection/tag_detection.egg-info/top_level.txt
[3.970s] reading manifest file '../../build/tag_detection/tag_detection.egg-info/SOURCES.txt'
[3.975s] writing manifest file '../../build/tag_detection/tag_detection.egg-info/SOURCES.txt'
[3.975s] running build
[3.976s] running build_py
[3.979s] running install
[3.980s] running install_lib
[3.985s] running install_data
[3.989s] running install_egg_info
[3.999s] removing '/home/harry/robot/install/tag_detection/lib/python3.10/site-packages/tag_detection-0.0.0-py3.10.egg-info' (and everything under it)
[4.000s] Copying ../../build/tag_detection/tag_detection.egg-info to /home/harry/robot/install/tag_detection/lib/python3.10/site-packages/tag_detection-0.0.0-py3.10.egg-info
[4.003s] running install_scripts
[4.202s] writing list of installed files to '/home/harry/robot/build/tag_detection/install.log'
[4.620s] Invoked command in '/home/harry/robot/src/tag_detection' returned '0': PYTHONPATH=/home/harry/robot/build/tag_detection/prefix_override:/usr/lib/python3/dist-packages/colcon_core/task/python/colcon_distutils_commands:/home/harry/robot/install/tag_detection/lib/python3.10/site-packages:${PYTHONPATH} /usr/bin/python3 -W ignore:setup.py install is deprecated -W ignore:easy_install command is deprecated setup.py egg_info --egg-base ../../build/tag_detection build --build-base /home/harry/robot/build/tag_detection/build install --record /home/harry/robot/build/tag_detection/install.log --single-version-externally-managed install_data
