[2.787s] Invoking command in '/home/harry/robot/src/simulation/art_gallery/curator': PYTHONPATH=/home/harry/robot/build/curator/prefix_override:/usr/lib/python3/dist-packages/colcon_core/task/python/colcon_distutils_commands:/home/harry/robot/install/curator/lib/python3.10/site-packages:${PYTHONPATH} /usr/bin/python3 -W ignore:setup.py install is deprecated -W ignore:easy_install command is deprecated setup.py egg_info --egg-base ../../../../build/curator build --build-base /home/harry/robot/build/curator/build install --record /home/harry/robot/build/curator/install.log --single-version-externally-managed install_data
[3.403s] running egg_info
[3.407s] writing ../../../../build/curator/curator.egg-info/PKG-INFO
[3.408s] writing dependency_links to ../../../../build/curator/curator.egg-info/dependency_links.txt
[3.411s] writing entry points to ../../../../build/curator/curator.egg-info/entry_points.txt
[3.411s] writing requirements to ../../../../build/curator/curator.egg-info/requires.txt
[3.411s] writing top-level names to ../../../../build/curator/curator.egg-info/top_level.txt
[3.415s] reading manifest file '../../../../build/curator/curator.egg-info/SOURCES.txt'
[3.422s] writing manifest file '../../../../build/curator/curator.egg-info/SOURCES.txt'
[3.422s] running build
[3.422s] running build_py
[3.423s] running install
[3.423s] running install_lib
[3.425s] running install_data
[3.425s] running install_egg_info
[3.433s] removing '/home/harry/robot/install/curator/lib/python3.10/site-packages/curator-0.0.0-py3.10.egg-info' (and everything under it)
[3.437s] Copying ../../../../build/curator/curator.egg-info to /home/harry/robot/install/curator/lib/python3.10/site-packages/curator-0.0.0-py3.10.egg-info
[3.444s] running install_scripts
[3.497s] Installing curator script to /home/harry/robot/install/curator/lib/curator
[3.503s] writing list of installed files to '/home/harry/robot/build/curator/install.log'
[3.579s] Invoked command in '/home/harry/robot/src/simulation/art_gallery/curator' returned '0': PYTHONPATH=/home/harry/robot/build/curator/prefix_override:/usr/lib/python3/dist-packages/colcon_core/task/python/colcon_distutils_commands:/home/harry/robot/install/curator/lib/python3.10/site-packages:${PYTHONPATH} /usr/bin/python3 -W ignore:setup.py install is deprecated -W ignore:easy_install command is deprecated setup.py egg_info --egg-base ../../../../build/curator build --build-base /home/harry/robot/build/curator/build install --record /home/harry/robot/build/curator/install.log --single-version-externally-managed install_data
