[0.552s] DEBUG:colcon:Command line arguments: ['/usr/bin/colcon', 'build', '--packages-select', 'teleop']
[0.552s] DEBUG:colcon:Parsed command line arguments: Namespace(log_base=None, log_level=None, verb_name='build', build_base='build', install_base='install', merge_install=False, symlink_install=False, test_result_base=None, continue_on_error=False, executor='parallel', parallel_workers=4, event_handlers=None, ignore_user_meta=False, metas=['./colcon.meta'], base_paths=['.'], packages_ignore=None, packages_ignore_regex=None, paths=None, packages_up_to=None, packages_up_to_regex=None, packages_above=None, packages_above_and_dependencies=None, packages_above_depth=None, packages_select_by_dep=None, packages_skip_by_dep=None, packages_skip_up_to=None, packages_select_build_failed=False, packages_skip_build_finished=False, packages_select_test_failures=False, packages_skip_test_passed=False, packages_select=['teleop'], packages_skip=None, packages_select_regex=None, packages_skip_regex=None, packages_start=None, packages_end=None, allow_overriding=[], cmake_args=None, cmake_target=None, cmake_target_skip_unavailable=False, cmake_clean_cache=False, cmake_clean_first=False, cmake_force_configure=False, ament_cmake_args=None, catkin_cmake_args=None, catkin_skip_building_tests=False, verb_parser=<colcon_defaults.argument_parser.defaults.DefaultArgumentsDecorator object at 0x7bdf7034e3e0>, verb_extension=<colcon_core.verb.build.BuildVerb object at 0x7bdf7034dde0>, main=<bound method BuildVerb.main of <colcon_core.verb.build.BuildVerb object at 0x7bdf7034dde0>>)
[1.312s] Level 1:colcon.colcon_core.package_discovery:discover_packages(colcon_meta) check parameters
[1.312s] Level 1:colcon.colcon_core.package_discovery:discover_packages(recursive) check parameters
[1.312s] Level 1:colcon.colcon_core.package_discovery:discover_packages(ignore) check parameters
[1.312s] Level 1:colcon.colcon_core.package_discovery:discover_packages(path) check parameters
[1.313s] Level 1:colcon.colcon_core.package_discovery:discover_packages(colcon_meta) discover
[1.313s] Level 1:colcon.colcon_core.package_discovery:discover_packages(recursive) discover
[1.313s] INFO:colcon.colcon_core.package_discovery:Crawling recursively for packages in '/home/harry/robot'
[1.313s] Level 1:colcon.colcon_core.package_identification:_identify(.) by extensions ['ignore', 'ignore_ament_install']
[1.313s] Level 1:colcon.colcon_core.package_identification:_identify(.) by extension 'ignore'
[1.314s] Level 1:colcon.colcon_core.package_identification:_identify(.) by extension 'ignore_ament_install'
[1.314s] Level 1:colcon.colcon_core.package_identification:_identify(.) by extensions ['colcon_pkg']
[1.314s] Level 1:colcon.colcon_core.package_identification:_identify(.) by extension 'colcon_pkg'
[1.314s] Level 1:colcon.colcon_core.package_identification:_identify(.) by extensions ['colcon_meta']
[1.314s] Level 1:colcon.colcon_core.package_identification:_identify(.) by extension 'colcon_meta'
[1.314s] Level 1:colcon.colcon_core.package_identification:_identify(.) by extensions ['ros']
[1.315s] Level 1:colcon.colcon_core.package_identification:_identify(.) by extension 'ros'
[1.356s] Level 1:colcon.colcon_core.package_identification:_identify(.) by extensions ['cmake', 'python']
[1.357s] Level 1:colcon.colcon_core.package_identification:_identify(.) by extension 'cmake'
[1.357s] Level 1:colcon.colcon_core.package_identification:_identify(.) by extension 'python'
[1.357s] Level 1:colcon.colcon_core.package_identification:_identify(.) by extensions ['python_setup_py']
[1.357s] Level 1:colcon.colcon_core.package_identification:_identify(.) by extension 'python_setup_py'
[1.358s] Level 1:colcon.colcon_core.package_identification:_identify(build) by extensions ['ignore', 'ignore_ament_install']
[1.358s] Level 1:colcon.colcon_core.package_identification:_identify(build) by extension 'ignore'
[1.358s] Level 1:colcon.colcon_core.package_identification:_identify(build) ignored
[1.359s] Level 1:colcon.colcon_core.package_identification:_identify(cd) by extensions ['ignore', 'ignore_ament_install']
[1.359s] Level 1:colcon.colcon_core.package_identification:_identify(cd) by extension 'ignore'
[1.359s] Level 1:colcon.colcon_core.package_identification:_identify(cd) by extension 'ignore_ament_install'
[1.359s] Level 1:colcon.colcon_core.package_identification:_identify(cd) by extensions ['colcon_pkg']
[1.359s] Level 1:colcon.colcon_core.package_identification:_identify(cd) by extension 'colcon_pkg'
[1.359s] Level 1:colcon.colcon_core.package_identification:_identify(cd) by extensions ['colcon_meta']
[1.359s] Level 1:colcon.colcon_core.package_identification:_identify(cd) by extension 'colcon_meta'
[1.359s] Level 1:colcon.colcon_core.package_identification:_identify(cd) by extensions ['ros']
[1.359s] Level 1:colcon.colcon_core.package_identification:_identify(cd) by extension 'ros'
[1.359s] Level 1:colcon.colcon_core.package_identification:_identify(cd) by extensions ['cmake', 'python']
[1.360s] Level 1:colcon.colcon_core.package_identification:_identify(cd) by extension 'cmake'
[1.360s] Level 1:colcon.colcon_core.package_identification:_identify(cd) by extension 'python'
[1.360s] Level 1:colcon.colcon_core.package_identification:_identify(cd) by extensions ['python_setup_py']
[1.360s] Level 1:colcon.colcon_core.package_identification:_identify(cd) by extension 'python_setup_py'
[1.360s] Level 1:colcon.colcon_core.package_identification:_identify(install) by extensions ['ignore', 'ignore_ament_install']
[1.360s] Level 1:colcon.colcon_core.package_identification:_identify(install) by extension 'ignore'
[1.360s] Level 1:colcon.colcon_core.package_identification:_identify(install) ignored
[1.361s] Level 1:colcon.colcon_core.package_identification:_identify(log) by extensions ['ignore', 'ignore_ament_install']
[1.361s] Level 1:colcon.colcon_core.package_identification:_identify(log) by extension 'ignore'
[1.361s] Level 1:colcon.colcon_core.package_identification:_identify(log) ignored
[1.361s] Level 1:colcon.colcon_core.package_identification:_identify(src) by extensions ['ignore', 'ignore_ament_install']
[1.361s] Level 1:colcon.colcon_core.package_identification:_identify(src) by extension 'ignore'
[1.362s] Level 1:colcon.colcon_core.package_identification:_identify(src) by extension 'ignore_ament_install'
[1.362s] Level 1:colcon.colcon_core.package_identification:_identify(src) by extensions ['colcon_pkg']
[1.362s] Level 1:colcon.colcon_core.package_identification:_identify(src) by extension 'colcon_pkg'
[1.363s] Level 1:colcon.colcon_core.package_identification:_identify(src) by extensions ['colcon_meta']
[1.363s] Level 1:colcon.colcon_core.package_identification:_identify(src) by extension 'colcon_meta'
[1.363s] Level 1:colcon.colcon_core.package_identification:_identify(src) by extensions ['ros']
[1.363s] Level 1:colcon.colcon_core.package_identification:_identify(src) by extension 'ros'
[1.363s] Level 1:colcon.colcon_core.package_identification:_identify(src) by extensions ['cmake', 'python']
[1.363s] Level 1:colcon.colcon_core.package_identification:_identify(src) by extension 'cmake'
[1.363s] Level 1:colcon.colcon_core.package_identification:_identify(src) by extension 'python'
[1.363s] Level 1:colcon.colcon_core.package_identification:_identify(src) by extensions ['python_setup_py']
[1.363s] Level 1:colcon.colcon_core.package_identification:_identify(src) by extension 'python_setup_py'
[1.364s] Level 1:colcon.colcon_core.package_identification:_identify(src/apriltag_msgs) by extensions ['ignore', 'ignore_ament_install']
[1.364s] Level 1:colcon.colcon_core.package_identification:_identify(src/apriltag_msgs) by extension 'ignore'
[1.364s] Level 1:colcon.colcon_core.package_identification:_identify(src/apriltag_msgs) by extension 'ignore_ament_install'
[1.364s] Level 1:colcon.colcon_core.package_identification:_identify(src/apriltag_msgs) by extensions ['colcon_pkg']
[1.364s] Level 1:colcon.colcon_core.package_identification:_identify(src/apriltag_msgs) by extension 'colcon_pkg'
[1.365s] Level 1:colcon.colcon_core.package_identification:_identify(src/apriltag_msgs) by extensions ['colcon_meta']
[1.365s] Level 1:colcon.colcon_core.package_identification:_identify(src/apriltag_msgs) by extension 'colcon_meta'
[1.365s] Level 1:colcon.colcon_core.package_identification:_identify(src/apriltag_msgs) by extensions ['ros']
[1.365s] Level 1:colcon.colcon_core.package_identification:_identify(src/apriltag_msgs) by extension 'ros'
[1.374s] DEBUG:colcon.colcon_core.package_identification:Package 'src/apriltag_msgs' with type 'ros.ament_cmake' and name 'apriltag_msgs'
[1.374s] Level 1:colcon.colcon_core.package_identification:_identify(src/apriltag_ros) by extensions ['ignore', 'ignore_ament_install']
[1.375s] Level 1:colcon.colcon_core.package_identification:_identify(src/apriltag_ros) by extension 'ignore'
[1.375s] Level 1:colcon.colcon_core.package_identification:_identify(src/apriltag_ros) by extension 'ignore_ament_install'
[1.375s] Level 1:colcon.colcon_core.package_identification:_identify(src/apriltag_ros) by extensions ['colcon_pkg']
[1.375s] Level 1:colcon.colcon_core.package_identification:_identify(src/apriltag_ros) by extension 'colcon_pkg'
[1.375s] Level 1:colcon.colcon_core.package_identification:_identify(src/apriltag_ros) by extensions ['colcon_meta']
[1.375s] Level 1:colcon.colcon_core.package_identification:_identify(src/apriltag_ros) by extension 'colcon_meta'
[1.375s] Level 1:colcon.colcon_core.package_identification:_identify(src/apriltag_ros) by extensions ['ros']
[1.375s] Level 1:colcon.colcon_core.package_identification:_identify(src/apriltag_ros) by extension 'ros'
[1.384s] DEBUG:colcon.colcon_core.package_identification:Package 'src/apriltag_ros' with type 'ros.ament_cmake' and name 'apriltag_ros'
[1.385s] Level 1:colcon.colcon_core.package_identification:_identify(src/my_first_package) by extensions ['ignore', 'ignore_ament_install']
[1.385s] Level 1:colcon.colcon_core.package_identification:_identify(src/my_first_package) by extension 'ignore'
[1.385s] Level 1:colcon.colcon_core.package_identification:_identify(src/my_first_package) by extension 'ignore_ament_install'
[1.385s] Level 1:colcon.colcon_core.package_identification:_identify(src/my_first_package) by extensions ['colcon_pkg']
[1.386s] Level 1:colcon.colcon_core.package_identification:_identify(src/my_first_package) by extension 'colcon_pkg'
[1.386s] Level 1:colcon.colcon_core.package_identification:_identify(src/my_first_package) by extensions ['colcon_meta']
[1.387s] Level 1:colcon.colcon_core.package_identification:_identify(src/my_first_package) by extension 'colcon_meta'
[1.387s] Level 1:colcon.colcon_core.package_identification:_identify(src/my_first_package) by extensions ['ros']
[1.387s] Level 1:colcon.colcon_core.package_identification:_identify(src/my_first_package) by extension 'ros'
[1.388s] Level 1:colcon.colcon_core.package_identification:_identify(src/my_first_package) by extensions ['cmake', 'python']
[1.388s] Level 1:colcon.colcon_core.package_identification:_identify(src/my_first_package) by extension 'cmake'
[1.388s] Level 1:colcon.colcon_core.package_identification:_identify(src/my_first_package) by extension 'python'
[1.389s] Level 1:colcon.colcon_core.package_identification:_identify(src/my_first_package) by extensions ['python_setup_py']
[1.389s] Level 1:colcon.colcon_core.package_identification:_identify(src/my_first_package) by extension 'python_setup_py'
[1.389s] Level 1:colcon.colcon_core.package_identification:_identify(src/my_first_package/my_first_package) by extensions ['ignore', 'ignore_ament_install']
[1.389s] Level 1:colcon.colcon_core.package_identification:_identify(src/my_first_package/my_first_package) by extension 'ignore'
[1.390s] Level 1:colcon.colcon_core.package_identification:_identify(src/my_first_package/my_first_package) by extension 'ignore_ament_install'
[1.390s] Level 1:colcon.colcon_core.package_identification:_identify(src/my_first_package/my_first_package) by extensions ['colcon_pkg']
[1.390s] Level 1:colcon.colcon_core.package_identification:_identify(src/my_first_package/my_first_package) by extension 'colcon_pkg'
[1.390s] Level 1:colcon.colcon_core.package_identification:_identify(src/my_first_package/my_first_package) by extensions ['colcon_meta']
[1.390s] Level 1:colcon.colcon_core.package_identification:_identify(src/my_first_package/my_first_package) by extension 'colcon_meta'
[1.390s] Level 1:colcon.colcon_core.package_identification:_identify(src/my_first_package/my_first_package) by extensions ['ros']
[1.390s] Level 1:colcon.colcon_core.package_identification:_identify(src/my_first_package/my_first_package) by extension 'ros'
[1.391s] Level 1:colcon.colcon_core.package_identification:_identify(src/my_first_package/my_first_package) by extensions ['cmake', 'python']
[1.391s] Level 1:colcon.colcon_core.package_identification:_identify(src/my_first_package/my_first_package) by extension 'cmake'
[1.391s] Level 1:colcon.colcon_core.package_identification:_identify(src/my_first_package/my_first_package) by extension 'python'
[1.391s] Level 1:colcon.colcon_core.package_identification:_identify(src/my_first_package/my_first_package) by extensions ['python_setup_py']
[1.391s] Level 1:colcon.colcon_core.package_identification:_identify(src/my_first_package/my_first_package) by extension 'python_setup_py'
[1.392s] Level 1:colcon.colcon_core.package_identification:_identify(src/my_robot_navigation) by extensions ['ignore', 'ignore_ament_install']
[1.392s] Level 1:colcon.colcon_core.package_identification:_identify(src/my_robot_navigation) by extension 'ignore'
[1.393s] Level 1:colcon.colcon_core.package_identification:_identify(src/my_robot_navigation) by extension 'ignore_ament_install'
[1.394s] Level 1:colcon.colcon_core.package_identification:_identify(src/my_robot_navigation) by extensions ['colcon_pkg']
[1.394s] Level 1:colcon.colcon_core.package_identification:_identify(src/my_robot_navigation) by extension 'colcon_pkg'
[1.395s] Level 1:colcon.colcon_core.package_identification:_identify(src/my_robot_navigation) by extensions ['colcon_meta']
[1.395s] Level 1:colcon.colcon_core.package_identification:_identify(src/my_robot_navigation) by extension 'colcon_meta'
[1.395s] Level 1:colcon.colcon_core.package_identification:_identify(src/my_robot_navigation) by extensions ['ros']
[1.395s] Level 1:colcon.colcon_core.package_identification:_identify(src/my_robot_navigation) by extension 'ros'
[1.397s] DEBUG:colcon.colcon_core.package_identification:Package 'src/my_robot_navigation' with type 'ros.ament_python' and name 'my_robot_navigation'
[1.398s] Level 1:colcon.colcon_core.package_identification:_identify(src/my_robot_slam) by extensions ['ignore', 'ignore_ament_install']
[1.398s] Level 1:colcon.colcon_core.package_identification:_identify(src/my_robot_slam) by extension 'ignore'
[1.398s] Level 1:colcon.colcon_core.package_identification:_identify(src/my_robot_slam) by extension 'ignore_ament_install'
[1.399s] Level 1:colcon.colcon_core.package_identification:_identify(src/my_robot_slam) by extensions ['colcon_pkg']
[1.399s] Level 1:colcon.colcon_core.package_identification:_identify(src/my_robot_slam) by extension 'colcon_pkg'
[1.399s] Level 1:colcon.colcon_core.package_identification:_identify(src/my_robot_slam) by extensions ['colcon_meta']
[1.399s] Level 1:colcon.colcon_core.package_identification:_identify(src/my_robot_slam) by extension 'colcon_meta'
[1.399s] Level 1:colcon.colcon_core.package_identification:_identify(src/my_robot_slam) by extensions ['ros']
[1.400s] Level 1:colcon.colcon_core.package_identification:_identify(src/my_robot_slam) by extension 'ros'
[1.402s] DEBUG:colcon.colcon_core.package_identification:Package 'src/my_robot_slam' with type 'ros.ament_cmake' and name 'my_robot_slam'
[1.402s] Level 1:colcon.colcon_core.package_identification:_identify(src/pub_sub) by extensions ['ignore', 'ignore_ament_install']
[1.402s] Level 1:colcon.colcon_core.package_identification:_identify(src/pub_sub) by extension 'ignore'
[1.403s] Level 1:colcon.colcon_core.package_identification:_identify(src/pub_sub) by extension 'ignore_ament_install'
[1.403s] Level 1:colcon.colcon_core.package_identification:_identify(src/pub_sub) by extensions ['colcon_pkg']
[1.403s] Level 1:colcon.colcon_core.package_identification:_identify(src/pub_sub) by extension 'colcon_pkg'
[1.403s] Level 1:colcon.colcon_core.package_identification:_identify(src/pub_sub) by extensions ['colcon_meta']
[1.403s] Level 1:colcon.colcon_core.package_identification:_identify(src/pub_sub) by extension 'colcon_meta'
[1.403s] Level 1:colcon.colcon_core.package_identification:_identify(src/pub_sub) by extensions ['ros']
[1.404s] Level 1:colcon.colcon_core.package_identification:_identify(src/pub_sub) by extension 'ros'
[1.405s] DEBUG:colcon.colcon_core.package_identification:Package 'src/pub_sub' with type 'ros.ament_python' and name 'pub_sub'
[1.406s] Level 1:colcon.colcon_core.package_identification:_identify(src/robot_bringup) by extensions ['ignore', 'ignore_ament_install']
[1.406s] Level 1:colcon.colcon_core.package_identification:_identify(src/robot_bringup) by extension 'ignore'
[1.406s] Level 1:colcon.colcon_core.package_identification:_identify(src/robot_bringup) by extension 'ignore_ament_install'
[1.407s] Level 1:colcon.colcon_core.package_identification:_identify(src/robot_bringup) by extensions ['colcon_pkg']
[1.407s] Level 1:colcon.colcon_core.package_identification:_identify(src/robot_bringup) by extension 'colcon_pkg'
[1.407s] Level 1:colcon.colcon_core.package_identification:_identify(src/robot_bringup) by extensions ['colcon_meta']
[1.407s] Level 1:colcon.colcon_core.package_identification:_identify(src/robot_bringup) by extension 'colcon_meta'
[1.407s] Level 1:colcon.colcon_core.package_identification:_identify(src/robot_bringup) by extensions ['ros']
[1.407s] Level 1:colcon.colcon_core.package_identification:_identify(src/robot_bringup) by extension 'ros'
[1.409s] DEBUG:colcon.colcon_core.package_identification:Package 'src/robot_bringup' with type 'ros.ament_python' and name 'robot_bringup'
[1.410s] Level 1:colcon.colcon_core.package_identification:_identify(src/ros_tutorials) by extensions ['ignore', 'ignore_ament_install']
[1.410s] Level 1:colcon.colcon_core.package_identification:_identify(src/ros_tutorials) by extension 'ignore'
[1.410s] Level 1:colcon.colcon_core.package_identification:_identify(src/ros_tutorials) by extension 'ignore_ament_install'
[1.411s] Level 1:colcon.colcon_core.package_identification:_identify(src/ros_tutorials) by extensions ['colcon_pkg']
[1.411s] Level 1:colcon.colcon_core.package_identification:_identify(src/ros_tutorials) by extension 'colcon_pkg'
[1.411s] Level 1:colcon.colcon_core.package_identification:_identify(src/ros_tutorials) by extensions ['colcon_meta']
[1.411s] Level 1:colcon.colcon_core.package_identification:_identify(src/ros_tutorials) by extension 'colcon_meta'
[1.411s] Level 1:colcon.colcon_core.package_identification:_identify(src/ros_tutorials) by extensions ['ros']
[1.412s] Level 1:colcon.colcon_core.package_identification:_identify(src/ros_tutorials) by extension 'ros'
[1.412s] Level 1:colcon.colcon_core.package_identification:_identify(src/ros_tutorials) by extensions ['cmake', 'python']
[1.412s] Level 1:colcon.colcon_core.package_identification:_identify(src/ros_tutorials) by extension 'cmake'
[1.412s] Level 1:colcon.colcon_core.package_identification:_identify(src/ros_tutorials) by extension 'python'
[1.413s] Level 1:colcon.colcon_core.package_identification:_identify(src/ros_tutorials) by extensions ['python_setup_py']
[1.413s] Level 1:colcon.colcon_core.package_identification:_identify(src/ros_tutorials) by extension 'python_setup_py'
[1.413s] Level 1:colcon.colcon_core.package_identification:_identify(src/ros_tutorials/ros_tutorials) by extensions ['ignore', 'ignore_ament_install']
[1.414s] Level 1:colcon.colcon_core.package_identification:_identify(src/ros_tutorials/ros_tutorials) by extension 'ignore'
[1.414s] Level 1:colcon.colcon_core.package_identification:_identify(src/ros_tutorials/ros_tutorials) ignored
[1.414s] Level 1:colcon.colcon_core.package_identification:_identify(src/ros_tutorials/roscpp_tutorials) by extensions ['ignore', 'ignore_ament_install']
[1.415s] Level 1:colcon.colcon_core.package_identification:_identify(src/ros_tutorials/roscpp_tutorials) by extension 'ignore'
[1.415s] Level 1:colcon.colcon_core.package_identification:_identify(src/ros_tutorials/roscpp_tutorials) ignored
[1.416s] Level 1:colcon.colcon_core.package_identification:_identify(src/ros_tutorials/rospy_tutorials) by extensions ['ignore', 'ignore_ament_install']
[1.416s] Level 1:colcon.colcon_core.package_identification:_identify(src/ros_tutorials/rospy_tutorials) by extension 'ignore'
[1.417s] Level 1:colcon.colcon_core.package_identification:_identify(src/ros_tutorials/rospy_tutorials) ignored
[1.417s] Level 1:colcon.colcon_core.package_identification:_identify(src/ros_tutorials/turtlesim) by extensions ['ignore', 'ignore_ament_install']
[1.417s] Level 1:colcon.colcon_core.package_identification:_identify(src/ros_tutorials/turtlesim) by extension 'ignore'
[1.418s] Level 1:colcon.colcon_core.package_identification:_identify(src/ros_tutorials/turtlesim) by extension 'ignore_ament_install'
[1.418s] Level 1:colcon.colcon_core.package_identification:_identify(src/ros_tutorials/turtlesim) by extensions ['colcon_pkg']
[1.418s] Level 1:colcon.colcon_core.package_identification:_identify(src/ros_tutorials/turtlesim) by extension 'colcon_pkg'
[1.418s] Level 1:colcon.colcon_core.package_identification:_identify(src/ros_tutorials/turtlesim) by extensions ['colcon_meta']
[1.418s] Level 1:colcon.colcon_core.package_identification:_identify(src/ros_tutorials/turtlesim) by extension 'colcon_meta'
[1.418s] Level 1:colcon.colcon_core.package_identification:_identify(src/ros_tutorials/turtlesim) by extensions ['ros']
[1.418s] Level 1:colcon.colcon_core.package_identification:_identify(src/ros_tutorials/turtlesim) by extension 'ros'
[1.422s] DEBUG:colcon.colcon_core.package_identification:Package 'src/ros_tutorials/turtlesim' with type 'ros.ament_cmake' and name 'turtlesim'
[1.423s] Level 1:colcon.colcon_core.package_identification:_identify(src/simulation) by extensions ['ignore', 'ignore_ament_install']
[1.423s] Level 1:colcon.colcon_core.package_identification:_identify(src/simulation) by extension 'ignore'
[1.423s] Level 1:colcon.colcon_core.package_identification:_identify(src/simulation) by extension 'ignore_ament_install'
[1.423s] Level 1:colcon.colcon_core.package_identification:_identify(src/simulation) by extensions ['colcon_pkg']
[1.424s] Level 1:colcon.colcon_core.package_identification:_identify(src/simulation) by extension 'colcon_pkg'
[1.424s] Level 1:colcon.colcon_core.package_identification:_identify(src/simulation) by extensions ['colcon_meta']
[1.424s] Level 1:colcon.colcon_core.package_identification:_identify(src/simulation) by extension 'colcon_meta'
[1.424s] Level 1:colcon.colcon_core.package_identification:_identify(src/simulation) by extensions ['ros']
[1.424s] Level 1:colcon.colcon_core.package_identification:_identify(src/simulation) by extension 'ros'
[1.426s] Level 1:colcon.colcon_core.package_identification:_identify(src/simulation) by extensions ['cmake', 'python']
[1.427s] Level 1:colcon.colcon_core.package_identification:_identify(src/simulation) by extension 'cmake'
[1.427s] Level 1:colcon.colcon_core.package_identification:_identify(src/simulation) by extension 'python'
[1.428s] Level 1:colcon.colcon_core.package_identification:_identify(src/simulation) by extensions ['python_setup_py']
[1.428s] Level 1:colcon.colcon_core.package_identification:_identify(src/simulation) by extension 'python_setup_py'
[1.429s] Level 1:colcon.colcon_core.package_identification:_identify(src/simulation/art_gallery) by extensions ['ignore', 'ignore_ament_install']
[1.429s] Level 1:colcon.colcon_core.package_identification:_identify(src/simulation/art_gallery) by extension 'ignore'
[1.429s] Level 1:colcon.colcon_core.package_identification:_identify(src/simulation/art_gallery) by extension 'ignore_ament_install'
[1.430s] Level 1:colcon.colcon_core.package_identification:_identify(src/simulation/art_gallery) by extensions ['colcon_pkg']
[1.430s] Level 1:colcon.colcon_core.package_identification:_identify(src/simulation/art_gallery) by extension 'colcon_pkg'
[1.430s] Level 1:colcon.colcon_core.package_identification:_identify(src/simulation/art_gallery) by extensions ['colcon_meta']
[1.430s] Level 1:colcon.colcon_core.package_identification:_identify(src/simulation/art_gallery) by extension 'colcon_meta'
[1.430s] Level 1:colcon.colcon_core.package_identification:_identify(src/simulation/art_gallery) by extensions ['ros']
[1.430s] Level 1:colcon.colcon_core.package_identification:_identify(src/simulation/art_gallery) by extension 'ros'
[1.431s] Level 1:colcon.colcon_core.package_identification:_identify(src/simulation/art_gallery) by extensions ['cmake', 'python']
[1.431s] Level 1:colcon.colcon_core.package_identification:_identify(src/simulation/art_gallery) by extension 'cmake'
[1.431s] Level 1:colcon.colcon_core.package_identification:_identify(src/simulation/art_gallery) by extension 'python'
[1.431s] Level 1:colcon.colcon_core.package_identification:_identify(src/simulation/art_gallery) by extensions ['python_setup_py']
[1.432s] Level 1:colcon.colcon_core.package_identification:_identify(src/simulation/art_gallery) by extension 'python_setup_py'
[1.433s] Level 1:colcon.colcon_core.package_identification:_identify(src/simulation/art_gallery/art_maze) by extensions ['ignore', 'ignore_ament_install']
[1.433s] Level 1:colcon.colcon_core.package_identification:_identify(src/simulation/art_gallery/art_maze) by extension 'ignore'
[1.434s] Level 1:colcon.colcon_core.package_identification:_identify(src/simulation/art_gallery/art_maze) by extension 'ignore_ament_install'
[1.434s] Level 1:colcon.colcon_core.package_identification:_identify(src/simulation/art_gallery/art_maze) by extensions ['colcon_pkg']
[1.434s] Level 1:colcon.colcon_core.package_identification:_identify(src/simulation/art_gallery/art_maze) by extension 'colcon_pkg'
[1.434s] Level 1:colcon.colcon_core.package_identification:_identify(src/simulation/art_gallery/art_maze) by extensions ['colcon_meta']
[1.435s] Level 1:colcon.colcon_core.package_identification:_identify(src/simulation/art_gallery/art_maze) by extension 'colcon_meta'
[1.435s] Level 1:colcon.colcon_core.package_identification:_identify(src/simulation/art_gallery/art_maze) by extensions ['ros']
[1.435s] Level 1:colcon.colcon_core.package_identification:_identify(src/simulation/art_gallery/art_maze) by extension 'ros'
[1.438s] DEBUG:colcon.colcon_core.package_identification:Package 'src/simulation/art_gallery/art_maze' with type 'ros.ament_cmake' and name 'art_maze'
[1.439s] Level 1:colcon.colcon_core.package_identification:_identify(src/simulation/art_gallery/challenge_2025) by extensions ['ignore', 'ignore_ament_install']
[1.439s] Level 1:colcon.colcon_core.package_identification:_identify(src/simulation/art_gallery/challenge_2025) by extension 'ignore'
[1.440s] Level 1:colcon.colcon_core.package_identification:_identify(src/simulation/art_gallery/challenge_2025) by extension 'ignore_ament_install'
[1.440s] Level 1:colcon.colcon_core.package_identification:_identify(src/simulation/art_gallery/challenge_2025) by extensions ['colcon_pkg']
[1.440s] Level 1:colcon.colcon_core.package_identification:_identify(src/simulation/art_gallery/challenge_2025) by extension 'colcon_pkg'
[1.440s] Level 1:colcon.colcon_core.package_identification:_identify(src/simulation/art_gallery/challenge_2025) by extensions ['colcon_meta']
[1.440s] Level 1:colcon.colcon_core.package_identification:_identify(src/simulation/art_gallery/challenge_2025) by extension 'colcon_meta'
[1.440s] Level 1:colcon.colcon_core.package_identification:_identify(src/simulation/art_gallery/challenge_2025) by extensions ['ros']
[1.440s] Level 1:colcon.colcon_core.package_identification:_identify(src/simulation/art_gallery/challenge_2025) by extension 'ros'
[1.443s] DEBUG:colcon.colcon_core.package_identification:Package 'src/simulation/art_gallery/challenge_2025' with type 'ros.ament_python' and name 'challenge_2025'
[1.443s] Level 1:colcon.colcon_core.package_identification:_identify(src/simulation/art_gallery/curator) by extensions ['ignore', 'ignore_ament_install']
[1.443s] Level 1:colcon.colcon_core.package_identification:_identify(src/simulation/art_gallery/curator) by extension 'ignore'
[1.444s] Level 1:colcon.colcon_core.package_identification:_identify(src/simulation/art_gallery/curator) by extension 'ignore_ament_install'
[1.444s] Level 1:colcon.colcon_core.package_identification:_identify(src/simulation/art_gallery/curator) by extensions ['colcon_pkg']
[1.445s] Level 1:colcon.colcon_core.package_identification:_identify(src/simulation/art_gallery/curator) by extension 'colcon_pkg'
[1.445s] Level 1:colcon.colcon_core.package_identification:_identify(src/simulation/art_gallery/curator) by extensions ['colcon_meta']
[1.445s] Level 1:colcon.colcon_core.package_identification:_identify(src/simulation/art_gallery/curator) by extension 'colcon_meta'
[1.445s] Level 1:colcon.colcon_core.package_identification:_identify(src/simulation/art_gallery/curator) by extensions ['ros']
[1.445s] Level 1:colcon.colcon_core.package_identification:_identify(src/simulation/art_gallery/curator) by extension 'ros'
[1.448s] DEBUG:colcon.colcon_core.package_identification:Package 'src/simulation/art_gallery/curator' with type 'ros.ament_python' and name 'curator'
[1.448s] Level 1:colcon.colcon_core.package_identification:_identify(src/simulation/art_gallery/tb3_description) by extensions ['ignore', 'ignore_ament_install']
[1.448s] Level 1:colcon.colcon_core.package_identification:_identify(src/simulation/art_gallery/tb3_description) by extension 'ignore'
[1.449s] Level 1:colcon.colcon_core.package_identification:_identify(src/simulation/art_gallery/tb3_description) by extension 'ignore_ament_install'
[1.449s] Level 1:colcon.colcon_core.package_identification:_identify(src/simulation/art_gallery/tb3_description) by extensions ['colcon_pkg']
[1.450s] Level 1:colcon.colcon_core.package_identification:_identify(src/simulation/art_gallery/tb3_description) by extension 'colcon_pkg'
[1.450s] Level 1:colcon.colcon_core.package_identification:_identify(src/simulation/art_gallery/tb3_description) by extensions ['colcon_meta']
[1.450s] Level 1:colcon.colcon_core.package_identification:_identify(src/simulation/art_gallery/tb3_description) by extension 'colcon_meta'
[1.450s] Level 1:colcon.colcon_core.package_identification:_identify(src/simulation/art_gallery/tb3_description) by extensions ['ros']
[1.450s] Level 1:colcon.colcon_core.package_identification:_identify(src/simulation/art_gallery/tb3_description) by extension 'ros'
[1.452s] DEBUG:colcon.colcon_core.package_identification:Package 'src/simulation/art_gallery/tb3_description' with type 'ros.ament_python' and name 'tb3_description'
[1.453s] Level 1:colcon.colcon_core.package_identification:_identify(src/simulation/art_gallery/tb3_gazebo) by extensions ['ignore', 'ignore_ament_install']
[1.453s] Level 1:colcon.colcon_core.package_identification:_identify(src/simulation/art_gallery/tb3_gazebo) by extension 'ignore'
[1.454s] Level 1:colcon.colcon_core.package_identification:_identify(src/simulation/art_gallery/tb3_gazebo) by extension 'ignore_ament_install'
[1.454s] Level 1:colcon.colcon_core.package_identification:_identify(src/simulation/art_gallery/tb3_gazebo) by extensions ['colcon_pkg']
[1.454s] Level 1:colcon.colcon_core.package_identification:_identify(src/simulation/art_gallery/tb3_gazebo) by extension 'colcon_pkg'
[1.454s] Level 1:colcon.colcon_core.package_identification:_identify(src/simulation/art_gallery/tb3_gazebo) by extensions ['colcon_meta']
[1.455s] Level 1:colcon.colcon_core.package_identification:_identify(src/simulation/art_gallery/tb3_gazebo) by extension 'colcon_meta'
[1.455s] Level 1:colcon.colcon_core.package_identification:_identify(src/simulation/art_gallery/tb3_gazebo) by extensions ['ros']
[1.455s] Level 1:colcon.colcon_core.package_identification:_identify(src/simulation/art_gallery/tb3_gazebo) by extension 'ros'
[1.457s] DEBUG:colcon.colcon_core.package_identification:Package 'src/simulation/art_gallery/tb3_gazebo' with type 'ros.ament_cmake' and name 'tb3_gazebo'
[1.457s] Level 1:colcon.colcon_core.package_identification:_identify(src/simulation/build) by extensions ['ignore', 'ignore_ament_install']
[1.458s] Level 1:colcon.colcon_core.package_identification:_identify(src/simulation/build) by extension 'ignore'
[1.459s] Level 1:colcon.colcon_core.package_identification:_identify(src/simulation/build) ignored
[1.459s] Level 1:colcon.colcon_core.package_identification:_identify(src/simulation/install) by extensions ['ignore', 'ignore_ament_install']
[1.459s] Level 1:colcon.colcon_core.package_identification:_identify(src/simulation/install) by extension 'ignore'
[1.459s] Level 1:colcon.colcon_core.package_identification:_identify(src/simulation/install) ignored
[1.460s] Level 1:colcon.colcon_core.package_identification:_identify(src/simulation/log) by extensions ['ignore', 'ignore_ament_install']
[1.460s] Level 1:colcon.colcon_core.package_identification:_identify(src/simulation/log) by extension 'ignore'
[1.460s] Level 1:colcon.colcon_core.package_identification:_identify(src/simulation/log) ignored
[1.460s] Level 1:colcon.colcon_core.package_identification:_identify(src/tag_detection) by extensions ['ignore', 'ignore_ament_install']
[1.461s] Level 1:colcon.colcon_core.package_identification:_identify(src/tag_detection) by extension 'ignore'
[1.461s] Level 1:colcon.colcon_core.package_identification:_identify(src/tag_detection) by extension 'ignore_ament_install'
[1.461s] Level 1:colcon.colcon_core.package_identification:_identify(src/tag_detection) by extensions ['colcon_pkg']
[1.461s] Level 1:colcon.colcon_core.package_identification:_identify(src/tag_detection) by extension 'colcon_pkg'
[1.461s] Level 1:colcon.colcon_core.package_identification:_identify(src/tag_detection) by extensions ['colcon_meta']
[1.461s] Level 1:colcon.colcon_core.package_identification:_identify(src/tag_detection) by extension 'colcon_meta'
[1.461s] Level 1:colcon.colcon_core.package_identification:_identify(src/tag_detection) by extensions ['ros']
[1.461s] Level 1:colcon.colcon_core.package_identification:_identify(src/tag_detection) by extension 'ros'
[1.464s] DEBUG:colcon.colcon_core.package_identification:Package 'src/tag_detection' with type 'ros.ament_python' and name 'tag_detection'
[1.465s] Level 1:colcon.colcon_core.package_identification:_identify(src/teleop) by extensions ['ignore', 'ignore_ament_install']
[1.465s] Level 1:colcon.colcon_core.package_identification:_identify(src/teleop) by extension 'ignore'
[1.465s] Level 1:colcon.colcon_core.package_identification:_identify(src/teleop) by extension 'ignore_ament_install'
[1.465s] Level 1:colcon.colcon_core.package_identification:_identify(src/teleop) by extensions ['colcon_pkg']
[1.465s] Level 1:colcon.colcon_core.package_identification:_identify(src/teleop) by extension 'colcon_pkg'
[1.465s] Level 1:colcon.colcon_core.package_identification:_identify(src/teleop) by extensions ['colcon_meta']
[1.465s] Level 1:colcon.colcon_core.package_identification:_identify(src/teleop) by extension 'colcon_meta'
[1.465s] Level 1:colcon.colcon_core.package_identification:_identify(src/teleop) by extensions ['ros']
[1.466s] Level 1:colcon.colcon_core.package_identification:_identify(src/teleop) by extension 'ros'
[1.468s] DEBUG:colcon.colcon_core.package_identification:Package 'src/teleop' with type 'ros.ament_python' and name 'teleop'
[1.469s] Level 1:colcon.colcon_core.package_identification:_identify(src/test_package) by extensions ['ignore', 'ignore_ament_install']
[1.469s] Level 1:colcon.colcon_core.package_identification:_identify(src/test_package) by extension 'ignore'
[1.470s] Level 1:colcon.colcon_core.package_identification:_identify(src/test_package) by extension 'ignore_ament_install'
[1.470s] Level 1:colcon.colcon_core.package_identification:_identify(src/test_package) by extensions ['colcon_pkg']
[1.470s] Level 1:colcon.colcon_core.package_identification:_identify(src/test_package) by extension 'colcon_pkg'
[1.470s] Level 1:colcon.colcon_core.package_identification:_identify(src/test_package) by extensions ['colcon_meta']
[1.470s] Level 1:colcon.colcon_core.package_identification:_identify(src/test_package) by extension 'colcon_meta'
[1.470s] Level 1:colcon.colcon_core.package_identification:_identify(src/test_package) by extensions ['ros']
[1.470s] Level 1:colcon.colcon_core.package_identification:_identify(src/test_package) by extension 'ros'
[1.471s] Level 1:colcon.colcon_core.package_identification:_identify(src/test_package) by extensions ['cmake', 'python']
[1.471s] Level 1:colcon.colcon_core.package_identification:_identify(src/test_package) by extension 'cmake'
[1.471s] Level 1:colcon.colcon_core.package_identification:_identify(src/test_package) by extension 'python'
[1.471s] Level 1:colcon.colcon_core.package_identification:_identify(src/test_package) by extensions ['python_setup_py']
[1.471s] Level 1:colcon.colcon_core.package_identification:_identify(src/test_package) by extension 'python_setup_py'
[1.471s] Level 1:colcon.colcon_core.package_identification:_identify(src/test_package/include) by extensions ['ignore', 'ignore_ament_install']
[1.472s] Level 1:colcon.colcon_core.package_identification:_identify(src/test_package/include) by extension 'ignore'
[1.472s] Level 1:colcon.colcon_core.package_identification:_identify(src/test_package/include) by extension 'ignore_ament_install'
[1.472s] Level 1:colcon.colcon_core.package_identification:_identify(src/test_package/include) by extensions ['colcon_pkg']
[1.472s] Level 1:colcon.colcon_core.package_identification:_identify(src/test_package/include) by extension 'colcon_pkg'
[1.472s] Level 1:colcon.colcon_core.package_identification:_identify(src/test_package/include) by extensions ['colcon_meta']
[1.472s] Level 1:colcon.colcon_core.package_identification:_identify(src/test_package/include) by extension 'colcon_meta'
[1.473s] Level 1:colcon.colcon_core.package_identification:_identify(src/test_package/include) by extensions ['ros']
[1.473s] Level 1:colcon.colcon_core.package_identification:_identify(src/test_package/include) by extension 'ros'
[1.473s] Level 1:colcon.colcon_core.package_identification:_identify(src/test_package/include) by extensions ['cmake', 'python']
[1.473s] Level 1:colcon.colcon_core.package_identification:_identify(src/test_package/include) by extension 'cmake'
[1.473s] Level 1:colcon.colcon_core.package_identification:_identify(src/test_package/include) by extension 'python'
[1.474s] Level 1:colcon.colcon_core.package_identification:_identify(src/test_package/include) by extensions ['python_setup_py']
[1.474s] Level 1:colcon.colcon_core.package_identification:_identify(src/test_package/include) by extension 'python_setup_py'
[1.474s] Level 1:colcon.colcon_core.package_identification:_identify(src/test_package/include/test_package) by extensions ['ignore', 'ignore_ament_install']
[1.474s] Level 1:colcon.colcon_core.package_identification:_identify(src/test_package/include/test_package) by extension 'ignore'
[1.474s] Level 1:colcon.colcon_core.package_identification:_identify(src/test_package/include/test_package) by extension 'ignore_ament_install'
[1.474s] Level 1:colcon.colcon_core.package_identification:_identify(src/test_package/include/test_package) by extensions ['colcon_pkg']
[1.474s] Level 1:colcon.colcon_core.package_identification:_identify(src/test_package/include/test_package) by extension 'colcon_pkg'
[1.474s] Level 1:colcon.colcon_core.package_identification:_identify(src/test_package/include/test_package) by extensions ['colcon_meta']
[1.474s] Level 1:colcon.colcon_core.package_identification:_identify(src/test_package/include/test_package) by extension 'colcon_meta'
[1.475s] Level 1:colcon.colcon_core.package_identification:_identify(src/test_package/include/test_package) by extensions ['ros']
[1.475s] Level 1:colcon.colcon_core.package_identification:_identify(src/test_package/include/test_package) by extension 'ros'
[1.475s] Level 1:colcon.colcon_core.package_identification:_identify(src/test_package/include/test_package) by extensions ['cmake', 'python']
[1.475s] Level 1:colcon.colcon_core.package_identification:_identify(src/test_package/include/test_package) by extension 'cmake'
[1.476s] Level 1:colcon.colcon_core.package_identification:_identify(src/test_package/include/test_package) by extension 'python'
[1.476s] Level 1:colcon.colcon_core.package_identification:_identify(src/test_package/include/test_package) by extensions ['python_setup_py']
[1.476s] Level 1:colcon.colcon_core.package_identification:_identify(src/test_package/include/test_package) by extension 'python_setup_py'
[1.476s] Level 1:colcon.colcon_core.package_identification:_identify(src/test_package/src) by extensions ['ignore', 'ignore_ament_install']
[1.476s] Level 1:colcon.colcon_core.package_identification:_identify(src/test_package/src) by extension 'ignore'
[1.477s] Level 1:colcon.colcon_core.package_identification:_identify(src/test_package/src) by extension 'ignore_ament_install'
[1.477s] Level 1:colcon.colcon_core.package_identification:_identify(src/test_package/src) by extensions ['colcon_pkg']
[1.477s] Level 1:colcon.colcon_core.package_identification:_identify(src/test_package/src) by extension 'colcon_pkg'
[1.477s] Level 1:colcon.colcon_core.package_identification:_identify(src/test_package/src) by extensions ['colcon_meta']
[1.477s] Level 1:colcon.colcon_core.package_identification:_identify(src/test_package/src) by extension 'colcon_meta'
[1.477s] Level 1:colcon.colcon_core.package_identification:_identify(src/test_package/src) by extensions ['ros']
[1.477s] Level 1:colcon.colcon_core.package_identification:_identify(src/test_package/src) by extension 'ros'
[1.478s] Level 1:colcon.colcon_core.package_identification:_identify(src/test_package/src) by extensions ['cmake', 'python']
[1.478s] Level 1:colcon.colcon_core.package_identification:_identify(src/test_package/src) by extension 'cmake'
[1.478s] Level 1:colcon.colcon_core.package_identification:_identify(src/test_package/src) by extension 'python'
[1.478s] Level 1:colcon.colcon_core.package_identification:_identify(src/test_package/src) by extensions ['python_setup_py']
[1.479s] Level 1:colcon.colcon_core.package_identification:_identify(src/test_package/src) by extension 'python_setup_py'
[1.479s] Level 1:colcon.colcon_core.package_identification:_identify(vs_worspace) by extensions ['ignore', 'ignore_ament_install']
[1.479s] Level 1:colcon.colcon_core.package_identification:_identify(vs_worspace) by extension 'ignore'
[1.480s] Level 1:colcon.colcon_core.package_identification:_identify(vs_worspace) by extension 'ignore_ament_install'
[1.480s] Level 1:colcon.colcon_core.package_identification:_identify(vs_worspace) by extensions ['colcon_pkg']
[1.480s] Level 1:colcon.colcon_core.package_identification:_identify(vs_worspace) by extension 'colcon_pkg'
[1.480s] Level 1:colcon.colcon_core.package_identification:_identify(vs_worspace) by extensions ['colcon_meta']
[1.480s] Level 1:colcon.colcon_core.package_identification:_identify(vs_worspace) by extension 'colcon_meta'
[1.480s] Level 1:colcon.colcon_core.package_identification:_identify(vs_worspace) by extensions ['ros']
[1.481s] Level 1:colcon.colcon_core.package_identification:_identify(vs_worspace) by extension 'ros'
[1.481s] Level 1:colcon.colcon_core.package_identification:_identify(vs_worspace) by extensions ['cmake', 'python']
[1.481s] Level 1:colcon.colcon_core.package_identification:_identify(vs_worspace) by extension 'cmake'
[1.481s] Level 1:colcon.colcon_core.package_identification:_identify(vs_worspace) by extension 'python'
[1.481s] Level 1:colcon.colcon_core.package_identification:_identify(vs_worspace) by extensions ['python_setup_py']
[1.481s] Level 1:colcon.colcon_core.package_identification:_identify(vs_worspace) by extension 'python_setup_py'
[1.482s] Level 1:colcon.colcon_core.package_discovery:discover_packages(recursive) using defaults
[1.482s] Level 1:colcon.colcon_core.package_discovery:discover_packages(ignore) discover
[1.482s] Level 1:colcon.colcon_core.package_discovery:discover_packages(ignore) using defaults
[1.482s] Level 1:colcon.colcon_core.package_discovery:discover_packages(path) discover
[1.482s] Level 1:colcon.colcon_core.package_discovery:discover_packages(path) using defaults
[1.589s] INFO:colcon.colcon_core.package_selection:Skipping not selected package 'apriltag_msgs' in 'src/apriltag_msgs'
[1.589s] INFO:colcon.colcon_core.package_selection:Skipping not selected package 'art_maze' in 'src/simulation/art_gallery/art_maze'
[1.589s] INFO:colcon.colcon_core.package_selection:Skipping not selected package 'challenge_2025' in 'src/simulation/art_gallery/challenge_2025'
[1.589s] INFO:colcon.colcon_core.package_selection:Skipping not selected package 'curator' in 'src/simulation/art_gallery/curator'
[1.589s] INFO:colcon.colcon_core.package_selection:Skipping not selected package 'my_robot_navigation' in 'src/my_robot_navigation'
[1.589s] INFO:colcon.colcon_core.package_selection:Skipping not selected package 'my_robot_slam' in 'src/my_robot_slam'
[1.589s] INFO:colcon.colcon_core.package_selection:Skipping not selected package 'pub_sub' in 'src/pub_sub'
[1.590s] INFO:colcon.colcon_core.package_selection:Skipping not selected package 'robot_bringup' in 'src/robot_bringup'
[1.590s] INFO:colcon.colcon_core.package_selection:Skipping not selected package 'tag_detection' in 'src/tag_detection'
[1.590s] INFO:colcon.colcon_core.package_selection:Skipping not selected package 'tb3_description' in 'src/simulation/art_gallery/tb3_description'
[1.590s] INFO:colcon.colcon_core.package_selection:Skipping not selected package 'tb3_gazebo' in 'src/simulation/art_gallery/tb3_gazebo'
[1.590s] INFO:colcon.colcon_core.package_selection:Skipping not selected package 'turtlesim' in 'src/ros_tutorials/turtlesim'
[1.590s] INFO:colcon.colcon_core.package_selection:Skipping not selected package 'apriltag_ros' in 'src/apriltag_ros'
[1.591s] Level 1:colcon.colcon_core.package_discovery:discover_packages(prefix_path) check parameters
[1.591s] Level 1:colcon.colcon_core.package_discovery:discover_packages(prefix_path) discover
[1.600s] DEBUG:colcon.colcon_installed_package_information.package_discovery:Found 13 installed packages in /home/harry/robot/install
[1.604s] DEBUG:colcon.colcon_installed_package_information.package_discovery:Found 3 installed packages in /home/harry/install
[1.610s] DEBUG:colcon.colcon_installed_package_information.package_discovery:Found 336 installed packages in /opt/ros/humble
[1.616s] Level 1:colcon.colcon_core.package_discovery:discover_packages(prefix_path) using defaults
[1.789s] Level 5:colcon.colcon_core.verb:set package 'teleop' build argument 'cmake_args' from command line to 'None'
[1.789s] Level 5:colcon.colcon_core.verb:set package 'teleop' build argument 'cmake_target' from command line to 'None'
[1.789s] Level 5:colcon.colcon_core.verb:set package 'teleop' build argument 'cmake_target_skip_unavailable' from command line to 'False'
[1.789s] Level 5:colcon.colcon_core.verb:set package 'teleop' build argument 'cmake_clean_cache' from command line to 'False'
[1.789s] Level 5:colcon.colcon_core.verb:set package 'teleop' build argument 'cmake_clean_first' from command line to 'False'
[1.789s] Level 5:colcon.colcon_core.verb:set package 'teleop' build argument 'cmake_force_configure' from command line to 'False'
[1.789s] Level 5:colcon.colcon_core.verb:set package 'teleop' build argument 'ament_cmake_args' from command line to 'None'
[1.790s] Level 5:colcon.colcon_core.verb:set package 'teleop' build argument 'catkin_cmake_args' from command line to 'None'
[1.790s] Level 5:colcon.colcon_core.verb:set package 'teleop' build argument 'catkin_skip_building_tests' from command line to 'False'
[1.790s] DEBUG:colcon.colcon_core.verb:Building package 'teleop' with the following arguments: {'ament_cmake_args': None, 'build_base': '/home/harry/robot/build/teleop', 'catkin_cmake_args': None, 'catkin_skip_building_tests': False, 'cmake_args': None, 'cmake_clean_cache': False, 'cmake_clean_first': False, 'cmake_force_configure': False, 'cmake_target': None, 'cmake_target_skip_unavailable': False, 'install_base': '/home/harry/robot/install/teleop', 'merge_install': False, 'path': '/home/harry/robot/src/teleop', 'symlink_install': False, 'test_result_base': None}
[1.790s] INFO:colcon.colcon_core.executor:Executing jobs using 'parallel' executor
[1.793s] DEBUG:colcon.colcon_parallel_executor.executor.parallel:run_until_complete
[1.794s] INFO:colcon.colcon_ros.task.ament_python.build:Building ROS package in '/home/harry/robot/src/teleop' with build type 'ament_python'
[1.795s] Level 1:colcon.colcon_core.shell:create_environment_hook('teleop', 'ament_prefix_path')
[1.810s] INFO:colcon.colcon_core.plugin_system:Skipping extension 'colcon_core.shell.bat': Not used on non-Windows systems
[1.810s] INFO:colcon.colcon_core.shell:Creating environment hook '/home/harry/robot/install/teleop/share/teleop/hook/ament_prefix_path.ps1'
[1.813s] INFO:colcon.colcon_core.shell:Creating environment descriptor '/home/harry/robot/install/teleop/share/teleop/hook/ament_prefix_path.dsv'
[1.815s] INFO:colcon.colcon_core.shell:Creating environment hook '/home/harry/robot/install/teleop/share/teleop/hook/ament_prefix_path.sh'
[1.819s] INFO:colcon.colcon_core.shell:Skip shell extension 'powershell' for command environment: Not usable outside of PowerShell
[1.819s] DEBUG:colcon.colcon_core.shell:Skip shell extension 'dsv' for command environment
[3.039s] INFO:colcon.colcon_core.task.python.build:Building Python package in '/home/harry/robot/src/teleop'
[3.040s] INFO:colcon.colcon_core.shell:Skip shell extension 'powershell' for command environment: Not usable outside of PowerShell
[3.041s] DEBUG:colcon.colcon_core.shell:Skip shell extension 'dsv' for command environment
[4.411s] DEBUG:colcon.colcon_core.event_handler.log_command:Invoking command in '/home/harry/robot/src/teleop': PYTHONPATH=/home/harry/robot/build/teleop/prefix_override:/usr/lib/python3/dist-packages/colcon_core/task/python/colcon_distutils_commands:/home/harry/robot/install/teleop/lib/python3.10/site-packages:${PYTHONPATH} /usr/bin/python3 -W ignore:setup.py install is deprecated -W ignore:easy_install command is deprecated setup.py egg_info --egg-base ../../build/teleop build --build-base /home/harry/robot/build/teleop/build install --record /home/harry/robot/build/teleop/install.log --single-version-externally-managed install_data
[5.520s] DEBUG:colcon.colcon_core.event_handler.log_command:Invoked command in '/home/harry/robot/src/teleop' returned '0': PYTHONPATH=/home/harry/robot/build/teleop/prefix_override:/usr/lib/python3/dist-packages/colcon_core/task/python/colcon_distutils_commands:/home/harry/robot/install/teleop/lib/python3.10/site-packages:${PYTHONPATH} /usr/bin/python3 -W ignore:setup.py install is deprecated -W ignore:easy_install command is deprecated setup.py egg_info --egg-base ../../build/teleop build --build-base /home/harry/robot/build/teleop/build install --record /home/harry/robot/build/teleop/install.log --single-version-externally-managed install_data
[5.532s] Level 1:colcon.colcon_core.environment:checking '/home/harry/robot/install/teleop' for CMake module files
[5.535s] Level 1:colcon.colcon_core.environment:checking '/home/harry/robot/install/teleop' for CMake config files
[5.540s] Level 1:colcon.colcon_core.environment:checking '/home/harry/robot/install/teleop/lib'
[5.541s] Level 1:colcon.colcon_core.environment:checking '/home/harry/robot/install/teleop/bin'
[5.541s] Level 1:colcon.colcon_core.environment:checking '/home/harry/robot/install/teleop/lib/pkgconfig/teleop.pc'
[5.542s] Level 1:colcon.colcon_core.environment:checking '/home/harry/robot/install/teleop/lib/python3.10/site-packages'
[5.542s] Level 1:colcon.colcon_core.shell:create_environment_hook('teleop', 'pythonpath')
[5.542s] INFO:colcon.colcon_core.shell:Creating environment hook '/home/harry/robot/install/teleop/share/teleop/hook/pythonpath.ps1'
[5.544s] INFO:colcon.colcon_core.shell:Creating environment descriptor '/home/harry/robot/install/teleop/share/teleop/hook/pythonpath.dsv'
[5.545s] INFO:colcon.colcon_core.shell:Creating environment hook '/home/harry/robot/install/teleop/share/teleop/hook/pythonpath.sh'
[5.549s] Level 1:colcon.colcon_core.environment:checking '/home/harry/robot/install/teleop/bin'
[5.550s] Level 1:colcon.colcon_core.environment:create_environment_scripts_only(teleop)
[5.552s] INFO:colcon.colcon_core.shell:Creating package script '/home/harry/robot/install/teleop/share/teleop/package.ps1'
[5.556s] INFO:colcon.colcon_core.shell:Creating package descriptor '/home/harry/robot/install/teleop/share/teleop/package.dsv'
[5.560s] INFO:colcon.colcon_core.shell:Creating package script '/home/harry/robot/install/teleop/share/teleop/package.sh'
[5.564s] INFO:colcon.colcon_core.shell:Creating package script '/home/harry/robot/install/teleop/share/teleop/package.bash'
[5.568s] INFO:colcon.colcon_core.shell:Creating package script '/home/harry/robot/install/teleop/share/teleop/package.zsh'
[5.571s] Level 1:colcon.colcon_core.environment:create_file_with_runtime_dependencies(/home/harry/robot/install/teleop/share/colcon-core/packages/teleop)
[5.573s] DEBUG:colcon.colcon_parallel_executor.executor.parallel:closing loop
[5.574s] DEBUG:colcon.colcon_parallel_executor.executor.parallel:loop closed
[5.574s] DEBUG:colcon.colcon_parallel_executor.executor.parallel:run_until_complete finished with '0'
[5.574s] DEBUG:colcon.colcon_core.event_reactor:joining thread
[5.609s] INFO:colcon.colcon_core.plugin_system:Skipping extension 'colcon_notification.desktop_notification.terminal_notifier': Not used on non-Darwin systems
[5.609s] INFO:colcon.colcon_core.plugin_system:Skipping extension 'colcon_notification.desktop_notification.win32': Not used on non-Windows systems
[5.610s] INFO:colcon.colcon_notification.desktop_notification:Sending desktop notification using 'notify2'
[5.662s] DEBUG:colcon.colcon_core.event_reactor:joined thread
[5.662s] INFO:colcon.colcon_core.shell:Creating prefix script '/home/harry/robot/install/local_setup.ps1'
[5.670s] INFO:colcon.colcon_core.shell:Creating prefix util module '/home/harry/robot/install/_local_setup_util_ps1.py'
[5.675s] INFO:colcon.colcon_core.shell:Creating prefix chain script '/home/harry/robot/install/setup.ps1'
[5.679s] INFO:colcon.colcon_core.shell:Creating prefix script '/home/harry/robot/install/local_setup.sh'
[5.682s] INFO:colcon.colcon_core.shell:Creating prefix util module '/home/harry/robot/install/_local_setup_util_sh.py'
[5.690s] INFO:colcon.colcon_core.shell:Creating prefix chain script '/home/harry/robot/install/setup.sh'
[5.702s] INFO:colcon.colcon_core.shell:Creating prefix script '/home/harry/robot/install/local_setup.bash'
[5.706s] INFO:colcon.colcon_core.shell:Creating prefix chain script '/home/harry/robot/install/setup.bash'
[5.710s] INFO:colcon.colcon_core.shell:Creating prefix script '/home/harry/robot/install/local_setup.zsh'
[5.713s] INFO:colcon.colcon_core.shell:Creating prefix chain script '/home/harry/robot/install/setup.zsh'
